ARM GAS  C:\Users\lenovo\AppData\Local\Temp\ccHDDura.s 			page 1


   1              		.cpu cortex-m4
   2              		.eabi_attribute 27, 1
   3              		.eabi_attribute 28, 1
   4              		.eabi_attribute 20, 1
   5              		.eabi_attribute 21, 1
   6              		.eabi_attribute 23, 3
   7              		.eabi_attribute 24, 1
   8              		.eabi_attribute 25, 1
   9              		.eabi_attribute 26, 1
  10              		.eabi_attribute 30, 6
  11              		.eabi_attribute 34, 1
  12              		.eabi_attribute 18, 4
  13              		.file	"entropy_hardware_poll.c"
  14              		.text
  15              	.Ltext0:
  16              		.cfi_sections	.debug_frame
  17              		.section	.text.mbedtls_hardware_poll,"ax",%progbits
  18              		.align	1
  19              		.global	mbedtls_hardware_poll
  20              		.arch armv7e-m
  21              		.syntax unified
  22              		.thumb
  23              		.thumb_func
  24              		.fpu fpv4-sp-d16
  26              	mbedtls_hardware_poll:
  27              	.LFB0:
  28              		.file 1 "c:/Users/lenovo/Desktop/AIoT/first_day/firstday_afternoon/LiteOS_Lab_STM32_IoT/iot_link/n
   1:c:/Users/lenovo/Desktop/AIoT/first_day/firstday_afternoon/LiteOS_Lab_STM32_IoT/iot_link/network/dtls/mbedtls/mbedtls_port\entropy_hardware_poll.c **** /*----------------------------------------------------------------------------
   2:c:/Users/lenovo/Desktop/AIoT/first_day/firstday_afternoon/LiteOS_Lab_STM32_IoT/iot_link/network/dtls/mbedtls/mbedtls_port\entropy_hardware_poll.c ****  * Copyright (c) <2016-2018>, <Huawei Technologies Co., Ltd>
   3:c:/Users/lenovo/Desktop/AIoT/first_day/firstday_afternoon/LiteOS_Lab_STM32_IoT/iot_link/network/dtls/mbedtls/mbedtls_port\entropy_hardware_poll.c ****  * All rights reserved.
   4:c:/Users/lenovo/Desktop/AIoT/first_day/firstday_afternoon/LiteOS_Lab_STM32_IoT/iot_link/network/dtls/mbedtls/mbedtls_port\entropy_hardware_poll.c ****  * Redistribution and use in source and binary forms, with or without modification,
   5:c:/Users/lenovo/Desktop/AIoT/first_day/firstday_afternoon/LiteOS_Lab_STM32_IoT/iot_link/network/dtls/mbedtls/mbedtls_port\entropy_hardware_poll.c ****  * are permitted provided that the following conditions are met:
   6:c:/Users/lenovo/Desktop/AIoT/first_day/firstday_afternoon/LiteOS_Lab_STM32_IoT/iot_link/network/dtls/mbedtls/mbedtls_port\entropy_hardware_poll.c ****  * 1. Redistributions of source code must retain the above copyright notice, this list of
   7:c:/Users/lenovo/Desktop/AIoT/first_day/firstday_afternoon/LiteOS_Lab_STM32_IoT/iot_link/network/dtls/mbedtls/mbedtls_port\entropy_hardware_poll.c ****  * conditions and the following disclaimer.
   8:c:/Users/lenovo/Desktop/AIoT/first_day/firstday_afternoon/LiteOS_Lab_STM32_IoT/iot_link/network/dtls/mbedtls/mbedtls_port\entropy_hardware_poll.c ****  * 2. Redistributions in binary form must reproduce the above copyright notice, this list
   9:c:/Users/lenovo/Desktop/AIoT/first_day/firstday_afternoon/LiteOS_Lab_STM32_IoT/iot_link/network/dtls/mbedtls/mbedtls_port\entropy_hardware_poll.c ****  * of conditions and the following disclaimer in the documentation and/or other materials
  10:c:/Users/lenovo/Desktop/AIoT/first_day/firstday_afternoon/LiteOS_Lab_STM32_IoT/iot_link/network/dtls/mbedtls/mbedtls_port\entropy_hardware_poll.c ****  * provided with the distribution.
  11:c:/Users/lenovo/Desktop/AIoT/first_day/firstday_afternoon/LiteOS_Lab_STM32_IoT/iot_link/network/dtls/mbedtls/mbedtls_port\entropy_hardware_poll.c ****  * 3. Neither the name of the copyright holder nor the names of its contributors may be used
  12:c:/Users/lenovo/Desktop/AIoT/first_day/firstday_afternoon/LiteOS_Lab_STM32_IoT/iot_link/network/dtls/mbedtls/mbedtls_port\entropy_hardware_poll.c ****  * to endorse or promote products derived from this software without specific prior written
  13:c:/Users/lenovo/Desktop/AIoT/first_day/firstday_afternoon/LiteOS_Lab_STM32_IoT/iot_link/network/dtls/mbedtls/mbedtls_port\entropy_hardware_poll.c ****  * permission.
  14:c:/Users/lenovo/Desktop/AIoT/first_day/firstday_afternoon/LiteOS_Lab_STM32_IoT/iot_link/network/dtls/mbedtls/mbedtls_port\entropy_hardware_poll.c ****  * THIS SOFTWARE IS PROVIDED BY THE COPYRIGHT HOLDERS AND CONTRIBUTORS
  15:c:/Users/lenovo/Desktop/AIoT/first_day/firstday_afternoon/LiteOS_Lab_STM32_IoT/iot_link/network/dtls/mbedtls/mbedtls_port\entropy_hardware_poll.c ****  * "AS IS" AND ANY EXPRESS OR IMPLIED WARRANTIES, INCLUDING, BUT NOT LIMITED TO,
  16:c:/Users/lenovo/Desktop/AIoT/first_day/firstday_afternoon/LiteOS_Lab_STM32_IoT/iot_link/network/dtls/mbedtls/mbedtls_port\entropy_hardware_poll.c ****  * THE IMPLIED WARRANTIES OF MERCHANTABILITY AND FITNESS FOR A PARTICULAR
  17:c:/Users/lenovo/Desktop/AIoT/first_day/firstday_afternoon/LiteOS_Lab_STM32_IoT/iot_link/network/dtls/mbedtls/mbedtls_port\entropy_hardware_poll.c ****  * PURPOSE ARE DISCLAIMED. IN NO EVENT SHALL THE COPYRIGHT HOLDER OR
  18:c:/Users/lenovo/Desktop/AIoT/first_day/firstday_afternoon/LiteOS_Lab_STM32_IoT/iot_link/network/dtls/mbedtls/mbedtls_port\entropy_hardware_poll.c ****  * CONTRIBUTORS BE LIABLE FOR ANY DIRECT, INDIRECT, INCIDENTAL, SPECIAL,
  19:c:/Users/lenovo/Desktop/AIoT/first_day/firstday_afternoon/LiteOS_Lab_STM32_IoT/iot_link/network/dtls/mbedtls/mbedtls_port\entropy_hardware_poll.c ****  * EXEMPLARY, OR CONSEQUENTIAL DAMAGES (INCLUDING, BUT NOT LIMITED TO,
  20:c:/Users/lenovo/Desktop/AIoT/first_day/firstday_afternoon/LiteOS_Lab_STM32_IoT/iot_link/network/dtls/mbedtls/mbedtls_port\entropy_hardware_poll.c ****  * PROCUREMENT OF SUBSTITUTE GOODS OR SERVICES; LOSS OF USE, DATA, OR PROFITS;
  21:c:/Users/lenovo/Desktop/AIoT/first_day/firstday_afternoon/LiteOS_Lab_STM32_IoT/iot_link/network/dtls/mbedtls/mbedtls_port\entropy_hardware_poll.c ****  * OR BUSINESS INTERRUPTION) HOWEVER CAUSED AND ON ANY THEORY OF LIABILITY,
  22:c:/Users/lenovo/Desktop/AIoT/first_day/firstday_afternoon/LiteOS_Lab_STM32_IoT/iot_link/network/dtls/mbedtls/mbedtls_port\entropy_hardware_poll.c ****  * WHETHER IN CONTRACT, STRICT LIABILITY, OR TORT (INCLUDING NEGLIGENCE OR
  23:c:/Users/lenovo/Desktop/AIoT/first_day/firstday_afternoon/LiteOS_Lab_STM32_IoT/iot_link/network/dtls/mbedtls/mbedtls_port\entropy_hardware_poll.c ****  * OTHERWISE) ARISING IN ANY WAY OUT OF THE USE OF THIS SOFTWARE, EVEN IF
  24:c:/Users/lenovo/Desktop/AIoT/first_day/firstday_afternoon/LiteOS_Lab_STM32_IoT/iot_link/network/dtls/mbedtls/mbedtls_port\entropy_hardware_poll.c ****  * ADVISED OF THE POSSIBILITY OF SUCH DAMAGE.
  25:c:/Users/lenovo/Desktop/AIoT/first_day/firstday_afternoon/LiteOS_Lab_STM32_IoT/iot_link/network/dtls/mbedtls/mbedtls_port\entropy_hardware_poll.c ****  *---------------------------------------------------------------------------*/
  26:c:/Users/lenovo/Desktop/AIoT/first_day/firstday_afternoon/LiteOS_Lab_STM32_IoT/iot_link/network/dtls/mbedtls/mbedtls_port\entropy_hardware_poll.c **** /*----------------------------------------------------------------------------
  27:c:/Users/lenovo/Desktop/AIoT/first_day/firstday_afternoon/LiteOS_Lab_STM32_IoT/iot_link/network/dtls/mbedtls/mbedtls_port\entropy_hardware_poll.c ****  * Notice of Export Control Law
  28:c:/Users/lenovo/Desktop/AIoT/first_day/firstday_afternoon/LiteOS_Lab_STM32_IoT/iot_link/network/dtls/mbedtls/mbedtls_port\entropy_hardware_poll.c ****  * ===============================================
  29:c:/Users/lenovo/Desktop/AIoT/first_day/firstday_afternoon/LiteOS_Lab_STM32_IoT/iot_link/network/dtls/mbedtls/mbedtls_port\entropy_hardware_poll.c ****  * Huawei LiteOS may be subject to applicable export control laws and regulations, which might
  30:c:/Users/lenovo/Desktop/AIoT/first_day/firstday_afternoon/LiteOS_Lab_STM32_IoT/iot_link/network/dtls/mbedtls/mbedtls_port\entropy_hardware_poll.c ****  * include those applicable to Huawei LiteOS of U.S. and the country in which you are located.
ARM GAS  C:\Users\lenovo\AppData\Local\Temp\ccHDDura.s 			page 2


  31:c:/Users/lenovo/Desktop/AIoT/first_day/firstday_afternoon/LiteOS_Lab_STM32_IoT/iot_link/network/dtls/mbedtls/mbedtls_port\entropy_hardware_poll.c ****  * Import, export and usage of Huawei LiteOS in any manner by you shall be in compliance with such
  32:c:/Users/lenovo/Desktop/AIoT/first_day/firstday_afternoon/LiteOS_Lab_STM32_IoT/iot_link/network/dtls/mbedtls/mbedtls_port\entropy_hardware_poll.c ****  * applicable export control laws and regulations.
  33:c:/Users/lenovo/Desktop/AIoT/first_day/firstday_afternoon/LiteOS_Lab_STM32_IoT/iot_link/network/dtls/mbedtls/mbedtls_port\entropy_hardware_poll.c ****  *---------------------------------------------------------------------------*/
  34:c:/Users/lenovo/Desktop/AIoT/first_day/firstday_afternoon/LiteOS_Lab_STM32_IoT/iot_link/network/dtls/mbedtls/mbedtls_port\entropy_hardware_poll.c **** 
  35:c:/Users/lenovo/Desktop/AIoT/first_day/firstday_afternoon/LiteOS_Lab_STM32_IoT/iot_link/network/dtls/mbedtls/mbedtls_port\entropy_hardware_poll.c **** 
  36:c:/Users/lenovo/Desktop/AIoT/first_day/firstday_afternoon/LiteOS_Lab_STM32_IoT/iot_link/network/dtls/mbedtls/mbedtls_port\entropy_hardware_poll.c **** #include "mbedtls/entropy.h"
  37:c:/Users/lenovo/Desktop/AIoT/first_day/firstday_afternoon/LiteOS_Lab_STM32_IoT/iot_link/network/dtls/mbedtls/mbedtls_port\entropy_hardware_poll.c **** 
  38:c:/Users/lenovo/Desktop/AIoT/first_day/firstday_afternoon/LiteOS_Lab_STM32_IoT/iot_link/network/dtls/mbedtls/mbedtls_port\entropy_hardware_poll.c **** #include <link_misc.h>
  39:c:/Users/lenovo/Desktop/AIoT/first_day/firstday_afternoon/LiteOS_Lab_STM32_IoT/iot_link/network/dtls/mbedtls/mbedtls_port\entropy_hardware_poll.c **** 
  40:c:/Users/lenovo/Desktop/AIoT/first_day/firstday_afternoon/LiteOS_Lab_STM32_IoT/iot_link/network/dtls/mbedtls/mbedtls_port\entropy_hardware_poll.c **** int mbedtls_hardware_poll(void *data,
  41:c:/Users/lenovo/Desktop/AIoT/first_day/firstday_afternoon/LiteOS_Lab_STM32_IoT/iot_link/network/dtls/mbedtls/mbedtls_port\entropy_hardware_poll.c ****                           unsigned char *output, size_t len, size_t *olen);
  42:c:/Users/lenovo/Desktop/AIoT/first_day/firstday_afternoon/LiteOS_Lab_STM32_IoT/iot_link/network/dtls/mbedtls/mbedtls_port\entropy_hardware_poll.c **** int mbedtls_hardware_poll(void *data,
  43:c:/Users/lenovo/Desktop/AIoT/first_day/firstday_afternoon/LiteOS_Lab_STM32_IoT/iot_link/network/dtls/mbedtls/mbedtls_port\entropy_hardware_poll.c ****                           unsigned char *output, size_t len, size_t *olen)
  44:c:/Users/lenovo/Desktop/AIoT/first_day/firstday_afternoon/LiteOS_Lab_STM32_IoT/iot_link/network/dtls/mbedtls/mbedtls_port\entropy_hardware_poll.c **** {
  29              		.loc 1 44 1
  30              		.cfi_startproc
  31              		@ args = 0, pretend = 0, frame = 16
  32              		@ frame_needed = 1, uses_anonymous_args = 0
  33 0000 80B5     		push	{r7, lr}
  34              	.LCFI0:
  35              		.cfi_def_cfa_offset 8
  36              		.cfi_offset 7, -8
  37              		.cfi_offset 14, -4
  38 0002 84B0     		sub	sp, sp, #16
  39              	.LCFI1:
  40              		.cfi_def_cfa_offset 24
  41 0004 00AF     		add	r7, sp, #0
  42              	.LCFI2:
  43              		.cfi_def_cfa_register 7
  44 0006 F860     		str	r0, [r7, #12]
  45 0008 B960     		str	r1, [r7, #8]
  46 000a 7A60     		str	r2, [r7, #4]
  47 000c 3B60     		str	r3, [r7]
  45:c:/Users/lenovo/Desktop/AIoT/first_day/firstday_afternoon/LiteOS_Lab_STM32_IoT/iot_link/network/dtls/mbedtls/mbedtls_port\entropy_hardware_poll.c ****     ((void)data);
  46:c:/Users/lenovo/Desktop/AIoT/first_day/firstday_afternoon/LiteOS_Lab_STM32_IoT/iot_link/network/dtls/mbedtls/mbedtls_port\entropy_hardware_poll.c ****     *olen = 0;
  48              		.loc 1 46 11
  49 000e 3B68     		ldr	r3, [r7]
  50 0010 0022     		movs	r2, #0
  51 0012 1A60     		str	r2, [r3]
  47:c:/Users/lenovo/Desktop/AIoT/first_day/firstday_afternoon/LiteOS_Lab_STM32_IoT/iot_link/network/dtls/mbedtls/mbedtls_port\entropy_hardware_poll.c ****     if (0 != link_random(output, len))
  52              		.loc 1 47 14
  53 0014 7B68     		ldr	r3, [r7, #4]
  54 0016 1946     		mov	r1, r3
  55 0018 B868     		ldr	r0, [r7, #8]
  56 001a FFF7FEFF 		bl	link_random
  57 001e 0346     		mov	r3, r0
  58              		.loc 1 47 8
  59 0020 002B     		cmp	r3, #0
  60 0022 02D0     		beq	.L2
  48:c:/Users/lenovo/Desktop/AIoT/first_day/firstday_afternoon/LiteOS_Lab_STM32_IoT/iot_link/network/dtls/mbedtls/mbedtls_port\entropy_hardware_poll.c ****         return MBEDTLS_ERR_ENTROPY_SOURCE_FAILED;
  61              		.loc 1 48 16
  62 0024 6FF03B03 		mvn	r3, #59
  63 0028 03E0     		b	.L3
  64              	.L2:
  49:c:/Users/lenovo/Desktop/AIoT/first_day/firstday_afternoon/LiteOS_Lab_STM32_IoT/iot_link/network/dtls/mbedtls/mbedtls_port\entropy_hardware_poll.c ****     *olen = len;
  65              		.loc 1 49 11
  66 002a 3B68     		ldr	r3, [r7]
ARM GAS  C:\Users\lenovo\AppData\Local\Temp\ccHDDura.s 			page 3


  67 002c 7A68     		ldr	r2, [r7, #4]
  68 002e 1A60     		str	r2, [r3]
  50:c:/Users/lenovo/Desktop/AIoT/first_day/firstday_afternoon/LiteOS_Lab_STM32_IoT/iot_link/network/dtls/mbedtls/mbedtls_port\entropy_hardware_poll.c ****     return 0;
  69              		.loc 1 50 12
  70 0030 0023     		movs	r3, #0
  71              	.L3:
  51:c:/Users/lenovo/Desktop/AIoT/first_day/firstday_afternoon/LiteOS_Lab_STM32_IoT/iot_link/network/dtls/mbedtls/mbedtls_port\entropy_hardware_poll.c **** }
  72              		.loc 1 51 1
  73 0032 1846     		mov	r0, r3
  74 0034 1037     		adds	r7, r7, #16
  75              	.LCFI3:
  76              		.cfi_def_cfa_offset 8
  77 0036 BD46     		mov	sp, r7
  78              	.LCFI4:
  79              		.cfi_def_cfa_register 13
  80              		@ sp needed
  81 0038 80BD     		pop	{r7, pc}
  82              		.cfi_endproc
  83              	.LFE0:
  85              		.text
  86              	.Letext0:
  87              		.file 2 "c:\\users\\lenovo\\.iotlink\\tools\\gcc-arm-none-eabi\\lib\\gcc\\arm-none-eabi\\9.2.1\\in
ARM GAS  C:\Users\lenovo\AppData\Local\Temp\ccHDDura.s 			page 4


DEFINED SYMBOLS
                            *ABS*:00000000 entropy_hardware_poll.c
C:\Users\lenovo\AppData\Local\Temp\ccHDDura.s:18     .text.mbedtls_hardware_poll:00000000 $t
C:\Users\lenovo\AppData\Local\Temp\ccHDDura.s:26     .text.mbedtls_hardware_poll:00000000 mbedtls_hardware_poll

UNDEFINED SYMBOLS
link_random
