ARM GAS  C:\Users\lenovo\AppData\Local\Temp\ccehsK4y.s 			page 1


   1              		.cpu cortex-m4
   2              		.eabi_attribute 27, 1
   3              		.eabi_attribute 28, 1
   4              		.eabi_attribute 20, 1
   5              		.eabi_attribute 21, 1
   6              		.eabi_attribute 23, 3
   7              		.eabi_attribute 24, 1
   8              		.eabi_attribute 25, 1
   9              		.eabi_attribute 26, 1
  10              		.eabi_attribute 30, 6
  11              		.eabi_attribute 34, 1
  12              		.eabi_attribute 18, 4
  13              		.file	"link_string.c"
  14              		.text
  15              	.Ltext0:
  16              		.cfi_sections	.debug_frame
  17              		.section	.text.string_to_arg,"ax",%progbits
  18              		.align	1
  19              		.global	string_to_arg
  20              		.arch armv7e-m
  21              		.syntax unified
  22              		.thumb
  23              		.thumb_func
  24              		.fpu fpv4-sp-d16
  26              	string_to_arg:
  27              	.LFB3:
  28              		.file 1 "c:/Users/lenovo/Desktop/AIoT/first_day/firstday_afternoon/LiteOS_Lab_STM32_IoT/iot_link/l
   1:c:/Users/lenovo/Desktop/AIoT/first_day/firstday_afternoon/LiteOS_Lab_STM32_IoT/iot_link/link_misc\link_string.c **** /*----------------------------------------------------------------------------
   2:c:/Users/lenovo/Desktop/AIoT/first_day/firstday_afternoon/LiteOS_Lab_STM32_IoT/iot_link/link_misc\link_string.c ****  * Copyright (c) <2018>, <Huawei Technologies Co., Ltd>
   3:c:/Users/lenovo/Desktop/AIoT/first_day/firstday_afternoon/LiteOS_Lab_STM32_IoT/iot_link/link_misc\link_string.c ****  * All rights reserved.
   4:c:/Users/lenovo/Desktop/AIoT/first_day/firstday_afternoon/LiteOS_Lab_STM32_IoT/iot_link/link_misc\link_string.c ****  * Redistribution and use in source and binary forms, with or without modification,
   5:c:/Users/lenovo/Desktop/AIoT/first_day/firstday_afternoon/LiteOS_Lab_STM32_IoT/iot_link/link_misc\link_string.c ****  * are permitted provided that the following conditions are met:
   6:c:/Users/lenovo/Desktop/AIoT/first_day/firstday_afternoon/LiteOS_Lab_STM32_IoT/iot_link/link_misc\link_string.c ****  * 1. Redistributions of source code must retain the above copyright notice, this list of
   7:c:/Users/lenovo/Desktop/AIoT/first_day/firstday_afternoon/LiteOS_Lab_STM32_IoT/iot_link/link_misc\link_string.c ****  * conditions and the following disclaimer.
   8:c:/Users/lenovo/Desktop/AIoT/first_day/firstday_afternoon/LiteOS_Lab_STM32_IoT/iot_link/link_misc\link_string.c ****  * 2. Redistributions in binary form must reproduce the above copyright notice, this list
   9:c:/Users/lenovo/Desktop/AIoT/first_day/firstday_afternoon/LiteOS_Lab_STM32_IoT/iot_link/link_misc\link_string.c ****  * of conditions and the following disclaimer in the documentation and/or other materials
  10:c:/Users/lenovo/Desktop/AIoT/first_day/firstday_afternoon/LiteOS_Lab_STM32_IoT/iot_link/link_misc\link_string.c ****  * provided with the distribution.
  11:c:/Users/lenovo/Desktop/AIoT/first_day/firstday_afternoon/LiteOS_Lab_STM32_IoT/iot_link/link_misc\link_string.c ****  * 3. Neither the name of the copyright holder nor the names of its contributors may be used
  12:c:/Users/lenovo/Desktop/AIoT/first_day/firstday_afternoon/LiteOS_Lab_STM32_IoT/iot_link/link_misc\link_string.c ****  * to endorse or promote products derived from this software without specific prior written
  13:c:/Users/lenovo/Desktop/AIoT/first_day/firstday_afternoon/LiteOS_Lab_STM32_IoT/iot_link/link_misc\link_string.c ****  * permission.
  14:c:/Users/lenovo/Desktop/AIoT/first_day/firstday_afternoon/LiteOS_Lab_STM32_IoT/iot_link/link_misc\link_string.c ****  * THIS SOFTWARE IS PROVIDED BY THE COPYRIGHT HOLDERS AND CONTRIBUTORS
  15:c:/Users/lenovo/Desktop/AIoT/first_day/firstday_afternoon/LiteOS_Lab_STM32_IoT/iot_link/link_misc\link_string.c ****  * "AS IS" AND ANY EXPRESS OR IMPLIED WARRANTIES, INCLUDING, BUT NOT LIMITED TO,
  16:c:/Users/lenovo/Desktop/AIoT/first_day/firstday_afternoon/LiteOS_Lab_STM32_IoT/iot_link/link_misc\link_string.c ****  * THE IMPLIED WARRANTIES OF MERCHANTABILITY AND FITNESS FOR A PARTICULAR
  17:c:/Users/lenovo/Desktop/AIoT/first_day/firstday_afternoon/LiteOS_Lab_STM32_IoT/iot_link/link_misc\link_string.c ****  * PURPOSE ARE DISCLAIMED. IN NO EVENT SHALL THE COPYRIGHT HOLDER OR
  18:c:/Users/lenovo/Desktop/AIoT/first_day/firstday_afternoon/LiteOS_Lab_STM32_IoT/iot_link/link_misc\link_string.c ****  * CONTRIBUTORS BE LIABLE FOR ANY DIRECT, INDIRECT, INCIDENTAL, SPECIAL,
  19:c:/Users/lenovo/Desktop/AIoT/first_day/firstday_afternoon/LiteOS_Lab_STM32_IoT/iot_link/link_misc\link_string.c ****  * EXEMPLARY, OR CONSEQUENTIAL DAMAGES (INCLUDING, BUT NOT LIMITED TO,
  20:c:/Users/lenovo/Desktop/AIoT/first_day/firstday_afternoon/LiteOS_Lab_STM32_IoT/iot_link/link_misc\link_string.c ****  * PROCUREMENT OF SUBSTITUTE GOODS OR SERVICES; LOSS OF USE, DATA, OR PROFITS;
  21:c:/Users/lenovo/Desktop/AIoT/first_day/firstday_afternoon/LiteOS_Lab_STM32_IoT/iot_link/link_misc\link_string.c ****  * OR BUSINESS INTERRUPTION) HOWEVER CAUSED AND ON ANY THEORY OF LIABILITY,
  22:c:/Users/lenovo/Desktop/AIoT/first_day/firstday_afternoon/LiteOS_Lab_STM32_IoT/iot_link/link_misc\link_string.c ****  * WHETHER IN CONTRACT, STRICT LIABILITY, OR TORT (INCLUDING NEGLIGENCE OR
  23:c:/Users/lenovo/Desktop/AIoT/first_day/firstday_afternoon/LiteOS_Lab_STM32_IoT/iot_link/link_misc\link_string.c ****  * OTHERWISE) ARISING IN ANY WAY OUT OF THE USE OF THIS SOFTWARE, EVEN IF
  24:c:/Users/lenovo/Desktop/AIoT/first_day/firstday_afternoon/LiteOS_Lab_STM32_IoT/iot_link/link_misc\link_string.c ****  * ADVISED OF THE POSSIBILITY OF SUCH DAMAGE.
  25:c:/Users/lenovo/Desktop/AIoT/first_day/firstday_afternoon/LiteOS_Lab_STM32_IoT/iot_link/link_misc\link_string.c ****  *---------------------------------------------------------------------------*/
  26:c:/Users/lenovo/Desktop/AIoT/first_day/firstday_afternoon/LiteOS_Lab_STM32_IoT/iot_link/link_misc\link_string.c **** /*----------------------------------------------------------------------------
  27:c:/Users/lenovo/Desktop/AIoT/first_day/firstday_afternoon/LiteOS_Lab_STM32_IoT/iot_link/link_misc\link_string.c ****  * Notice of Export Control Law
  28:c:/Users/lenovo/Desktop/AIoT/first_day/firstday_afternoon/LiteOS_Lab_STM32_IoT/iot_link/link_misc\link_string.c ****  * ===============================================
  29:c:/Users/lenovo/Desktop/AIoT/first_day/firstday_afternoon/LiteOS_Lab_STM32_IoT/iot_link/link_misc\link_string.c ****  * Huawei LiteOS may be subject to applicable export control laws and regulations, which might
  30:c:/Users/lenovo/Desktop/AIoT/first_day/firstday_afternoon/LiteOS_Lab_STM32_IoT/iot_link/link_misc\link_string.c ****  * include those applicable to Huawei LiteOS of U.S. and the country in which you are located.
ARM GAS  C:\Users\lenovo\AppData\Local\Temp\ccehsK4y.s 			page 2


  31:c:/Users/lenovo/Desktop/AIoT/first_day/firstday_afternoon/LiteOS_Lab_STM32_IoT/iot_link/link_misc\link_string.c ****  * Import, export and usage of Huawei LiteOS in any manner by you shall be in compliance with such
  32:c:/Users/lenovo/Desktop/AIoT/first_day/firstday_afternoon/LiteOS_Lab_STM32_IoT/iot_link/link_misc\link_string.c ****  * applicable export control laws and regulations.
  33:c:/Users/lenovo/Desktop/AIoT/first_day/firstday_afternoon/LiteOS_Lab_STM32_IoT/iot_link/link_misc\link_string.c ****  *---------------------------------------------------------------------------*/
  34:c:/Users/lenovo/Desktop/AIoT/first_day/firstday_afternoon/LiteOS_Lab_STM32_IoT/iot_link/link_misc\link_string.c **** /**
  35:c:/Users/lenovo/Desktop/AIoT/first_day/firstday_afternoon/LiteOS_Lab_STM32_IoT/iot_link/link_misc\link_string.c ****  *  DATE                AUTHOR      INSTRUCTION
  36:c:/Users/lenovo/Desktop/AIoT/first_day/firstday_afternoon/LiteOS_Lab_STM32_IoT/iot_link/link_misc\link_string.c ****  *  2019-04-29 09:50  zhangqianfu  The first version  
  37:c:/Users/lenovo/Desktop/AIoT/first_day/firstday_afternoon/LiteOS_Lab_STM32_IoT/iot_link/link_misc\link_string.c ****  *
  38:c:/Users/lenovo/Desktop/AIoT/first_day/firstday_afternoon/LiteOS_Lab_STM32_IoT/iot_link/link_misc\link_string.c ****  */
  39:c:/Users/lenovo/Desktop/AIoT/first_day/firstday_afternoon/LiteOS_Lab_STM32_IoT/iot_link/link_misc\link_string.c **** 
  40:c:/Users/lenovo/Desktop/AIoT/first_day/firstday_afternoon/LiteOS_Lab_STM32_IoT/iot_link/link_misc\link_string.c **** #include <stdint.h>
  41:c:/Users/lenovo/Desktop/AIoT/first_day/firstday_afternoon/LiteOS_Lab_STM32_IoT/iot_link/link_misc\link_string.c **** #include <stddef.h>
  42:c:/Users/lenovo/Desktop/AIoT/first_day/firstday_afternoon/LiteOS_Lab_STM32_IoT/iot_link/link_misc\link_string.c **** #include <string.h>
  43:c:/Users/lenovo/Desktop/AIoT/first_day/firstday_afternoon/LiteOS_Lab_STM32_IoT/iot_link/link_misc\link_string.c **** 
  44:c:/Users/lenovo/Desktop/AIoT/first_day/firstday_afternoon/LiteOS_Lab_STM32_IoT/iot_link/link_misc\link_string.c **** #include <osal.h>
  45:c:/Users/lenovo/Desktop/AIoT/first_day/firstday_afternoon/LiteOS_Lab_STM32_IoT/iot_link/link_misc\link_string.c **** #include <link_misc.h>
  46:c:/Users/lenovo/Desktop/AIoT/first_day/firstday_afternoon/LiteOS_Lab_STM32_IoT/iot_link/link_misc\link_string.c **** 
  47:c:/Users/lenovo/Desktop/AIoT/first_day/firstday_afternoon/LiteOS_Lab_STM32_IoT/iot_link/link_misc\link_string.c **** //this function is used to format the char string to the argc mode
  48:c:/Users/lenovo/Desktop/AIoT/first_day/firstday_afternoon/LiteOS_Lab_STM32_IoT/iot_link/link_misc\link_string.c **** //this function will changed the original string, used it carefully
  49:c:/Users/lenovo/Desktop/AIoT/first_day/firstday_afternoon/LiteOS_Lab_STM32_IoT/iot_link/link_misc\link_string.c **** //return how many arguments has been
  50:c:/Users/lenovo/Desktop/AIoT/first_day/firstday_afternoon/LiteOS_Lab_STM32_IoT/iot_link/link_misc\link_string.c **** int string_to_arg(int *argc, const char *argv[],char *string)
  51:c:/Users/lenovo/Desktop/AIoT/first_day/firstday_afternoon/LiteOS_Lab_STM32_IoT/iot_link/link_misc\link_string.c **** {
  29              		.loc 1 51 1
  30              		.cfi_startproc
  31              		@ args = 0, pretend = 0, frame = 40
  32              		@ frame_needed = 1, uses_anonymous_args = 0
  33 0000 80B5     		push	{r7, lr}
  34              	.LCFI0:
  35              		.cfi_def_cfa_offset 8
  36              		.cfi_offset 7, -8
  37              		.cfi_offset 14, -4
  38 0002 8AB0     		sub	sp, sp, #40
  39              	.LCFI1:
  40              		.cfi_def_cfa_offset 48
  41 0004 00AF     		add	r7, sp, #0
  42              	.LCFI2:
  43              		.cfi_def_cfa_register 7
  44 0006 F860     		str	r0, [r7, #12]
  45 0008 B960     		str	r1, [r7, #8]
  46 000a 7A60     		str	r2, [r7, #4]
  52:c:/Users/lenovo/Desktop/AIoT/first_day/firstday_afternoon/LiteOS_Lab_STM32_IoT/iot_link/link_misc\link_string.c ****     int argvlen = 0;
  47              		.loc 1 52 9
  48 000c 0023     		movs	r3, #0
  49 000e BB61     		str	r3, [r7, #24]
  53:c:/Users/lenovo/Desktop/AIoT/first_day/firstday_afternoon/LiteOS_Lab_STM32_IoT/iot_link/link_misc\link_string.c ****     int paramnum = 0;
  50              		.loc 1 53 9
  51 0010 0023     		movs	r3, #0
  52 0012 7B62     		str	r3, [r7, #36]
  54:c:/Users/lenovo/Desktop/AIoT/first_day/firstday_afternoon/LiteOS_Lab_STM32_IoT/iot_link/link_misc\link_string.c ****     char *tmp = NULL;
  53              		.loc 1 54 11
  54 0014 0023     		movs	r3, #0
  55 0016 3B62     		str	r3, [r7, #32]
  55:c:/Users/lenovo/Desktop/AIoT/first_day/firstday_afternoon/LiteOS_Lab_STM32_IoT/iot_link/link_misc\link_string.c ****     char bak;
  56:c:/Users/lenovo/Desktop/AIoT/first_day/firstday_afternoon/LiteOS_Lab_STM32_IoT/iot_link/link_misc\link_string.c ****     int len;
  57:c:/Users/lenovo/Desktop/AIoT/first_day/firstday_afternoon/LiteOS_Lab_STM32_IoT/iot_link/link_misc\link_string.c **** 
  58:c:/Users/lenovo/Desktop/AIoT/first_day/firstday_afternoon/LiteOS_Lab_STM32_IoT/iot_link/link_misc\link_string.c ****     argvlen = *argc;
  56              		.loc 1 58 13
  57 0018 FB68     		ldr	r3, [r7, #12]
ARM GAS  C:\Users\lenovo\AppData\Local\Temp\ccehsK4y.s 			page 3


  58 001a 1B68     		ldr	r3, [r3]
  59 001c BB61     		str	r3, [r7, #24]
  59:c:/Users/lenovo/Desktop/AIoT/first_day/firstday_afternoon/LiteOS_Lab_STM32_IoT/iot_link/link_misc\link_string.c ****     *argc = paramnum;
  60              		.loc 1 59 11
  61 001e FB68     		ldr	r3, [r7, #12]
  62 0020 7A6A     		ldr	r2, [r7, #36]
  63 0022 1A60     		str	r2, [r3]
  60:c:/Users/lenovo/Desktop/AIoT/first_day/firstday_afternoon/LiteOS_Lab_STM32_IoT/iot_link/link_misc\link_string.c ****     if(NULL == string)
  64              		.loc 1 60 7
  65 0024 7B68     		ldr	r3, [r7, #4]
  66 0026 002B     		cmp	r3, #0
  67 0028 01D1     		bne	.L2
  61:c:/Users/lenovo/Desktop/AIoT/first_day/firstday_afternoon/LiteOS_Lab_STM32_IoT/iot_link/link_misc\link_string.c ****     {
  62:c:/Users/lenovo/Desktop/AIoT/first_day/firstday_afternoon/LiteOS_Lab_STM32_IoT/iot_link/link_misc\link_string.c ****         return paramnum;
  68              		.loc 1 62 16
  69 002a 7B6A     		ldr	r3, [r7, #36]
  70 002c 40E0     		b	.L3
  71              	.L2:
  63:c:/Users/lenovo/Desktop/AIoT/first_day/firstday_afternoon/LiteOS_Lab_STM32_IoT/iot_link/link_misc\link_string.c ****     }
  64:c:/Users/lenovo/Desktop/AIoT/first_day/firstday_afternoon/LiteOS_Lab_STM32_IoT/iot_link/link_misc\link_string.c **** 
  65:c:/Users/lenovo/Desktop/AIoT/first_day/firstday_afternoon/LiteOS_Lab_STM32_IoT/iot_link/link_misc\link_string.c ****     //use the '\0' to replace the ' '
  66:c:/Users/lenovo/Desktop/AIoT/first_day/firstday_afternoon/LiteOS_Lab_STM32_IoT/iot_link/link_misc\link_string.c ****     len = strlen(string);
  72              		.loc 1 66 11
  73 002e 7868     		ldr	r0, [r7, #4]
  74 0030 FFF7FEFF 		bl	strlen
  75 0034 0346     		mov	r3, r0
  76              		.loc 1 66 9
  77 0036 7B61     		str	r3, [r7, #20]
  67:c:/Users/lenovo/Desktop/AIoT/first_day/firstday_afternoon/LiteOS_Lab_STM32_IoT/iot_link/link_misc\link_string.c ****     tmp = string;
  78              		.loc 1 67 9
  79 0038 7B68     		ldr	r3, [r7, #4]
  80 003a 3B62     		str	r3, [r7, #32]
  68:c:/Users/lenovo/Desktop/AIoT/first_day/firstday_afternoon/LiteOS_Lab_STM32_IoT/iot_link/link_misc\link_string.c ****     while(tmp < (string + len))
  81              		.loc 1 68 10
  82 003c 09E0     		b	.L4
  83              	.L6:
  69:c:/Users/lenovo/Desktop/AIoT/first_day/firstday_afternoon/LiteOS_Lab_STM32_IoT/iot_link/link_misc\link_string.c ****     {
  70:c:/Users/lenovo/Desktop/AIoT/first_day/firstday_afternoon/LiteOS_Lab_STM32_IoT/iot_link/link_misc\link_string.c ****         if(*tmp == ' ')
  84              		.loc 1 70 12
  85 003e 3B6A     		ldr	r3, [r7, #32]
  86 0040 1B78     		ldrb	r3, [r3]	@ zero_extendqisi2
  87              		.loc 1 70 11
  88 0042 202B     		cmp	r3, #32
  89 0044 02D1     		bne	.L5
  71:c:/Users/lenovo/Desktop/AIoT/first_day/firstday_afternoon/LiteOS_Lab_STM32_IoT/iot_link/link_misc\link_string.c ****         {
  72:c:/Users/lenovo/Desktop/AIoT/first_day/firstday_afternoon/LiteOS_Lab_STM32_IoT/iot_link/link_misc\link_string.c ****             *tmp = '\0';
  90              		.loc 1 72 18
  91 0046 3B6A     		ldr	r3, [r7, #32]
  92 0048 0022     		movs	r2, #0
  93 004a 1A70     		strb	r2, [r3]
  94              	.L5:
  73:c:/Users/lenovo/Desktop/AIoT/first_day/firstday_afternoon/LiteOS_Lab_STM32_IoT/iot_link/link_misc\link_string.c ****         }
  74:c:/Users/lenovo/Desktop/AIoT/first_day/firstday_afternoon/LiteOS_Lab_STM32_IoT/iot_link/link_misc\link_string.c ****         tmp++;
  95              		.loc 1 74 12
  96 004c 3B6A     		ldr	r3, [r7, #32]
  97 004e 0133     		adds	r3, r3, #1
  98 0050 3B62     		str	r3, [r7, #32]
ARM GAS  C:\Users\lenovo\AppData\Local\Temp\ccehsK4y.s 			page 4


  99              	.L4:
  68:c:/Users/lenovo/Desktop/AIoT/first_day/firstday_afternoon/LiteOS_Lab_STM32_IoT/iot_link/link_misc\link_string.c ****     {
 100              		.loc 1 68 25
 101 0052 7B69     		ldr	r3, [r7, #20]
 102 0054 7A68     		ldr	r2, [r7, #4]
 103 0056 1344     		add	r3, r3, r2
  68:c:/Users/lenovo/Desktop/AIoT/first_day/firstday_afternoon/LiteOS_Lab_STM32_IoT/iot_link/link_misc\link_string.c ****     {
 104              		.loc 1 68 10
 105 0058 3A6A     		ldr	r2, [r7, #32]
 106 005a 9A42     		cmp	r2, r3
 107 005c EFD3     		bcc	.L6
  75:c:/Users/lenovo/Desktop/AIoT/first_day/firstday_afternoon/LiteOS_Lab_STM32_IoT/iot_link/link_misc\link_string.c ****     }
  76:c:/Users/lenovo/Desktop/AIoT/first_day/firstday_afternoon/LiteOS_Lab_STM32_IoT/iot_link/link_misc\link_string.c ****     bak = '\0';
 108              		.loc 1 76 9
 109 005e 0023     		movs	r3, #0
 110 0060 FB77     		strb	r3, [r7, #31]
  77:c:/Users/lenovo/Desktop/AIoT/first_day/firstday_afternoon/LiteOS_Lab_STM32_IoT/iot_link/link_misc\link_string.c ****     tmp = string;
 111              		.loc 1 77 9
 112 0062 7B68     		ldr	r3, [r7, #4]
 113 0064 3B62     		str	r3, [r7, #32]
  78:c:/Users/lenovo/Desktop/AIoT/first_day/firstday_afternoon/LiteOS_Lab_STM32_IoT/iot_link/link_misc\link_string.c ****     while(tmp < (string + len))
 114              		.loc 1 78 10
 115 0066 19E0     		b	.L7
 116              	.L9:
  79:c:/Users/lenovo/Desktop/AIoT/first_day/firstday_afternoon/LiteOS_Lab_STM32_IoT/iot_link/link_misc\link_string.c ****     {
  80:c:/Users/lenovo/Desktop/AIoT/first_day/firstday_afternoon/LiteOS_Lab_STM32_IoT/iot_link/link_misc\link_string.c ****         if((*tmp != '\0')&&(bak =='\0'))
 117              		.loc 1 80 13
 118 0068 3B6A     		ldr	r3, [r7, #32]
 119 006a 1B78     		ldrb	r3, [r3]	@ zero_extendqisi2
 120              		.loc 1 80 11
 121 006c 002B     		cmp	r3, #0
 122 006e 0FD0     		beq	.L8
 123              		.loc 1 80 26 discriminator 1
 124 0070 FB7F     		ldrb	r3, [r7, #31]	@ zero_extendqisi2
 125 0072 002B     		cmp	r3, #0
 126 0074 0CD1     		bne	.L8
  81:c:/Users/lenovo/Desktop/AIoT/first_day/firstday_afternoon/LiteOS_Lab_STM32_IoT/iot_link/link_misc\link_string.c ****         {
  82:c:/Users/lenovo/Desktop/AIoT/first_day/firstday_afternoon/LiteOS_Lab_STM32_IoT/iot_link/link_misc\link_string.c ****             if(paramnum < argvlen)
 127              		.loc 1 82 15
 128 0076 7A6A     		ldr	r2, [r7, #36]
 129 0078 BB69     		ldr	r3, [r7, #24]
 130 007a 9A42     		cmp	r2, r3
 131 007c 08DA     		bge	.L8
  83:c:/Users/lenovo/Desktop/AIoT/first_day/firstday_afternoon/LiteOS_Lab_STM32_IoT/iot_link/link_misc\link_string.c ****             {
  84:c:/Users/lenovo/Desktop/AIoT/first_day/firstday_afternoon/LiteOS_Lab_STM32_IoT/iot_link/link_misc\link_string.c ****                 argv[paramnum] = tmp;
 132              		.loc 1 84 21
 133 007e 7B6A     		ldr	r3, [r7, #36]
 134 0080 9B00     		lsls	r3, r3, #2
 135 0082 BA68     		ldr	r2, [r7, #8]
 136 0084 1344     		add	r3, r3, r2
 137              		.loc 1 84 32
 138 0086 3A6A     		ldr	r2, [r7, #32]
 139 0088 1A60     		str	r2, [r3]
  85:c:/Users/lenovo/Desktop/AIoT/first_day/firstday_afternoon/LiteOS_Lab_STM32_IoT/iot_link/link_misc\link_string.c ****                 paramnum++;
 140              		.loc 1 85 25
 141 008a 7B6A     		ldr	r3, [r7, #36]
 142 008c 0133     		adds	r3, r3, #1
ARM GAS  C:\Users\lenovo\AppData\Local\Temp\ccehsK4y.s 			page 5


 143 008e 7B62     		str	r3, [r7, #36]
 144              	.L8:
  86:c:/Users/lenovo/Desktop/AIoT/first_day/firstday_afternoon/LiteOS_Lab_STM32_IoT/iot_link/link_misc\link_string.c ****             }
  87:c:/Users/lenovo/Desktop/AIoT/first_day/firstday_afternoon/LiteOS_Lab_STM32_IoT/iot_link/link_misc\link_string.c ****         }
  88:c:/Users/lenovo/Desktop/AIoT/first_day/firstday_afternoon/LiteOS_Lab_STM32_IoT/iot_link/link_misc\link_string.c ****         bak = *tmp;
 145              		.loc 1 88 13
 146 0090 3B6A     		ldr	r3, [r7, #32]
 147 0092 1B78     		ldrb	r3, [r3]
 148 0094 FB77     		strb	r3, [r7, #31]
  89:c:/Users/lenovo/Desktop/AIoT/first_day/firstday_afternoon/LiteOS_Lab_STM32_IoT/iot_link/link_misc\link_string.c ****         tmp++;
 149              		.loc 1 89 12
 150 0096 3B6A     		ldr	r3, [r7, #32]
 151 0098 0133     		adds	r3, r3, #1
 152 009a 3B62     		str	r3, [r7, #32]
 153              	.L7:
  78:c:/Users/lenovo/Desktop/AIoT/first_day/firstday_afternoon/LiteOS_Lab_STM32_IoT/iot_link/link_misc\link_string.c ****     {
 154              		.loc 1 78 25
 155 009c 7B69     		ldr	r3, [r7, #20]
 156 009e 7A68     		ldr	r2, [r7, #4]
 157 00a0 1344     		add	r3, r3, r2
  78:c:/Users/lenovo/Desktop/AIoT/first_day/firstday_afternoon/LiteOS_Lab_STM32_IoT/iot_link/link_misc\link_string.c ****     {
 158              		.loc 1 78 10
 159 00a2 3A6A     		ldr	r2, [r7, #32]
 160 00a4 9A42     		cmp	r2, r3
 161 00a6 DFD3     		bcc	.L9
  90:c:/Users/lenovo/Desktop/AIoT/first_day/firstday_afternoon/LiteOS_Lab_STM32_IoT/iot_link/link_misc\link_string.c ****     }
  91:c:/Users/lenovo/Desktop/AIoT/first_day/firstday_afternoon/LiteOS_Lab_STM32_IoT/iot_link/link_misc\link_string.c ****     *argc = paramnum;
 162              		.loc 1 91 11
 163 00a8 FB68     		ldr	r3, [r7, #12]
 164 00aa 7A6A     		ldr	r2, [r7, #36]
 165 00ac 1A60     		str	r2, [r3]
  92:c:/Users/lenovo/Desktop/AIoT/first_day/firstday_afternoon/LiteOS_Lab_STM32_IoT/iot_link/link_misc\link_string.c **** 
  93:c:/Users/lenovo/Desktop/AIoT/first_day/firstday_afternoon/LiteOS_Lab_STM32_IoT/iot_link/link_misc\link_string.c ****     return paramnum;
 166              		.loc 1 93 12
 167 00ae 7B6A     		ldr	r3, [r7, #36]
 168              	.L3:
  94:c:/Users/lenovo/Desktop/AIoT/first_day/firstday_afternoon/LiteOS_Lab_STM32_IoT/iot_link/link_misc\link_string.c **** }
 169              		.loc 1 94 1
 170 00b0 1846     		mov	r0, r3
 171 00b2 2837     		adds	r7, r7, #40
 172              	.LCFI3:
 173              		.cfi_def_cfa_offset 8
 174 00b4 BD46     		mov	sp, r7
 175              	.LCFI4:
 176              		.cfi_def_cfa_register 13
 177              		@ sp needed
 178 00b6 80BD     		pop	{r7, pc}
 179              		.cfi_endproc
 180              	.LFE3:
 182              		.section	.text.osal_strdup,"ax",%progbits
 183              		.align	1
 184              		.global	osal_strdup
 185              		.syntax unified
 186              		.thumb
 187              		.thumb_func
 188              		.fpu fpv4-sp-d16
 190              	osal_strdup:
ARM GAS  C:\Users\lenovo\AppData\Local\Temp\ccehsK4y.s 			page 6


 191              	.LFB4:
  95:c:/Users/lenovo/Desktop/AIoT/first_day/firstday_afternoon/LiteOS_Lab_STM32_IoT/iot_link/link_misc\link_string.c **** 
  96:c:/Users/lenovo/Desktop/AIoT/first_day/firstday_afternoon/LiteOS_Lab_STM32_IoT/iot_link/link_misc\link_string.c **** 
  97:c:/Users/lenovo/Desktop/AIoT/first_day/firstday_afternoon/LiteOS_Lab_STM32_IoT/iot_link/link_misc\link_string.c **** char *osal_strdup(const char *ch)
  98:c:/Users/lenovo/Desktop/AIoT/first_day/firstday_afternoon/LiteOS_Lab_STM32_IoT/iot_link/link_misc\link_string.c **** {
 192              		.loc 1 98 1
 193              		.cfi_startproc
 194              		@ args = 0, pretend = 0, frame = 16
 195              		@ frame_needed = 1, uses_anonymous_args = 0
 196 0000 80B5     		push	{r7, lr}
 197              	.LCFI5:
 198              		.cfi_def_cfa_offset 8
 199              		.cfi_offset 7, -8
 200              		.cfi_offset 14, -4
 201 0002 84B0     		sub	sp, sp, #16
 202              	.LCFI6:
 203              		.cfi_def_cfa_offset 24
 204 0004 00AF     		add	r7, sp, #0
 205              	.LCFI7:
 206              		.cfi_def_cfa_register 7
 207 0006 7860     		str	r0, [r7, #4]
  99:c:/Users/lenovo/Desktop/AIoT/first_day/firstday_afternoon/LiteOS_Lab_STM32_IoT/iot_link/link_misc\link_string.c ****     char *copy;
 100:c:/Users/lenovo/Desktop/AIoT/first_day/firstday_afternoon/LiteOS_Lab_STM32_IoT/iot_link/link_misc\link_string.c ****     size_t length;
 101:c:/Users/lenovo/Desktop/AIoT/first_day/firstday_afternoon/LiteOS_Lab_STM32_IoT/iot_link/link_misc\link_string.c **** 
 102:c:/Users/lenovo/Desktop/AIoT/first_day/firstday_afternoon/LiteOS_Lab_STM32_IoT/iot_link/link_misc\link_string.c ****     if(NULL == ch)
 208              		.loc 1 102 7
 209 0008 7B68     		ldr	r3, [r7, #4]
 210 000a 002B     		cmp	r3, #0
 211 000c 01D1     		bne	.L11
 103:c:/Users/lenovo/Desktop/AIoT/first_day/firstday_afternoon/LiteOS_Lab_STM32_IoT/iot_link/link_misc\link_string.c ****         return NULL;
 212              		.loc 1 103 16
 213 000e 0023     		movs	r3, #0
 214 0010 19E0     		b	.L12
 215              	.L11:
 104:c:/Users/lenovo/Desktop/AIoT/first_day/firstday_afternoon/LiteOS_Lab_STM32_IoT/iot_link/link_misc\link_string.c **** 
 105:c:/Users/lenovo/Desktop/AIoT/first_day/firstday_afternoon/LiteOS_Lab_STM32_IoT/iot_link/link_misc\link_string.c ****     length = strlen(ch);
 216              		.loc 1 105 14
 217 0012 7868     		ldr	r0, [r7, #4]
 218 0014 FFF7FEFF 		bl	strlen
 219 0018 F860     		str	r0, [r7, #12]
 106:c:/Users/lenovo/Desktop/AIoT/first_day/firstday_afternoon/LiteOS_Lab_STM32_IoT/iot_link/link_misc\link_string.c ****     copy = (char *)osal_malloc(length + 1);
 220              		.loc 1 106 20
 221 001a FB68     		ldr	r3, [r7, #12]
 222 001c 0133     		adds	r3, r3, #1
 223 001e 1846     		mov	r0, r3
 224 0020 FFF7FEFF 		bl	osal_malloc
 225 0024 B860     		str	r0, [r7, #8]
 107:c:/Users/lenovo/Desktop/AIoT/first_day/firstday_afternoon/LiteOS_Lab_STM32_IoT/iot_link/link_misc\link_string.c ****     if(NULL == copy)
 226              		.loc 1 107 7
 227 0026 BB68     		ldr	r3, [r7, #8]
 228 0028 002B     		cmp	r3, #0
 229 002a 01D1     		bne	.L13
 108:c:/Users/lenovo/Desktop/AIoT/first_day/firstday_afternoon/LiteOS_Lab_STM32_IoT/iot_link/link_misc\link_string.c ****         return NULL;
 230              		.loc 1 108 16
 231 002c 0023     		movs	r3, #0
 232 002e 0AE0     		b	.L12
 233              	.L13:
ARM GAS  C:\Users\lenovo\AppData\Local\Temp\ccehsK4y.s 			page 7


 109:c:/Users/lenovo/Desktop/AIoT/first_day/firstday_afternoon/LiteOS_Lab_STM32_IoT/iot_link/link_misc\link_string.c ****     strncpy(copy, ch, length);
 234              		.loc 1 109 5
 235 0030 FA68     		ldr	r2, [r7, #12]
 236 0032 7968     		ldr	r1, [r7, #4]
 237 0034 B868     		ldr	r0, [r7, #8]
 238 0036 FFF7FEFF 		bl	strncpy
 110:c:/Users/lenovo/Desktop/AIoT/first_day/firstday_afternoon/LiteOS_Lab_STM32_IoT/iot_link/link_misc\link_string.c ****     copy[length] = '\0';
 239              		.loc 1 110 9
 240 003a BA68     		ldr	r2, [r7, #8]
 241 003c FB68     		ldr	r3, [r7, #12]
 242 003e 1344     		add	r3, r3, r2
 243              		.loc 1 110 18
 244 0040 0022     		movs	r2, #0
 245 0042 1A70     		strb	r2, [r3]
 111:c:/Users/lenovo/Desktop/AIoT/first_day/firstday_afternoon/LiteOS_Lab_STM32_IoT/iot_link/link_misc\link_string.c **** 
 112:c:/Users/lenovo/Desktop/AIoT/first_day/firstday_afternoon/LiteOS_Lab_STM32_IoT/iot_link/link_misc\link_string.c ****     return copy;
 246              		.loc 1 112 12
 247 0044 BB68     		ldr	r3, [r7, #8]
 248              	.L12:
 113:c:/Users/lenovo/Desktop/AIoT/first_day/firstday_afternoon/LiteOS_Lab_STM32_IoT/iot_link/link_misc\link_string.c **** }
 249              		.loc 1 113 1
 250 0046 1846     		mov	r0, r3
 251 0048 1037     		adds	r7, r7, #16
 252              	.LCFI8:
 253              		.cfi_def_cfa_offset 8
 254 004a BD46     		mov	sp, r7
 255              	.LCFI9:
 256              		.cfi_def_cfa_register 13
 257              		@ sp needed
 258 004c 80BD     		pop	{r7, pc}
 259              		.cfi_endproc
 260              	.LFE4:
 262              		.section	.text.osal_strcat,"ax",%progbits
 263              		.align	1
 264              		.global	osal_strcat
 265              		.syntax unified
 266              		.thumb
 267              		.thumb_func
 268              		.fpu fpv4-sp-d16
 270              	osal_strcat:
 271              	.LFB5:
 114:c:/Users/lenovo/Desktop/AIoT/first_day/firstday_afternoon/LiteOS_Lab_STM32_IoT/iot_link/link_misc\link_string.c **** 
 115:c:/Users/lenovo/Desktop/AIoT/first_day/firstday_afternoon/LiteOS_Lab_STM32_IoT/iot_link/link_misc\link_string.c **** char *osal_strcat(char *str[])
 116:c:/Users/lenovo/Desktop/AIoT/first_day/firstday_afternoon/LiteOS_Lab_STM32_IoT/iot_link/link_misc\link_string.c **** {
 272              		.loc 1 116 1
 273              		.cfi_startproc
 274              		@ args = 0, pretend = 0, frame = 32
 275              		@ frame_needed = 1, uses_anonymous_args = 0
 276 0000 B0B5     		push	{r4, r5, r7, lr}
 277              	.LCFI10:
 278              		.cfi_def_cfa_offset 16
 279              		.cfi_offset 4, -16
 280              		.cfi_offset 5, -12
 281              		.cfi_offset 7, -8
 282              		.cfi_offset 14, -4
 283 0002 88B0     		sub	sp, sp, #32
 284              	.LCFI11:
ARM GAS  C:\Users\lenovo\AppData\Local\Temp\ccehsK4y.s 			page 8


 285              		.cfi_def_cfa_offset 48
 286 0004 00AF     		add	r7, sp, #0
 287              	.LCFI12:
 288              		.cfi_def_cfa_register 7
 289 0006 7860     		str	r0, [r7, #4]
 117:c:/Users/lenovo/Desktop/AIoT/first_day/firstday_afternoon/LiteOS_Lab_STM32_IoT/iot_link/link_misc\link_string.c ****     char *ret = NULL;
 290              		.loc 1 117 11
 291 0008 0023     		movs	r3, #0
 292 000a 3B61     		str	r3, [r7, #16]
 118:c:/Users/lenovo/Desktop/AIoT/first_day/firstday_afternoon/LiteOS_Lab_STM32_IoT/iot_link/link_misc\link_string.c ****     int str_tnum = 0;
 293              		.loc 1 118 9
 294 000c 0023     		movs	r3, #0
 295 000e FB60     		str	r3, [r7, #12]
 119:c:/Users/lenovo/Desktop/AIoT/first_day/firstday_afternoon/LiteOS_Lab_STM32_IoT/iot_link/link_misc\link_string.c ****     int str_tlen = 0;
 296              		.loc 1 119 9
 297 0010 0023     		movs	r3, #0
 298 0012 FB61     		str	r3, [r7, #28]
 120:c:/Users/lenovo/Desktop/AIoT/first_day/firstday_afternoon/LiteOS_Lab_STM32_IoT/iot_link/link_misc\link_string.c ****     int str_off = 0;
 299              		.loc 1 120 9
 300 0014 0023     		movs	r3, #0
 301 0016 BB61     		str	r3, [r7, #24]
 121:c:/Users/lenovo/Desktop/AIoT/first_day/firstday_afternoon/LiteOS_Lab_STM32_IoT/iot_link/link_misc\link_string.c ****     int i = 0;
 302              		.loc 1 121 9
 303 0018 0023     		movs	r3, #0
 304 001a 7B61     		str	r3, [r7, #20]
 122:c:/Users/lenovo/Desktop/AIoT/first_day/firstday_afternoon/LiteOS_Lab_STM32_IoT/iot_link/link_misc\link_string.c **** 
 123:c:/Users/lenovo/Desktop/AIoT/first_day/firstday_afternoon/LiteOS_Lab_STM32_IoT/iot_link/link_misc\link_string.c ****     if(NULL == str)
 305              		.loc 1 123 7
 306 001c 7B68     		ldr	r3, [r7, #4]
 307 001e 002B     		cmp	r3, #0
 308 0020 0DD1     		bne	.L17
 124:c:/Users/lenovo/Desktop/AIoT/first_day/firstday_afternoon/LiteOS_Lab_STM32_IoT/iot_link/link_misc\link_string.c ****     {
 125:c:/Users/lenovo/Desktop/AIoT/first_day/firstday_afternoon/LiteOS_Lab_STM32_IoT/iot_link/link_misc\link_string.c ****         return ret;
 309              		.loc 1 125 16
 310 0022 3B69     		ldr	r3, [r7, #16]
 311 0024 4CE0     		b	.L16
 312              	.L18:
 126:c:/Users/lenovo/Desktop/AIoT/first_day/firstday_afternoon/LiteOS_Lab_STM32_IoT/iot_link/link_misc\link_string.c ****     }
 127:c:/Users/lenovo/Desktop/AIoT/first_day/firstday_afternoon/LiteOS_Lab_STM32_IoT/iot_link/link_misc\link_string.c **** 
 128:c:/Users/lenovo/Desktop/AIoT/first_day/firstday_afternoon/LiteOS_Lab_STM32_IoT/iot_link/link_misc\link_string.c ****     while(NULL != str[i])
 129:c:/Users/lenovo/Desktop/AIoT/first_day/firstday_afternoon/LiteOS_Lab_STM32_IoT/iot_link/link_misc\link_string.c ****     {
 130:c:/Users/lenovo/Desktop/AIoT/first_day/firstday_afternoon/LiteOS_Lab_STM32_IoT/iot_link/link_misc\link_string.c ****         str_tlen += strlen(str[i]);
 313              		.loc 1 130 31
 314 0026 7B69     		ldr	r3, [r7, #20]
 315 0028 9B00     		lsls	r3, r3, #2
 316 002a 7A68     		ldr	r2, [r7, #4]
 317 002c 1344     		add	r3, r3, r2
 318              		.loc 1 130 21
 319 002e 1B68     		ldr	r3, [r3]
 320 0030 1846     		mov	r0, r3
 321 0032 FFF7FEFF 		bl	strlen
 322 0036 0246     		mov	r2, r0
 323              		.loc 1 130 18
 324 0038 FB69     		ldr	r3, [r7, #28]
 325 003a 1344     		add	r3, r3, r2
 326 003c FB61     		str	r3, [r7, #28]
 327              	.L17:
ARM GAS  C:\Users\lenovo\AppData\Local\Temp\ccehsK4y.s 			page 9


 128:c:/Users/lenovo/Desktop/AIoT/first_day/firstday_afternoon/LiteOS_Lab_STM32_IoT/iot_link/link_misc\link_string.c ****     {
 328              		.loc 1 128 22
 329 003e 7B69     		ldr	r3, [r7, #20]
 330 0040 9B00     		lsls	r3, r3, #2
 331 0042 7A68     		ldr	r2, [r7, #4]
 332 0044 1344     		add	r3, r3, r2
 333 0046 1B68     		ldr	r3, [r3]
 128:c:/Users/lenovo/Desktop/AIoT/first_day/firstday_afternoon/LiteOS_Lab_STM32_IoT/iot_link/link_misc\link_string.c ****     {
 334              		.loc 1 128 10
 335 0048 002B     		cmp	r3, #0
 336 004a ECD1     		bne	.L18
 131:c:/Users/lenovo/Desktop/AIoT/first_day/firstday_afternoon/LiteOS_Lab_STM32_IoT/iot_link/link_misc\link_string.c ****     }
 132:c:/Users/lenovo/Desktop/AIoT/first_day/firstday_afternoon/LiteOS_Lab_STM32_IoT/iot_link/link_misc\link_string.c **** 
 133:c:/Users/lenovo/Desktop/AIoT/first_day/firstday_afternoon/LiteOS_Lab_STM32_IoT/iot_link/link_misc\link_string.c ****     ret = osal_malloc(str_tlen);
 337              		.loc 1 133 11
 338 004c FB69     		ldr	r3, [r7, #28]
 339 004e 1846     		mov	r0, r3
 340 0050 FFF7FEFF 		bl	osal_malloc
 341 0054 3861     		str	r0, [r7, #16]
 134:c:/Users/lenovo/Desktop/AIoT/first_day/firstday_afternoon/LiteOS_Lab_STM32_IoT/iot_link/link_misc\link_string.c **** 
 135:c:/Users/lenovo/Desktop/AIoT/first_day/firstday_afternoon/LiteOS_Lab_STM32_IoT/iot_link/link_misc\link_string.c ****     if(NULL != ret)
 342              		.loc 1 135 7
 343 0056 3B69     		ldr	r3, [r7, #16]
 344 0058 002B     		cmp	r3, #0
 345 005a 30D0     		beq	.L19
 136:c:/Users/lenovo/Desktop/AIoT/first_day/firstday_afternoon/LiteOS_Lab_STM32_IoT/iot_link/link_misc\link_string.c ****     {
 137:c:/Users/lenovo/Desktop/AIoT/first_day/firstday_afternoon/LiteOS_Lab_STM32_IoT/iot_link/link_misc\link_string.c ****         for(i =0;i< str_tnum;i++)
 346              		.loc 1 137 15
 347 005c 0023     		movs	r3, #0
 348 005e 7B61     		str	r3, [r7, #20]
 349              		.loc 1 137 9
 350 0060 24E0     		b	.L20
 351              	.L21:
 138:c:/Users/lenovo/Desktop/AIoT/first_day/firstday_afternoon/LiteOS_Lab_STM32_IoT/iot_link/link_misc\link_string.c ****         {
 139:c:/Users/lenovo/Desktop/AIoT/first_day/firstday_afternoon/LiteOS_Lab_STM32_IoT/iot_link/link_misc\link_string.c **** 
 140:c:/Users/lenovo/Desktop/AIoT/first_day/firstday_afternoon/LiteOS_Lab_STM32_IoT/iot_link/link_misc\link_string.c ****             memcpy(ret + str_off,str[i],strlen(str[i]));
 352              		.loc 1 140 13 discriminator 3
 353 0062 BB69     		ldr	r3, [r7, #24]
 354              		.loc 1 140 24 discriminator 3
 355 0064 3A69     		ldr	r2, [r7, #16]
 356 0066 D418     		adds	r4, r2, r3
 357              		.loc 1 140 37 discriminator 3
 358 0068 7B69     		ldr	r3, [r7, #20]
 359 006a 9B00     		lsls	r3, r3, #2
 360 006c 7A68     		ldr	r2, [r7, #4]
 361 006e 1344     		add	r3, r3, r2
 362              		.loc 1 140 13 discriminator 3
 363 0070 1D68     		ldr	r5, [r3]
 364              		.loc 1 140 51 discriminator 3
 365 0072 7B69     		ldr	r3, [r7, #20]
 366 0074 9B00     		lsls	r3, r3, #2
 367 0076 7A68     		ldr	r2, [r7, #4]
 368 0078 1344     		add	r3, r3, r2
 369              		.loc 1 140 13 discriminator 3
 370 007a 1B68     		ldr	r3, [r3]
 371 007c 1846     		mov	r0, r3
 372 007e FFF7FEFF 		bl	strlen
ARM GAS  C:\Users\lenovo\AppData\Local\Temp\ccehsK4y.s 			page 10


 373 0082 0346     		mov	r3, r0
 374 0084 1A46     		mov	r2, r3
 375 0086 2946     		mov	r1, r5
 376 0088 2046     		mov	r0, r4
 377 008a FFF7FEFF 		bl	memcpy
 141:c:/Users/lenovo/Desktop/AIoT/first_day/firstday_afternoon/LiteOS_Lab_STM32_IoT/iot_link/link_misc\link_string.c ****             str_off += strlen(str[i]);
 378              		.loc 1 141 34 discriminator 3
 379 008e 7B69     		ldr	r3, [r7, #20]
 380 0090 9B00     		lsls	r3, r3, #2
 381 0092 7A68     		ldr	r2, [r7, #4]
 382 0094 1344     		add	r3, r3, r2
 383              		.loc 1 141 24 discriminator 3
 384 0096 1B68     		ldr	r3, [r3]
 385 0098 1846     		mov	r0, r3
 386 009a FFF7FEFF 		bl	strlen
 387 009e 0246     		mov	r2, r0
 388              		.loc 1 141 21 discriminator 3
 389 00a0 BB69     		ldr	r3, [r7, #24]
 390 00a2 1344     		add	r3, r3, r2
 391 00a4 BB61     		str	r3, [r7, #24]
 137:c:/Users/lenovo/Desktop/AIoT/first_day/firstday_afternoon/LiteOS_Lab_STM32_IoT/iot_link/link_misc\link_string.c ****         {
 392              		.loc 1 137 31 discriminator 3
 393 00a6 7B69     		ldr	r3, [r7, #20]
 394 00a8 0133     		adds	r3, r3, #1
 395 00aa 7B61     		str	r3, [r7, #20]
 396              	.L20:
 137:c:/Users/lenovo/Desktop/AIoT/first_day/firstday_afternoon/LiteOS_Lab_STM32_IoT/iot_link/link_misc\link_string.c ****         {
 397              		.loc 1 137 9 discriminator 1
 398 00ac 7A69     		ldr	r2, [r7, #20]
 399 00ae FB68     		ldr	r3, [r7, #12]
 400 00b0 9A42     		cmp	r2, r3
 401 00b2 D6DB     		blt	.L21
 142:c:/Users/lenovo/Desktop/AIoT/first_day/firstday_afternoon/LiteOS_Lab_STM32_IoT/iot_link/link_misc\link_string.c ****         }
 143:c:/Users/lenovo/Desktop/AIoT/first_day/firstday_afternoon/LiteOS_Lab_STM32_IoT/iot_link/link_misc\link_string.c ****         ret[str_off] = '\0';
 402              		.loc 1 143 12
 403 00b4 BB69     		ldr	r3, [r7, #24]
 404 00b6 3A69     		ldr	r2, [r7, #16]
 405 00b8 1344     		add	r3, r3, r2
 406              		.loc 1 143 22
 407 00ba 0022     		movs	r2, #0
 408 00bc 1A70     		strb	r2, [r3]
 409              	.L19:
 144:c:/Users/lenovo/Desktop/AIoT/first_day/firstday_afternoon/LiteOS_Lab_STM32_IoT/iot_link/link_misc\link_string.c ****     }
 145:c:/Users/lenovo/Desktop/AIoT/first_day/firstday_afternoon/LiteOS_Lab_STM32_IoT/iot_link/link_misc\link_string.c **** 
 146:c:/Users/lenovo/Desktop/AIoT/first_day/firstday_afternoon/LiteOS_Lab_STM32_IoT/iot_link/link_misc\link_string.c ****     return ret;
 410              		.loc 1 146 12
 411 00be 3B69     		ldr	r3, [r7, #16]
 412              	.L16:
 147:c:/Users/lenovo/Desktop/AIoT/first_day/firstday_afternoon/LiteOS_Lab_STM32_IoT/iot_link/link_misc\link_string.c **** }
 413              		.loc 1 147 1
 414 00c0 1846     		mov	r0, r3
 415 00c2 2037     		adds	r7, r7, #32
 416              	.LCFI13:
 417              		.cfi_def_cfa_offset 16
 418 00c4 BD46     		mov	sp, r7
 419              	.LCFI14:
 420              		.cfi_def_cfa_register 13
ARM GAS  C:\Users\lenovo\AppData\Local\Temp\ccehsK4y.s 			page 11


 421              		@ sp needed
 422 00c6 B0BD     		pop	{r4, r5, r7, pc}
 423              		.cfi_endproc
 424              	.LFE5:
 426              		.section	.text.hexstr2byte,"ax",%progbits
 427              		.align	1
 428              		.global	hexstr2byte
 429              		.syntax unified
 430              		.thumb
 431              		.thumb_func
 432              		.fpu fpv4-sp-d16
 434              	hexstr2byte:
 435              	.LFB6:
 148:c:/Users/lenovo/Desktop/AIoT/first_day/firstday_afternoon/LiteOS_Lab_STM32_IoT/iot_link/link_misc\link_string.c **** 
 149:c:/Users/lenovo/Desktop/AIoT/first_day/firstday_afternoon/LiteOS_Lab_STM32_IoT/iot_link/link_misc\link_string.c **** 
 150:c:/Users/lenovo/Desktop/AIoT/first_day/firstday_afternoon/LiteOS_Lab_STM32_IoT/iot_link/link_misc\link_string.c **** int hexstr2byte(const char *bufin, int len, char *bufout)
 151:c:/Users/lenovo/Desktop/AIoT/first_day/firstday_afternoon/LiteOS_Lab_STM32_IoT/iot_link/link_misc\link_string.c **** {
 436              		.loc 1 151 1
 437              		.cfi_startproc
 438              		@ args = 0, pretend = 0, frame = 32
 439              		@ frame_needed = 1, uses_anonymous_args = 0
 440              		@ link register save eliminated.
 441 0000 80B4     		push	{r7}
 442              	.LCFI15:
 443              		.cfi_def_cfa_offset 4
 444              		.cfi_offset 7, -4
 445 0002 89B0     		sub	sp, sp, #36
 446              	.LCFI16:
 447              		.cfi_def_cfa_offset 40
 448 0004 00AF     		add	r7, sp, #0
 449              	.LCFI17:
 450              		.cfi_def_cfa_register 7
 451 0006 F860     		str	r0, [r7, #12]
 452 0008 B960     		str	r1, [r7, #8]
 453 000a 7A60     		str	r2, [r7, #4]
 152:c:/Users/lenovo/Desktop/AIoT/first_day/firstday_afternoon/LiteOS_Lab_STM32_IoT/iot_link/link_misc\link_string.c ****     int i = 0;
 454              		.loc 1 152 9
 455 000c 0023     		movs	r3, #0
 456 000e FB61     		str	r3, [r7, #28]
 153:c:/Users/lenovo/Desktop/AIoT/first_day/firstday_afternoon/LiteOS_Lab_STM32_IoT/iot_link/link_misc\link_string.c ****     unsigned char tmp2 = 0x0;
 457              		.loc 1 153 19
 458 0010 0023     		movs	r3, #0
 459 0012 FB76     		strb	r3, [r7, #27]
 154:c:/Users/lenovo/Desktop/AIoT/first_day/firstday_afternoon/LiteOS_Lab_STM32_IoT/iot_link/link_misc\link_string.c ****     unsigned int tmp = 0;
 460              		.loc 1 154 18
 461 0014 0023     		movs	r3, #0
 462 0016 7B61     		str	r3, [r7, #20]
 155:c:/Users/lenovo/Desktop/AIoT/first_day/firstday_afternoon/LiteOS_Lab_STM32_IoT/iot_link/link_misc\link_string.c ****     if (NULL == bufin || len <= 0 || NULL == bufout)
 463              		.loc 1 155 8
 464 0018 FB68     		ldr	r3, [r7, #12]
 465 001a 002B     		cmp	r3, #0
 466 001c 05D0     		beq	.L23
 467              		.loc 1 155 23 discriminator 1
 468 001e BB68     		ldr	r3, [r7, #8]
 469 0020 002B     		cmp	r3, #0
 470 0022 02DD     		ble	.L23
 471              		.loc 1 155 35 discriminator 2
ARM GAS  C:\Users\lenovo\AppData\Local\Temp\ccehsK4y.s 			page 12


 472 0024 7B68     		ldr	r3, [r7, #4]
 473 0026 002B     		cmp	r3, #0
 474 0028 02D1     		bne	.L24
 475              	.L23:
 156:c:/Users/lenovo/Desktop/AIoT/first_day/firstday_afternoon/LiteOS_Lab_STM32_IoT/iot_link/link_misc\link_string.c ****     {
 157:c:/Users/lenovo/Desktop/AIoT/first_day/firstday_afternoon/LiteOS_Lab_STM32_IoT/iot_link/link_misc\link_string.c ****         return -1;
 476              		.loc 1 157 16
 477 002a 4FF0FF33 		mov	r3, #-1
 478 002e 3BE0     		b	.L25
 479              	.L24:
 158:c:/Users/lenovo/Desktop/AIoT/first_day/firstday_afternoon/LiteOS_Lab_STM32_IoT/iot_link/link_misc\link_string.c ****     }
 159:c:/Users/lenovo/Desktop/AIoT/first_day/firstday_afternoon/LiteOS_Lab_STM32_IoT/iot_link/link_misc\link_string.c ****     for(i = 0; i < len; i = i+2)
 480              		.loc 1 159 11
 481 0030 0023     		movs	r3, #0
 482 0032 FB61     		str	r3, [r7, #28]
 483              		.loc 1 159 5
 484 0034 33E0     		b	.L26
 485              	.L31:
 160:c:/Users/lenovo/Desktop/AIoT/first_day/firstday_afternoon/LiteOS_Lab_STM32_IoT/iot_link/link_misc\link_string.c ****     {
 161:c:/Users/lenovo/Desktop/AIoT/first_day/firstday_afternoon/LiteOS_Lab_STM32_IoT/iot_link/link_misc\link_string.c ****         tmp2 =  (unsigned char )bufin[i];
 486              		.loc 1 161 38
 487 0036 FB69     		ldr	r3, [r7, #28]
 488 0038 FA68     		ldr	r2, [r7, #12]
 489 003a 1344     		add	r3, r3, r2
 490              		.loc 1 161 14
 491 003c 1B78     		ldrb	r3, [r3]
 492 003e FB76     		strb	r3, [r7, #27]
 162:c:/Users/lenovo/Desktop/AIoT/first_day/firstday_afternoon/LiteOS_Lab_STM32_IoT/iot_link/link_misc\link_string.c ****         tmp2 =  tmp2 <= '9'?(unsigned char)(unsigned int)(tmp2-0x30):(unsigned char)(unsigned int)(
 493              		.loc 1 162 14
 494 0040 FB7E     		ldrb	r3, [r7, #27]	@ zero_extendqisi2
 495 0042 392B     		cmp	r3, #57
 496 0044 03D8     		bhi	.L27
 497              		.loc 1 162 14 is_stmt 0 discriminator 1
 498 0046 FB7E     		ldrb	r3, [r7, #27]
 499 0048 303B     		subs	r3, r3, #48
 500 004a DBB2     		uxtb	r3, r3
 501 004c 02E0     		b	.L28
 502              	.L27:
 503              		.loc 1 162 14 discriminator 2
 504 004e FB7E     		ldrb	r3, [r7, #27]
 505 0050 373B     		subs	r3, r3, #55
 506 0052 DBB2     		uxtb	r3, r3
 507              	.L28:
 508              		.loc 1 162 14 discriminator 4
 509 0054 FB76     		strb	r3, [r7, #27]
 163:c:/Users/lenovo/Desktop/AIoT/first_day/firstday_afternoon/LiteOS_Lab_STM32_IoT/iot_link/link_misc\link_string.c ****         tmp =  (unsigned int)bufin[i+1];
 510              		.loc 1 163 35 is_stmt 1 discriminator 4
 511 0056 FB69     		ldr	r3, [r7, #28]
 512 0058 0133     		adds	r3, r3, #1
 513 005a FA68     		ldr	r2, [r7, #12]
 514 005c 1344     		add	r3, r3, r2
 515 005e 1B78     		ldrb	r3, [r3]	@ zero_extendqisi2
 516              		.loc 1 163 13 discriminator 4
 517 0060 7B61     		str	r3, [r7, #20]
 164:c:/Users/lenovo/Desktop/AIoT/first_day/firstday_afternoon/LiteOS_Lab_STM32_IoT/iot_link/link_misc\link_string.c ****         tmp =  tmp <= '9'?(unsigned int)(tmp-0x30):(unsigned int)(tmp-0x37);
 518              		.loc 1 164 51 discriminator 4
 519 0062 7B69     		ldr	r3, [r7, #20]
ARM GAS  C:\Users\lenovo\AppData\Local\Temp\ccehsK4y.s 			page 13


 520 0064 392B     		cmp	r3, #57
 521 0066 02D8     		bhi	.L29
 522              		.loc 1 164 51 is_stmt 0 discriminator 1
 523 0068 7B69     		ldr	r3, [r7, #20]
 524 006a 303B     		subs	r3, r3, #48
 525 006c 01E0     		b	.L30
 526              	.L29:
 527              		.loc 1 164 51 discriminator 2
 528 006e 7B69     		ldr	r3, [r7, #20]
 529 0070 373B     		subs	r3, r3, #55
 530              	.L30:
 531              		.loc 1 164 13 is_stmt 1 discriminator 4
 532 0072 7B61     		str	r3, [r7, #20]
 165:c:/Users/lenovo/Desktop/AIoT/first_day/firstday_afternoon/LiteOS_Lab_STM32_IoT/iot_link/link_misc\link_string.c ****         bufout[i/2] =(tmp2<<4)|(tmp&0x0F);
 533              		.loc 1 165 27 discriminator 4
 534 0074 FB7E     		ldrb	r3, [r7, #27]
 535 0076 1B01     		lsls	r3, r3, #4
 536 0078 D9B2     		uxtb	r1, r3
 537              		.loc 1 165 36 discriminator 4
 538 007a 7B69     		ldr	r3, [r7, #20]
 539 007c DBB2     		uxtb	r3, r3
 540 007e 03F00F03 		and	r3, r3, #15
 541 0082 DAB2     		uxtb	r2, r3
 542              		.loc 1 165 17 discriminator 4
 543 0084 FB69     		ldr	r3, [r7, #28]
 544 0086 D80F     		lsrs	r0, r3, #31
 545 0088 0344     		add	r3, r3, r0
 546 008a 5B10     		asrs	r3, r3, #1
 547 008c 1846     		mov	r0, r3
 548              		.loc 1 165 15 discriminator 4
 549 008e 7B68     		ldr	r3, [r7, #4]
 550 0090 0344     		add	r3, r3, r0
 551              		.loc 1 165 31 discriminator 4
 552 0092 0A43     		orrs	r2, r2, r1
 553 0094 D2B2     		uxtb	r2, r2
 554              		.loc 1 165 21 discriminator 4
 555 0096 1A70     		strb	r2, [r3]
 159:c:/Users/lenovo/Desktop/AIoT/first_day/firstday_afternoon/LiteOS_Lab_STM32_IoT/iot_link/link_misc\link_string.c ****     {
 556              		.loc 1 159 27 discriminator 4
 557 0098 FB69     		ldr	r3, [r7, #28]
 558 009a 0233     		adds	r3, r3, #2
 559 009c FB61     		str	r3, [r7, #28]
 560              	.L26:
 159:c:/Users/lenovo/Desktop/AIoT/first_day/firstday_afternoon/LiteOS_Lab_STM32_IoT/iot_link/link_misc\link_string.c ****     {
 561              		.loc 1 159 5 discriminator 2
 562 009e FA69     		ldr	r2, [r7, #28]
 563 00a0 BB68     		ldr	r3, [r7, #8]
 564 00a2 9A42     		cmp	r2, r3
 565 00a4 C7DB     		blt	.L31
 166:c:/Users/lenovo/Desktop/AIoT/first_day/firstday_afternoon/LiteOS_Lab_STM32_IoT/iot_link/link_misc\link_string.c ****     }
 167:c:/Users/lenovo/Desktop/AIoT/first_day/firstday_afternoon/LiteOS_Lab_STM32_IoT/iot_link/link_misc\link_string.c ****     return 0;
 566              		.loc 1 167 12
 567 00a6 0023     		movs	r3, #0
 568              	.L25:
 168:c:/Users/lenovo/Desktop/AIoT/first_day/firstday_afternoon/LiteOS_Lab_STM32_IoT/iot_link/link_misc\link_string.c **** }
 569              		.loc 1 168 1
 570 00a8 1846     		mov	r0, r3
ARM GAS  C:\Users\lenovo\AppData\Local\Temp\ccehsK4y.s 			page 14


 571 00aa 2437     		adds	r7, r7, #36
 572              	.LCFI18:
 573              		.cfi_def_cfa_offset 4
 574 00ac BD46     		mov	sp, r7
 575              	.LCFI19:
 576              		.cfi_def_cfa_register 13
 577              		@ sp needed
 578 00ae 5DF8047B 		ldr	r7, [sp], #4
 579              	.LCFI20:
 580              		.cfi_restore 7
 581              		.cfi_def_cfa_offset 0
 582 00b2 7047     		bx	lr
 583              		.cfi_endproc
 584              	.LFE6:
 586              		.section	.text.byte2hexstr,"ax",%progbits
 587              		.align	1
 588              		.global	byte2hexstr
 589              		.syntax unified
 590              		.thumb
 591              		.thumb_func
 592              		.fpu fpv4-sp-d16
 594              	byte2hexstr:
 595              	.LFB7:
 169:c:/Users/lenovo/Desktop/AIoT/first_day/firstday_afternoon/LiteOS_Lab_STM32_IoT/iot_link/link_misc\link_string.c **** 
 170:c:/Users/lenovo/Desktop/AIoT/first_day/firstday_afternoon/LiteOS_Lab_STM32_IoT/iot_link/link_misc\link_string.c **** 
 171:c:/Users/lenovo/Desktop/AIoT/first_day/firstday_afternoon/LiteOS_Lab_STM32_IoT/iot_link/link_misc\link_string.c **** //make a byte to 2 ascii hex
 172:c:/Users/lenovo/Desktop/AIoT/first_day/firstday_afternoon/LiteOS_Lab_STM32_IoT/iot_link/link_misc\link_string.c **** int byte2hexstr(uint8_t *bufin, int len, char *bufout)
 173:c:/Users/lenovo/Desktop/AIoT/first_day/firstday_afternoon/LiteOS_Lab_STM32_IoT/iot_link/link_misc\link_string.c **** {
 596              		.loc 1 173 1
 597              		.cfi_startproc
 598              		@ args = 0, pretend = 0, frame = 24
 599              		@ frame_needed = 1, uses_anonymous_args = 0
 600              		@ link register save eliminated.
 601 0000 80B4     		push	{r7}
 602              	.LCFI21:
 603              		.cfi_def_cfa_offset 4
 604              		.cfi_offset 7, -4
 605 0002 87B0     		sub	sp, sp, #28
 606              	.LCFI22:
 607              		.cfi_def_cfa_offset 32
 608 0004 00AF     		add	r7, sp, #0
 609              	.LCFI23:
 610              		.cfi_def_cfa_register 7
 611 0006 F860     		str	r0, [r7, #12]
 612 0008 B960     		str	r1, [r7, #8]
 613 000a 7A60     		str	r2, [r7, #4]
 174:c:/Users/lenovo/Desktop/AIoT/first_day/firstday_afternoon/LiteOS_Lab_STM32_IoT/iot_link/link_misc\link_string.c ****     int i = 0;
 614              		.loc 1 174 9
 615 000c 0023     		movs	r3, #0
 616 000e 7B61     		str	r3, [r7, #20]
 175:c:/Users/lenovo/Desktop/AIoT/first_day/firstday_afternoon/LiteOS_Lab_STM32_IoT/iot_link/link_misc\link_string.c ****     uint8_t tmp_l = 0x0;
 617              		.loc 1 175 13
 618 0010 0023     		movs	r3, #0
 619 0012 FB74     		strb	r3, [r7, #19]
 176:c:/Users/lenovo/Desktop/AIoT/first_day/firstday_afternoon/LiteOS_Lab_STM32_IoT/iot_link/link_misc\link_string.c ****     uint8_t tmp_h = 0;
 620              		.loc 1 176 13
 621 0014 0023     		movs	r3, #0
ARM GAS  C:\Users\lenovo\AppData\Local\Temp\ccehsK4y.s 			page 15


 622 0016 BB74     		strb	r3, [r7, #18]
 177:c:/Users/lenovo/Desktop/AIoT/first_day/firstday_afternoon/LiteOS_Lab_STM32_IoT/iot_link/link_misc\link_string.c ****     if ((NULL == bufin )|| (len <= 0 )||( NULL == bufout))
 623              		.loc 1 177 8
 624 0018 FB68     		ldr	r3, [r7, #12]
 625 001a 002B     		cmp	r3, #0
 626 001c 05D0     		beq	.L33
 627              		.loc 1 177 25 discriminator 1
 628 001e BB68     		ldr	r3, [r7, #8]
 629 0020 002B     		cmp	r3, #0
 630 0022 02DD     		ble	.L33
 631              		.loc 1 177 39 discriminator 2
 632 0024 7B68     		ldr	r3, [r7, #4]
 633 0026 002B     		cmp	r3, #0
 634 0028 02D1     		bne	.L34
 635              	.L33:
 178:c:/Users/lenovo/Desktop/AIoT/first_day/firstday_afternoon/LiteOS_Lab_STM32_IoT/iot_link/link_misc\link_string.c ****     {
 179:c:/Users/lenovo/Desktop/AIoT/first_day/firstday_afternoon/LiteOS_Lab_STM32_IoT/iot_link/link_misc\link_string.c ****         return -1;
 636              		.loc 1 179 16
 637 002a 4FF0FF33 		mov	r3, #-1
 638 002e 3EE0     		b	.L35
 639              	.L34:
 180:c:/Users/lenovo/Desktop/AIoT/first_day/firstday_afternoon/LiteOS_Lab_STM32_IoT/iot_link/link_misc\link_string.c ****     }
 181:c:/Users/lenovo/Desktop/AIoT/first_day/firstday_afternoon/LiteOS_Lab_STM32_IoT/iot_link/link_misc\link_string.c ****     for(i = 0; i < len; i++)
 640              		.loc 1 181 11
 641 0030 0023     		movs	r3, #0
 642 0032 7B61     		str	r3, [r7, #20]
 643              		.loc 1 181 5
 644 0034 2FE0     		b	.L36
 645              	.L41:
 182:c:/Users/lenovo/Desktop/AIoT/first_day/firstday_afternoon/LiteOS_Lab_STM32_IoT/iot_link/link_misc\link_string.c ****     {
 183:c:/Users/lenovo/Desktop/AIoT/first_day/firstday_afternoon/LiteOS_Lab_STM32_IoT/iot_link/link_misc\link_string.c ****         tmp_h = (bufin[i]>>4)&0X0F;
 646              		.loc 1 183 23
 647 0036 7B69     		ldr	r3, [r7, #20]
 648 0038 FA68     		ldr	r2, [r7, #12]
 649 003a 1344     		add	r3, r3, r2
 650 003c 1B78     		ldrb	r3, [r3]	@ zero_extendqisi2
 651              		.loc 1 183 15
 652 003e 1B09     		lsrs	r3, r3, #4
 653 0040 BB74     		strb	r3, [r7, #18]
 184:c:/Users/lenovo/Desktop/AIoT/first_day/firstday_afternoon/LiteOS_Lab_STM32_IoT/iot_link/link_misc\link_string.c ****         tmp_l = bufin[i] &0x0F;
 654              		.loc 1 184 22
 655 0042 7B69     		ldr	r3, [r7, #20]
 656 0044 FA68     		ldr	r2, [r7, #12]
 657 0046 1344     		add	r3, r3, r2
 658 0048 1B78     		ldrb	r3, [r3]	@ zero_extendqisi2
 659              		.loc 1 184 15
 660 004a 03F00F03 		and	r3, r3, #15
 661 004e FB74     		strb	r3, [r7, #19]
 185:c:/Users/lenovo/Desktop/AIoT/first_day/firstday_afternoon/LiteOS_Lab_STM32_IoT/iot_link/link_misc\link_string.c ****         bufout[2*i] = (tmp_h > 9)? (tmp_h - 10 + 'a'):(tmp_h +'0');
 662              		.loc 1 185 21
 663 0050 BB7C     		ldrb	r3, [r7, #18]	@ zero_extendqisi2
 664 0052 092B     		cmp	r3, #9
 665 0054 03D9     		bls	.L37
 666              		.loc 1 185 21 is_stmt 0 discriminator 1
 667 0056 BB7C     		ldrb	r3, [r7, #18]
 668 0058 5733     		adds	r3, r3, #87
 669 005a DBB2     		uxtb	r3, r3
ARM GAS  C:\Users\lenovo\AppData\Local\Temp\ccehsK4y.s 			page 16


 670 005c 02E0     		b	.L38
 671              	.L37:
 672              		.loc 1 185 21 discriminator 2
 673 005e BB7C     		ldrb	r3, [r7, #18]
 674 0060 3033     		adds	r3, r3, #48
 675 0062 DBB2     		uxtb	r3, r3
 676              	.L38:
 677              		.loc 1 185 17 is_stmt 1 discriminator 4
 678 0064 7A69     		ldr	r2, [r7, #20]
 679 0066 5200     		lsls	r2, r2, #1
 680 0068 1146     		mov	r1, r2
 681              		.loc 1 185 15 discriminator 4
 682 006a 7A68     		ldr	r2, [r7, #4]
 683 006c 0A44     		add	r2, r2, r1
 684              		.loc 1 185 21 discriminator 4
 685 006e 1370     		strb	r3, [r2]
 186:c:/Users/lenovo/Desktop/AIoT/first_day/firstday_afternoon/LiteOS_Lab_STM32_IoT/iot_link/link_misc\link_string.c ****         bufout[2*i + 1] = (tmp_l > 9)? (tmp_l - 10 + 'a'):(tmp_l +'0');
 686              		.loc 1 186 25 discriminator 4
 687 0070 FB7C     		ldrb	r3, [r7, #19]	@ zero_extendqisi2
 688 0072 092B     		cmp	r3, #9
 689 0074 03D9     		bls	.L39
 690              		.loc 1 186 25 is_stmt 0 discriminator 1
 691 0076 FB7C     		ldrb	r3, [r7, #19]
 692 0078 5733     		adds	r3, r3, #87
 693 007a DBB2     		uxtb	r3, r3
 694 007c 02E0     		b	.L40
 695              	.L39:
 696              		.loc 1 186 25 discriminator 2
 697 007e FB7C     		ldrb	r3, [r7, #19]
 698 0080 3033     		adds	r3, r3, #48
 699 0082 DBB2     		uxtb	r3, r3
 700              	.L40:
 701              		.loc 1 186 17 is_stmt 1 discriminator 4
 702 0084 7A69     		ldr	r2, [r7, #20]
 703 0086 5200     		lsls	r2, r2, #1
 704              		.loc 1 186 15 discriminator 4
 705 0088 0132     		adds	r2, r2, #1
 706 008a 7968     		ldr	r1, [r7, #4]
 707 008c 0A44     		add	r2, r2, r1
 708              		.loc 1 186 25 discriminator 4
 709 008e 1370     		strb	r3, [r2]
 181:c:/Users/lenovo/Desktop/AIoT/first_day/firstday_afternoon/LiteOS_Lab_STM32_IoT/iot_link/link_misc\link_string.c ****     {
 710              		.loc 1 181 26 discriminator 4
 711 0090 7B69     		ldr	r3, [r7, #20]
 712 0092 0133     		adds	r3, r3, #1
 713 0094 7B61     		str	r3, [r7, #20]
 714              	.L36:
 181:c:/Users/lenovo/Desktop/AIoT/first_day/firstday_afternoon/LiteOS_Lab_STM32_IoT/iot_link/link_misc\link_string.c ****     {
 715              		.loc 1 181 5 discriminator 2
 716 0096 7A69     		ldr	r2, [r7, #20]
 717 0098 BB68     		ldr	r3, [r7, #8]
 718 009a 9A42     		cmp	r2, r3
 719 009c CBDB     		blt	.L41
 187:c:/Users/lenovo/Desktop/AIoT/first_day/firstday_afternoon/LiteOS_Lab_STM32_IoT/iot_link/link_misc\link_string.c ****     }
 188:c:/Users/lenovo/Desktop/AIoT/first_day/firstday_afternoon/LiteOS_Lab_STM32_IoT/iot_link/link_misc\link_string.c ****     bufout[2*len] = '\0';
 720              		.loc 1 188 13
 721 009e BB68     		ldr	r3, [r7, #8]
ARM GAS  C:\Users\lenovo\AppData\Local\Temp\ccehsK4y.s 			page 17


 722 00a0 5B00     		lsls	r3, r3, #1
 723 00a2 1A46     		mov	r2, r3
 724              		.loc 1 188 11
 725 00a4 7B68     		ldr	r3, [r7, #4]
 726 00a6 1344     		add	r3, r3, r2
 727              		.loc 1 188 19
 728 00a8 0022     		movs	r2, #0
 729 00aa 1A70     		strb	r2, [r3]
 189:c:/Users/lenovo/Desktop/AIoT/first_day/firstday_afternoon/LiteOS_Lab_STM32_IoT/iot_link/link_misc\link_string.c **** 
 190:c:/Users/lenovo/Desktop/AIoT/first_day/firstday_afternoon/LiteOS_Lab_STM32_IoT/iot_link/link_misc\link_string.c ****     return 0;
 730              		.loc 1 190 12
 731 00ac 0023     		movs	r3, #0
 732              	.L35:
 191:c:/Users/lenovo/Desktop/AIoT/first_day/firstday_afternoon/LiteOS_Lab_STM32_IoT/iot_link/link_misc\link_string.c **** }
 733              		.loc 1 191 1
 734 00ae 1846     		mov	r0, r3
 735 00b0 1C37     		adds	r7, r7, #28
 736              	.LCFI24:
 737              		.cfi_def_cfa_offset 4
 738 00b2 BD46     		mov	sp, r7
 739              	.LCFI25:
 740              		.cfi_def_cfa_register 13
 741              		@ sp needed
 742 00b4 5DF8047B 		ldr	r7, [sp], #4
 743              	.LCFI26:
 744              		.cfi_restore 7
 745              		.cfi_def_cfa_offset 0
 746 00b8 7047     		bx	lr
 747              		.cfi_endproc
 748              	.LFE7:
 750              		.text
 751              	.Letext0:
 752              		.file 2 "c:\\users\\lenovo\\.iotlink\\tools\\gcc-arm-none-eabi\\arm-none-eabi\\include\\machine\\_
 753              		.file 3 "c:\\users\\lenovo\\.iotlink\\tools\\gcc-arm-none-eabi\\arm-none-eabi\\include\\sys\\_stdi
 754              		.file 4 "c:\\users\\lenovo\\.iotlink\\tools\\gcc-arm-none-eabi\\lib\\gcc\\arm-none-eabi\\9.2.1\\in
 755              		.file 5 "c:\\users\\lenovo\\.iotlink\\tools\\gcc-arm-none-eabi\\arm-none-eabi\\include\\sys\\lock.
 756              		.file 6 "c:\\users\\lenovo\\.iotlink\\tools\\gcc-arm-none-eabi\\arm-none-eabi\\include\\sys\\_type
 757              		.file 7 "c:\\users\\lenovo\\.iotlink\\tools\\gcc-arm-none-eabi\\arm-none-eabi\\include\\sys\\reent
ARM GAS  C:\Users\lenovo\AppData\Local\Temp\ccehsK4y.s 			page 18


DEFINED SYMBOLS
                            *ABS*:00000000 link_string.c
C:\Users\lenovo\AppData\Local\Temp\ccehsK4y.s:18     .text.string_to_arg:00000000 $t
C:\Users\lenovo\AppData\Local\Temp\ccehsK4y.s:26     .text.string_to_arg:00000000 string_to_arg
C:\Users\lenovo\AppData\Local\Temp\ccehsK4y.s:183    .text.osal_strdup:00000000 $t
C:\Users\lenovo\AppData\Local\Temp\ccehsK4y.s:190    .text.osal_strdup:00000000 osal_strdup
C:\Users\lenovo\AppData\Local\Temp\ccehsK4y.s:263    .text.osal_strcat:00000000 $t
C:\Users\lenovo\AppData\Local\Temp\ccehsK4y.s:270    .text.osal_strcat:00000000 osal_strcat
C:\Users\lenovo\AppData\Local\Temp\ccehsK4y.s:427    .text.hexstr2byte:00000000 $t
C:\Users\lenovo\AppData\Local\Temp\ccehsK4y.s:434    .text.hexstr2byte:00000000 hexstr2byte
C:\Users\lenovo\AppData\Local\Temp\ccehsK4y.s:587    .text.byte2hexstr:00000000 $t
C:\Users\lenovo\AppData\Local\Temp\ccehsK4y.s:594    .text.byte2hexstr:00000000 byte2hexstr

UNDEFINED SYMBOLS
strlen
osal_malloc
strncpy
memcpy
