ARM GAS  C:\Users\lenovo\AppData\Local\Temp\ccng3tTd.s 			page 1


   1              		.cpu cortex-m4
   2              		.eabi_attribute 27, 1
   3              		.eabi_attribute 28, 1
   4              		.eabi_attribute 20, 1
   5              		.eabi_attribute 21, 1
   6              		.eabi_attribute 23, 3
   7              		.eabi_attribute 24, 1
   8              		.eabi_attribute 25, 1
   9              		.eabi_attribute 26, 1
  10              		.eabi_attribute 30, 6
  11              		.eabi_attribute 34, 1
  12              		.eabi_attribute 18, 4
  13              		.file	"link_log.c"
  14              		.text
  15              	.Ltext0:
  16              		.cfi_sections	.debug_frame
  17              		.section	.bss.s_link_log_level,"aw",%nobits
  20              	s_link_log_level:
  21 0000 00       		.space	1
  22              		.section	.rodata
  23              		.align	2
  24              	.LC0:
  25 0000 54524143 		.ascii	"TRACE\000"
  25      4500
  26 0006 0000     		.align	2
  27              	.LC1:
  28 0008 44454255 		.ascii	"DEBUG\000"
  28      4700
  29 000e 0000     		.align	2
  30              	.LC2:
  31 0010 494E464F 		.ascii	"INFO \000"
  31      2000
  32 0016 0000     		.align	2
  33              	.LC3:
  34 0018 5741524E 		.ascii	"WARN \000"
  34      2000
  35 001e 0000     		.align	2
  36              	.LC4:
  37 0020 4552524F 		.ascii	"ERROR\000"
  37      5200
  38 0026 0000     		.align	2
  39              	.LC5:
  40 0028 46415441 		.ascii	"FATAL\000"
  40      4C00
  41              		.section	.data.s_link_log_names,"aw"
  42              		.align	2
  45              	s_link_log_names:
  46 0000 00000000 		.word	.LC0
  47 0004 08000000 		.word	.LC1
  48 0008 10000000 		.word	.LC2
  49 000c 18000000 		.word	.LC3
  50 0010 20000000 		.word	.LC4
  51 0014 28000000 		.word	.LC5
  52              		.section	.text.link_log_level_set,"ax",%progbits
  53              		.align	1
  54              		.global	link_log_level_set
  55              		.arch armv7e-m
ARM GAS  C:\Users\lenovo\AppData\Local\Temp\ccng3tTd.s 			page 2


  56              		.syntax unified
  57              		.thumb
  58              		.thumb_func
  59              		.fpu fpv4-sp-d16
  61              	link_log_level_set:
  62              	.LFB3:
  63              		.file 1 "c:/Users/lenovo/Desktop/AIoT/first_day/firstday_afternoon/LiteOS_Lab_STM32_IoT/iot_link/l
   1:c:/Users/lenovo/Desktop/AIoT/first_day/firstday_afternoon/LiteOS_Lab_STM32_IoT/iot_link/link_log\link_log.c **** /*----------------------------------------------------------------------------
   2:c:/Users/lenovo/Desktop/AIoT/first_day/firstday_afternoon/LiteOS_Lab_STM32_IoT/iot_link/link_log\link_log.c ****  * Copyright (c) <2018>, <Huawei Technologies Co., Ltd>
   3:c:/Users/lenovo/Desktop/AIoT/first_day/firstday_afternoon/LiteOS_Lab_STM32_IoT/iot_link/link_log\link_log.c ****  * All rights reserved.
   4:c:/Users/lenovo/Desktop/AIoT/first_day/firstday_afternoon/LiteOS_Lab_STM32_IoT/iot_link/link_log\link_log.c ****  * Redistribution and use in source and binary forms, with or without modification,
   5:c:/Users/lenovo/Desktop/AIoT/first_day/firstday_afternoon/LiteOS_Lab_STM32_IoT/iot_link/link_log\link_log.c ****  * are permitted provided that the following conditions are met:
   6:c:/Users/lenovo/Desktop/AIoT/first_day/firstday_afternoon/LiteOS_Lab_STM32_IoT/iot_link/link_log\link_log.c ****  * 1. Redistributions of source code must retain the above copyright notice, this list of
   7:c:/Users/lenovo/Desktop/AIoT/first_day/firstday_afternoon/LiteOS_Lab_STM32_IoT/iot_link/link_log\link_log.c ****  * conditions and the following disclaimer.
   8:c:/Users/lenovo/Desktop/AIoT/first_day/firstday_afternoon/LiteOS_Lab_STM32_IoT/iot_link/link_log\link_log.c ****  * 2. Redistributions in binary form must reproduce the above copyright notice, this list
   9:c:/Users/lenovo/Desktop/AIoT/first_day/firstday_afternoon/LiteOS_Lab_STM32_IoT/iot_link/link_log\link_log.c ****  * of conditions and the following disclaimer in the documentation and/or other materials
  10:c:/Users/lenovo/Desktop/AIoT/first_day/firstday_afternoon/LiteOS_Lab_STM32_IoT/iot_link/link_log\link_log.c ****  * provided with the distribution.
  11:c:/Users/lenovo/Desktop/AIoT/first_day/firstday_afternoon/LiteOS_Lab_STM32_IoT/iot_link/link_log\link_log.c ****  * 3. Neither the name of the copyright holder nor the names of its contributors may be used
  12:c:/Users/lenovo/Desktop/AIoT/first_day/firstday_afternoon/LiteOS_Lab_STM32_IoT/iot_link/link_log\link_log.c ****  * to endorse or promote products derived from this software without specific prior written
  13:c:/Users/lenovo/Desktop/AIoT/first_day/firstday_afternoon/LiteOS_Lab_STM32_IoT/iot_link/link_log\link_log.c ****  * permission.
  14:c:/Users/lenovo/Desktop/AIoT/first_day/firstday_afternoon/LiteOS_Lab_STM32_IoT/iot_link/link_log\link_log.c ****  * THIS SOFTWARE IS PROVIDED BY THE COPYRIGHT HOLDERS AND CONTRIBUTORS
  15:c:/Users/lenovo/Desktop/AIoT/first_day/firstday_afternoon/LiteOS_Lab_STM32_IoT/iot_link/link_log\link_log.c ****  * "AS IS" AND ANY EXPRESS OR IMPLIED WARRANTIES, INCLUDING, BUT NOT LIMITED TO,
  16:c:/Users/lenovo/Desktop/AIoT/first_day/firstday_afternoon/LiteOS_Lab_STM32_IoT/iot_link/link_log\link_log.c ****  * THE IMPLIED WARRANTIES OF MERCHANTABILITY AND FITNESS FOR A PARTICULAR
  17:c:/Users/lenovo/Desktop/AIoT/first_day/firstday_afternoon/LiteOS_Lab_STM32_IoT/iot_link/link_log\link_log.c ****  * PURPOSE ARE DISCLAIMED. IN NO EVENT SHALL THE COPYRIGHT HOLDER OR
  18:c:/Users/lenovo/Desktop/AIoT/first_day/firstday_afternoon/LiteOS_Lab_STM32_IoT/iot_link/link_log\link_log.c ****  * CONTRIBUTORS BE LIABLE FOR ANY DIRECT, INDIRECT, INCIDENTAL, SPECIAL,
  19:c:/Users/lenovo/Desktop/AIoT/first_day/firstday_afternoon/LiteOS_Lab_STM32_IoT/iot_link/link_log\link_log.c ****  * EXEMPLARY, OR CONSEQUENTIAL DAMAGES (INCLUDING, BUT NOT LIMITED TO,
  20:c:/Users/lenovo/Desktop/AIoT/first_day/firstday_afternoon/LiteOS_Lab_STM32_IoT/iot_link/link_log\link_log.c ****  * PROCUREMENT OF SUBSTITUTE GOODS OR SERVICES; LOSS OF USE, DATA, OR PROFITS;
  21:c:/Users/lenovo/Desktop/AIoT/first_day/firstday_afternoon/LiteOS_Lab_STM32_IoT/iot_link/link_log\link_log.c ****  * OR BUSINESS INTERRUPTION) HOWEVER CAUSED AND ON ANY THEORY OF LIABILITY,
  22:c:/Users/lenovo/Desktop/AIoT/first_day/firstday_afternoon/LiteOS_Lab_STM32_IoT/iot_link/link_log\link_log.c ****  * WHETHER IN CONTRACT, STRICT LIABILITY, OR TORT (INCLUDING NEGLIGENCE OR
  23:c:/Users/lenovo/Desktop/AIoT/first_day/firstday_afternoon/LiteOS_Lab_STM32_IoT/iot_link/link_log\link_log.c ****  * OTHERWISE) ARISING IN ANY WAY OUT OF THE USE OF THIS SOFTWARE, EVEN IF
  24:c:/Users/lenovo/Desktop/AIoT/first_day/firstday_afternoon/LiteOS_Lab_STM32_IoT/iot_link/link_log\link_log.c ****  * ADVISED OF THE POSSIBILITY OF SUCH DAMAGE.
  25:c:/Users/lenovo/Desktop/AIoT/first_day/firstday_afternoon/LiteOS_Lab_STM32_IoT/iot_link/link_log\link_log.c ****  *---------------------------------------------------------------------------*/
  26:c:/Users/lenovo/Desktop/AIoT/first_day/firstday_afternoon/LiteOS_Lab_STM32_IoT/iot_link/link_log\link_log.c **** /*----------------------------------------------------------------------------
  27:c:/Users/lenovo/Desktop/AIoT/first_day/firstday_afternoon/LiteOS_Lab_STM32_IoT/iot_link/link_log\link_log.c ****  * Notice of Export Control Law
  28:c:/Users/lenovo/Desktop/AIoT/first_day/firstday_afternoon/LiteOS_Lab_STM32_IoT/iot_link/link_log\link_log.c ****  * ===============================================
  29:c:/Users/lenovo/Desktop/AIoT/first_day/firstday_afternoon/LiteOS_Lab_STM32_IoT/iot_link/link_log\link_log.c ****  * Huawei LiteOS may be subject to applicable export control laws and regulations, which might
  30:c:/Users/lenovo/Desktop/AIoT/first_day/firstday_afternoon/LiteOS_Lab_STM32_IoT/iot_link/link_log\link_log.c ****  * include those applicable to Huawei LiteOS of U.S. and the country in which you are located.
  31:c:/Users/lenovo/Desktop/AIoT/first_day/firstday_afternoon/LiteOS_Lab_STM32_IoT/iot_link/link_log\link_log.c ****  * Import, export and usage of Huawei LiteOS in any manner by you shall be in compliance with such
  32:c:/Users/lenovo/Desktop/AIoT/first_day/firstday_afternoon/LiteOS_Lab_STM32_IoT/iot_link/link_log\link_log.c ****  * applicable export control laws and regulations.
  33:c:/Users/lenovo/Desktop/AIoT/first_day/firstday_afternoon/LiteOS_Lab_STM32_IoT/iot_link/link_log\link_log.c ****  *---------------------------------------------------------------------------*/
  34:c:/Users/lenovo/Desktop/AIoT/first_day/firstday_afternoon/LiteOS_Lab_STM32_IoT/iot_link/link_log\link_log.c **** /**
  35:c:/Users/lenovo/Desktop/AIoT/first_day/firstday_afternoon/LiteOS_Lab_STM32_IoT/iot_link/link_log\link_log.c ****  *  DATE                AUTHOR      INSTRUCTION
  36:c:/Users/lenovo/Desktop/AIoT/first_day/firstday_afternoon/LiteOS_Lab_STM32_IoT/iot_link/link_log\link_log.c ****  *  2019-12-19 14:34  zhangqianfu  The first version
  37:c:/Users/lenovo/Desktop/AIoT/first_day/firstday_afternoon/LiteOS_Lab_STM32_IoT/iot_link/link_log\link_log.c ****  *
  38:c:/Users/lenovo/Desktop/AIoT/first_day/firstday_afternoon/LiteOS_Lab_STM32_IoT/iot_link/link_log\link_log.c ****  */
  39:c:/Users/lenovo/Desktop/AIoT/first_day/firstday_afternoon/LiteOS_Lab_STM32_IoT/iot_link/link_log\link_log.c **** 
  40:c:/Users/lenovo/Desktop/AIoT/first_day/firstday_afternoon/LiteOS_Lab_STM32_IoT/iot_link/link_log\link_log.c **** #include <string.h>
  41:c:/Users/lenovo/Desktop/AIoT/first_day/firstday_afternoon/LiteOS_Lab_STM32_IoT/iot_link/link_log\link_log.c **** #include <stdio.h>
  42:c:/Users/lenovo/Desktop/AIoT/first_day/firstday_afternoon/LiteOS_Lab_STM32_IoT/iot_link/link_log\link_log.c **** #include <link_log.h>
  43:c:/Users/lenovo/Desktop/AIoT/first_day/firstday_afternoon/LiteOS_Lab_STM32_IoT/iot_link/link_log\link_log.c **** 
  44:c:/Users/lenovo/Desktop/AIoT/first_day/firstday_afternoon/LiteOS_Lab_STM32_IoT/iot_link/link_log\link_log.c **** #if CFG_LINK_DEBUG_ENABLE
  45:c:/Users/lenovo/Desktop/AIoT/first_day/firstday_afternoon/LiteOS_Lab_STM32_IoT/iot_link/link_log\link_log.c **** static en_link_log_level_t s_link_log_level = EN_LINK_LOG_LEVEL_TRACE;
  46:c:/Users/lenovo/Desktop/AIoT/first_day/firstday_afternoon/LiteOS_Lab_STM32_IoT/iot_link/link_log\link_log.c **** #else
  47:c:/Users/lenovo/Desktop/AIoT/first_day/firstday_afternoon/LiteOS_Lab_STM32_IoT/iot_link/link_log\link_log.c **** static en_link_log_level_t s_link_log_level = EN_LINK_LOG_LEVEL_INFO;
  48:c:/Users/lenovo/Desktop/AIoT/first_day/firstday_afternoon/LiteOS_Lab_STM32_IoT/iot_link/link_log\link_log.c **** #endif
  49:c:/Users/lenovo/Desktop/AIoT/first_day/firstday_afternoon/LiteOS_Lab_STM32_IoT/iot_link/link_log\link_log.c **** 
  50:c:/Users/lenovo/Desktop/AIoT/first_day/firstday_afternoon/LiteOS_Lab_STM32_IoT/iot_link/link_log\link_log.c **** 
ARM GAS  C:\Users\lenovo\AppData\Local\Temp\ccng3tTd.s 			page 3


  51:c:/Users/lenovo/Desktop/AIoT/first_day/firstday_afternoon/LiteOS_Lab_STM32_IoT/iot_link/link_log\link_log.c **** static const char *s_link_log_names[EN_LINK_LOG_LEVEL_MAX] =
  52:c:/Users/lenovo/Desktop/AIoT/first_day/firstday_afternoon/LiteOS_Lab_STM32_IoT/iot_link/link_log\link_log.c **** {
  53:c:/Users/lenovo/Desktop/AIoT/first_day/firstday_afternoon/LiteOS_Lab_STM32_IoT/iot_link/link_log\link_log.c ****     "TRACE",
  54:c:/Users/lenovo/Desktop/AIoT/first_day/firstday_afternoon/LiteOS_Lab_STM32_IoT/iot_link/link_log\link_log.c ****     "DEBUG",
  55:c:/Users/lenovo/Desktop/AIoT/first_day/firstday_afternoon/LiteOS_Lab_STM32_IoT/iot_link/link_log\link_log.c ****     "INFO ",
  56:c:/Users/lenovo/Desktop/AIoT/first_day/firstday_afternoon/LiteOS_Lab_STM32_IoT/iot_link/link_log\link_log.c ****     "WARN ",
  57:c:/Users/lenovo/Desktop/AIoT/first_day/firstday_afternoon/LiteOS_Lab_STM32_IoT/iot_link/link_log\link_log.c ****     "ERROR",
  58:c:/Users/lenovo/Desktop/AIoT/first_day/firstday_afternoon/LiteOS_Lab_STM32_IoT/iot_link/link_log\link_log.c ****     "FATAL"
  59:c:/Users/lenovo/Desktop/AIoT/first_day/firstday_afternoon/LiteOS_Lab_STM32_IoT/iot_link/link_log\link_log.c **** };
  60:c:/Users/lenovo/Desktop/AIoT/first_day/firstday_afternoon/LiteOS_Lab_STM32_IoT/iot_link/link_log\link_log.c **** 
  61:c:/Users/lenovo/Desktop/AIoT/first_day/firstday_afternoon/LiteOS_Lab_STM32_IoT/iot_link/link_log\link_log.c **** int link_log_level_set(en_link_log_level_t level)
  62:c:/Users/lenovo/Desktop/AIoT/first_day/firstday_afternoon/LiteOS_Lab_STM32_IoT/iot_link/link_log\link_log.c **** {
  64              		.loc 1 62 1
  65              		.cfi_startproc
  66              		@ args = 0, pretend = 0, frame = 16
  67              		@ frame_needed = 1, uses_anonymous_args = 0
  68              		@ link register save eliminated.
  69 0000 80B4     		push	{r7}
  70              	.LCFI0:
  71              		.cfi_def_cfa_offset 4
  72              		.cfi_offset 7, -4
  73 0002 85B0     		sub	sp, sp, #20
  74              	.LCFI1:
  75              		.cfi_def_cfa_offset 24
  76 0004 00AF     		add	r7, sp, #0
  77              	.LCFI2:
  78              		.cfi_def_cfa_register 7
  79 0006 0346     		mov	r3, r0
  80 0008 FB71     		strb	r3, [r7, #7]
  63:c:/Users/lenovo/Desktop/AIoT/first_day/firstday_afternoon/LiteOS_Lab_STM32_IoT/iot_link/link_log\link_log.c ****     int ret = -1;
  81              		.loc 1 63 9
  82 000a 4FF0FF33 		mov	r3, #-1
  83 000e FB60     		str	r3, [r7, #12]
  64:c:/Users/lenovo/Desktop/AIoT/first_day/firstday_afternoon/LiteOS_Lab_STM32_IoT/iot_link/link_log\link_log.c ****     if(level < EN_LINK_LOG_LEVEL_MAX )
  84              		.loc 1 64 7
  85 0010 FB79     		ldrb	r3, [r7, #7]	@ zero_extendqisi2
  86 0012 052B     		cmp	r3, #5
  87 0014 04D8     		bhi	.L2
  65:c:/Users/lenovo/Desktop/AIoT/first_day/firstday_afternoon/LiteOS_Lab_STM32_IoT/iot_link/link_log\link_log.c ****     {
  66:c:/Users/lenovo/Desktop/AIoT/first_day/firstday_afternoon/LiteOS_Lab_STM32_IoT/iot_link/link_log\link_log.c ****         s_link_log_level = level;
  88              		.loc 1 66 26
  89 0016 064A     		ldr	r2, .L4
  90 0018 FB79     		ldrb	r3, [r7, #7]
  91 001a 1370     		strb	r3, [r2]
  67:c:/Users/lenovo/Desktop/AIoT/first_day/firstday_afternoon/LiteOS_Lab_STM32_IoT/iot_link/link_log\link_log.c ****         ret = 0;
  92              		.loc 1 67 13
  93 001c 0023     		movs	r3, #0
  94 001e FB60     		str	r3, [r7, #12]
  95              	.L2:
  68:c:/Users/lenovo/Desktop/AIoT/first_day/firstday_afternoon/LiteOS_Lab_STM32_IoT/iot_link/link_log\link_log.c ****     }
  69:c:/Users/lenovo/Desktop/AIoT/first_day/firstday_afternoon/LiteOS_Lab_STM32_IoT/iot_link/link_log\link_log.c ****     return ret;
  96              		.loc 1 69 12
  97 0020 FB68     		ldr	r3, [r7, #12]
  70:c:/Users/lenovo/Desktop/AIoT/first_day/firstday_afternoon/LiteOS_Lab_STM32_IoT/iot_link/link_log\link_log.c **** }
  98              		.loc 1 70 1
  99 0022 1846     		mov	r0, r3
 100 0024 1437     		adds	r7, r7, #20
ARM GAS  C:\Users\lenovo\AppData\Local\Temp\ccng3tTd.s 			page 4


 101              	.LCFI3:
 102              		.cfi_def_cfa_offset 4
 103 0026 BD46     		mov	sp, r7
 104              	.LCFI4:
 105              		.cfi_def_cfa_register 13
 106              		@ sp needed
 107 0028 5DF8047B 		ldr	r7, [sp], #4
 108              	.LCFI5:
 109              		.cfi_restore 7
 110              		.cfi_def_cfa_offset 0
 111 002c 7047     		bx	lr
 112              	.L5:
 113 002e 00BF     		.align	2
 114              	.L4:
 115 0030 00000000 		.word	s_link_log_level
 116              		.cfi_endproc
 117              	.LFE3:
 119              		.section	.text.link_log_level_get,"ax",%progbits
 120              		.align	1
 121              		.global	link_log_level_get
 122              		.syntax unified
 123              		.thumb
 124              		.thumb_func
 125              		.fpu fpv4-sp-d16
 127              	link_log_level_get:
 128              	.LFB4:
  71:c:/Users/lenovo/Desktop/AIoT/first_day/firstday_afternoon/LiteOS_Lab_STM32_IoT/iot_link/link_log\link_log.c **** 
  72:c:/Users/lenovo/Desktop/AIoT/first_day/firstday_afternoon/LiteOS_Lab_STM32_IoT/iot_link/link_log\link_log.c **** en_link_log_level_t link_log_level_get(void)
  73:c:/Users/lenovo/Desktop/AIoT/first_day/firstday_afternoon/LiteOS_Lab_STM32_IoT/iot_link/link_log\link_log.c **** {
 129              		.loc 1 73 1
 130              		.cfi_startproc
 131              		@ args = 0, pretend = 0, frame = 0
 132              		@ frame_needed = 1, uses_anonymous_args = 0
 133              		@ link register save eliminated.
 134 0000 80B4     		push	{r7}
 135              	.LCFI6:
 136              		.cfi_def_cfa_offset 4
 137              		.cfi_offset 7, -4
 138 0002 00AF     		add	r7, sp, #0
 139              	.LCFI7:
 140              		.cfi_def_cfa_register 7
  74:c:/Users/lenovo/Desktop/AIoT/first_day/firstday_afternoon/LiteOS_Lab_STM32_IoT/iot_link/link_log\link_log.c ****     return s_link_log_level;
 141              		.loc 1 74 12
 142 0004 034B     		ldr	r3, .L8
 143 0006 1B78     		ldrb	r3, [r3]	@ zero_extendqisi2
  75:c:/Users/lenovo/Desktop/AIoT/first_day/firstday_afternoon/LiteOS_Lab_STM32_IoT/iot_link/link_log\link_log.c **** }
 144              		.loc 1 75 1
 145 0008 1846     		mov	r0, r3
 146 000a BD46     		mov	sp, r7
 147              	.LCFI8:
 148              		.cfi_def_cfa_register 13
 149              		@ sp needed
 150 000c 5DF8047B 		ldr	r7, [sp], #4
 151              	.LCFI9:
 152              		.cfi_restore 7
 153              		.cfi_def_cfa_offset 0
 154 0010 7047     		bx	lr
ARM GAS  C:\Users\lenovo\AppData\Local\Temp\ccng3tTd.s 			page 5


 155              	.L9:
 156 0012 00BF     		.align	2
 157              	.L8:
 158 0014 00000000 		.word	s_link_log_level
 159              		.cfi_endproc
 160              	.LFE4:
 162              		.section	.rodata
 163 002e 0000     		.align	2
 164              	.LC6:
 165 0030 4E554C4C 		.ascii	"NULL \000"
 165      2000
 166              		.section	.text.link_log_level_name,"ax",%progbits
 167              		.align	1
 168              		.global	link_log_level_name
 169              		.syntax unified
 170              		.thumb
 171              		.thumb_func
 172              		.fpu fpv4-sp-d16
 174              	link_log_level_name:
 175              	.LFB5:
  76:c:/Users/lenovo/Desktop/AIoT/first_day/firstday_afternoon/LiteOS_Lab_STM32_IoT/iot_link/link_log\link_log.c **** 
  77:c:/Users/lenovo/Desktop/AIoT/first_day/firstday_afternoon/LiteOS_Lab_STM32_IoT/iot_link/link_log\link_log.c **** const char *link_log_level_name(en_link_log_level_t log_level)
  78:c:/Users/lenovo/Desktop/AIoT/first_day/firstday_afternoon/LiteOS_Lab_STM32_IoT/iot_link/link_log\link_log.c **** {
 176              		.loc 1 78 1
 177              		.cfi_startproc
 178              		@ args = 0, pretend = 0, frame = 8
 179              		@ frame_needed = 1, uses_anonymous_args = 0
 180              		@ link register save eliminated.
 181 0000 80B4     		push	{r7}
 182              	.LCFI10:
 183              		.cfi_def_cfa_offset 4
 184              		.cfi_offset 7, -4
 185 0002 83B0     		sub	sp, sp, #12
 186              	.LCFI11:
 187              		.cfi_def_cfa_offset 16
 188 0004 00AF     		add	r7, sp, #0
 189              	.LCFI12:
 190              		.cfi_def_cfa_register 7
 191 0006 0346     		mov	r3, r0
 192 0008 FB71     		strb	r3, [r7, #7]
  79:c:/Users/lenovo/Desktop/AIoT/first_day/firstday_afternoon/LiteOS_Lab_STM32_IoT/iot_link/link_log\link_log.c ****     if (log_level >= EN_LINK_LOG_LEVEL_MAX)
 193              		.loc 1 79 8
 194 000a FB79     		ldrb	r3, [r7, #7]	@ zero_extendqisi2
 195 000c 052B     		cmp	r3, #5
 196 000e 01D9     		bls	.L11
  80:c:/Users/lenovo/Desktop/AIoT/first_day/firstday_afternoon/LiteOS_Lab_STM32_IoT/iot_link/link_log\link_log.c ****     {
  81:c:/Users/lenovo/Desktop/AIoT/first_day/firstday_afternoon/LiteOS_Lab_STM32_IoT/iot_link/link_log\link_log.c ****         return "NULL ";
 197              		.loc 1 81 16
 198 0010 054B     		ldr	r3, .L13
 199 0012 03E0     		b	.L12
 200              	.L11:
  82:c:/Users/lenovo/Desktop/AIoT/first_day/firstday_afternoon/LiteOS_Lab_STM32_IoT/iot_link/link_log\link_log.c ****     }
  83:c:/Users/lenovo/Desktop/AIoT/first_day/firstday_afternoon/LiteOS_Lab_STM32_IoT/iot_link/link_log\link_log.c ****     else
  84:c:/Users/lenovo/Desktop/AIoT/first_day/firstday_afternoon/LiteOS_Lab_STM32_IoT/iot_link/link_log\link_log.c ****     {
  85:c:/Users/lenovo/Desktop/AIoT/first_day/firstday_afternoon/LiteOS_Lab_STM32_IoT/iot_link/link_log\link_log.c ****         return s_link_log_names[log_level];
 201              		.loc 1 85 32
 202 0014 FB79     		ldrb	r3, [r7, #7]	@ zero_extendqisi2
ARM GAS  C:\Users\lenovo\AppData\Local\Temp\ccng3tTd.s 			page 6


 203 0016 054A     		ldr	r2, .L13+4
 204 0018 52F82330 		ldr	r3, [r2, r3, lsl #2]
 205              	.L12:
  86:c:/Users/lenovo/Desktop/AIoT/first_day/firstday_afternoon/LiteOS_Lab_STM32_IoT/iot_link/link_log\link_log.c ****     }
  87:c:/Users/lenovo/Desktop/AIoT/first_day/firstday_afternoon/LiteOS_Lab_STM32_IoT/iot_link/link_log\link_log.c **** 
  88:c:/Users/lenovo/Desktop/AIoT/first_day/firstday_afternoon/LiteOS_Lab_STM32_IoT/iot_link/link_log\link_log.c **** }
 206              		.loc 1 88 1
 207 001c 1846     		mov	r0, r3
 208 001e 0C37     		adds	r7, r7, #12
 209              	.LCFI13:
 210              		.cfi_def_cfa_offset 4
 211 0020 BD46     		mov	sp, r7
 212              	.LCFI14:
 213              		.cfi_def_cfa_register 13
 214              		@ sp needed
 215 0022 5DF8047B 		ldr	r7, [sp], #4
 216              	.LCFI15:
 217              		.cfi_restore 7
 218              		.cfi_def_cfa_offset 0
 219 0026 7047     		bx	lr
 220              	.L14:
 221              		.align	2
 222              	.L13:
 223 0028 30000000 		.word	.LC6
 224 002c 00000000 		.word	s_link_log_names
 225              		.cfi_endproc
 226              	.LFE5:
 228              		.text
 229              	.Letext0:
 230              		.file 2 "c:\\users\\lenovo\\.iotlink\\tools\\gcc-arm-none-eabi\\arm-none-eabi\\include\\sys\\lock.
 231              		.file 3 "c:\\users\\lenovo\\.iotlink\\tools\\gcc-arm-none-eabi\\arm-none-eabi\\include\\sys\\_type
 232              		.file 4 "c:\\users\\lenovo\\.iotlink\\tools\\gcc-arm-none-eabi\\lib\\gcc\\arm-none-eabi\\9.2.1\\in
 233              		.file 5 "c:\\users\\lenovo\\.iotlink\\tools\\gcc-arm-none-eabi\\arm-none-eabi\\include\\sys\\reent
 234              		.file 6 "c:/Users/lenovo/Desktop/AIoT/first_day/firstday_afternoon/LiteOS_Lab_STM32_IoT/iot_link/l
ARM GAS  C:\Users\lenovo\AppData\Local\Temp\ccng3tTd.s 			page 7


DEFINED SYMBOLS
                            *ABS*:00000000 link_log.c
C:\Users\lenovo\AppData\Local\Temp\ccng3tTd.s:20     .bss.s_link_log_level:00000000 s_link_log_level
C:\Users\lenovo\AppData\Local\Temp\ccng3tTd.s:21     .bss.s_link_log_level:00000000 $d
C:\Users\lenovo\AppData\Local\Temp\ccng3tTd.s:23     .rodata:00000000 $d
C:\Users\lenovo\AppData\Local\Temp\ccng3tTd.s:42     .data.s_link_log_names:00000000 $d
C:\Users\lenovo\AppData\Local\Temp\ccng3tTd.s:45     .data.s_link_log_names:00000000 s_link_log_names
C:\Users\lenovo\AppData\Local\Temp\ccng3tTd.s:53     .text.link_log_level_set:00000000 $t
C:\Users\lenovo\AppData\Local\Temp\ccng3tTd.s:61     .text.link_log_level_set:00000000 link_log_level_set
C:\Users\lenovo\AppData\Local\Temp\ccng3tTd.s:115    .text.link_log_level_set:00000030 $d
C:\Users\lenovo\AppData\Local\Temp\ccng3tTd.s:120    .text.link_log_level_get:00000000 $t
C:\Users\lenovo\AppData\Local\Temp\ccng3tTd.s:127    .text.link_log_level_get:00000000 link_log_level_get
C:\Users\lenovo\AppData\Local\Temp\ccng3tTd.s:158    .text.link_log_level_get:00000014 $d
C:\Users\lenovo\AppData\Local\Temp\ccng3tTd.s:167    .text.link_log_level_name:00000000 $t
C:\Users\lenovo\AppData\Local\Temp\ccng3tTd.s:174    .text.link_log_level_name:00000000 link_log_level_name
C:\Users\lenovo\AppData\Local\Temp\ccng3tTd.s:223    .text.link_log_level_name:00000028 $d

NO UNDEFINED SYMBOLS
