ARM GAS  C:\Users\lenovo\AppData\Local\Temp\ccosjZw1.s 			page 1


   1              		.cpu cortex-m4
   2              		.eabi_attribute 27, 1
   3              		.eabi_attribute 28, 1
   4              		.eabi_attribute 20, 1
   5              		.eabi_attribute 21, 1
   6              		.eabi_attribute 23, 3
   7              		.eabi_attribute 24, 1
   8              		.eabi_attribute 25, 1
   9              		.eabi_attribute 26, 1
  10              		.eabi_attribute 30, 6
  11              		.eabi_attribute 34, 1
  12              		.eabi_attribute 18, 4
  13              		.file	"los_dispatch.c"
  14              		.text
  15              	.Ltext0:
  16              		.cfi_sections	.debug_frame
  17              		.section	.text.LOS_StartToRun,"ax",%progbits
  18              		.align	1
  19              		.global	LOS_StartToRun
  20              		.arch armv7e-m
  21              		.syntax unified
  22              		.thumb
  23              		.thumb_func
  24              		.fpu fpv4-sp-d16
  26              	LOS_StartToRun:
  27              	.LFB287:
  28              		.file 1 "c:/Users/lenovo/Desktop/AIoT/first_day/firstday_afternoon/LiteOS_Lab_STM32_IoT/iot_link/o
   1:c:/Users/lenovo/Desktop/AIoT/first_day/firstday_afternoon/LiteOS_Lab_STM32_IoT/iot_link/os/liteos/arch/arm/arm-m/armv7-m/gcc\los_dispatch.c **** /** ----------------------------------------------------------------------------
   2:c:/Users/lenovo/Desktop/AIoT/first_day/firstday_afternoon/LiteOS_Lab_STM32_IoT/iot_link/os/liteos/arch/arm/arm-m/armv7-m/gcc\los_dispatch.c ****  * Copyright (c) <2019>, <Huawei Technologies Co., Ltd>
   3:c:/Users/lenovo/Desktop/AIoT/first_day/firstday_afternoon/LiteOS_Lab_STM32_IoT/iot_link/os/liteos/arch/arm/arm-m/armv7-m/gcc\los_dispatch.c ****  * All rights reserved.
   4:c:/Users/lenovo/Desktop/AIoT/first_day/firstday_afternoon/LiteOS_Lab_STM32_IoT/iot_link/os/liteos/arch/arm/arm-m/armv7-m/gcc\los_dispatch.c ****  * Redistribution and use in source and binary forms, with or without modification,
   5:c:/Users/lenovo/Desktop/AIoT/first_day/firstday_afternoon/LiteOS_Lab_STM32_IoT/iot_link/os/liteos/arch/arm/arm-m/armv7-m/gcc\los_dispatch.c ****  * are permitted provided that the following conditions are met:
   6:c:/Users/lenovo/Desktop/AIoT/first_day/firstday_afternoon/LiteOS_Lab_STM32_IoT/iot_link/os/liteos/arch/arm/arm-m/armv7-m/gcc\los_dispatch.c ****  * 1. Redistributions of source code must retain the above copyright notice, this list of
   7:c:/Users/lenovo/Desktop/AIoT/first_day/firstday_afternoon/LiteOS_Lab_STM32_IoT/iot_link/os/liteos/arch/arm/arm-m/armv7-m/gcc\los_dispatch.c ****  * conditions and the following disclaimer.
   8:c:/Users/lenovo/Desktop/AIoT/first_day/firstday_afternoon/LiteOS_Lab_STM32_IoT/iot_link/os/liteos/arch/arm/arm-m/armv7-m/gcc\los_dispatch.c ****  * 2. Redistributions in binary form must reproduce the above copyright notice, this list
   9:c:/Users/lenovo/Desktop/AIoT/first_day/firstday_afternoon/LiteOS_Lab_STM32_IoT/iot_link/os/liteos/arch/arm/arm-m/armv7-m/gcc\los_dispatch.c ****  * of conditions and the following disclaimer in the documentation and/or other materials
  10:c:/Users/lenovo/Desktop/AIoT/first_day/firstday_afternoon/LiteOS_Lab_STM32_IoT/iot_link/os/liteos/arch/arm/arm-m/armv7-m/gcc\los_dispatch.c ****  * provided with the distribution.
  11:c:/Users/lenovo/Desktop/AIoT/first_day/firstday_afternoon/LiteOS_Lab_STM32_IoT/iot_link/os/liteos/arch/arm/arm-m/armv7-m/gcc\los_dispatch.c ****  * 3. Neither the name of the copyright holder nor the names of its contributors may be used
  12:c:/Users/lenovo/Desktop/AIoT/first_day/firstday_afternoon/LiteOS_Lab_STM32_IoT/iot_link/os/liteos/arch/arm/arm-m/armv7-m/gcc\los_dispatch.c ****  * to endorse or promote products derived from this software without specific prior written
  13:c:/Users/lenovo/Desktop/AIoT/first_day/firstday_afternoon/LiteOS_Lab_STM32_IoT/iot_link/os/liteos/arch/arm/arm-m/armv7-m/gcc\los_dispatch.c ****  * permission.
  14:c:/Users/lenovo/Desktop/AIoT/first_day/firstday_afternoon/LiteOS_Lab_STM32_IoT/iot_link/os/liteos/arch/arm/arm-m/armv7-m/gcc\los_dispatch.c ****  * THIS SOFTWARE IS PROVIDED BY THE COPYRIGHT HOLDERS AND CONTRIBUTORS
  15:c:/Users/lenovo/Desktop/AIoT/first_day/firstday_afternoon/LiteOS_Lab_STM32_IoT/iot_link/os/liteos/arch/arm/arm-m/armv7-m/gcc\los_dispatch.c ****  * "AS IS" AND ANY EXPRESS OR IMPLIED WARRANTIES, INCLUDING, BUT NOT LIMITED TO,
  16:c:/Users/lenovo/Desktop/AIoT/first_day/firstday_afternoon/LiteOS_Lab_STM32_IoT/iot_link/os/liteos/arch/arm/arm-m/armv7-m/gcc\los_dispatch.c ****  * THE IMPLIED WARRANTIES OF MERCHANTABILITY AND FITNESS FOR A PARTICULAR
  17:c:/Users/lenovo/Desktop/AIoT/first_day/firstday_afternoon/LiteOS_Lab_STM32_IoT/iot_link/os/liteos/arch/arm/arm-m/armv7-m/gcc\los_dispatch.c ****  * PURPOSE ARE DISCLAIMED. IN NO EVENT SHALL THE COPYRIGHT HOLDER OR
  18:c:/Users/lenovo/Desktop/AIoT/first_day/firstday_afternoon/LiteOS_Lab_STM32_IoT/iot_link/os/liteos/arch/arm/arm-m/armv7-m/gcc\los_dispatch.c ****  * CONTRIBUTORS BE LIABLE FOR ANY DIRECT, INDIRECT, INCIDENTAL, SPECIAL,
  19:c:/Users/lenovo/Desktop/AIoT/first_day/firstday_afternoon/LiteOS_Lab_STM32_IoT/iot_link/os/liteos/arch/arm/arm-m/armv7-m/gcc\los_dispatch.c ****  * EXEMPLARY, OR CONSEQUENTIAL DAMAGES (INCLUDING, BUT NOT LIMITED TO,
  20:c:/Users/lenovo/Desktop/AIoT/first_day/firstday_afternoon/LiteOS_Lab_STM32_IoT/iot_link/os/liteos/arch/arm/arm-m/armv7-m/gcc\los_dispatch.c ****  * PROCUREMENT OF SUBSTITUTE GOODS OR SERVICES; LOSS OF USE, DATA, OR PROFITS;
  21:c:/Users/lenovo/Desktop/AIoT/first_day/firstday_afternoon/LiteOS_Lab_STM32_IoT/iot_link/os/liteos/arch/arm/arm-m/armv7-m/gcc\los_dispatch.c ****  * OR BUSINESS INTERRUPTION) HOWEVER CAUSED AND ON ANY THEORY OF LIABILITY,
  22:c:/Users/lenovo/Desktop/AIoT/first_day/firstday_afternoon/LiteOS_Lab_STM32_IoT/iot_link/os/liteos/arch/arm/arm-m/armv7-m/gcc\los_dispatch.c ****  * WHETHER IN CONTRACT, STRICT LIABILITY, OR TORT (INCLUDING NEGLIGENCE OR
  23:c:/Users/lenovo/Desktop/AIoT/first_day/firstday_afternoon/LiteOS_Lab_STM32_IoT/iot_link/os/liteos/arch/arm/arm-m/armv7-m/gcc\los_dispatch.c ****  * OTHERWISE) ARISING IN ANY WAY OUT OF THE USE OF THIS SOFTWARE, EVEN IF
  24:c:/Users/lenovo/Desktop/AIoT/first_day/firstday_afternoon/LiteOS_Lab_STM32_IoT/iot_link/os/liteos/arch/arm/arm-m/armv7-m/gcc\los_dispatch.c ****  * ADVISED OF THE POSSIBILITY OF SUCH DAMAGE.
  25:c:/Users/lenovo/Desktop/AIoT/first_day/firstday_afternoon/LiteOS_Lab_STM32_IoT/iot_link/os/liteos/arch/arm/arm-m/armv7-m/gcc\los_dispatch.c ****  *---------------------------------------------------------------------------*/
  26:c:/Users/lenovo/Desktop/AIoT/first_day/firstday_afternoon/LiteOS_Lab_STM32_IoT/iot_link/os/liteos/arch/arm/arm-m/armv7-m/gcc\los_dispatch.c **** /** ----------------------------------------------------------------------------
  27:c:/Users/lenovo/Desktop/AIoT/first_day/firstday_afternoon/LiteOS_Lab_STM32_IoT/iot_link/os/liteos/arch/arm/arm-m/armv7-m/gcc\los_dispatch.c ****  * Notice of Export Control Law
  28:c:/Users/lenovo/Desktop/AIoT/first_day/firstday_afternoon/LiteOS_Lab_STM32_IoT/iot_link/os/liteos/arch/arm/arm-m/armv7-m/gcc\los_dispatch.c ****  * ===============================================
  29:c:/Users/lenovo/Desktop/AIoT/first_day/firstday_afternoon/LiteOS_Lab_STM32_IoT/iot_link/os/liteos/arch/arm/arm-m/armv7-m/gcc\los_dispatch.c ****  * Huawei LiteOS may be subject to applicable export control laws and regulations, which might
  30:c:/Users/lenovo/Desktop/AIoT/first_day/firstday_afternoon/LiteOS_Lab_STM32_IoT/iot_link/os/liteos/arch/arm/arm-m/armv7-m/gcc\los_dispatch.c ****  * include those applicable to Huawei LiteOS of U.S. and the country in which you are located.
ARM GAS  C:\Users\lenovo\AppData\Local\Temp\ccosjZw1.s 			page 2


  31:c:/Users/lenovo/Desktop/AIoT/first_day/firstday_afternoon/LiteOS_Lab_STM32_IoT/iot_link/os/liteos/arch/arm/arm-m/armv7-m/gcc\los_dispatch.c ****  * Import, export and usage of Huawei LiteOS in any manner by you shall be in compliance with such
  32:c:/Users/lenovo/Desktop/AIoT/first_day/firstday_afternoon/LiteOS_Lab_STM32_IoT/iot_link/os/liteos/arch/arm/arm-m/armv7-m/gcc\los_dispatch.c ****  * applicable export control laws and regulations.
  33:c:/Users/lenovo/Desktop/AIoT/first_day/firstday_afternoon/LiteOS_Lab_STM32_IoT/iot_link/os/liteos/arch/arm/arm-m/armv7-m/gcc\los_dispatch.c ****  *---------------------------------------------------------------------------*/
  34:c:/Users/lenovo/Desktop/AIoT/first_day/firstday_afternoon/LiteOS_Lab_STM32_IoT/iot_link/os/liteos/arch/arm/arm-m/armv7-m/gcc\los_dispatch.c ****  
  35:c:/Users/lenovo/Desktop/AIoT/first_day/firstday_afternoon/LiteOS_Lab_STM32_IoT/iot_link/os/liteos/arch/arm/arm-m/armv7-m/gcc\los_dispatch.c **** #include <los_config.h>
  36:c:/Users/lenovo/Desktop/AIoT/first_day/firstday_afternoon/LiteOS_Lab_STM32_IoT/iot_link/os/liteos/arch/arm/arm-m/armv7-m/gcc\los_dispatch.c **** #include <los_typedef.h>
  37:c:/Users/lenovo/Desktop/AIoT/first_day/firstday_afternoon/LiteOS_Lab_STM32_IoT/iot_link/os/liteos/arch/arm/arm-m/armv7-m/gcc\los_dispatch.c **** 
  38:c:/Users/lenovo/Desktop/AIoT/first_day/firstday_afternoon/LiteOS_Lab_STM32_IoT/iot_link/os/liteos/arch/arm/arm-m/armv7-m/gcc\los_dispatch.c **** #define NVIC_INT_CTRL                   0xE000ED04  /* Interrupt Control and State Register. */
  39:c:/Users/lenovo/Desktop/AIoT/first_day/firstday_afternoon/LiteOS_Lab_STM32_IoT/iot_link/os/liteos/arch/arm/arm-m/armv7-m/gcc\los_dispatch.c **** #define NVIC_PENDSVSET                  0x10000000  /* Value to trigger PendSV exception. */
  40:c:/Users/lenovo/Desktop/AIoT/first_day/firstday_afternoon/LiteOS_Lab_STM32_IoT/iot_link/os/liteos/arch/arm/arm-m/armv7-m/gcc\los_dispatch.c **** 
  41:c:/Users/lenovo/Desktop/AIoT/first_day/firstday_afternoon/LiteOS_Lab_STM32_IoT/iot_link/os/liteos/arch/arm/arm-m/armv7-m/gcc\los_dispatch.c **** #define NVIC_SYSPRI2                    0xE000ED20  /* System Handler Priority Register 2. */
  42:c:/Users/lenovo/Desktop/AIoT/first_day/firstday_afternoon/LiteOS_Lab_STM32_IoT/iot_link/os/liteos/arch/arm/arm-m/armv7-m/gcc\los_dispatch.c **** #define NVIC_PENDSV_SYSTICK_PRI         0xFFFF0000  /* SysTick + PendSV priority level (lowest). */
  43:c:/Users/lenovo/Desktop/AIoT/first_day/firstday_afternoon/LiteOS_Lab_STM32_IoT/iot_link/os/liteos/arch/arm/arm-m/armv7-m/gcc\los_dispatch.c **** #define MPU_RBAR                        0xE000ED9C  /* MPU Region Base Address register */
  44:c:/Users/lenovo/Desktop/AIoT/first_day/firstday_afternoon/LiteOS_Lab_STM32_IoT/iot_link/os/liteos/arch/arm/arm-m/armv7-m/gcc\los_dispatch.c **** 
  45:c:/Users/lenovo/Desktop/AIoT/first_day/firstday_afternoon/LiteOS_Lab_STM32_IoT/iot_link/os/liteos/arch/arm/arm-m/armv7-m/gcc\los_dispatch.c **** #define OS_TASK_STATUS_RUNNING          0x00000010  /* Task Status Flag (RUNNING). */
  46:c:/Users/lenovo/Desktop/AIoT/first_day/firstday_afternoon/LiteOS_Lab_STM32_IoT/iot_link/os/liteos/arch/arm/arm-m/armv7-m/gcc\los_dispatch.c **** 
  47:c:/Users/lenovo/Desktop/AIoT/first_day/firstday_afternoon/LiteOS_Lab_STM32_IoT/iot_link/os/liteos/arch/arm/arm-m/armv7-m/gcc\los_dispatch.c **** /****************************************************************************************
  48:c:/Users/lenovo/Desktop/AIoT/first_day/firstday_afternoon/LiteOS_Lab_STM32_IoT/iot_link/os/liteos/arch/arm/arm-m/armv7-m/gcc\los_dispatch.c **** * Function:
  49:c:/Users/lenovo/Desktop/AIoT/first_day/firstday_afternoon/LiteOS_Lab_STM32_IoT/iot_link/os/liteos/arch/arm/arm-m/armv7-m/gcc\los_dispatch.c **** *        VOID LOS_StartToRun(VOID);
  50:c:/Users/lenovo/Desktop/AIoT/first_day/firstday_afternoon/LiteOS_Lab_STM32_IoT/iot_link/os/liteos/arch/arm/arm-m/armv7-m/gcc\los_dispatch.c **** * Description:
  51:c:/Users/lenovo/Desktop/AIoT/first_day/firstday_afternoon/LiteOS_Lab_STM32_IoT/iot_link/os/liteos/arch/arm/arm-m/armv7-m/gcc\los_dispatch.c **** *        Start the first task, which is the highest priority task in the priority queue.
  52:c:/Users/lenovo/Desktop/AIoT/first_day/firstday_afternoon/LiteOS_Lab_STM32_IoT/iot_link/os/liteos/arch/arm/arm-m/armv7-m/gcc\los_dispatch.c **** *        Other tasks are started by task scheduling.
  53:c:/Users/lenovo/Desktop/AIoT/first_day/firstday_afternoon/LiteOS_Lab_STM32_IoT/iot_link/os/liteos/arch/arm/arm-m/armv7-m/gcc\los_dispatch.c **** ****************************************************************************************/
  54:c:/Users/lenovo/Desktop/AIoT/first_day/firstday_afternoon/LiteOS_Lab_STM32_IoT/iot_link/os/liteos/arch/arm/arm-m/armv7-m/gcc\los_dispatch.c **** __attribute__((naked)) void LOS_StartToRun(void)
  55:c:/Users/lenovo/Desktop/AIoT/first_day/firstday_afternoon/LiteOS_Lab_STM32_IoT/iot_link/os/liteos/arch/arm/arm-m/armv7-m/gcc\los_dispatch.c **** {
  29              		.loc 1 55 1
  30              		.cfi_startproc
  31              		@ Naked Function: prologue and epilogue provided by programmer.
  32              		@ args = 0, pretend = 0, frame = 0
  33              		@ frame_needed = 1, uses_anonymous_args = 0
  56:c:/Users/lenovo/Desktop/AIoT/first_day/firstday_afternoon/LiteOS_Lab_STM32_IoT/iot_link/os/liteos/arch/arm/arm-m/armv7-m/gcc\los_dispatch.c ****     asm (
  34              		.loc 1 56 5
  35              		.syntax unified
  36              	@ 56 "c:/Users/lenovo/Desktop/AIoT/first_day/firstday_afternoon/LiteOS_Lab_STM32_IoT/iot_link/os/li
  37              		.syntax unified
  38 0000 72B6     		CPSID  I
  39 0002 1548     		LDR    R0, =#-536810208                 @ NVIC_SYSPRI2
  40 0004 1549     		LDR    R1, =#-65536                 @ NVIC_PENDSV_SYSTICK_PRI
  41 0006 0268     		LDR    R2, [R0]
  42 0008 41EA0201 		ORR    R1, R1, R2
  43 000c 0160     		STR    R1, [R0]
  44 000e 1448     		LDR    R0, =g_bTaskScheduled
  45 0010 4FF00101 		MOV    R1, #1
  46 0014 0160     		STR    R1, [R0]
  47 0016 1348     		LDR    R0, =g_stLosTask
  48 0018 4168     		LDR    R1, [R0, #4]
  49 001a 0160     		STR    R1, [R0]
  50 001c 0168     		LDR    R1, [R0]
  51 001e 8A88     		LDRH   R2, [R1, #4]
  52 0020 4FF01003 		MOV    R3, #16                  @ OS_TASK_STATUS_RUNNING
  53 0024 42EA0302 		ORR    R2, R2, R3
  54 0028 8A80     		STRH   R2, [R1, #4]
  55 002a D1F800C0 		LDR    R12, [R1]
  56 002e 4FF00203 		MOV    R3, #2
  57 0032 0CF1240C 		ADD    R12, R12, #36           @ skip R4-R11, PRIMASK.
  58 0036 0CF1040C 		ADD    R12, R12, #4            @ if FPU exist, skip EXC_RETURN.
  59 003a DCF80000 		LDR    R0, [R12]
ARM GAS  C:\Users\lenovo\AppData\Local\Temp\ccosjZw1.s 			page 3


  60 003e DCF814E0 		LDR    LR, [R12, #4 * 5]
  61 0042 DCF81820 		LDR    R2, [R12, #4 * 6]
  62 0046 0CF1200C 		ADD    R12, R12, #4 * 8
  63 004a 8CF30988 		MSR    PSP, R12
  64 004e 62B6     		CPSIE  I
  65 0050 83F31488 		MSR    CONTROL, R3
  66 0054 1047     		BX     R2
  67              		
  68              	@ 0 "" 2
  57:c:/Users/lenovo/Desktop/AIoT/first_day/firstday_afternoon/LiteOS_Lab_STM32_IoT/iot_link/os/liteos/arch/arm/arm-m/armv7-m/gcc\los_dispatch.c ****     ".syntax unified\n\t"
  58:c:/Users/lenovo/Desktop/AIoT/first_day/firstday_afternoon/LiteOS_Lab_STM32_IoT/iot_link/os/liteos/arch/arm/arm-m/armv7-m/gcc\los_dispatch.c **** 
  59:c:/Users/lenovo/Desktop/AIoT/first_day/firstday_afternoon/LiteOS_Lab_STM32_IoT/iot_link/os/liteos/arch/arm/arm-m/armv7-m/gcc\los_dispatch.c ****     "CPSID  I\n\t"
  60:c:/Users/lenovo/Desktop/AIoT/first_day/firstday_afternoon/LiteOS_Lab_STM32_IoT/iot_link/os/liteos/arch/arm/arm-m/armv7-m/gcc\los_dispatch.c **** 
  61:c:/Users/lenovo/Desktop/AIoT/first_day/firstday_afternoon/LiteOS_Lab_STM32_IoT/iot_link/os/liteos/arch/arm/arm-m/armv7-m/gcc\los_dispatch.c ****     /**
  62:c:/Users/lenovo/Desktop/AIoT/first_day/firstday_afternoon/LiteOS_Lab_STM32_IoT/iot_link/os/liteos/arch/arm/arm-m/armv7-m/gcc\los_dispatch.c ****      * Set PendSV and SysTick prority to the lowest.
  63:c:/Users/lenovo/Desktop/AIoT/first_day/firstday_afternoon/LiteOS_Lab_STM32_IoT/iot_link/os/liteos/arch/arm/arm-m/armv7-m/gcc\los_dispatch.c ****      * read ---> modify ---> write-back.
  64:c:/Users/lenovo/Desktop/AIoT/first_day/firstday_afternoon/LiteOS_Lab_STM32_IoT/iot_link/os/liteos/arch/arm/arm-m/armv7-m/gcc\los_dispatch.c ****      */
  65:c:/Users/lenovo/Desktop/AIoT/first_day/firstday_afternoon/LiteOS_Lab_STM32_IoT/iot_link/os/liteos/arch/arm/arm-m/armv7-m/gcc\los_dispatch.c **** 
  66:c:/Users/lenovo/Desktop/AIoT/first_day/firstday_afternoon/LiteOS_Lab_STM32_IoT/iot_link/os/liteos/arch/arm/arm-m/armv7-m/gcc\los_dispatch.c ****     "LDR    R0, =%0                 @ NVIC_SYSPRI2\n\t"
  67:c:/Users/lenovo/Desktop/AIoT/first_day/firstday_afternoon/LiteOS_Lab_STM32_IoT/iot_link/os/liteos/arch/arm/arm-m/armv7-m/gcc\los_dispatch.c ****     "LDR    R1, =%1                 @ NVIC_PENDSV_SYSTICK_PRI\n\t"
  68:c:/Users/lenovo/Desktop/AIoT/first_day/firstday_afternoon/LiteOS_Lab_STM32_IoT/iot_link/os/liteos/arch/arm/arm-m/armv7-m/gcc\los_dispatch.c ****     "LDR    R2, [R0]\n\t"
  69:c:/Users/lenovo/Desktop/AIoT/first_day/firstday_afternoon/LiteOS_Lab_STM32_IoT/iot_link/os/liteos/arch/arm/arm-m/armv7-m/gcc\los_dispatch.c ****     "ORR    R1, R1, R2\n\t"
  70:c:/Users/lenovo/Desktop/AIoT/first_day/firstday_afternoon/LiteOS_Lab_STM32_IoT/iot_link/os/liteos/arch/arm/arm-m/armv7-m/gcc\los_dispatch.c ****     "STR    R1, [R0]\n\t"
  71:c:/Users/lenovo/Desktop/AIoT/first_day/firstday_afternoon/LiteOS_Lab_STM32_IoT/iot_link/os/liteos/arch/arm/arm-m/armv7-m/gcc\los_dispatch.c **** 
  72:c:/Users/lenovo/Desktop/AIoT/first_day/firstday_afternoon/LiteOS_Lab_STM32_IoT/iot_link/os/liteos/arch/arm/arm-m/armv7-m/gcc\los_dispatch.c ****     /**
  73:c:/Users/lenovo/Desktop/AIoT/first_day/firstday_afternoon/LiteOS_Lab_STM32_IoT/iot_link/os/liteos/arch/arm/arm-m/armv7-m/gcc\los_dispatch.c ****      * Set g_bTaskScheduled = 1.
  74:c:/Users/lenovo/Desktop/AIoT/first_day/firstday_afternoon/LiteOS_Lab_STM32_IoT/iot_link/os/liteos/arch/arm/arm-m/armv7-m/gcc\los_dispatch.c ****      */
  75:c:/Users/lenovo/Desktop/AIoT/first_day/firstday_afternoon/LiteOS_Lab_STM32_IoT/iot_link/os/liteos/arch/arm/arm-m/armv7-m/gcc\los_dispatch.c **** 
  76:c:/Users/lenovo/Desktop/AIoT/first_day/firstday_afternoon/LiteOS_Lab_STM32_IoT/iot_link/os/liteos/arch/arm/arm-m/armv7-m/gcc\los_dispatch.c ****     "LDR    R0, =g_bTaskScheduled\n\t"
  77:c:/Users/lenovo/Desktop/AIoT/first_day/firstday_afternoon/LiteOS_Lab_STM32_IoT/iot_link/os/liteos/arch/arm/arm-m/armv7-m/gcc\los_dispatch.c ****     "MOV    R1, #1\n\t"
  78:c:/Users/lenovo/Desktop/AIoT/first_day/firstday_afternoon/LiteOS_Lab_STM32_IoT/iot_link/os/liteos/arch/arm/arm-m/armv7-m/gcc\los_dispatch.c ****     "STR    R1, [R0]\n\t"
  79:c:/Users/lenovo/Desktop/AIoT/first_day/firstday_afternoon/LiteOS_Lab_STM32_IoT/iot_link/os/liteos/arch/arm/arm-m/armv7-m/gcc\los_dispatch.c **** 
  80:c:/Users/lenovo/Desktop/AIoT/first_day/firstday_afternoon/LiteOS_Lab_STM32_IoT/iot_link/os/liteos/arch/arm/arm-m/armv7-m/gcc\los_dispatch.c ****     /**
  81:c:/Users/lenovo/Desktop/AIoT/first_day/firstday_afternoon/LiteOS_Lab_STM32_IoT/iot_link/os/liteos/arch/arm/arm-m/armv7-m/gcc\los_dispatch.c ****      * Set g_stLosTask.pstRunTask = g_stLosTask.pstNewTask.
  82:c:/Users/lenovo/Desktop/AIoT/first_day/firstday_afternoon/LiteOS_Lab_STM32_IoT/iot_link/os/liteos/arch/arm/arm-m/armv7-m/gcc\los_dispatch.c ****      */
  83:c:/Users/lenovo/Desktop/AIoT/first_day/firstday_afternoon/LiteOS_Lab_STM32_IoT/iot_link/os/liteos/arch/arm/arm-m/armv7-m/gcc\los_dispatch.c ****     "LDR    R0, =g_stLosTask\n\t"
  84:c:/Users/lenovo/Desktop/AIoT/first_day/firstday_afternoon/LiteOS_Lab_STM32_IoT/iot_link/os/liteos/arch/arm/arm-m/armv7-m/gcc\los_dispatch.c ****     "LDR    R1, [R0, #4]\n\t"
  85:c:/Users/lenovo/Desktop/AIoT/first_day/firstday_afternoon/LiteOS_Lab_STM32_IoT/iot_link/os/liteos/arch/arm/arm-m/armv7-m/gcc\los_dispatch.c ****     "STR    R1, [R0]\n\t"
  86:c:/Users/lenovo/Desktop/AIoT/first_day/firstday_afternoon/LiteOS_Lab_STM32_IoT/iot_link/os/liteos/arch/arm/arm-m/armv7-m/gcc\los_dispatch.c **** 
  87:c:/Users/lenovo/Desktop/AIoT/first_day/firstday_afternoon/LiteOS_Lab_STM32_IoT/iot_link/os/liteos/arch/arm/arm-m/armv7-m/gcc\los_dispatch.c ****     /**
  88:c:/Users/lenovo/Desktop/AIoT/first_day/firstday_afternoon/LiteOS_Lab_STM32_IoT/iot_link/os/liteos/arch/arm/arm-m/armv7-m/gcc\los_dispatch.c ****      * Set g_stLosTask.pstRunTask->usTaskStatus |= OS_TASK_STATUS_RUNNING.
  89:c:/Users/lenovo/Desktop/AIoT/first_day/firstday_afternoon/LiteOS_Lab_STM32_IoT/iot_link/os/liteos/arch/arm/arm-m/armv7-m/gcc\los_dispatch.c ****      */
  90:c:/Users/lenovo/Desktop/AIoT/first_day/firstday_afternoon/LiteOS_Lab_STM32_IoT/iot_link/os/liteos/arch/arm/arm-m/armv7-m/gcc\los_dispatch.c ****     "LDR    R1, [R0]\n\t"
  91:c:/Users/lenovo/Desktop/AIoT/first_day/firstday_afternoon/LiteOS_Lab_STM32_IoT/iot_link/os/liteos/arch/arm/arm-m/armv7-m/gcc\los_dispatch.c ****     "LDRH   R2, [R1, #4]\n\t"
  92:c:/Users/lenovo/Desktop/AIoT/first_day/firstday_afternoon/LiteOS_Lab_STM32_IoT/iot_link/os/liteos/arch/arm/arm-m/armv7-m/gcc\los_dispatch.c ****     "MOV    R3, %2                  @ OS_TASK_STATUS_RUNNING\n\t"
  93:c:/Users/lenovo/Desktop/AIoT/first_day/firstday_afternoon/LiteOS_Lab_STM32_IoT/iot_link/os/liteos/arch/arm/arm-m/armv7-m/gcc\los_dispatch.c ****     "ORR    R2, R2, R3\n\t"
  94:c:/Users/lenovo/Desktop/AIoT/first_day/firstday_afternoon/LiteOS_Lab_STM32_IoT/iot_link/os/liteos/arch/arm/arm-m/armv7-m/gcc\los_dispatch.c ****     "STRH   R2, [R1, #4]\n\t"
  95:c:/Users/lenovo/Desktop/AIoT/first_day/firstday_afternoon/LiteOS_Lab_STM32_IoT/iot_link/os/liteos/arch/arm/arm-m/armv7-m/gcc\los_dispatch.c **** 
  96:c:/Users/lenovo/Desktop/AIoT/first_day/firstday_afternoon/LiteOS_Lab_STM32_IoT/iot_link/os/liteos/arch/arm/arm-m/armv7-m/gcc\los_dispatch.c ****     /**
  97:c:/Users/lenovo/Desktop/AIoT/first_day/firstday_afternoon/LiteOS_Lab_STM32_IoT/iot_link/os/liteos/arch/arm/arm-m/armv7-m/gcc\los_dispatch.c ****      * Restore the default stack frame(R0-R3,R12,LR,PC,xPSR) of g_stLosTask.pstRunTask to R0-R7.
  98:c:/Users/lenovo/Desktop/AIoT/first_day/firstday_afternoon/LiteOS_Lab_STM32_IoT/iot_link/os/liteos/arch/arm/arm-m/armv7-m/gcc\los_dispatch.c ****      * [Initial EXC_RETURN ignore, if FPU supported] return by setting the CONTROL register.
  99:c:/Users/lenovo/Desktop/AIoT/first_day/firstday_afternoon/LiteOS_Lab_STM32_IoT/iot_link/os/liteos/arch/arm/arm-m/armv7-m/gcc\los_dispatch.c ****      *
 100:c:/Users/lenovo/Desktop/AIoT/first_day/firstday_afternoon/LiteOS_Lab_STM32_IoT/iot_link/os/liteos/arch/arm/arm-m/armv7-m/gcc\los_dispatch.c ****      * The initial stack of the current running task is as follows:
 101:c:/Users/lenovo/Desktop/AIoT/first_day/firstday_afternoon/LiteOS_Lab_STM32_IoT/iot_link/os/liteos/arch/arm/arm-m/armv7-m/gcc\los_dispatch.c ****      *
 102:c:/Users/lenovo/Desktop/AIoT/first_day/firstday_afternoon/LiteOS_Lab_STM32_IoT/iot_link/os/liteos/arch/arm/arm-m/armv7-m/gcc\los_dispatch.c ****      *       POP: Restore the context of the current running task ===>|
 103:c:/Users/lenovo/Desktop/AIoT/first_day/firstday_afternoon/LiteOS_Lab_STM32_IoT/iot_link/os/liteos/arch/arm/arm-m/armv7-m/gcc\los_dispatch.c ****      *                                                   High addr--->|
 104:c:/Users/lenovo/Desktop/AIoT/first_day/firstday_afternoon/LiteOS_Lab_STM32_IoT/iot_link/os/liteos/arch/arm/arm-m/armv7-m/gcc\los_dispatch.c ****      *                                         Bottom of the stack--->|
ARM GAS  C:\Users\lenovo\AppData\Local\Temp\ccosjZw1.s 			page 4


 105:c:/Users/lenovo/Desktop/AIoT/first_day/firstday_afternoon/LiteOS_Lab_STM32_IoT/iot_link/os/liteos/arch/arm/arm-m/armv7-m/gcc\los_dispatch.c ****      * ----------+-----------------------------+----------------------+
 106:c:/Users/lenovo/Desktop/AIoT/first_day/firstday_afternoon/LiteOS_Lab_STM32_IoT/iot_link/os/liteos/arch/arm/arm-m/armv7-m/gcc\los_dispatch.c ****      *           | R4-R11,PRIMASK[,EXC_RETURN] | R0-R3,R12,LR,PC,xPSR |
 107:c:/Users/lenovo/Desktop/AIoT/first_day/firstday_afternoon/LiteOS_Lab_STM32_IoT/iot_link/os/liteos/arch/arm/arm-m/armv7-m/gcc\los_dispatch.c ****      * ----------+-----------------------------+----------------------+
 108:c:/Users/lenovo/Desktop/AIoT/first_day/firstday_afternoon/LiteOS_Lab_STM32_IoT/iot_link/os/liteos/arch/arm/arm-m/armv7-m/gcc\los_dispatch.c ****      *           |<---Top of the stack, restored from g_stLosTask.pstRunTask->pStackPointer
 109:c:/Users/lenovo/Desktop/AIoT/first_day/firstday_afternoon/LiteOS_Lab_STM32_IoT/iot_link/os/liteos/arch/arm/arm-m/armv7-m/gcc\los_dispatch.c ****      *           |<---         skip        --->|<--- get r0,lr,pc --->|
 110:c:/Users/lenovo/Desktop/AIoT/first_day/firstday_afternoon/LiteOS_Lab_STM32_IoT/iot_link/os/liteos/arch/arm/arm-m/armv7-m/gcc\los_dispatch.c ****      *                                                  R12 to PSP--->|
 111:c:/Users/lenovo/Desktop/AIoT/first_day/firstday_afternoon/LiteOS_Lab_STM32_IoT/iot_link/os/liteos/arch/arm/arm-m/armv7-m/gcc\los_dispatch.c ****      *                          Stack pointer after LOS_StartToRun--->|
 112:c:/Users/lenovo/Desktop/AIoT/first_day/firstday_afternoon/LiteOS_Lab_STM32_IoT/iot_link/os/liteos/arch/arm/arm-m/armv7-m/gcc\los_dispatch.c ****      */
 113:c:/Users/lenovo/Desktop/AIoT/first_day/firstday_afternoon/LiteOS_Lab_STM32_IoT/iot_link/os/liteos/arch/arm/arm-m/armv7-m/gcc\los_dispatch.c **** 
 114:c:/Users/lenovo/Desktop/AIoT/first_day/firstday_afternoon/LiteOS_Lab_STM32_IoT/iot_link/os/liteos/arch/arm/arm-m/armv7-m/gcc\los_dispatch.c ****     "LDR    R12, [R1]\n\t"
 115:c:/Users/lenovo/Desktop/AIoT/first_day/firstday_afternoon/LiteOS_Lab_STM32_IoT/iot_link/os/liteos/arch/arm/arm-m/armv7-m/gcc\los_dispatch.c **** 
 116:c:/Users/lenovo/Desktop/AIoT/first_day/firstday_afternoon/LiteOS_Lab_STM32_IoT/iot_link/os/liteos/arch/arm/arm-m/armv7-m/gcc\los_dispatch.c **** #if (LOSCFG_ENABLE_MPU == YES)
 117:c:/Users/lenovo/Desktop/AIoT/first_day/firstday_afternoon/LiteOS_Lab_STM32_IoT/iot_link/os/liteos/arch/arm/arm-m/armv7-m/gcc\los_dispatch.c ****     "LDR    R0, [R1, #8]            @ TCB->pMpuSettings\n\t"
 118:c:/Users/lenovo/Desktop/AIoT/first_day/firstday_afternoon/LiteOS_Lab_STM32_IoT/iot_link/os/liteos/arch/arm/arm-m/armv7-m/gcc\los_dispatch.c ****     "LDR    R1, =%3                 @ MPU_RBAR\n\t"
 119:c:/Users/lenovo/Desktop/AIoT/first_day/firstday_afternoon/LiteOS_Lab_STM32_IoT/iot_link/os/liteos/arch/arm/arm-m/armv7-m/gcc\los_dispatch.c ****     "LDM    R0!, {R2-R7}\n\t"
 120:c:/Users/lenovo/Desktop/AIoT/first_day/firstday_afternoon/LiteOS_Lab_STM32_IoT/iot_link/os/liteos/arch/arm/arm-m/armv7-m/gcc\los_dispatch.c ****     "STM    R1, {R2-R7}\n\t"
 121:c:/Users/lenovo/Desktop/AIoT/first_day/firstday_afternoon/LiteOS_Lab_STM32_IoT/iot_link/os/liteos/arch/arm/arm-m/armv7-m/gcc\los_dispatch.c ****     "LDM    R0!, {R2-R7}\n\t"
 122:c:/Users/lenovo/Desktop/AIoT/first_day/firstday_afternoon/LiteOS_Lab_STM32_IoT/iot_link/os/liteos/arch/arm/arm-m/armv7-m/gcc\los_dispatch.c ****     "STM    R1, {R2-R7}\n\t"
 123:c:/Users/lenovo/Desktop/AIoT/first_day/firstday_afternoon/LiteOS_Lab_STM32_IoT/iot_link/os/liteos/arch/arm/arm-m/armv7-m/gcc\los_dispatch.c **** 
 124:c:/Users/lenovo/Desktop/AIoT/first_day/firstday_afternoon/LiteOS_Lab_STM32_IoT/iot_link/os/liteos/arch/arm/arm-m/armv7-m/gcc\los_dispatch.c ****     "LDR    R3, [R12], #4           @ get the CONTROL value\n\t"
 125:c:/Users/lenovo/Desktop/AIoT/first_day/firstday_afternoon/LiteOS_Lab_STM32_IoT/iot_link/os/liteos/arch/arm/arm-m/armv7-m/gcc\los_dispatch.c ****     "ORR    R3, #2                  @ set CONTROL.SPSEL\n\t"
 126:c:/Users/lenovo/Desktop/AIoT/first_day/firstday_afternoon/LiteOS_Lab_STM32_IoT/iot_link/os/liteos/arch/arm/arm-m/armv7-m/gcc\los_dispatch.c **** #else
 127:c:/Users/lenovo/Desktop/AIoT/first_day/firstday_afternoon/LiteOS_Lab_STM32_IoT/iot_link/os/liteos/arch/arm/arm-m/armv7-m/gcc\los_dispatch.c ****     "MOV    R3, #2\n\t"
 128:c:/Users/lenovo/Desktop/AIoT/first_day/firstday_afternoon/LiteOS_Lab_STM32_IoT/iot_link/os/liteos/arch/arm/arm-m/armv7-m/gcc\los_dispatch.c **** #endif
 129:c:/Users/lenovo/Desktop/AIoT/first_day/firstday_afternoon/LiteOS_Lab_STM32_IoT/iot_link/os/liteos/arch/arm/arm-m/armv7-m/gcc\los_dispatch.c **** 
 130:c:/Users/lenovo/Desktop/AIoT/first_day/firstday_afternoon/LiteOS_Lab_STM32_IoT/iot_link/os/liteos/arch/arm/arm-m/armv7-m/gcc\los_dispatch.c ****     "ADD    R12, R12, #36           @ skip R4-R11, PRIMASK.\n\t"
 131:c:/Users/lenovo/Desktop/AIoT/first_day/firstday_afternoon/LiteOS_Lab_STM32_IoT/iot_link/os/liteos/arch/arm/arm-m/armv7-m/gcc\los_dispatch.c **** 
 132:c:/Users/lenovo/Desktop/AIoT/first_day/firstday_afternoon/LiteOS_Lab_STM32_IoT/iot_link/os/liteos/arch/arm/arm-m/armv7-m/gcc\los_dispatch.c **** #if defined (__VFP_FP__) && !defined(__SOFTFP__)
 133:c:/Users/lenovo/Desktop/AIoT/first_day/firstday_afternoon/LiteOS_Lab_STM32_IoT/iot_link/os/liteos/arch/arm/arm-m/armv7-m/gcc\los_dispatch.c ****     "ADD    R12, R12, #4            @ if FPU exist, skip EXC_RETURN.\n\t"
 134:c:/Users/lenovo/Desktop/AIoT/first_day/firstday_afternoon/LiteOS_Lab_STM32_IoT/iot_link/os/liteos/arch/arm/arm-m/armv7-m/gcc\los_dispatch.c **** #endif
 135:c:/Users/lenovo/Desktop/AIoT/first_day/firstday_afternoon/LiteOS_Lab_STM32_IoT/iot_link/os/liteos/arch/arm/arm-m/armv7-m/gcc\los_dispatch.c **** 
 136:c:/Users/lenovo/Desktop/AIoT/first_day/firstday_afternoon/LiteOS_Lab_STM32_IoT/iot_link/os/liteos/arch/arm/arm-m/armv7-m/gcc\los_dispatch.c ****     "LDR    R0, [R12]\n\t"
 137:c:/Users/lenovo/Desktop/AIoT/first_day/firstday_afternoon/LiteOS_Lab_STM32_IoT/iot_link/os/liteos/arch/arm/arm-m/armv7-m/gcc\los_dispatch.c ****     "LDR    LR, [R12, #4 * 5]\n\t"
 138:c:/Users/lenovo/Desktop/AIoT/first_day/firstday_afternoon/LiteOS_Lab_STM32_IoT/iot_link/os/liteos/arch/arm/arm-m/armv7-m/gcc\los_dispatch.c ****     "LDR    R2, [R12, #4 * 6]\n\t"
 139:c:/Users/lenovo/Desktop/AIoT/first_day/firstday_afternoon/LiteOS_Lab_STM32_IoT/iot_link/os/liteos/arch/arm/arm-m/armv7-m/gcc\los_dispatch.c **** 
 140:c:/Users/lenovo/Desktop/AIoT/first_day/firstday_afternoon/LiteOS_Lab_STM32_IoT/iot_link/os/liteos/arch/arm/arm-m/armv7-m/gcc\los_dispatch.c ****     "ADD    R12, R12, #4 * 8\n\t"
 141:c:/Users/lenovo/Desktop/AIoT/first_day/firstday_afternoon/LiteOS_Lab_STM32_IoT/iot_link/os/liteos/arch/arm/arm-m/armv7-m/gcc\los_dispatch.c **** 
 142:c:/Users/lenovo/Desktop/AIoT/first_day/firstday_afternoon/LiteOS_Lab_STM32_IoT/iot_link/os/liteos/arch/arm/arm-m/armv7-m/gcc\los_dispatch.c ****     /**
 143:c:/Users/lenovo/Desktop/AIoT/first_day/firstday_afternoon/LiteOS_Lab_STM32_IoT/iot_link/os/liteos/arch/arm/arm-m/armv7-m/gcc\los_dispatch.c ****      * Set the stack pointer of g_stLosTask.pstRunTask to PSP.
 144:c:/Users/lenovo/Desktop/AIoT/first_day/firstday_afternoon/LiteOS_Lab_STM32_IoT/iot_link/os/liteos/arch/arm/arm-m/armv7-m/gcc\los_dispatch.c ****      */
 145:c:/Users/lenovo/Desktop/AIoT/first_day/firstday_afternoon/LiteOS_Lab_STM32_IoT/iot_link/os/liteos/arch/arm/arm-m/armv7-m/gcc\los_dispatch.c ****     "MSR    PSP, R12\n\t"
 146:c:/Users/lenovo/Desktop/AIoT/first_day/firstday_afternoon/LiteOS_Lab_STM32_IoT/iot_link/os/liteos/arch/arm/arm-m/armv7-m/gcc\los_dispatch.c **** 
 147:c:/Users/lenovo/Desktop/AIoT/first_day/firstday_afternoon/LiteOS_Lab_STM32_IoT/iot_link/os/liteos/arch/arm/arm-m/armv7-m/gcc\los_dispatch.c ****     /**
 148:c:/Users/lenovo/Desktop/AIoT/first_day/firstday_afternoon/LiteOS_Lab_STM32_IoT/iot_link/os/liteos/arch/arm/arm-m/armv7-m/gcc\los_dispatch.c ****      * Enable interrupt. (The default PRIMASK value is 0, so enable directly)
 149:c:/Users/lenovo/Desktop/AIoT/first_day/firstday_afternoon/LiteOS_Lab_STM32_IoT/iot_link/os/liteos/arch/arm/arm-m/armv7-m/gcc\los_dispatch.c ****      */
 150:c:/Users/lenovo/Desktop/AIoT/first_day/firstday_afternoon/LiteOS_Lab_STM32_IoT/iot_link/os/liteos/arch/arm/arm-m/armv7-m/gcc\los_dispatch.c ****     "CPSIE  I\n\t"
 151:c:/Users/lenovo/Desktop/AIoT/first_day/firstday_afternoon/LiteOS_Lab_STM32_IoT/iot_link/os/liteos/arch/arm/arm-m/armv7-m/gcc\los_dispatch.c **** 
 152:c:/Users/lenovo/Desktop/AIoT/first_day/firstday_afternoon/LiteOS_Lab_STM32_IoT/iot_link/os/liteos/arch/arm/arm-m/armv7-m/gcc\los_dispatch.c ****     /**
 153:c:/Users/lenovo/Desktop/AIoT/first_day/firstday_afternoon/LiteOS_Lab_STM32_IoT/iot_link/os/liteos/arch/arm/arm-m/armv7-m/gcc\los_dispatch.c ****      * Set the CONTROL register, after schedule start, privilege level and stack = PSP.
 154:c:/Users/lenovo/Desktop/AIoT/first_day/firstday_afternoon/LiteOS_Lab_STM32_IoT/iot_link/os/liteos/arch/arm/arm-m/armv7-m/gcc\los_dispatch.c ****      */
 155:c:/Users/lenovo/Desktop/AIoT/first_day/firstday_afternoon/LiteOS_Lab_STM32_IoT/iot_link/os/liteos/arch/arm/arm-m/armv7-m/gcc\los_dispatch.c ****     "MSR    CONTROL, R3\n\t"
 156:c:/Users/lenovo/Desktop/AIoT/first_day/firstday_afternoon/LiteOS_Lab_STM32_IoT/iot_link/os/liteos/arch/arm/arm-m/armv7-m/gcc\los_dispatch.c **** 
 157:c:/Users/lenovo/Desktop/AIoT/first_day/firstday_afternoon/LiteOS_Lab_STM32_IoT/iot_link/os/liteos/arch/arm/arm-m/armv7-m/gcc\los_dispatch.c ****     /**
 158:c:/Users/lenovo/Desktop/AIoT/first_day/firstday_afternoon/LiteOS_Lab_STM32_IoT/iot_link/os/liteos/arch/arm/arm-m/armv7-m/gcc\los_dispatch.c ****      * Jump directly to the default PC of g_stLosTask.pstRunTask, the field information
 159:c:/Users/lenovo/Desktop/AIoT/first_day/firstday_afternoon/LiteOS_Lab_STM32_IoT/iot_link/os/liteos/arch/arm/arm-m/armv7-m/gcc\los_dispatch.c ****      * of the main function will be destroyed and will never be returned.
 160:c:/Users/lenovo/Desktop/AIoT/first_day/firstday_afternoon/LiteOS_Lab_STM32_IoT/iot_link/os/liteos/arch/arm/arm-m/armv7-m/gcc\los_dispatch.c ****      */
 161:c:/Users/lenovo/Desktop/AIoT/first_day/firstday_afternoon/LiteOS_Lab_STM32_IoT/iot_link/os/liteos/arch/arm/arm-m/armv7-m/gcc\los_dispatch.c ****     "BX     R2\n\t"
ARM GAS  C:\Users\lenovo\AppData\Local\Temp\ccosjZw1.s 			page 5


 162:c:/Users/lenovo/Desktop/AIoT/first_day/firstday_afternoon/LiteOS_Lab_STM32_IoT/iot_link/os/liteos/arch/arm/arm-m/armv7-m/gcc\los_dispatch.c ****     :
 163:c:/Users/lenovo/Desktop/AIoT/first_day/firstday_afternoon/LiteOS_Lab_STM32_IoT/iot_link/os/liteos/arch/arm/arm-m/armv7-m/gcc\los_dispatch.c ****     : "X" (NVIC_SYSPRI2), "X" (NVIC_PENDSV_SYSTICK_PRI),
 164:c:/Users/lenovo/Desktop/AIoT/first_day/firstday_afternoon/LiteOS_Lab_STM32_IoT/iot_link/os/liteos/arch/arm/arm-m/armv7-m/gcc\los_dispatch.c ****       "I" (OS_TASK_STATUS_RUNNING), "X" (MPU_RBAR)
 165:c:/Users/lenovo/Desktop/AIoT/first_day/firstday_afternoon/LiteOS_Lab_STM32_IoT/iot_link/os/liteos/arch/arm/arm-m/armv7-m/gcc\los_dispatch.c ****     );
 166:c:/Users/lenovo/Desktop/AIoT/first_day/firstday_afternoon/LiteOS_Lab_STM32_IoT/iot_link/os/liteos/arch/arm/arm-m/armv7-m/gcc\los_dispatch.c **** }
  69              		.loc 1 166 1
  70              		.thumb
  71              		.syntax unified
  72 0056 00BF     		nop
  73              		.cfi_endproc
  74              	.LFE287:
  76              		.section	.text.LOS_IntLock,"ax",%progbits
  77              		.align	1
  78              		.global	LOS_IntLock
  79              		.syntax unified
  80              		.thumb
  81              		.thumb_func
  82              		.fpu fpv4-sp-d16
  84              	LOS_IntLock:
  85              	.LFB288:
 167:c:/Users/lenovo/Desktop/AIoT/first_day/firstday_afternoon/LiteOS_Lab_STM32_IoT/iot_link/os/liteos/arch/arm/arm-m/armv7-m/gcc\los_dispatch.c **** 
 168:c:/Users/lenovo/Desktop/AIoT/first_day/firstday_afternoon/LiteOS_Lab_STM32_IoT/iot_link/os/liteos/arch/arm/arm-m/armv7-m/gcc\los_dispatch.c **** /****************************************************************************************
 169:c:/Users/lenovo/Desktop/AIoT/first_day/firstday_afternoon/LiteOS_Lab_STM32_IoT/iot_link/os/liteos/arch/arm/arm-m/armv7-m/gcc\los_dispatch.c **** * Function:
 170:c:/Users/lenovo/Desktop/AIoT/first_day/firstday_afternoon/LiteOS_Lab_STM32_IoT/iot_link/os/liteos/arch/arm/arm-m/armv7-m/gcc\los_dispatch.c **** *        UINTPTR LOS_IntLock(VOID);
 171:c:/Users/lenovo/Desktop/AIoT/first_day/firstday_afternoon/LiteOS_Lab_STM32_IoT/iot_link/os/liteos/arch/arm/arm-m/armv7-m/gcc\los_dispatch.c **** * Description:
 172:c:/Users/lenovo/Desktop/AIoT/first_day/firstday_afternoon/LiteOS_Lab_STM32_IoT/iot_link/os/liteos/arch/arm/arm-m/armv7-m/gcc\los_dispatch.c **** *        Disable all interrupts except Reset,NMI and HardFault.
 173:c:/Users/lenovo/Desktop/AIoT/first_day/firstday_afternoon/LiteOS_Lab_STM32_IoT/iot_link/os/liteos/arch/arm/arm-m/armv7-m/gcc\los_dispatch.c **** *        The value of currnet interruption state will be returned to the caller to save.
 174:c:/Users/lenovo/Desktop/AIoT/first_day/firstday_afternoon/LiteOS_Lab_STM32_IoT/iot_link/os/liteos/arch/arm/arm-m/armv7-m/gcc\los_dispatch.c **** *
 175:c:/Users/lenovo/Desktop/AIoT/first_day/firstday_afternoon/LiteOS_Lab_STM32_IoT/iot_link/os/liteos/arch/arm/arm-m/armv7-m/gcc\los_dispatch.c **** * Function:
 176:c:/Users/lenovo/Desktop/AIoT/first_day/firstday_afternoon/LiteOS_Lab_STM32_IoT/iot_link/os/liteos/arch/arm/arm-m/armv7-m/gcc\los_dispatch.c **** *        VOID LOS_IntRestore(UINTPTR uvIntSave);
 177:c:/Users/lenovo/Desktop/AIoT/first_day/firstday_afternoon/LiteOS_Lab_STM32_IoT/iot_link/os/liteos/arch/arm/arm-m/armv7-m/gcc\los_dispatch.c **** * Description:
 178:c:/Users/lenovo/Desktop/AIoT/first_day/firstday_afternoon/LiteOS_Lab_STM32_IoT/iot_link/os/liteos/arch/arm/arm-m/armv7-m/gcc\los_dispatch.c **** *        Restore the locked interruption of LOS_IntLock.
 179:c:/Users/lenovo/Desktop/AIoT/first_day/firstday_afternoon/LiteOS_Lab_STM32_IoT/iot_link/os/liteos/arch/arm/arm-m/armv7-m/gcc\los_dispatch.c **** *        The caller must pass in the value of interruption state previously saved.
 180:c:/Users/lenovo/Desktop/AIoT/first_day/firstday_afternoon/LiteOS_Lab_STM32_IoT/iot_link/os/liteos/arch/arm/arm-m/armv7-m/gcc\los_dispatch.c **** ****************************************************************************************/
 181:c:/Users/lenovo/Desktop/AIoT/first_day/firstday_afternoon/LiteOS_Lab_STM32_IoT/iot_link/os/liteos/arch/arm/arm-m/armv7-m/gcc\los_dispatch.c **** __attribute__((naked)) UINTPTR LOS_IntLock(void)
 182:c:/Users/lenovo/Desktop/AIoT/first_day/firstday_afternoon/LiteOS_Lab_STM32_IoT/iot_link/os/liteos/arch/arm/arm-m/armv7-m/gcc\los_dispatch.c **** {
  86              		.loc 1 182 1
  87              		.cfi_startproc
  88              		@ Naked Function: prologue and epilogue provided by programmer.
  89              		@ args = 0, pretend = 0, frame = 0
  90              		@ frame_needed = 1, uses_anonymous_args = 0
 183:c:/Users/lenovo/Desktop/AIoT/first_day/firstday_afternoon/LiteOS_Lab_STM32_IoT/iot_link/os/liteos/arch/arm/arm-m/armv7-m/gcc\los_dispatch.c ****     asm (
  91              		.loc 1 183 5
  92              		.syntax unified
  93              	@ 183 "c:/Users/lenovo/Desktop/AIoT/first_day/firstday_afternoon/LiteOS_Lab_STM32_IoT/iot_link/os/l
  94              		.syntax unified
  95 0000 EFF31080 		MRS    R0, PRIMASK
  96 0004 72B6     		CPSID  I
  97 0006 7047     		BX     LR
  98              		
  99              	@ 0 "" 2
 184:c:/Users/lenovo/Desktop/AIoT/first_day/firstday_afternoon/LiteOS_Lab_STM32_IoT/iot_link/os/liteos/arch/arm/arm-m/armv7-m/gcc\los_dispatch.c ****     ".syntax unified\n\t"
 185:c:/Users/lenovo/Desktop/AIoT/first_day/firstday_afternoon/LiteOS_Lab_STM32_IoT/iot_link/os/liteos/arch/arm/arm-m/armv7-m/gcc\los_dispatch.c **** 
 186:c:/Users/lenovo/Desktop/AIoT/first_day/firstday_afternoon/LiteOS_Lab_STM32_IoT/iot_link/os/liteos/arch/arm/arm-m/armv7-m/gcc\los_dispatch.c ****     "MRS    R0, PRIMASK\n\t"
 187:c:/Users/lenovo/Desktop/AIoT/first_day/firstday_afternoon/LiteOS_Lab_STM32_IoT/iot_link/os/liteos/arch/arm/arm-m/armv7-m/gcc\los_dispatch.c ****     "CPSID  I\n\t"
 188:c:/Users/lenovo/Desktop/AIoT/first_day/firstday_afternoon/LiteOS_Lab_STM32_IoT/iot_link/os/liteos/arch/arm/arm-m/armv7-m/gcc\los_dispatch.c ****     "BX     LR\n\t"
 189:c:/Users/lenovo/Desktop/AIoT/first_day/firstday_afternoon/LiteOS_Lab_STM32_IoT/iot_link/os/liteos/arch/arm/arm-m/armv7-m/gcc\los_dispatch.c ****     );
ARM GAS  C:\Users\lenovo\AppData\Local\Temp\ccosjZw1.s 			page 6


 190:c:/Users/lenovo/Desktop/AIoT/first_day/firstday_afternoon/LiteOS_Lab_STM32_IoT/iot_link/os/liteos/arch/arm/arm-m/armv7-m/gcc\los_dispatch.c **** }
 100              		.loc 1 190 1
 101              		.thumb
 102              		.syntax unified
 103 0008 00BF     		nop
 104 000a 1846     		mov	r0, r3
 105              		.cfi_endproc
 106              	.LFE288:
 108              		.section	.text.LOS_IntUnLock,"ax",%progbits
 109              		.align	1
 110              		.global	LOS_IntUnLock
 111              		.syntax unified
 112              		.thumb
 113              		.thumb_func
 114              		.fpu fpv4-sp-d16
 116              	LOS_IntUnLock:
 117              	.LFB289:
 191:c:/Users/lenovo/Desktop/AIoT/first_day/firstday_afternoon/LiteOS_Lab_STM32_IoT/iot_link/os/liteos/arch/arm/arm-m/armv7-m/gcc\los_dispatch.c **** 
 192:c:/Users/lenovo/Desktop/AIoT/first_day/firstday_afternoon/LiteOS_Lab_STM32_IoT/iot_link/os/liteos/arch/arm/arm-m/armv7-m/gcc\los_dispatch.c **** __attribute__((naked)) UINTPTR LOS_IntUnLock(void)
 193:c:/Users/lenovo/Desktop/AIoT/first_day/firstday_afternoon/LiteOS_Lab_STM32_IoT/iot_link/os/liteos/arch/arm/arm-m/armv7-m/gcc\los_dispatch.c **** {
 118              		.loc 1 193 1
 119              		.cfi_startproc
 120              		@ Naked Function: prologue and epilogue provided by programmer.
 121              		@ args = 0, pretend = 0, frame = 0
 122              		@ frame_needed = 1, uses_anonymous_args = 0
 194:c:/Users/lenovo/Desktop/AIoT/first_day/firstday_afternoon/LiteOS_Lab_STM32_IoT/iot_link/os/liteos/arch/arm/arm-m/armv7-m/gcc\los_dispatch.c ****     asm (
 123              		.loc 1 194 5
 124              		.syntax unified
 125              	@ 194 "c:/Users/lenovo/Desktop/AIoT/first_day/firstday_afternoon/LiteOS_Lab_STM32_IoT/iot_link/os/l
 126              		.syntax unified
 127 0000 EFF31080 		MRS    R0, PRIMASK
 128 0004 62B6     		CPSIE  I
 129 0006 7047     		BX     LR
 130              		
 131              	@ 0 "" 2
 195:c:/Users/lenovo/Desktop/AIoT/first_day/firstday_afternoon/LiteOS_Lab_STM32_IoT/iot_link/os/liteos/arch/arm/arm-m/armv7-m/gcc\los_dispatch.c ****     ".syntax unified\n\t"
 196:c:/Users/lenovo/Desktop/AIoT/first_day/firstday_afternoon/LiteOS_Lab_STM32_IoT/iot_link/os/liteos/arch/arm/arm-m/armv7-m/gcc\los_dispatch.c **** 
 197:c:/Users/lenovo/Desktop/AIoT/first_day/firstday_afternoon/LiteOS_Lab_STM32_IoT/iot_link/os/liteos/arch/arm/arm-m/armv7-m/gcc\los_dispatch.c ****     "MRS    R0, PRIMASK\n\t"
 198:c:/Users/lenovo/Desktop/AIoT/first_day/firstday_afternoon/LiteOS_Lab_STM32_IoT/iot_link/os/liteos/arch/arm/arm-m/armv7-m/gcc\los_dispatch.c ****     "CPSIE  I\n\t"
 199:c:/Users/lenovo/Desktop/AIoT/first_day/firstday_afternoon/LiteOS_Lab_STM32_IoT/iot_link/os/liteos/arch/arm/arm-m/armv7-m/gcc\los_dispatch.c ****     "BX     LR\n\t"
 200:c:/Users/lenovo/Desktop/AIoT/first_day/firstday_afternoon/LiteOS_Lab_STM32_IoT/iot_link/os/liteos/arch/arm/arm-m/armv7-m/gcc\los_dispatch.c ****     );
 201:c:/Users/lenovo/Desktop/AIoT/first_day/firstday_afternoon/LiteOS_Lab_STM32_IoT/iot_link/os/liteos/arch/arm/arm-m/armv7-m/gcc\los_dispatch.c **** }
 132              		.loc 1 201 1
 133              		.thumb
 134              		.syntax unified
 135 0008 00BF     		nop
 136 000a 1846     		mov	r0, r3
 137              		.cfi_endproc
 138              	.LFE289:
 140              		.section	.text.LOS_IntRestore,"ax",%progbits
 141              		.align	1
 142              		.global	LOS_IntRestore
 143              		.syntax unified
 144              		.thumb
 145              		.thumb_func
 146              		.fpu fpv4-sp-d16
 148              	LOS_IntRestore:
ARM GAS  C:\Users\lenovo\AppData\Local\Temp\ccosjZw1.s 			page 7


 149              	.LFB290:
 202:c:/Users/lenovo/Desktop/AIoT/first_day/firstday_afternoon/LiteOS_Lab_STM32_IoT/iot_link/os/liteos/arch/arm/arm-m/armv7-m/gcc\los_dispatch.c **** 
 203:c:/Users/lenovo/Desktop/AIoT/first_day/firstday_afternoon/LiteOS_Lab_STM32_IoT/iot_link/os/liteos/arch/arm/arm-m/armv7-m/gcc\los_dispatch.c **** __attribute__((naked)) VOID LOS_IntRestore(UINTPTR key)
 204:c:/Users/lenovo/Desktop/AIoT/first_day/firstday_afternoon/LiteOS_Lab_STM32_IoT/iot_link/os/liteos/arch/arm/arm-m/armv7-m/gcc\los_dispatch.c **** {
 150              		.loc 1 204 1
 151              		.cfi_startproc
 152              		@ Naked Function: prologue and epilogue provided by programmer.
 153              		@ args = 0, pretend = 0, frame = 0
 154              		@ frame_needed = 1, uses_anonymous_args = 0
 205:c:/Users/lenovo/Desktop/AIoT/first_day/firstday_afternoon/LiteOS_Lab_STM32_IoT/iot_link/os/liteos/arch/arm/arm-m/armv7-m/gcc\los_dispatch.c ****     asm (
 155              		.loc 1 205 5
 156              		.syntax unified
 157              	@ 205 "c:/Users/lenovo/Desktop/AIoT/first_day/firstday_afternoon/LiteOS_Lab_STM32_IoT/iot_link/os/l
 158              		.syntax unified
 159 0000 80F31088 		MSR    PRIMASK, R0
 160 0004 7047     		BX     LR
 161              		
 162              	@ 0 "" 2
 206:c:/Users/lenovo/Desktop/AIoT/first_day/firstday_afternoon/LiteOS_Lab_STM32_IoT/iot_link/os/liteos/arch/arm/arm-m/armv7-m/gcc\los_dispatch.c ****     ".syntax unified\n\t"
 207:c:/Users/lenovo/Desktop/AIoT/first_day/firstday_afternoon/LiteOS_Lab_STM32_IoT/iot_link/os/liteos/arch/arm/arm-m/armv7-m/gcc\los_dispatch.c **** 
 208:c:/Users/lenovo/Desktop/AIoT/first_day/firstday_afternoon/LiteOS_Lab_STM32_IoT/iot_link/os/liteos/arch/arm/arm-m/armv7-m/gcc\los_dispatch.c ****     "MSR    PRIMASK, R0\n\t"
 209:c:/Users/lenovo/Desktop/AIoT/first_day/firstday_afternoon/LiteOS_Lab_STM32_IoT/iot_link/os/liteos/arch/arm/arm-m/armv7-m/gcc\los_dispatch.c ****     "BX     LR\n\t"
 210:c:/Users/lenovo/Desktop/AIoT/first_day/firstday_afternoon/LiteOS_Lab_STM32_IoT/iot_link/os/liteos/arch/arm/arm-m/armv7-m/gcc\los_dispatch.c ****     );
 211:c:/Users/lenovo/Desktop/AIoT/first_day/firstday_afternoon/LiteOS_Lab_STM32_IoT/iot_link/os/liteos/arch/arm/arm-m/armv7-m/gcc\los_dispatch.c **** }
 163              		.loc 1 211 1
 164              		.thumb
 165              		.syntax unified
 166 0006 00BF     		nop
 167              		.cfi_endproc
 168              	.LFE290:
 170              		.section	.text.osTaskSchedule,"ax",%progbits
 171              		.align	1
 172              		.global	osTaskSchedule
 173              		.syntax unified
 174              		.thumb
 175              		.thumb_func
 176              		.fpu fpv4-sp-d16
 178              	osTaskSchedule:
 179              	.LFB291:
 212:c:/Users/lenovo/Desktop/AIoT/first_day/firstday_afternoon/LiteOS_Lab_STM32_IoT/iot_link/os/liteos/arch/arm/arm-m/armv7-m/gcc\los_dispatch.c **** 
 213:c:/Users/lenovo/Desktop/AIoT/first_day/firstday_afternoon/LiteOS_Lab_STM32_IoT/iot_link/os/liteos/arch/arm/arm-m/armv7-m/gcc\los_dispatch.c **** /****************************************************************************************
 214:c:/Users/lenovo/Desktop/AIoT/first_day/firstday_afternoon/LiteOS_Lab_STM32_IoT/iot_link/os/liteos/arch/arm/arm-m/armv7-m/gcc\los_dispatch.c **** * Function:
 215:c:/Users/lenovo/Desktop/AIoT/first_day/firstday_afternoon/LiteOS_Lab_STM32_IoT/iot_link/os/liteos/arch/arm/arm-m/armv7-m/gcc\los_dispatch.c **** *        VOID osTaskSchedule(VOID);
 216:c:/Users/lenovo/Desktop/AIoT/first_day/firstday_afternoon/LiteOS_Lab_STM32_IoT/iot_link/os/liteos/arch/arm/arm-m/armv7-m/gcc\los_dispatch.c **** * Description:
 217:c:/Users/lenovo/Desktop/AIoT/first_day/firstday_afternoon/LiteOS_Lab_STM32_IoT/iot_link/os/liteos/arch/arm/arm-m/armv7-m/gcc\los_dispatch.c **** *        Start the task swtich process by software trigger PendSV interrupt.
 218:c:/Users/lenovo/Desktop/AIoT/first_day/firstday_afternoon/LiteOS_Lab_STM32_IoT/iot_link/os/liteos/arch/arm/arm-m/armv7-m/gcc\los_dispatch.c **** ****************************************************************************************/
 219:c:/Users/lenovo/Desktop/AIoT/first_day/firstday_afternoon/LiteOS_Lab_STM32_IoT/iot_link/os/liteos/arch/arm/arm-m/armv7-m/gcc\los_dispatch.c **** __attribute__((naked)) VOID osTaskSchedule(VOID)
 220:c:/Users/lenovo/Desktop/AIoT/first_day/firstday_afternoon/LiteOS_Lab_STM32_IoT/iot_link/os/liteos/arch/arm/arm-m/armv7-m/gcc\los_dispatch.c **** {
 180              		.loc 1 220 1
 181              		.cfi_startproc
 182              		@ Naked Function: prologue and epilogue provided by programmer.
 183              		@ args = 0, pretend = 0, frame = 0
 184              		@ frame_needed = 1, uses_anonymous_args = 0
 221:c:/Users/lenovo/Desktop/AIoT/first_day/firstday_afternoon/LiteOS_Lab_STM32_IoT/iot_link/os/liteos/arch/arm/arm-m/armv7-m/gcc\los_dispatch.c ****     asm (
 185              		.loc 1 221 5
 186              		.syntax unified
 187              	@ 221 "c:/Users/lenovo/Desktop/AIoT/first_day/firstday_afternoon/LiteOS_Lab_STM32_IoT/iot_link/os/l
ARM GAS  C:\Users\lenovo\AppData\Local\Temp\ccosjZw1.s 			page 8


 188              		.syntax unified
 189 0000 0248     		LDR    R0, =#-536810236                 @ NVIC_INT_CTRL
 190 0002 4FF08051 		LDR    R1, =#268435456                 @ NVIC_PENDSVSET
 191 0006 0160     		STR    R1, [R0]
 192 0008 7047     		BX     LR
 193              		
 194              	@ 0 "" 2
 222:c:/Users/lenovo/Desktop/AIoT/first_day/firstday_afternoon/LiteOS_Lab_STM32_IoT/iot_link/os/liteos/arch/arm/arm-m/armv7-m/gcc\los_dispatch.c ****     ".syntax unified\n\t"
 223:c:/Users/lenovo/Desktop/AIoT/first_day/firstday_afternoon/LiteOS_Lab_STM32_IoT/iot_link/os/liteos/arch/arm/arm-m/armv7-m/gcc\los_dispatch.c **** 
 224:c:/Users/lenovo/Desktop/AIoT/first_day/firstday_afternoon/LiteOS_Lab_STM32_IoT/iot_link/os/liteos/arch/arm/arm-m/armv7-m/gcc\los_dispatch.c ****     "LDR    R0, =%0                 @ NVIC_INT_CTRL\n\t"
 225:c:/Users/lenovo/Desktop/AIoT/first_day/firstday_afternoon/LiteOS_Lab_STM32_IoT/iot_link/os/liteos/arch/arm/arm-m/armv7-m/gcc\los_dispatch.c ****     "LDR    R1, =%1                 @ NVIC_PENDSVSET\n\t"
 226:c:/Users/lenovo/Desktop/AIoT/first_day/firstday_afternoon/LiteOS_Lab_STM32_IoT/iot_link/os/liteos/arch/arm/arm-m/armv7-m/gcc\los_dispatch.c ****     "STR    R1, [R0]\n\t"
 227:c:/Users/lenovo/Desktop/AIoT/first_day/firstday_afternoon/LiteOS_Lab_STM32_IoT/iot_link/os/liteos/arch/arm/arm-m/armv7-m/gcc\los_dispatch.c ****     "BX     LR\n\t"
 228:c:/Users/lenovo/Desktop/AIoT/first_day/firstday_afternoon/LiteOS_Lab_STM32_IoT/iot_link/os/liteos/arch/arm/arm-m/armv7-m/gcc\los_dispatch.c ****     :
 229:c:/Users/lenovo/Desktop/AIoT/first_day/firstday_afternoon/LiteOS_Lab_STM32_IoT/iot_link/os/liteos/arch/arm/arm-m/armv7-m/gcc\los_dispatch.c ****     : "X" (NVIC_INT_CTRL), "X" (NVIC_PENDSVSET)
 230:c:/Users/lenovo/Desktop/AIoT/first_day/firstday_afternoon/LiteOS_Lab_STM32_IoT/iot_link/os/liteos/arch/arm/arm-m/armv7-m/gcc\los_dispatch.c ****     );
 231:c:/Users/lenovo/Desktop/AIoT/first_day/firstday_afternoon/LiteOS_Lab_STM32_IoT/iot_link/os/liteos/arch/arm/arm-m/armv7-m/gcc\los_dispatch.c **** }
 195              		.loc 1 231 1
 196              		.thumb
 197              		.syntax unified
 198 000a 00BF     		nop
 199              		.cfi_endproc
 200              	.LFE291:
 202              		.section	.text.PendSV_Handler,"ax",%progbits
 203              		.align	1
 204              		.global	PendSV_Handler
 205              		.syntax unified
 206              		.thumb
 207              		.thumb_func
 208              		.fpu fpv4-sp-d16
 210              	PendSV_Handler:
 211              	.LFB292:
 232:c:/Users/lenovo/Desktop/AIoT/first_day/firstday_afternoon/LiteOS_Lab_STM32_IoT/iot_link/os/liteos/arch/arm/arm-m/armv7-m/gcc\los_dispatch.c **** 
 233:c:/Users/lenovo/Desktop/AIoT/first_day/firstday_afternoon/LiteOS_Lab_STM32_IoT/iot_link/os/liteos/arch/arm/arm-m/armv7-m/gcc\los_dispatch.c **** /****************************************************************************************
 234:c:/Users/lenovo/Desktop/AIoT/first_day/firstday_afternoon/LiteOS_Lab_STM32_IoT/iot_link/os/liteos/arch/arm/arm-m/armv7-m/gcc\los_dispatch.c **** * Function:
 235:c:/Users/lenovo/Desktop/AIoT/first_day/firstday_afternoon/LiteOS_Lab_STM32_IoT/iot_link/os/liteos/arch/arm/arm-m/armv7-m/gcc\los_dispatch.c **** *        VOID PendSV_Handler(VOID);
 236:c:/Users/lenovo/Desktop/AIoT/first_day/firstday_afternoon/LiteOS_Lab_STM32_IoT/iot_link/os/liteos/arch/arm/arm-m/armv7-m/gcc\los_dispatch.c **** * Description:
 237:c:/Users/lenovo/Desktop/AIoT/first_day/firstday_afternoon/LiteOS_Lab_STM32_IoT/iot_link/os/liteos/arch/arm/arm-m/armv7-m/gcc\los_dispatch.c **** *        PendSV interrupt handler, switch the context of the task.
 238:c:/Users/lenovo/Desktop/AIoT/first_day/firstday_afternoon/LiteOS_Lab_STM32_IoT/iot_link/os/liteos/arch/arm/arm-m/armv7-m/gcc\los_dispatch.c **** *        First: Save the context of the current running task(g_stLosTask.pstRunTask)
 239:c:/Users/lenovo/Desktop/AIoT/first_day/firstday_afternoon/LiteOS_Lab_STM32_IoT/iot_link/os/liteos/arch/arm/arm-m/armv7-m/gcc\los_dispatch.c **** *               to its own stack.
 240:c:/Users/lenovo/Desktop/AIoT/first_day/firstday_afternoon/LiteOS_Lab_STM32_IoT/iot_link/os/liteos/arch/arm/arm-m/armv7-m/gcc\los_dispatch.c **** *        Second: Restore the context of the next running task(g_stLosTask.pstNewTask)
 241:c:/Users/lenovo/Desktop/AIoT/first_day/firstday_afternoon/LiteOS_Lab_STM32_IoT/iot_link/os/liteos/arch/arm/arm-m/armv7-m/gcc\los_dispatch.c **** *                from its own stack.
 242:c:/Users/lenovo/Desktop/AIoT/first_day/firstday_afternoon/LiteOS_Lab_STM32_IoT/iot_link/os/liteos/arch/arm/arm-m/armv7-m/gcc\los_dispatch.c **** ****************************************************************************************/
 243:c:/Users/lenovo/Desktop/AIoT/first_day/firstday_afternoon/LiteOS_Lab_STM32_IoT/iot_link/os/liteos/arch/arm/arm-m/armv7-m/gcc\los_dispatch.c **** __attribute__((naked)) VOID PendSV_Handler(VOID)
 244:c:/Users/lenovo/Desktop/AIoT/first_day/firstday_afternoon/LiteOS_Lab_STM32_IoT/iot_link/os/liteos/arch/arm/arm-m/armv7-m/gcc\los_dispatch.c **** {
 212              		.loc 1 244 1
 213              		.cfi_startproc
 214              		@ Naked Function: prologue and epilogue provided by programmer.
 215              		@ args = 0, pretend = 0, frame = 0
 216              		@ frame_needed = 1, uses_anonymous_args = 0
 245:c:/Users/lenovo/Desktop/AIoT/first_day/firstday_afternoon/LiteOS_Lab_STM32_IoT/iot_link/os/liteos/arch/arm/arm-m/armv7-m/gcc\los_dispatch.c ****     asm (
 217              		.loc 1 245 5
 218              		.syntax unified
 219              	@ 245 "c:/Users/lenovo/Desktop/AIoT/first_day/firstday_afternoon/LiteOS_Lab_STM32_IoT/iot_link/os/l
 220              		.syntax unified
 221 0000 EFF3108C 		MRS    R12, PRIMASK
 222 0004 72B6     		CPSID  I
ARM GAS  C:\Users\lenovo\AppData\Local\Temp\ccosjZw1.s 			page 9


 223 0006 194A     		LDR    R2, =g_pfnTskSwitchHook
 224 0008 1268     		LDR    R2, [R2]
 225 000a 22B1     		CBZ    R2, 0f
 226 000c 2DE90050 		PUSH   {R12, LR}
 227 0010 9047     		BLX    R2
 228 0012 BDE80050 		POP    {R12, LR}
 229              		0:
 230 0016 EFF30980 		MRS    R0, PSP
 231 001a 1EF0100F 		TST    R14, #0x10              @ if the task using the FPU context
 232 001e 01D1     		BNE    0f
 233 0020 20ED108B 		VSTMDB R0!, {D8-D15}
 234              		0:
 235 0024 40F804ED 		STMFD  R0!, {R14}              @ save EXC_RETURN
 236 0028 20E9F01F 		STMFD  R0!, {R4-R12}           @ save the core registers and PRIMASK.
 237 002c 104D     		LDR    R5, =g_stLosTask
 238 002e 4FF01008 		MOV    R8, #16                 @ OS_TASK_STATUS_RUNNING
 239 0032 2E68     		LDR    R6, [R5]
 240 0034 3060     		STR    R0, [R6]
 241 0036 B788     		LDRH   R7, [R6, #4]
 242 0038 27EA0807 		BIC    R7, R7, R8
 243 003c B780     		STRH   R7, [R6, #4]
 244 003e 6868     		LDR    R0, [R5, #4]
 245 0040 2860     		STR    R0, [R5]
 246 0042 8788     		LDRH   R7, [R0, #4]
 247 0044 47EA0807 		ORR    R7, R7, R8
 248 0048 8780     		STRH   R7, [R0, #4]
 249 004a 0168     		LDR    R1, [R0]
 250 004c B1E8F01F 		LDMFD  R1!, {R4-R12}           @ restore the core registers and PRIMASK
 251 0050 51F804EB 		LDMFD  R1!, {R14}              @ restore EXC_RETURN
 252 0054 1EF0100F 		TST    R14, #0x10              @ if the task using the FPU context
 253 0058 01D1     		BNE    0f
 254 005a B1EC108B 		VLDMIA R1!, {D8-D15}
 255              		0:
 256 005e 81F30988 		MSR    PSP, R1
 257 0062 8CF31088 		MSR    PRIMASK, R12
 258 0066 7047     		BX     LR
 259              		
 260              	@ 0 "" 2
 246:c:/Users/lenovo/Desktop/AIoT/first_day/firstday_afternoon/LiteOS_Lab_STM32_IoT/iot_link/os/liteos/arch/arm/arm-m/armv7-m/gcc\los_dispatch.c ****     ".syntax unified\n\t"
 247:c:/Users/lenovo/Desktop/AIoT/first_day/firstday_afternoon/LiteOS_Lab_STM32_IoT/iot_link/os/liteos/arch/arm/arm-m/armv7-m/gcc\los_dispatch.c **** 
 248:c:/Users/lenovo/Desktop/AIoT/first_day/firstday_afternoon/LiteOS_Lab_STM32_IoT/iot_link/os/liteos/arch/arm/arm-m/armv7-m/gcc\los_dispatch.c ****     /**
 249:c:/Users/lenovo/Desktop/AIoT/first_day/firstday_afternoon/LiteOS_Lab_STM32_IoT/iot_link/os/liteos/arch/arm/arm-m/armv7-m/gcc\los_dispatch.c ****      * R12: Save the interruption state of the current running task.
 250:c:/Users/lenovo/Desktop/AIoT/first_day/firstday_afternoon/LiteOS_Lab_STM32_IoT/iot_link/os/liteos/arch/arm/arm-m/armv7-m/gcc\los_dispatch.c ****      * Disable all interrupts except Reset,NMI and HardFault
 251:c:/Users/lenovo/Desktop/AIoT/first_day/firstday_afternoon/LiteOS_Lab_STM32_IoT/iot_link/os/liteos/arch/arm/arm-m/armv7-m/gcc\los_dispatch.c ****      */
 252:c:/Users/lenovo/Desktop/AIoT/first_day/firstday_afternoon/LiteOS_Lab_STM32_IoT/iot_link/os/liteos/arch/arm/arm-m/armv7-m/gcc\los_dispatch.c ****     "MRS    R12, PRIMASK\n\t"
 253:c:/Users/lenovo/Desktop/AIoT/first_day/firstday_afternoon/LiteOS_Lab_STM32_IoT/iot_link/os/liteos/arch/arm/arm-m/armv7-m/gcc\los_dispatch.c ****     "CPSID  I\n\t"
 254:c:/Users/lenovo/Desktop/AIoT/first_day/firstday_afternoon/LiteOS_Lab_STM32_IoT/iot_link/os/liteos/arch/arm/arm-m/armv7-m/gcc\los_dispatch.c **** 
 255:c:/Users/lenovo/Desktop/AIoT/first_day/firstday_afternoon/LiteOS_Lab_STM32_IoT/iot_link/os/liteos/arch/arm/arm-m/armv7-m/gcc\los_dispatch.c ****     /**
 256:c:/Users/lenovo/Desktop/AIoT/first_day/firstday_afternoon/LiteOS_Lab_STM32_IoT/iot_link/os/liteos/arch/arm/arm-m/armv7-m/gcc\los_dispatch.c ****      * Call task switch hook.
 257:c:/Users/lenovo/Desktop/AIoT/first_day/firstday_afternoon/LiteOS_Lab_STM32_IoT/iot_link/os/liteos/arch/arm/arm-m/armv7-m/gcc\los_dispatch.c ****      */
 258:c:/Users/lenovo/Desktop/AIoT/first_day/firstday_afternoon/LiteOS_Lab_STM32_IoT/iot_link/os/liteos/arch/arm/arm-m/armv7-m/gcc\los_dispatch.c ****     "LDR    R2, =g_pfnTskSwitchHook\n\t"
 259:c:/Users/lenovo/Desktop/AIoT/first_day/firstday_afternoon/LiteOS_Lab_STM32_IoT/iot_link/os/liteos/arch/arm/arm-m/armv7-m/gcc\los_dispatch.c ****     "LDR    R2, [R2]\n\t"
 260:c:/Users/lenovo/Desktop/AIoT/first_day/firstday_afternoon/LiteOS_Lab_STM32_IoT/iot_link/os/liteos/arch/arm/arm-m/armv7-m/gcc\los_dispatch.c ****     "CBZ    R2, 0f\n\t"
 261:c:/Users/lenovo/Desktop/AIoT/first_day/firstday_afternoon/LiteOS_Lab_STM32_IoT/iot_link/os/liteos/arch/arm/arm-m/armv7-m/gcc\los_dispatch.c ****     "PUSH   {R12, LR}\n\t"
 262:c:/Users/lenovo/Desktop/AIoT/first_day/firstday_afternoon/LiteOS_Lab_STM32_IoT/iot_link/os/liteos/arch/arm/arm-m/armv7-m/gcc\los_dispatch.c ****     "BLX    R2\n\t"
 263:c:/Users/lenovo/Desktop/AIoT/first_day/firstday_afternoon/LiteOS_Lab_STM32_IoT/iot_link/os/liteos/arch/arm/arm-m/armv7-m/gcc\los_dispatch.c ****     "POP    {R12, LR}\n\t"
 264:c:/Users/lenovo/Desktop/AIoT/first_day/firstday_afternoon/LiteOS_Lab_STM32_IoT/iot_link/os/liteos/arch/arm/arm-m/armv7-m/gcc\los_dispatch.c **** 
ARM GAS  C:\Users\lenovo\AppData\Local\Temp\ccosjZw1.s 			page 10


 265:c:/Users/lenovo/Desktop/AIoT/first_day/firstday_afternoon/LiteOS_Lab_STM32_IoT/iot_link/os/liteos/arch/arm/arm-m/armv7-m/gcc\los_dispatch.c ****     "0:\n\t"
 266:c:/Users/lenovo/Desktop/AIoT/first_day/firstday_afternoon/LiteOS_Lab_STM32_IoT/iot_link/os/liteos/arch/arm/arm-m/armv7-m/gcc\los_dispatch.c **** 
 267:c:/Users/lenovo/Desktop/AIoT/first_day/firstday_afternoon/LiteOS_Lab_STM32_IoT/iot_link/os/liteos/arch/arm/arm-m/armv7-m/gcc\los_dispatch.c ****     /**
 268:c:/Users/lenovo/Desktop/AIoT/first_day/firstday_afternoon/LiteOS_Lab_STM32_IoT/iot_link/os/liteos/arch/arm/arm-m/armv7-m/gcc\los_dispatch.c ****      * R0 = now stack pointer of the current running task.
 269:c:/Users/lenovo/Desktop/AIoT/first_day/firstday_afternoon/LiteOS_Lab_STM32_IoT/iot_link/os/liteos/arch/arm/arm-m/armv7-m/gcc\los_dispatch.c ****      */
 270:c:/Users/lenovo/Desktop/AIoT/first_day/firstday_afternoon/LiteOS_Lab_STM32_IoT/iot_link/os/liteos/arch/arm/arm-m/armv7-m/gcc\los_dispatch.c ****     "MRS    R0, PSP\n\t"
 271:c:/Users/lenovo/Desktop/AIoT/first_day/firstday_afternoon/LiteOS_Lab_STM32_IoT/iot_link/os/liteos/arch/arm/arm-m/armv7-m/gcc\los_dispatch.c **** 
 272:c:/Users/lenovo/Desktop/AIoT/first_day/firstday_afternoon/LiteOS_Lab_STM32_IoT/iot_link/os/liteos/arch/arm/arm-m/armv7-m/gcc\los_dispatch.c ****     /**
 273:c:/Users/lenovo/Desktop/AIoT/first_day/firstday_afternoon/LiteOS_Lab_STM32_IoT/iot_link/os/liteos/arch/arm/arm-m/armv7-m/gcc\los_dispatch.c ****      * Save the stack frame([S16-S31,]R4-R11) of the current running task.
 274:c:/Users/lenovo/Desktop/AIoT/first_day/firstday_afternoon/LiteOS_Lab_STM32_IoT/iot_link/os/liteos/arch/arm/arm-m/armv7-m/gcc\los_dispatch.c ****      * R12 save the PRIMASK value of the current running task.
 275:c:/Users/lenovo/Desktop/AIoT/first_day/firstday_afternoon/LiteOS_Lab_STM32_IoT/iot_link/os/liteos/arch/arm/arm-m/armv7-m/gcc\los_dispatch.c ****      * NOTE: 1. Before entering the exception handler function, these registers
 276:c:/Users/lenovo/Desktop/AIoT/first_day/firstday_afternoon/LiteOS_Lab_STM32_IoT/iot_link/os/liteos/arch/arm/arm-m/armv7-m/gcc\los_dispatch.c ****      *       ([NO_NAME,FPSCR,S15-S0],xPSR,PC,LR,R12,R3-R0) have been automatically
 277:c:/Users/lenovo/Desktop/AIoT/first_day/firstday_afternoon/LiteOS_Lab_STM32_IoT/iot_link/os/liteos/arch/arm/arm-m/armv7-m/gcc\los_dispatch.c ****      *       saved by the CPU in the stack of the current running task.
 278:c:/Users/lenovo/Desktop/AIoT/first_day/firstday_afternoon/LiteOS_Lab_STM32_IoT/iot_link/os/liteos/arch/arm/arm-m/armv7-m/gcc\los_dispatch.c ****      *       2. If lazy stacking is enabled, space is reserved on the stack for
 279:c:/Users/lenovo/Desktop/AIoT/first_day/firstday_afternoon/LiteOS_Lab_STM32_IoT/iot_link/os/liteos/arch/arm/arm-m/armv7-m/gcc\los_dispatch.c ****      *       the floating-point context(FPSCR,S15-S0), but the floating-point state
 280:c:/Users/lenovo/Desktop/AIoT/first_day/firstday_afternoon/LiteOS_Lab_STM32_IoT/iot_link/os/liteos/arch/arm/arm-m/armv7-m/gcc\los_dispatch.c ****      *       is not saved. when the floating-point instruction(VSTMDBEQ  R0!, {D8-D15})
 281:c:/Users/lenovo/Desktop/AIoT/first_day/firstday_afternoon/LiteOS_Lab_STM32_IoT/iot_link/os/liteos/arch/arm/arm-m/armv7-m/gcc\los_dispatch.c ****      *       is executed, the floating-point context(FPSCR,S15-S0) is first saved into
 282:c:/Users/lenovo/Desktop/AIoT/first_day/firstday_afternoon/LiteOS_Lab_STM32_IoT/iot_link/os/liteos/arch/arm/arm-m/armv7-m/gcc\los_dispatch.c ****      *       the space reserved on the stack. In other words, the instruction
 283:c:/Users/lenovo/Desktop/AIoT/first_day/firstday_afternoon/LiteOS_Lab_STM32_IoT/iot_link/os/liteos/arch/arm/arm-m/armv7-m/gcc\los_dispatch.c ****      *       'VSTMDBEQ  R0!, {D8-D15}' will trigger the CPU to save 'FPSCR,S15-S0' first.
 284:c:/Users/lenovo/Desktop/AIoT/first_day/firstday_afternoon/LiteOS_Lab_STM32_IoT/iot_link/os/liteos/arch/arm/arm-m/armv7-m/gcc\los_dispatch.c ****      *
 285:c:/Users/lenovo/Desktop/AIoT/first_day/firstday_afternoon/LiteOS_Lab_STM32_IoT/iot_link/os/liteos/arch/arm/arm-m/armv7-m/gcc\los_dispatch.c ****      * The stack of the current running task is as follows:
 286:c:/Users/lenovo/Desktop/AIoT/first_day/firstday_afternoon/LiteOS_Lab_STM32_IoT/iot_link/os/liteos/arch/arm/arm-m/armv7-m/gcc\los_dispatch.c ****      *
 287:c:/Users/lenovo/Desktop/AIoT/first_day/firstday_afternoon/LiteOS_Lab_STM32_IoT/iot_link/os/liteos/arch/arm/arm-m/armv7-m/gcc\los_dispatch.c ****      *   |<=== PUSH: Save the context of the current running task
 288:c:/Users/lenovo/Desktop/AIoT/first_day/firstday_afternoon/LiteOS_Lab_STM32_IoT/iot_link/os/liteos/arch/arm/arm-m/armv7-m/gcc\los_dispatch.c ****      *   |                                                                        High addr--->|
 289:c:/Users/lenovo/Desktop/AIoT/first_day/firstday_afternoon/LiteOS_Lab_STM32_IoT/iot_link/os/liteos/arch/arm/arm-m/armv7-m/gcc\los_dispatch.c ****      * --+---------------------------------------+---------------------------------------------+---
 290:c:/Users/lenovo/Desktop/AIoT/first_day/firstday_afternoon/LiteOS_Lab_STM32_IoT/iot_link/os/liteos/arch/arm/arm-m/armv7-m/gcc\los_dispatch.c ****      *   | R4-R11,PRIMASK[,EXC_RETURN[,S16-S31]] | R0-R3,R12,LR,PC,xPSR[,S0-S15,FPSCR,NO_NAME] |
 291:c:/Users/lenovo/Desktop/AIoT/first_day/firstday_afternoon/LiteOS_Lab_STM32_IoT/iot_link/os/liteos/arch/arm/arm-m/armv7-m/gcc\los_dispatch.c ****      *   |                                                             [    lazy stacking    ] |
 292:c:/Users/lenovo/Desktop/AIoT/first_day/firstday_afternoon/LiteOS_Lab_STM32_IoT/iot_link/os/liteos/arch/arm/arm-m/armv7-m/gcc\los_dispatch.c ****      * --+---------------------------------------+---------------------------------------------+---
 293:c:/Users/lenovo/Desktop/AIoT/first_day/firstday_afternoon/LiteOS_Lab_STM32_IoT/iot_link/os/liteos/arch/arm/arm-m/armv7-m/gcc\los_dispatch.c ****      *                                              Stack pointer before entering exception--->|
 294:c:/Users/lenovo/Desktop/AIoT/first_day/firstday_afternoon/LiteOS_Lab_STM32_IoT/iot_link/os/liteos/arch/arm/arm-m/armv7-m/gcc\los_dispatch.c ****      *                                           |<---            cpu auto saved           --->|
 295:c:/Users/lenovo/Desktop/AIoT/first_day/firstday_afternoon/LiteOS_Lab_STM32_IoT/iot_link/os/liteos/arch/arm/arm-m/armv7-m/gcc\los_dispatch.c ****      *                                           |<---PSP to R0
 296:c:/Users/lenovo/Desktop/AIoT/first_day/firstday_afternoon/LiteOS_Lab_STM32_IoT/iot_link/os/liteos/arch/arm/arm-m/armv7-m/gcc\los_dispatch.c ****      *   |<---Top of the stack, save to g_stLosTask.pstRunTask->pStackPointer
 297:c:/Users/lenovo/Desktop/AIoT/first_day/firstday_afternoon/LiteOS_Lab_STM32_IoT/iot_link/os/liteos/arch/arm/arm-m/armv7-m/gcc\los_dispatch.c ****      */
 298:c:/Users/lenovo/Desktop/AIoT/first_day/firstday_afternoon/LiteOS_Lab_STM32_IoT/iot_link/os/liteos/arch/arm/arm-m/armv7-m/gcc\los_dispatch.c **** #if defined (__VFP_FP__) && !defined(__SOFTFP__)       /* if FPU exist. */
 299:c:/Users/lenovo/Desktop/AIoT/first_day/firstday_afternoon/LiteOS_Lab_STM32_IoT/iot_link/os/liteos/arch/arm/arm-m/armv7-m/gcc\los_dispatch.c ****     "TST    R14, #0x10              @ if the task using the FPU context\n\t"
 300:c:/Users/lenovo/Desktop/AIoT/first_day/firstday_afternoon/LiteOS_Lab_STM32_IoT/iot_link/os/liteos/arch/arm/arm-m/armv7-m/gcc\los_dispatch.c ****     "BNE    0f\n\t"
 301:c:/Users/lenovo/Desktop/AIoT/first_day/firstday_afternoon/LiteOS_Lab_STM32_IoT/iot_link/os/liteos/arch/arm/arm-m/armv7-m/gcc\los_dispatch.c ****     "VSTMDB R0!, {D8-D15}\n\t"
 302:c:/Users/lenovo/Desktop/AIoT/first_day/firstday_afternoon/LiteOS_Lab_STM32_IoT/iot_link/os/liteos/arch/arm/arm-m/armv7-m/gcc\los_dispatch.c ****     "0:\n\t"
 303:c:/Users/lenovo/Desktop/AIoT/first_day/firstday_afternoon/LiteOS_Lab_STM32_IoT/iot_link/os/liteos/arch/arm/arm-m/armv7-m/gcc\los_dispatch.c ****     "STMFD  R0!, {R14}              @ save EXC_RETURN\n\t"
 304:c:/Users/lenovo/Desktop/AIoT/first_day/firstday_afternoon/LiteOS_Lab_STM32_IoT/iot_link/os/liteos/arch/arm/arm-m/armv7-m/gcc\los_dispatch.c **** #endif
 305:c:/Users/lenovo/Desktop/AIoT/first_day/firstday_afternoon/LiteOS_Lab_STM32_IoT/iot_link/os/liteos/arch/arm/arm-m/armv7-m/gcc\los_dispatch.c **** 
 306:c:/Users/lenovo/Desktop/AIoT/first_day/firstday_afternoon/LiteOS_Lab_STM32_IoT/iot_link/os/liteos/arch/arm/arm-m/armv7-m/gcc\los_dispatch.c ****     "STMFD  R0!, {R4-R12}           @ save the core registers and PRIMASK.\n\t"
 307:c:/Users/lenovo/Desktop/AIoT/first_day/firstday_afternoon/LiteOS_Lab_STM32_IoT/iot_link/os/liteos/arch/arm/arm-m/armv7-m/gcc\los_dispatch.c **** 
 308:c:/Users/lenovo/Desktop/AIoT/first_day/firstday_afternoon/LiteOS_Lab_STM32_IoT/iot_link/os/liteos/arch/arm/arm-m/armv7-m/gcc\los_dispatch.c **** #if (LOSCFG_ENABLE_MPU == YES)
 309:c:/Users/lenovo/Desktop/AIoT/first_day/firstday_afternoon/LiteOS_Lab_STM32_IoT/iot_link/os/liteos/arch/arm/arm-m/armv7-m/gcc\los_dispatch.c ****     "MRS    R1, CONTROL\n\t"
 310:c:/Users/lenovo/Desktop/AIoT/first_day/firstday_afternoon/LiteOS_Lab_STM32_IoT/iot_link/os/liteos/arch/arm/arm-m/armv7-m/gcc\los_dispatch.c ****     "STR    R1, [R0, #-4]!\n\t"
 311:c:/Users/lenovo/Desktop/AIoT/first_day/firstday_afternoon/LiteOS_Lab_STM32_IoT/iot_link/os/liteos/arch/arm/arm-m/armv7-m/gcc\los_dispatch.c **** #endif
 312:c:/Users/lenovo/Desktop/AIoT/first_day/firstday_afternoon/LiteOS_Lab_STM32_IoT/iot_link/os/liteos/arch/arm/arm-m/armv7-m/gcc\los_dispatch.c **** 
 313:c:/Users/lenovo/Desktop/AIoT/first_day/firstday_afternoon/LiteOS_Lab_STM32_IoT/iot_link/os/liteos/arch/arm/arm-m/armv7-m/gcc\los_dispatch.c ****     /**
 314:c:/Users/lenovo/Desktop/AIoT/first_day/firstday_afternoon/LiteOS_Lab_STM32_IoT/iot_link/os/liteos/arch/arm/arm-m/armv7-m/gcc\los_dispatch.c ****      * R5,R8.
 315:c:/Users/lenovo/Desktop/AIoT/first_day/firstday_afternoon/LiteOS_Lab_STM32_IoT/iot_link/os/liteos/arch/arm/arm-m/armv7-m/gcc\los_dispatch.c ****      */
 316:c:/Users/lenovo/Desktop/AIoT/first_day/firstday_afternoon/LiteOS_Lab_STM32_IoT/iot_link/os/liteos/arch/arm/arm-m/armv7-m/gcc\los_dispatch.c ****     "LDR    R5, =g_stLosTask\n\t"
 317:c:/Users/lenovo/Desktop/AIoT/first_day/firstday_afternoon/LiteOS_Lab_STM32_IoT/iot_link/os/liteos/arch/arm/arm-m/armv7-m/gcc\los_dispatch.c ****     "MOV    R8, %0                 @ OS_TASK_STATUS_RUNNING\n\t"
 318:c:/Users/lenovo/Desktop/AIoT/first_day/firstday_afternoon/LiteOS_Lab_STM32_IoT/iot_link/os/liteos/arch/arm/arm-m/armv7-m/gcc\los_dispatch.c **** 
 319:c:/Users/lenovo/Desktop/AIoT/first_day/firstday_afternoon/LiteOS_Lab_STM32_IoT/iot_link/os/liteos/arch/arm/arm-m/armv7-m/gcc\los_dispatch.c ****     /**
 320:c:/Users/lenovo/Desktop/AIoT/first_day/firstday_afternoon/LiteOS_Lab_STM32_IoT/iot_link/os/liteos/arch/arm/arm-m/armv7-m/gcc\los_dispatch.c ****      * Save the stack pointer of the current running task to TCB.
 321:c:/Users/lenovo/Desktop/AIoT/first_day/firstday_afternoon/LiteOS_Lab_STM32_IoT/iot_link/os/liteos/arch/arm/arm-m/armv7-m/gcc\los_dispatch.c ****      * (g_stLosTask.pstRunTask->pStackPointer = R0)
ARM GAS  C:\Users\lenovo\AppData\Local\Temp\ccosjZw1.s 			page 11


 322:c:/Users/lenovo/Desktop/AIoT/first_day/firstday_afternoon/LiteOS_Lab_STM32_IoT/iot_link/os/liteos/arch/arm/arm-m/armv7-m/gcc\los_dispatch.c ****      */
 323:c:/Users/lenovo/Desktop/AIoT/first_day/firstday_afternoon/LiteOS_Lab_STM32_IoT/iot_link/os/liteos/arch/arm/arm-m/armv7-m/gcc\los_dispatch.c ****     "LDR    R6, [R5]\n\t"
 324:c:/Users/lenovo/Desktop/AIoT/first_day/firstday_afternoon/LiteOS_Lab_STM32_IoT/iot_link/os/liteos/arch/arm/arm-m/armv7-m/gcc\los_dispatch.c ****     "STR    R0, [R6]\n\t"
 325:c:/Users/lenovo/Desktop/AIoT/first_day/firstday_afternoon/LiteOS_Lab_STM32_IoT/iot_link/os/liteos/arch/arm/arm-m/armv7-m/gcc\los_dispatch.c **** 
 326:c:/Users/lenovo/Desktop/AIoT/first_day/firstday_afternoon/LiteOS_Lab_STM32_IoT/iot_link/os/liteos/arch/arm/arm-m/armv7-m/gcc\los_dispatch.c ****     /**
 327:c:/Users/lenovo/Desktop/AIoT/first_day/firstday_afternoon/LiteOS_Lab_STM32_IoT/iot_link/os/liteos/arch/arm/arm-m/armv7-m/gcc\los_dispatch.c ****      * Clear the RUNNING state of the current running task.
 328:c:/Users/lenovo/Desktop/AIoT/first_day/firstday_afternoon/LiteOS_Lab_STM32_IoT/iot_link/os/liteos/arch/arm/arm-m/armv7-m/gcc\los_dispatch.c ****      * (g_stLosTask.pstRunTask->usTaskStatus &= ~OS_TASK_STATUS_RUNNING)
 329:c:/Users/lenovo/Desktop/AIoT/first_day/firstday_afternoon/LiteOS_Lab_STM32_IoT/iot_link/os/liteos/arch/arm/arm-m/armv7-m/gcc\los_dispatch.c ****      */
 330:c:/Users/lenovo/Desktop/AIoT/first_day/firstday_afternoon/LiteOS_Lab_STM32_IoT/iot_link/os/liteos/arch/arm/arm-m/armv7-m/gcc\los_dispatch.c ****     "LDRH   R7, [R6, #4]\n\t"
 331:c:/Users/lenovo/Desktop/AIoT/first_day/firstday_afternoon/LiteOS_Lab_STM32_IoT/iot_link/os/liteos/arch/arm/arm-m/armv7-m/gcc\los_dispatch.c ****     "BIC    R7, R7, R8\n\t"
 332:c:/Users/lenovo/Desktop/AIoT/first_day/firstday_afternoon/LiteOS_Lab_STM32_IoT/iot_link/os/liteos/arch/arm/arm-m/armv7-m/gcc\los_dispatch.c ****     "STRH   R7, [R6, #4]\n\t"
 333:c:/Users/lenovo/Desktop/AIoT/first_day/firstday_afternoon/LiteOS_Lab_STM32_IoT/iot_link/os/liteos/arch/arm/arm-m/armv7-m/gcc\los_dispatch.c **** 
 334:c:/Users/lenovo/Desktop/AIoT/first_day/firstday_afternoon/LiteOS_Lab_STM32_IoT/iot_link/os/liteos/arch/arm/arm-m/armv7-m/gcc\los_dispatch.c ****     /**
 335:c:/Users/lenovo/Desktop/AIoT/first_day/firstday_afternoon/LiteOS_Lab_STM32_IoT/iot_link/os/liteos/arch/arm/arm-m/armv7-m/gcc\los_dispatch.c ****      * Switch the current running task to the next running task.
 336:c:/Users/lenovo/Desktop/AIoT/first_day/firstday_afternoon/LiteOS_Lab_STM32_IoT/iot_link/os/liteos/arch/arm/arm-m/armv7-m/gcc\los_dispatch.c ****      * (g_stLosTask.pstRunTask = g_stLosTask.pstNewTask)
 337:c:/Users/lenovo/Desktop/AIoT/first_day/firstday_afternoon/LiteOS_Lab_STM32_IoT/iot_link/os/liteos/arch/arm/arm-m/armv7-m/gcc\los_dispatch.c ****      */
 338:c:/Users/lenovo/Desktop/AIoT/first_day/firstday_afternoon/LiteOS_Lab_STM32_IoT/iot_link/os/liteos/arch/arm/arm-m/armv7-m/gcc\los_dispatch.c ****     "LDR    R0, [R5, #4]\n\t"
 339:c:/Users/lenovo/Desktop/AIoT/first_day/firstday_afternoon/LiteOS_Lab_STM32_IoT/iot_link/os/liteos/arch/arm/arm-m/armv7-m/gcc\los_dispatch.c ****     "STR    R0, [R5]\n\t"
 340:c:/Users/lenovo/Desktop/AIoT/first_day/firstday_afternoon/LiteOS_Lab_STM32_IoT/iot_link/os/liteos/arch/arm/arm-m/armv7-m/gcc\los_dispatch.c **** 
 341:c:/Users/lenovo/Desktop/AIoT/first_day/firstday_afternoon/LiteOS_Lab_STM32_IoT/iot_link/os/liteos/arch/arm/arm-m/armv7-m/gcc\los_dispatch.c ****     /**
 342:c:/Users/lenovo/Desktop/AIoT/first_day/firstday_afternoon/LiteOS_Lab_STM32_IoT/iot_link/os/liteos/arch/arm/arm-m/armv7-m/gcc\los_dispatch.c ****      * Set the RUNNING state of the next running task.
 343:c:/Users/lenovo/Desktop/AIoT/first_day/firstday_afternoon/LiteOS_Lab_STM32_IoT/iot_link/os/liteos/arch/arm/arm-m/armv7-m/gcc\los_dispatch.c ****      * (g_stLosTask.pstNewTask->usTaskStatus |= OS_TASK_STATUS_RUNNING)
 344:c:/Users/lenovo/Desktop/AIoT/first_day/firstday_afternoon/LiteOS_Lab_STM32_IoT/iot_link/os/liteos/arch/arm/arm-m/armv7-m/gcc\los_dispatch.c ****      */
 345:c:/Users/lenovo/Desktop/AIoT/first_day/firstday_afternoon/LiteOS_Lab_STM32_IoT/iot_link/os/liteos/arch/arm/arm-m/armv7-m/gcc\los_dispatch.c ****     "LDRH   R7, [R0, #4]\n\t"
 346:c:/Users/lenovo/Desktop/AIoT/first_day/firstday_afternoon/LiteOS_Lab_STM32_IoT/iot_link/os/liteos/arch/arm/arm-m/armv7-m/gcc\los_dispatch.c ****     "ORR    R7, R7, R8\n\t"
 347:c:/Users/lenovo/Desktop/AIoT/first_day/firstday_afternoon/LiteOS_Lab_STM32_IoT/iot_link/os/liteos/arch/arm/arm-m/armv7-m/gcc\los_dispatch.c ****     "STRH   R7, [R0, #4]\n\t"
 348:c:/Users/lenovo/Desktop/AIoT/first_day/firstday_afternoon/LiteOS_Lab_STM32_IoT/iot_link/os/liteos/arch/arm/arm-m/armv7-m/gcc\los_dispatch.c **** 
 349:c:/Users/lenovo/Desktop/AIoT/first_day/firstday_afternoon/LiteOS_Lab_STM32_IoT/iot_link/os/liteos/arch/arm/arm-m/armv7-m/gcc\los_dispatch.c ****     /**
 350:c:/Users/lenovo/Desktop/AIoT/first_day/firstday_afternoon/LiteOS_Lab_STM32_IoT/iot_link/os/liteos/arch/arm/arm-m/armv7-m/gcc\los_dispatch.c ****      * Restore the stack pointer of the next running task from TCB.
 351:c:/Users/lenovo/Desktop/AIoT/first_day/firstday_afternoon/LiteOS_Lab_STM32_IoT/iot_link/os/liteos/arch/arm/arm-m/armv7-m/gcc\los_dispatch.c ****      * (R1 = g_stLosTask.pstNewTask->pStackPointer)
 352:c:/Users/lenovo/Desktop/AIoT/first_day/firstday_afternoon/LiteOS_Lab_STM32_IoT/iot_link/os/liteos/arch/arm/arm-m/armv7-m/gcc\los_dispatch.c ****      */
 353:c:/Users/lenovo/Desktop/AIoT/first_day/firstday_afternoon/LiteOS_Lab_STM32_IoT/iot_link/os/liteos/arch/arm/arm-m/armv7-m/gcc\los_dispatch.c ****     "LDR    R1, [R0]\n\t"
 354:c:/Users/lenovo/Desktop/AIoT/first_day/firstday_afternoon/LiteOS_Lab_STM32_IoT/iot_link/os/liteos/arch/arm/arm-m/armv7-m/gcc\los_dispatch.c **** 
 355:c:/Users/lenovo/Desktop/AIoT/first_day/firstday_afternoon/LiteOS_Lab_STM32_IoT/iot_link/os/liteos/arch/arm/arm-m/armv7-m/gcc\los_dispatch.c **** #if (LOSCFG_ENABLE_MPU == YES)
 356:c:/Users/lenovo/Desktop/AIoT/first_day/firstday_afternoon/LiteOS_Lab_STM32_IoT/iot_link/os/liteos/arch/arm/arm-m/armv7-m/gcc\los_dispatch.c ****     /**
 357:c:/Users/lenovo/Desktop/AIoT/first_day/firstday_afternoon/LiteOS_Lab_STM32_IoT/iot_link/os/liteos/arch/arm/arm-m/armv7-m/gcc\los_dispatch.c ****      * Set the CONTROL register
 358:c:/Users/lenovo/Desktop/AIoT/first_day/firstday_afternoon/LiteOS_Lab_STM32_IoT/iot_link/os/liteos/arch/arm/arm-m/armv7-m/gcc\los_dispatch.c ****      */
 359:c:/Users/lenovo/Desktop/AIoT/first_day/firstday_afternoon/LiteOS_Lab_STM32_IoT/iot_link/os/liteos/arch/arm/arm-m/armv7-m/gcc\los_dispatch.c **** 
 360:c:/Users/lenovo/Desktop/AIoT/first_day/firstday_afternoon/LiteOS_Lab_STM32_IoT/iot_link/os/liteos/arch/arm/arm-m/armv7-m/gcc\los_dispatch.c ****     "LDR    R4, [R0, #8]            @ TCB->pMpuSettings\n\t"
 361:c:/Users/lenovo/Desktop/AIoT/first_day/firstday_afternoon/LiteOS_Lab_STM32_IoT/iot_link/os/liteos/arch/arm/arm-m/armv7-m/gcc\los_dispatch.c ****     "LDR    R5, =%1                 @ MPU_RBAR\n\t"
 362:c:/Users/lenovo/Desktop/AIoT/first_day/firstday_afternoon/LiteOS_Lab_STM32_IoT/iot_link/os/liteos/arch/arm/arm-m/armv7-m/gcc\los_dispatch.c ****     "LDM    R4!, {R6-R11}\n\t"
 363:c:/Users/lenovo/Desktop/AIoT/first_day/firstday_afternoon/LiteOS_Lab_STM32_IoT/iot_link/os/liteos/arch/arm/arm-m/armv7-m/gcc\los_dispatch.c ****     "STM    R5, {R6-R11}\n\t"
 364:c:/Users/lenovo/Desktop/AIoT/first_day/firstday_afternoon/LiteOS_Lab_STM32_IoT/iot_link/os/liteos/arch/arm/arm-m/armv7-m/gcc\los_dispatch.c ****     "LDM    R4!, {R6-R11}\n\t"
 365:c:/Users/lenovo/Desktop/AIoT/first_day/firstday_afternoon/LiteOS_Lab_STM32_IoT/iot_link/os/liteos/arch/arm/arm-m/armv7-m/gcc\los_dispatch.c ****     "STM    R5, {R6-R11}\n\t"
 366:c:/Users/lenovo/Desktop/AIoT/first_day/firstday_afternoon/LiteOS_Lab_STM32_IoT/iot_link/os/liteos/arch/arm/arm-m/armv7-m/gcc\los_dispatch.c ****     "LDR    R4, [R1], #4\n\t"
 367:c:/Users/lenovo/Desktop/AIoT/first_day/firstday_afternoon/LiteOS_Lab_STM32_IoT/iot_link/os/liteos/arch/arm/arm-m/armv7-m/gcc\los_dispatch.c ****     "MSR    CONTROL, R4\n\t"
 368:c:/Users/lenovo/Desktop/AIoT/first_day/firstday_afternoon/LiteOS_Lab_STM32_IoT/iot_link/os/liteos/arch/arm/arm-m/armv7-m/gcc\los_dispatch.c **** #endif
 369:c:/Users/lenovo/Desktop/AIoT/first_day/firstday_afternoon/LiteOS_Lab_STM32_IoT/iot_link/os/liteos/arch/arm/arm-m/armv7-m/gcc\los_dispatch.c **** 
 370:c:/Users/lenovo/Desktop/AIoT/first_day/firstday_afternoon/LiteOS_Lab_STM32_IoT/iot_link/os/liteos/arch/arm/arm-m/armv7-m/gcc\los_dispatch.c ****     /**
 371:c:/Users/lenovo/Desktop/AIoT/first_day/firstday_afternoon/LiteOS_Lab_STM32_IoT/iot_link/os/liteos/arch/arm/arm-m/armv7-m/gcc\los_dispatch.c ****      * Restore the stack frame(R4-R11[,S16-S31]) of the next running task.
 372:c:/Users/lenovo/Desktop/AIoT/first_day/firstday_afternoon/LiteOS_Lab_STM32_IoT/iot_link/os/liteos/arch/arm/arm-m/armv7-m/gcc\los_dispatch.c ****      * R12 restore the PRIMASK value of the next running task.
 373:c:/Users/lenovo/Desktop/AIoT/first_day/firstday_afternoon/LiteOS_Lab_STM32_IoT/iot_link/os/liteos/arch/arm/arm-m/armv7-m/gcc\los_dispatch.c ****      * NOTE: After exiting the exception handler function, these registers
 374:c:/Users/lenovo/Desktop/AIoT/first_day/firstday_afternoon/LiteOS_Lab_STM32_IoT/iot_link/os/liteos/arch/arm/arm-m/armv7-m/gcc\los_dispatch.c ****      *       (PC,xPSR,R0-R3,R12,LR[,S0-S15,FPSCR,NO_NAME]) will be automatically
 375:c:/Users/lenovo/Desktop/AIoT/first_day/firstday_afternoon/LiteOS_Lab_STM32_IoT/iot_link/os/liteos/arch/arm/arm-m/armv7-m/gcc\los_dispatch.c ****      *       restored by the CPU from the stack of the next running task.
 376:c:/Users/lenovo/Desktop/AIoT/first_day/firstday_afternoon/LiteOS_Lab_STM32_IoT/iot_link/os/liteos/arch/arm/arm-m/armv7-m/gcc\los_dispatch.c ****      *
 377:c:/Users/lenovo/Desktop/AIoT/first_day/firstday_afternoon/LiteOS_Lab_STM32_IoT/iot_link/os/liteos/arch/arm/arm-m/armv7-m/gcc\los_dispatch.c ****      * 1. The stack of the next running task is as follows:
 378:c:/Users/lenovo/Desktop/AIoT/first_day/firstday_afternoon/LiteOS_Lab_STM32_IoT/iot_link/os/liteos/arch/arm/arm-m/armv7-m/gcc\los_dispatch.c ****      *
ARM GAS  C:\Users\lenovo\AppData\Local\Temp\ccosjZw1.s 			page 12


 379:c:/Users/lenovo/Desktop/AIoT/first_day/firstday_afternoon/LiteOS_Lab_STM32_IoT/iot_link/os/liteos/arch/arm/arm-m/armv7-m/gcc\los_dispatch.c ****      *                                   POP: Restore the context of the next running task ===>|
 380:c:/Users/lenovo/Desktop/AIoT/first_day/firstday_afternoon/LiteOS_Lab_STM32_IoT/iot_link/os/liteos/arch/arm/arm-m/armv7-m/gcc\los_dispatch.c ****      *                                                                            High addr--->|
 381:c:/Users/lenovo/Desktop/AIoT/first_day/firstday_afternoon/LiteOS_Lab_STM32_IoT/iot_link/os/liteos/arch/arm/arm-m/armv7-m/gcc\los_dispatch.c ****      * --+---------------------------------------+---------------------------------------------+---
 382:c:/Users/lenovo/Desktop/AIoT/first_day/firstday_afternoon/LiteOS_Lab_STM32_IoT/iot_link/os/liteos/arch/arm/arm-m/armv7-m/gcc\los_dispatch.c ****      *   | R4-R11,PRIMASK[,EXC_RETURN[,S16-S31]] | R0-R3,R12,LR,PC,xPSR[,S0-S15,FPSCR,NO_NAME] |
 383:c:/Users/lenovo/Desktop/AIoT/first_day/firstday_afternoon/LiteOS_Lab_STM32_IoT/iot_link/os/liteos/arch/arm/arm-m/armv7-m/gcc\los_dispatch.c ****      * --+---------------------------------------+---------------------------------------------+---
 384:c:/Users/lenovo/Desktop/AIoT/first_day/firstday_afternoon/LiteOS_Lab_STM32_IoT/iot_link/os/liteos/arch/arm/arm-m/armv7-m/gcc\los_dispatch.c ****      *   |<---Top of the stack, restored from g_stLosTask.pstNewTask->pStackPointer
 385:c:/Users/lenovo/Desktop/AIoT/first_day/firstday_afternoon/LiteOS_Lab_STM32_IoT/iot_link/os/liteos/arch/arm/arm-m/armv7-m/gcc\los_dispatch.c ****      *                              R1 to PSP--->|
 386:c:/Users/lenovo/Desktop/AIoT/first_day/firstday_afternoon/LiteOS_Lab_STM32_IoT/iot_link/os/liteos/arch/arm/arm-m/armv7-m/gcc\los_dispatch.c ****      *                                           |<---         cpu auto restoring          --->|
 387:c:/Users/lenovo/Desktop/AIoT/first_day/firstday_afternoon/LiteOS_Lab_STM32_IoT/iot_link/os/liteos/arch/arm/arm-m/armv7-m/gcc\los_dispatch.c ****      *                                                Stack pointer after exiting exception--->|
 388:c:/Users/lenovo/Desktop/AIoT/first_day/firstday_afternoon/LiteOS_Lab_STM32_IoT/iot_link/os/liteos/arch/arm/arm-m/armv7-m/gcc\los_dispatch.c ****      *
 389:c:/Users/lenovo/Desktop/AIoT/first_day/firstday_afternoon/LiteOS_Lab_STM32_IoT/iot_link/os/liteos/arch/arm/arm-m/armv7-m/gcc\los_dispatch.c ****      * 2. If the next running task is run for the first time, the stack is as follows:
 390:c:/Users/lenovo/Desktop/AIoT/first_day/firstday_afternoon/LiteOS_Lab_STM32_IoT/iot_link/os/liteos/arch/arm/arm-m/armv7-m/gcc\los_dispatch.c ****      *
 391:c:/Users/lenovo/Desktop/AIoT/first_day/firstday_afternoon/LiteOS_Lab_STM32_IoT/iot_link/os/liteos/arch/arm/arm-m/armv7-m/gcc\los_dispatch.c ****      *          POP: Restore the context of the next running task ===>|
 392:c:/Users/lenovo/Desktop/AIoT/first_day/firstday_afternoon/LiteOS_Lab_STM32_IoT/iot_link/os/liteos/arch/arm/arm-m/armv7-m/gcc\los_dispatch.c ****      *                                                   High addr--->|
 393:c:/Users/lenovo/Desktop/AIoT/first_day/firstday_afternoon/LiteOS_Lab_STM32_IoT/iot_link/os/liteos/arch/arm/arm-m/armv7-m/gcc\los_dispatch.c ****      *                                         Bottom of the stack--->|
 394:c:/Users/lenovo/Desktop/AIoT/first_day/firstday_afternoon/LiteOS_Lab_STM32_IoT/iot_link/os/liteos/arch/arm/arm-m/armv7-m/gcc\los_dispatch.c ****      * ----------+-----------------------------+----------------------+
 395:c:/Users/lenovo/Desktop/AIoT/first_day/firstday_afternoon/LiteOS_Lab_STM32_IoT/iot_link/os/liteos/arch/arm/arm-m/armv7-m/gcc\los_dispatch.c ****      *           | R4-R11,PRIMASK[,EXC_RETURN] | R0-R3,R12,LR,PC,xPSR |
 396:c:/Users/lenovo/Desktop/AIoT/first_day/firstday_afternoon/LiteOS_Lab_STM32_IoT/iot_link/os/liteos/arch/arm/arm-m/armv7-m/gcc\los_dispatch.c ****      * ----------+-----------------------------+----------------------+
 397:c:/Users/lenovo/Desktop/AIoT/first_day/firstday_afternoon/LiteOS_Lab_STM32_IoT/iot_link/os/liteos/arch/arm/arm-m/armv7-m/gcc\los_dispatch.c ****      *           |<---Top of the stack, restored from g_stLosTask.pstNewTask->pStackPointer
 398:c:/Users/lenovo/Desktop/AIoT/first_day/firstday_afternoon/LiteOS_Lab_STM32_IoT/iot_link/os/liteos/arch/arm/arm-m/armv7-m/gcc\los_dispatch.c ****      *                            R1 to PSP--->|
 399:c:/Users/lenovo/Desktop/AIoT/first_day/firstday_afternoon/LiteOS_Lab_STM32_IoT/iot_link/os/liteos/arch/arm/arm-m/armv7-m/gcc\los_dispatch.c ****      *                                         |<---auto restoring--->|
 400:c:/Users/lenovo/Desktop/AIoT/first_day/firstday_afternoon/LiteOS_Lab_STM32_IoT/iot_link/os/liteos/arch/arm/arm-m/armv7-m/gcc\los_dispatch.c ****      *                       Stack pointer after exiting exception--->|
 401:c:/Users/lenovo/Desktop/AIoT/first_day/firstday_afternoon/LiteOS_Lab_STM32_IoT/iot_link/os/liteos/arch/arm/arm-m/armv7-m/gcc\los_dispatch.c ****      */
 402:c:/Users/lenovo/Desktop/AIoT/first_day/firstday_afternoon/LiteOS_Lab_STM32_IoT/iot_link/os/liteos/arch/arm/arm-m/armv7-m/gcc\los_dispatch.c ****     "LDMFD  R1!, {R4-R12}           @ restore the core registers and PRIMASK\n\t"
 403:c:/Users/lenovo/Desktop/AIoT/first_day/firstday_afternoon/LiteOS_Lab_STM32_IoT/iot_link/os/liteos/arch/arm/arm-m/armv7-m/gcc\los_dispatch.c **** 
 404:c:/Users/lenovo/Desktop/AIoT/first_day/firstday_afternoon/LiteOS_Lab_STM32_IoT/iot_link/os/liteos/arch/arm/arm-m/armv7-m/gcc\los_dispatch.c **** #if defined (__VFP_FP__) && !defined(__SOFTFP__)       /* if FPU exist. */
 405:c:/Users/lenovo/Desktop/AIoT/first_day/firstday_afternoon/LiteOS_Lab_STM32_IoT/iot_link/os/liteos/arch/arm/arm-m/armv7-m/gcc\los_dispatch.c ****     "LDMFD  R1!, {R14}              @ restore EXC_RETURN\n\t"
 406:c:/Users/lenovo/Desktop/AIoT/first_day/firstday_afternoon/LiteOS_Lab_STM32_IoT/iot_link/os/liteos/arch/arm/arm-m/armv7-m/gcc\los_dispatch.c ****     "TST    R14, #0x10              @ if the task using the FPU context\n\t"
 407:c:/Users/lenovo/Desktop/AIoT/first_day/firstday_afternoon/LiteOS_Lab_STM32_IoT/iot_link/os/liteos/arch/arm/arm-m/armv7-m/gcc\los_dispatch.c ****     "BNE    0f\n\t"
 408:c:/Users/lenovo/Desktop/AIoT/first_day/firstday_afternoon/LiteOS_Lab_STM32_IoT/iot_link/os/liteos/arch/arm/arm-m/armv7-m/gcc\los_dispatch.c ****     "VLDMIA R1!, {D8-D15}\n\t"
 409:c:/Users/lenovo/Desktop/AIoT/first_day/firstday_afternoon/LiteOS_Lab_STM32_IoT/iot_link/os/liteos/arch/arm/arm-m/armv7-m/gcc\los_dispatch.c ****     "0:\n\t"
 410:c:/Users/lenovo/Desktop/AIoT/first_day/firstday_afternoon/LiteOS_Lab_STM32_IoT/iot_link/os/liteos/arch/arm/arm-m/armv7-m/gcc\los_dispatch.c **** #endif
 411:c:/Users/lenovo/Desktop/AIoT/first_day/firstday_afternoon/LiteOS_Lab_STM32_IoT/iot_link/os/liteos/arch/arm/arm-m/armv7-m/gcc\los_dispatch.c **** 
 412:c:/Users/lenovo/Desktop/AIoT/first_day/firstday_afternoon/LiteOS_Lab_STM32_IoT/iot_link/os/liteos/arch/arm/arm-m/armv7-m/gcc\los_dispatch.c ****     /**
 413:c:/Users/lenovo/Desktop/AIoT/first_day/firstday_afternoon/LiteOS_Lab_STM32_IoT/iot_link/os/liteos/arch/arm/arm-m/armv7-m/gcc\los_dispatch.c ****      * Set the stack pointer of the next running task to PSP.
 414:c:/Users/lenovo/Desktop/AIoT/first_day/firstday_afternoon/LiteOS_Lab_STM32_IoT/iot_link/os/liteos/arch/arm/arm-m/armv7-m/gcc\los_dispatch.c ****      */
 415:c:/Users/lenovo/Desktop/AIoT/first_day/firstday_afternoon/LiteOS_Lab_STM32_IoT/iot_link/os/liteos/arch/arm/arm-m/armv7-m/gcc\los_dispatch.c ****     "MSR    PSP, R1\n\t"
 416:c:/Users/lenovo/Desktop/AIoT/first_day/firstday_afternoon/LiteOS_Lab_STM32_IoT/iot_link/os/liteos/arch/arm/arm-m/armv7-m/gcc\los_dispatch.c **** 
 417:c:/Users/lenovo/Desktop/AIoT/first_day/firstday_afternoon/LiteOS_Lab_STM32_IoT/iot_link/os/liteos/arch/arm/arm-m/armv7-m/gcc\los_dispatch.c ****     /**
 418:c:/Users/lenovo/Desktop/AIoT/first_day/firstday_afternoon/LiteOS_Lab_STM32_IoT/iot_link/os/liteos/arch/arm/arm-m/armv7-m/gcc\los_dispatch.c ****      * Restore the interruption state of the next running task.
 419:c:/Users/lenovo/Desktop/AIoT/first_day/firstday_afternoon/LiteOS_Lab_STM32_IoT/iot_link/os/liteos/arch/arm/arm-m/armv7-m/gcc\los_dispatch.c ****      */
 420:c:/Users/lenovo/Desktop/AIoT/first_day/firstday_afternoon/LiteOS_Lab_STM32_IoT/iot_link/os/liteos/arch/arm/arm-m/armv7-m/gcc\los_dispatch.c ****     "MSR    PRIMASK, R12\n\t"
 421:c:/Users/lenovo/Desktop/AIoT/first_day/firstday_afternoon/LiteOS_Lab_STM32_IoT/iot_link/os/liteos/arch/arm/arm-m/armv7-m/gcc\los_dispatch.c ****     "BX     LR\n\t"
 422:c:/Users/lenovo/Desktop/AIoT/first_day/firstday_afternoon/LiteOS_Lab_STM32_IoT/iot_link/os/liteos/arch/arm/arm-m/armv7-m/gcc\los_dispatch.c ****     :
 423:c:/Users/lenovo/Desktop/AIoT/first_day/firstday_afternoon/LiteOS_Lab_STM32_IoT/iot_link/os/liteos/arch/arm/arm-m/armv7-m/gcc\los_dispatch.c ****     : "I" (OS_TASK_STATUS_RUNNING), "X" (MPU_RBAR)
 424:c:/Users/lenovo/Desktop/AIoT/first_day/firstday_afternoon/LiteOS_Lab_STM32_IoT/iot_link/os/liteos/arch/arm/arm-m/armv7-m/gcc\los_dispatch.c ****     );
 425:c:/Users/lenovo/Desktop/AIoT/first_day/firstday_afternoon/LiteOS_Lab_STM32_IoT/iot_link/os/liteos/arch/arm/arm-m/armv7-m/gcc\los_dispatch.c **** }
 261              		.loc 1 425 1
 262              		.thumb
 263              		.syntax unified
 264 0068 00BF     		nop
 265              		.cfi_endproc
 266              	.LFE292:
 268 006a 0000     		.text
 269              	.Letext0:
 270              		.file 2 "c:\\users\\lenovo\\.iotlink\\tools\\gcc-arm-none-eabi\\arm-none-eabi\\include\\machine\\_
 271              		.file 3 "c:\\users\\lenovo\\.iotlink\\tools\\gcc-arm-none-eabi\\arm-none-eabi\\include\\sys\\lock.
ARM GAS  C:\Users\lenovo\AppData\Local\Temp\ccosjZw1.s 			page 13


 272              		.file 4 "c:\\users\\lenovo\\.iotlink\\tools\\gcc-arm-none-eabi\\arm-none-eabi\\include\\sys\\_type
 273              		.file 5 "c:\\users\\lenovo\\.iotlink\\tools\\gcc-arm-none-eabi\\lib\\gcc\\arm-none-eabi\\9.2.1\\in
 274              		.file 6 "c:\\users\\lenovo\\.iotlink\\tools\\gcc-arm-none-eabi\\arm-none-eabi\\include\\sys\\reent
 275              		.file 7 "c:/Users/lenovo/Desktop/AIoT/first_day/firstday_afternoon/LiteOS_Lab_STM32_IoT/iot_link/o
 276              		.file 8 "c:\\users\\lenovo\\.iotlink\\tools\\gcc-arm-none-eabi\\arm-none-eabi\\include\\sys\\_stdi
 277              		.file 9 "c:/Users/lenovo/Desktop/AIoT/first_day/firstday_afternoon/LiteOS_Lab_STM32_IoT/iot_link/o
 278              		.file 10 "c:/Users/lenovo/Desktop/AIoT/first_day/firstday_afternoon/LiteOS_Lab_STM32_IoT/targets/S
 279              		.file 11 "c:/Users/lenovo/Desktop/AIoT/first_day/firstday_afternoon/LiteOS_Lab_STM32_IoT/iot_link/
 280              		.file 12 "c:/Users/lenovo/Desktop/AIoT/first_day/firstday_afternoon/LiteOS_Lab_STM32_IoT/iot_link/
 281              		.file 13 "c:/Users/lenovo/Desktop/AIoT/first_day/firstday_afternoon/LiteOS_Lab_STM32_IoT/iot_link/
ARM GAS  C:\Users\lenovo\AppData\Local\Temp\ccosjZw1.s 			page 14


DEFINED SYMBOLS
                            *ABS*:00000000 los_dispatch.c
C:\Users\lenovo\AppData\Local\Temp\ccosjZw1.s:18     .text.LOS_StartToRun:00000000 $t
C:\Users\lenovo\AppData\Local\Temp\ccosjZw1.s:26     .text.LOS_StartToRun:00000000 LOS_StartToRun
C:\Users\lenovo\AppData\Local\Temp\ccosjZw1.s:77     .text.LOS_IntLock:00000000 $t
C:\Users\lenovo\AppData\Local\Temp\ccosjZw1.s:84     .text.LOS_IntLock:00000000 LOS_IntLock
C:\Users\lenovo\AppData\Local\Temp\ccosjZw1.s:109    .text.LOS_IntUnLock:00000000 $t
C:\Users\lenovo\AppData\Local\Temp\ccosjZw1.s:116    .text.LOS_IntUnLock:00000000 LOS_IntUnLock
C:\Users\lenovo\AppData\Local\Temp\ccosjZw1.s:141    .text.LOS_IntRestore:00000000 $t
C:\Users\lenovo\AppData\Local\Temp\ccosjZw1.s:148    .text.LOS_IntRestore:00000000 LOS_IntRestore
C:\Users\lenovo\AppData\Local\Temp\ccosjZw1.s:171    .text.osTaskSchedule:00000000 $t
C:\Users\lenovo\AppData\Local\Temp\ccosjZw1.s:178    .text.osTaskSchedule:00000000 osTaskSchedule
C:\Users\lenovo\AppData\Local\Temp\ccosjZw1.s:203    .text.PendSV_Handler:00000000 $t
C:\Users\lenovo\AppData\Local\Temp\ccosjZw1.s:210    .text.PendSV_Handler:00000000 PendSV_Handler
C:\Users\lenovo\AppData\Local\Temp\ccosjZw1.s:268    .text.PendSV_Handler:0000006a $d
C:\Users\lenovo\AppData\Local\Temp\ccosjZw1.s:2873   .text.PendSV_Handler:0000006c $d
C:\Users\lenovo\AppData\Local\Temp\ccosjZw1.s:2873   .text.osTaskSchedule:0000000c $d
C:\Users\lenovo\AppData\Local\Temp\ccosjZw1.s:2873   .text.LOS_StartToRun:00000058 $d

UNDEFINED SYMBOLS
g_bTaskScheduled
g_stLosTask
g_pfnTskSwitchHook
