ARM GAS  C:\Users\lenovo\AppData\Local\Temp\ccS693Qj.s 			page 1


   1              		.cpu cortex-m4
   2              		.eabi_attribute 27, 1
   3              		.eabi_attribute 28, 1
   4              		.eabi_attribute 20, 1
   5              		.eabi_attribute 21, 1
   6              		.eabi_attribute 23, 3
   7              		.eabi_attribute 24, 1
   8              		.eabi_attribute 25, 1
   9              		.eabi_attribute 26, 1
  10              		.eabi_attribute 30, 6
  11              		.eabi_attribute 34, 1
  12              		.eabi_attribute 18, 4
  13              		.file	"MQTTSubscribeClient.c"
  14              		.text
  15              	.Ltext0:
  16              		.cfi_sections	.debug_frame
  17              		.section	.text.MQTTSerialize_subscribeLength,"ax",%progbits
  18              		.align	1
  19              		.global	MQTTSerialize_subscribeLength
  20              		.arch armv7e-m
  21              		.syntax unified
  22              		.thumb
  23              		.thumb_func
  24              		.fpu fpv4-sp-d16
  26              	MQTTSerialize_subscribeLength:
  27              	.LFB3:
  28              		.file 1 "c:/Users/lenovo/Desktop/AIoT/first_day/firstday_afternoon/LiteOS_Lab_STM32_IoT/iot_link/n
   1:c:/Users/lenovo/Desktop/AIoT/first_day/firstday_afternoon/LiteOS_Lab_STM32_IoT/iot_link/network/mqtt/paho_mqtt/paho/MQTTPacket/src\MQTTSubscribeClient.c **** /*******************************************************************************
   2:c:/Users/lenovo/Desktop/AIoT/first_day/firstday_afternoon/LiteOS_Lab_STM32_IoT/iot_link/network/mqtt/paho_mqtt/paho/MQTTPacket/src\MQTTSubscribeClient.c ****  * Copyright (c) 2014 IBM Corp.
   3:c:/Users/lenovo/Desktop/AIoT/first_day/firstday_afternoon/LiteOS_Lab_STM32_IoT/iot_link/network/mqtt/paho_mqtt/paho/MQTTPacket/src\MQTTSubscribeClient.c ****  *
   4:c:/Users/lenovo/Desktop/AIoT/first_day/firstday_afternoon/LiteOS_Lab_STM32_IoT/iot_link/network/mqtt/paho_mqtt/paho/MQTTPacket/src\MQTTSubscribeClient.c ****  * All rights reserved. This program and the accompanying materials
   5:c:/Users/lenovo/Desktop/AIoT/first_day/firstday_afternoon/LiteOS_Lab_STM32_IoT/iot_link/network/mqtt/paho_mqtt/paho/MQTTPacket/src\MQTTSubscribeClient.c ****  * are made available under the terms of the Eclipse Public License v1.0
   6:c:/Users/lenovo/Desktop/AIoT/first_day/firstday_afternoon/LiteOS_Lab_STM32_IoT/iot_link/network/mqtt/paho_mqtt/paho/MQTTPacket/src\MQTTSubscribeClient.c ****  * and Eclipse Distribution License v1.0 which accompany this distribution.
   7:c:/Users/lenovo/Desktop/AIoT/first_day/firstday_afternoon/LiteOS_Lab_STM32_IoT/iot_link/network/mqtt/paho_mqtt/paho/MQTTPacket/src\MQTTSubscribeClient.c ****  *
   8:c:/Users/lenovo/Desktop/AIoT/first_day/firstday_afternoon/LiteOS_Lab_STM32_IoT/iot_link/network/mqtt/paho_mqtt/paho/MQTTPacket/src\MQTTSubscribeClient.c ****  * The Eclipse Public License is available at
   9:c:/Users/lenovo/Desktop/AIoT/first_day/firstday_afternoon/LiteOS_Lab_STM32_IoT/iot_link/network/mqtt/paho_mqtt/paho/MQTTPacket/src\MQTTSubscribeClient.c ****  *    http://www.eclipse.org/legal/epl-v10.html
  10:c:/Users/lenovo/Desktop/AIoT/first_day/firstday_afternoon/LiteOS_Lab_STM32_IoT/iot_link/network/mqtt/paho_mqtt/paho/MQTTPacket/src\MQTTSubscribeClient.c ****  * and the Eclipse Distribution License is available at
  11:c:/Users/lenovo/Desktop/AIoT/first_day/firstday_afternoon/LiteOS_Lab_STM32_IoT/iot_link/network/mqtt/paho_mqtt/paho/MQTTPacket/src\MQTTSubscribeClient.c ****  *   http://www.eclipse.org/org/documents/edl-v10.php.
  12:c:/Users/lenovo/Desktop/AIoT/first_day/firstday_afternoon/LiteOS_Lab_STM32_IoT/iot_link/network/mqtt/paho_mqtt/paho/MQTTPacket/src\MQTTSubscribeClient.c ****  *
  13:c:/Users/lenovo/Desktop/AIoT/first_day/firstday_afternoon/LiteOS_Lab_STM32_IoT/iot_link/network/mqtt/paho_mqtt/paho/MQTTPacket/src\MQTTSubscribeClient.c ****  * Contributors:
  14:c:/Users/lenovo/Desktop/AIoT/first_day/firstday_afternoon/LiteOS_Lab_STM32_IoT/iot_link/network/mqtt/paho_mqtt/paho/MQTTPacket/src\MQTTSubscribeClient.c ****  *    Ian Craggs - initial API and implementation and/or initial documentation
  15:c:/Users/lenovo/Desktop/AIoT/first_day/firstday_afternoon/LiteOS_Lab_STM32_IoT/iot_link/network/mqtt/paho_mqtt/paho/MQTTPacket/src\MQTTSubscribeClient.c ****  *******************************************************************************/
  16:c:/Users/lenovo/Desktop/AIoT/first_day/firstday_afternoon/LiteOS_Lab_STM32_IoT/iot_link/network/mqtt/paho_mqtt/paho/MQTTPacket/src\MQTTSubscribeClient.c **** 
  17:c:/Users/lenovo/Desktop/AIoT/first_day/firstday_afternoon/LiteOS_Lab_STM32_IoT/iot_link/network/mqtt/paho_mqtt/paho/MQTTPacket/src\MQTTSubscribeClient.c **** #include "MQTTPacket.h"
  18:c:/Users/lenovo/Desktop/AIoT/first_day/firstday_afternoon/LiteOS_Lab_STM32_IoT/iot_link/network/mqtt/paho_mqtt/paho/MQTTPacket/src\MQTTSubscribeClient.c **** #include "StackTrace.h"
  19:c:/Users/lenovo/Desktop/AIoT/first_day/firstday_afternoon/LiteOS_Lab_STM32_IoT/iot_link/network/mqtt/paho_mqtt/paho/MQTTPacket/src\MQTTSubscribeClient.c **** 
  20:c:/Users/lenovo/Desktop/AIoT/first_day/firstday_afternoon/LiteOS_Lab_STM32_IoT/iot_link/network/mqtt/paho_mqtt/paho/MQTTPacket/src\MQTTSubscribeClient.c **** #include <string.h>
  21:c:/Users/lenovo/Desktop/AIoT/first_day/firstday_afternoon/LiteOS_Lab_STM32_IoT/iot_link/network/mqtt/paho_mqtt/paho/MQTTPacket/src\MQTTSubscribeClient.c **** 
  22:c:/Users/lenovo/Desktop/AIoT/first_day/firstday_afternoon/LiteOS_Lab_STM32_IoT/iot_link/network/mqtt/paho_mqtt/paho/MQTTPacket/src\MQTTSubscribeClient.c **** /**
  23:c:/Users/lenovo/Desktop/AIoT/first_day/firstday_afternoon/LiteOS_Lab_STM32_IoT/iot_link/network/mqtt/paho_mqtt/paho/MQTTPacket/src\MQTTSubscribeClient.c ****   * Determines the length of the MQTT subscribe packet that would be produced using the supplied pa
  24:c:/Users/lenovo/Desktop/AIoT/first_day/firstday_afternoon/LiteOS_Lab_STM32_IoT/iot_link/network/mqtt/paho_mqtt/paho/MQTTPacket/src\MQTTSubscribeClient.c ****   * @param count the number of topic filter strings in topicFilters
  25:c:/Users/lenovo/Desktop/AIoT/first_day/firstday_afternoon/LiteOS_Lab_STM32_IoT/iot_link/network/mqtt/paho_mqtt/paho/MQTTPacket/src\MQTTSubscribeClient.c ****   * @param topicFilters the array of topic filter strings to be used in the publish
  26:c:/Users/lenovo/Desktop/AIoT/first_day/firstday_afternoon/LiteOS_Lab_STM32_IoT/iot_link/network/mqtt/paho_mqtt/paho/MQTTPacket/src\MQTTSubscribeClient.c ****   * @return the length of buffer needed to contain the serialized version of the packet
  27:c:/Users/lenovo/Desktop/AIoT/first_day/firstday_afternoon/LiteOS_Lab_STM32_IoT/iot_link/network/mqtt/paho_mqtt/paho/MQTTPacket/src\MQTTSubscribeClient.c ****   */
  28:c:/Users/lenovo/Desktop/AIoT/first_day/firstday_afternoon/LiteOS_Lab_STM32_IoT/iot_link/network/mqtt/paho_mqtt/paho/MQTTPacket/src\MQTTSubscribeClient.c **** int MQTTSerialize_subscribeLength(int count, MQTTString topicFilters[])
  29:c:/Users/lenovo/Desktop/AIoT/first_day/firstday_afternoon/LiteOS_Lab_STM32_IoT/iot_link/network/mqtt/paho_mqtt/paho/MQTTPacket/src\MQTTSubscribeClient.c **** {
  29              		.loc 1 29 1
ARM GAS  C:\Users\lenovo\AppData\Local\Temp\ccS693Qj.s 			page 2


  30              		.cfi_startproc
  31              		@ args = 0, pretend = 0, frame = 16
  32              		@ frame_needed = 1, uses_anonymous_args = 0
  33 0000 80B5     		push	{r7, lr}
  34              	.LCFI0:
  35              		.cfi_def_cfa_offset 8
  36              		.cfi_offset 7, -8
  37              		.cfi_offset 14, -4
  38 0002 84B0     		sub	sp, sp, #16
  39              	.LCFI1:
  40              		.cfi_def_cfa_offset 24
  41 0004 00AF     		add	r7, sp, #0
  42              	.LCFI2:
  43              		.cfi_def_cfa_register 7
  44 0006 7860     		str	r0, [r7, #4]
  45 0008 3960     		str	r1, [r7]
  30:c:/Users/lenovo/Desktop/AIoT/first_day/firstday_afternoon/LiteOS_Lab_STM32_IoT/iot_link/network/mqtt/paho_mqtt/paho/MQTTPacket/src\MQTTSubscribeClient.c **** 	int i;
  31:c:/Users/lenovo/Desktop/AIoT/first_day/firstday_afternoon/LiteOS_Lab_STM32_IoT/iot_link/network/mqtt/paho_mqtt/paho/MQTTPacket/src\MQTTSubscribeClient.c **** 	int len = 2; /* packetid */
  46              		.loc 1 31 6
  47 000a 0223     		movs	r3, #2
  48 000c BB60     		str	r3, [r7, #8]
  32:c:/Users/lenovo/Desktop/AIoT/first_day/firstday_afternoon/LiteOS_Lab_STM32_IoT/iot_link/network/mqtt/paho_mqtt/paho/MQTTPacket/src\MQTTSubscribeClient.c **** 
  33:c:/Users/lenovo/Desktop/AIoT/first_day/firstday_afternoon/LiteOS_Lab_STM32_IoT/iot_link/network/mqtt/paho_mqtt/paho/MQTTPacket/src\MQTTSubscribeClient.c **** 	for (i = 0; i < count; ++i)
  49              		.loc 1 33 9
  50 000e 0023     		movs	r3, #0
  51 0010 FB60     		str	r3, [r7, #12]
  52              		.loc 1 33 2
  53 0012 13E0     		b	.L2
  54              	.L3:
  34:c:/Users/lenovo/Desktop/AIoT/first_day/firstday_afternoon/LiteOS_Lab_STM32_IoT/iot_link/network/mqtt/paho_mqtt/paho/MQTTPacket/src\MQTTSubscribeClient.c **** 		len += 2 + MQTTstrlen(topicFilters[i]) + 1; /* length + topic + req_qos */
  55              		.loc 1 34 37 discriminator 3
  56 0014 FA68     		ldr	r2, [r7, #12]
  57 0016 1346     		mov	r3, r2
  58 0018 5B00     		lsls	r3, r3, #1
  59 001a 1344     		add	r3, r3, r2
  60 001c 9B00     		lsls	r3, r3, #2
  61 001e 1A46     		mov	r2, r3
  62 0020 3B68     		ldr	r3, [r7]
  63 0022 1344     		add	r3, r3, r2
  64              		.loc 1 34 14 discriminator 3
  65 0024 93E80700 		ldm	r3, {r0, r1, r2}
  66 0028 FFF7FEFF 		bl	MQTTstrlen
  67 002c 0346     		mov	r3, r0
  68              		.loc 1 34 42 discriminator 3
  69 002e 0333     		adds	r3, r3, #3
  70              		.loc 1 34 7 discriminator 3
  71 0030 BA68     		ldr	r2, [r7, #8]
  72 0032 1344     		add	r3, r3, r2
  73 0034 BB60     		str	r3, [r7, #8]
  33:c:/Users/lenovo/Desktop/AIoT/first_day/firstday_afternoon/LiteOS_Lab_STM32_IoT/iot_link/network/mqtt/paho_mqtt/paho/MQTTPacket/src\MQTTSubscribeClient.c **** 		len += 2 + MQTTstrlen(topicFilters[i]) + 1; /* length + topic + req_qos */
  74              		.loc 1 33 25 discriminator 3
  75 0036 FB68     		ldr	r3, [r7, #12]
  76 0038 0133     		adds	r3, r3, #1
  77 003a FB60     		str	r3, [r7, #12]
  78              	.L2:
  33:c:/Users/lenovo/Desktop/AIoT/first_day/firstday_afternoon/LiteOS_Lab_STM32_IoT/iot_link/network/mqtt/paho_mqtt/paho/MQTTPacket/src\MQTTSubscribeClient.c **** 		len += 2 + MQTTstrlen(topicFilters[i]) + 1; /* length + topic + req_qos */
  79              		.loc 1 33 2 discriminator 1
ARM GAS  C:\Users\lenovo\AppData\Local\Temp\ccS693Qj.s 			page 3


  80 003c FA68     		ldr	r2, [r7, #12]
  81 003e 7B68     		ldr	r3, [r7, #4]
  82 0040 9A42     		cmp	r2, r3
  83 0042 E7DB     		blt	.L3
  35:c:/Users/lenovo/Desktop/AIoT/first_day/firstday_afternoon/LiteOS_Lab_STM32_IoT/iot_link/network/mqtt/paho_mqtt/paho/MQTTPacket/src\MQTTSubscribeClient.c **** 	return len;
  84              		.loc 1 35 9
  85 0044 BB68     		ldr	r3, [r7, #8]
  36:c:/Users/lenovo/Desktop/AIoT/first_day/firstday_afternoon/LiteOS_Lab_STM32_IoT/iot_link/network/mqtt/paho_mqtt/paho/MQTTPacket/src\MQTTSubscribeClient.c **** }
  86              		.loc 1 36 1
  87 0046 1846     		mov	r0, r3
  88 0048 1037     		adds	r7, r7, #16
  89              	.LCFI3:
  90              		.cfi_def_cfa_offset 8
  91 004a BD46     		mov	sp, r7
  92              	.LCFI4:
  93              		.cfi_def_cfa_register 13
  94              		@ sp needed
  95 004c 80BD     		pop	{r7, pc}
  96              		.cfi_endproc
  97              	.LFE3:
  99              		.section	.text.MQTTSerialize_subscribe,"ax",%progbits
 100              		.align	1
 101              		.global	MQTTSerialize_subscribe
 102              		.syntax unified
 103              		.thumb
 104              		.thumb_func
 105              		.fpu fpv4-sp-d16
 107              	MQTTSerialize_subscribe:
 108              	.LFB4:
  37:c:/Users/lenovo/Desktop/AIoT/first_day/firstday_afternoon/LiteOS_Lab_STM32_IoT/iot_link/network/mqtt/paho_mqtt/paho/MQTTPacket/src\MQTTSubscribeClient.c **** 
  38:c:/Users/lenovo/Desktop/AIoT/first_day/firstday_afternoon/LiteOS_Lab_STM32_IoT/iot_link/network/mqtt/paho_mqtt/paho/MQTTPacket/src\MQTTSubscribeClient.c **** 
  39:c:/Users/lenovo/Desktop/AIoT/first_day/firstday_afternoon/LiteOS_Lab_STM32_IoT/iot_link/network/mqtt/paho_mqtt/paho/MQTTPacket/src\MQTTSubscribeClient.c **** /**
  40:c:/Users/lenovo/Desktop/AIoT/first_day/firstday_afternoon/LiteOS_Lab_STM32_IoT/iot_link/network/mqtt/paho_mqtt/paho/MQTTPacket/src\MQTTSubscribeClient.c ****   * Serializes the supplied subscribe data into the supplied buffer, ready for sending
  41:c:/Users/lenovo/Desktop/AIoT/first_day/firstday_afternoon/LiteOS_Lab_STM32_IoT/iot_link/network/mqtt/paho_mqtt/paho/MQTTPacket/src\MQTTSubscribeClient.c ****   * @param buf the buffer into which the packet will be serialized
  42:c:/Users/lenovo/Desktop/AIoT/first_day/firstday_afternoon/LiteOS_Lab_STM32_IoT/iot_link/network/mqtt/paho_mqtt/paho/MQTTPacket/src\MQTTSubscribeClient.c ****   * @param buflen the length in bytes of the supplied bufferr
  43:c:/Users/lenovo/Desktop/AIoT/first_day/firstday_afternoon/LiteOS_Lab_STM32_IoT/iot_link/network/mqtt/paho_mqtt/paho/MQTTPacket/src\MQTTSubscribeClient.c ****   * @param dup integer - the MQTT dup flag
  44:c:/Users/lenovo/Desktop/AIoT/first_day/firstday_afternoon/LiteOS_Lab_STM32_IoT/iot_link/network/mqtt/paho_mqtt/paho/MQTTPacket/src\MQTTSubscribeClient.c ****   * @param packetid integer - the MQTT packet identifier
  45:c:/Users/lenovo/Desktop/AIoT/first_day/firstday_afternoon/LiteOS_Lab_STM32_IoT/iot_link/network/mqtt/paho_mqtt/paho/MQTTPacket/src\MQTTSubscribeClient.c ****   * @param count - number of members in the topicFilters and reqQos arrays
  46:c:/Users/lenovo/Desktop/AIoT/first_day/firstday_afternoon/LiteOS_Lab_STM32_IoT/iot_link/network/mqtt/paho_mqtt/paho/MQTTPacket/src\MQTTSubscribeClient.c ****   * @param topicFilters - array of topic filter names
  47:c:/Users/lenovo/Desktop/AIoT/first_day/firstday_afternoon/LiteOS_Lab_STM32_IoT/iot_link/network/mqtt/paho_mqtt/paho/MQTTPacket/src\MQTTSubscribeClient.c ****   * @param requestedQoSs - array of requested QoS
  48:c:/Users/lenovo/Desktop/AIoT/first_day/firstday_afternoon/LiteOS_Lab_STM32_IoT/iot_link/network/mqtt/paho_mqtt/paho/MQTTPacket/src\MQTTSubscribeClient.c ****   * @return the length of the serialized data.  <= 0 indicates error
  49:c:/Users/lenovo/Desktop/AIoT/first_day/firstday_afternoon/LiteOS_Lab_STM32_IoT/iot_link/network/mqtt/paho_mqtt/paho/MQTTPacket/src\MQTTSubscribeClient.c ****   */
  50:c:/Users/lenovo/Desktop/AIoT/first_day/firstday_afternoon/LiteOS_Lab_STM32_IoT/iot_link/network/mqtt/paho_mqtt/paho/MQTTPacket/src\MQTTSubscribeClient.c **** int MQTTSerialize_subscribe(unsigned char* buf, int buflen, unsigned char dup, unsigned short packe
  51:c:/Users/lenovo/Desktop/AIoT/first_day/firstday_afternoon/LiteOS_Lab_STM32_IoT/iot_link/network/mqtt/paho_mqtt/paho/MQTTPacket/src\MQTTSubscribeClient.c **** 		MQTTString topicFilters[], int requestedQoSs[])
  52:c:/Users/lenovo/Desktop/AIoT/first_day/firstday_afternoon/LiteOS_Lab_STM32_IoT/iot_link/network/mqtt/paho_mqtt/paho/MQTTPacket/src\MQTTSubscribeClient.c **** {
 109              		.loc 1 52 1
 110              		.cfi_startproc
 111              		@ args = 12, pretend = 0, frame = 40
 112              		@ frame_needed = 1, uses_anonymous_args = 0
 113 0000 80B5     		push	{r7, lr}
 114              	.LCFI5:
 115              		.cfi_def_cfa_offset 8
 116              		.cfi_offset 7, -8
 117              		.cfi_offset 14, -4
 118 0002 8AB0     		sub	sp, sp, #40
 119              	.LCFI6:
 120              		.cfi_def_cfa_offset 48
ARM GAS  C:\Users\lenovo\AppData\Local\Temp\ccS693Qj.s 			page 4


 121 0004 00AF     		add	r7, sp, #0
 122              	.LCFI7:
 123              		.cfi_def_cfa_register 7
 124 0006 F860     		str	r0, [r7, #12]
 125 0008 B960     		str	r1, [r7, #8]
 126 000a 1146     		mov	r1, r2
 127 000c 1A46     		mov	r2, r3
 128 000e 0B46     		mov	r3, r1
 129 0010 FB71     		strb	r3, [r7, #7]
 130 0012 1346     		mov	r3, r2	@ movhi
 131 0014 BB80     		strh	r3, [r7, #4]	@ movhi
  53:c:/Users/lenovo/Desktop/AIoT/first_day/firstday_afternoon/LiteOS_Lab_STM32_IoT/iot_link/network/mqtt/paho_mqtt/paho/MQTTPacket/src\MQTTSubscribeClient.c **** 	unsigned char *ptr = buf;
 132              		.loc 1 53 17
 133 0016 FB68     		ldr	r3, [r7, #12]
 134 0018 BB61     		str	r3, [r7, #24]
  54:c:/Users/lenovo/Desktop/AIoT/first_day/firstday_afternoon/LiteOS_Lab_STM32_IoT/iot_link/network/mqtt/paho_mqtt/paho/MQTTPacket/src\MQTTSubscribeClient.c **** 	MQTTHeader header = {0};
 135              		.loc 1 54 13
 136 001a 0023     		movs	r3, #0
 137 001c 7B61     		str	r3, [r7, #20]
  55:c:/Users/lenovo/Desktop/AIoT/first_day/firstday_afternoon/LiteOS_Lab_STM32_IoT/iot_link/network/mqtt/paho_mqtt/paho/MQTTPacket/src\MQTTSubscribeClient.c **** 	int rem_len = 0;
 138              		.loc 1 55 6
 139 001e 0023     		movs	r3, #0
 140 0020 FB61     		str	r3, [r7, #28]
  56:c:/Users/lenovo/Desktop/AIoT/first_day/firstday_afternoon/LiteOS_Lab_STM32_IoT/iot_link/network/mqtt/paho_mqtt/paho/MQTTPacket/src\MQTTSubscribeClient.c **** 	int rc = 0;
 141              		.loc 1 56 6
 142 0022 0023     		movs	r3, #0
 143 0024 7B62     		str	r3, [r7, #36]
  57:c:/Users/lenovo/Desktop/AIoT/first_day/firstday_afternoon/LiteOS_Lab_STM32_IoT/iot_link/network/mqtt/paho_mqtt/paho/MQTTPacket/src\MQTTSubscribeClient.c **** 	int i = 0;
 144              		.loc 1 57 6
 145 0026 0023     		movs	r3, #0
 146 0028 3B62     		str	r3, [r7, #32]
  58:c:/Users/lenovo/Desktop/AIoT/first_day/firstday_afternoon/LiteOS_Lab_STM32_IoT/iot_link/network/mqtt/paho_mqtt/paho/MQTTPacket/src\MQTTSubscribeClient.c **** 
  59:c:/Users/lenovo/Desktop/AIoT/first_day/firstday_afternoon/LiteOS_Lab_STM32_IoT/iot_link/network/mqtt/paho_mqtt/paho/MQTTPacket/src\MQTTSubscribeClient.c **** 	FUNC_ENTRY;
  60:c:/Users/lenovo/Desktop/AIoT/first_day/firstday_afternoon/LiteOS_Lab_STM32_IoT/iot_link/network/mqtt/paho_mqtt/paho/MQTTPacket/src\MQTTSubscribeClient.c **** 	if (MQTTPacket_len(rem_len = MQTTSerialize_subscribeLength(count, topicFilters)) > buflen)
 147              		.loc 1 60 31
 148 002a 796B     		ldr	r1, [r7, #52]
 149 002c 386B     		ldr	r0, [r7, #48]
 150 002e FFF7FEFF 		bl	MQTTSerialize_subscribeLength
 151 0032 F861     		str	r0, [r7, #28]
 152              		.loc 1 60 6
 153 0034 F869     		ldr	r0, [r7, #28]
 154 0036 FFF7FEFF 		bl	MQTTPacket_len
 155 003a 0246     		mov	r2, r0
 156              		.loc 1 60 5
 157 003c BB68     		ldr	r3, [r7, #8]
 158 003e 9342     		cmp	r3, r2
 159 0040 03DA     		bge	.L6
  61:c:/Users/lenovo/Desktop/AIoT/first_day/firstday_afternoon/LiteOS_Lab_STM32_IoT/iot_link/network/mqtt/paho_mqtt/paho/MQTTPacket/src\MQTTSubscribeClient.c **** 	{
  62:c:/Users/lenovo/Desktop/AIoT/first_day/firstday_afternoon/LiteOS_Lab_STM32_IoT/iot_link/network/mqtt/paho_mqtt/paho/MQTTPacket/src\MQTTSubscribeClient.c **** 		rc = MQTTPACKET_BUFFER_TOO_SHORT;
 160              		.loc 1 62 6
 161 0042 6FF00103 		mvn	r3, #1
 162 0046 7B62     		str	r3, [r7, #36]
  63:c:/Users/lenovo/Desktop/AIoT/first_day/firstday_afternoon/LiteOS_Lab_STM32_IoT/iot_link/network/mqtt/paho_mqtt/paho/MQTTPacket/src\MQTTSubscribeClient.c **** 		goto exit;
 163              		.loc 1 63 3
 164 0048 51E0     		b	.L7
 165              	.L6:
  64:c:/Users/lenovo/Desktop/AIoT/first_day/firstday_afternoon/LiteOS_Lab_STM32_IoT/iot_link/network/mqtt/paho_mqtt/paho/MQTTPacket/src\MQTTSubscribeClient.c **** 	}
ARM GAS  C:\Users\lenovo\AppData\Local\Temp\ccS693Qj.s 			page 5


  65:c:/Users/lenovo/Desktop/AIoT/first_day/firstday_afternoon/LiteOS_Lab_STM32_IoT/iot_link/network/mqtt/paho_mqtt/paho/MQTTPacket/src\MQTTSubscribeClient.c **** 
  66:c:/Users/lenovo/Desktop/AIoT/first_day/firstday_afternoon/LiteOS_Lab_STM32_IoT/iot_link/network/mqtt/paho_mqtt/paho/MQTTPacket/src\MQTTSubscribeClient.c **** 	header.byte = 0;
 166              		.loc 1 66 14
 167 004a 0023     		movs	r3, #0
 168 004c 3B75     		strb	r3, [r7, #20]
  67:c:/Users/lenovo/Desktop/AIoT/first_day/firstday_afternoon/LiteOS_Lab_STM32_IoT/iot_link/network/mqtt/paho_mqtt/paho/MQTTPacket/src\MQTTSubscribeClient.c **** 	header.bits.type = SUBSCRIBE;
 169              		.loc 1 67 19
 170 004e 3B7D     		ldrb	r3, [r7, #20]
 171 0050 0822     		movs	r2, #8
 172 0052 62F30713 		bfi	r3, r2, #4, #4
 173 0056 3B75     		strb	r3, [r7, #20]
  68:c:/Users/lenovo/Desktop/AIoT/first_day/firstday_afternoon/LiteOS_Lab_STM32_IoT/iot_link/network/mqtt/paho_mqtt/paho/MQTTPacket/src\MQTTSubscribeClient.c **** 	header.bits.dup = dup;
 174              		.loc 1 68 18
 175 0058 FB79     		ldrb	r3, [r7, #7]
 176 005a 03F00103 		and	r3, r3, #1
 177 005e DAB2     		uxtb	r2, r3
 178 0060 3B7D     		ldrb	r3, [r7, #20]
 179 0062 62F3C303 		bfi	r3, r2, #3, #1
 180 0066 3B75     		strb	r3, [r7, #20]
  69:c:/Users/lenovo/Desktop/AIoT/first_day/firstday_afternoon/LiteOS_Lab_STM32_IoT/iot_link/network/mqtt/paho_mqtt/paho/MQTTPacket/src\MQTTSubscribeClient.c **** 	header.bits.qos = 1;
 181              		.loc 1 69 18
 182 0068 3B7D     		ldrb	r3, [r7, #20]
 183 006a 0122     		movs	r2, #1
 184 006c 62F34203 		bfi	r3, r2, #1, #2
 185 0070 3B75     		strb	r3, [r7, #20]
  70:c:/Users/lenovo/Desktop/AIoT/first_day/firstday_afternoon/LiteOS_Lab_STM32_IoT/iot_link/network/mqtt/paho_mqtt/paho/MQTTPacket/src\MQTTSubscribeClient.c **** 	writeChar(&ptr, header.byte); /* write header */
 186              		.loc 1 70 24
 187 0072 3A7D     		ldrb	r2, [r7, #20]	@ zero_extendqisi2
 188              		.loc 1 70 2
 189 0074 07F11803 		add	r3, r7, #24
 190 0078 1146     		mov	r1, r2
 191 007a 1846     		mov	r0, r3
 192 007c FFF7FEFF 		bl	writeChar
  71:c:/Users/lenovo/Desktop/AIoT/first_day/firstday_afternoon/LiteOS_Lab_STM32_IoT/iot_link/network/mqtt/paho_mqtt/paho/MQTTPacket/src\MQTTSubscribeClient.c **** 
  72:c:/Users/lenovo/Desktop/AIoT/first_day/firstday_afternoon/LiteOS_Lab_STM32_IoT/iot_link/network/mqtt/paho_mqtt/paho/MQTTPacket/src\MQTTSubscribeClient.c **** 	ptr += MQTTPacket_encode(ptr, rem_len); /* write remaining length */;
 193              		.loc 1 72 9
 194 0080 BB69     		ldr	r3, [r7, #24]
 195 0082 F969     		ldr	r1, [r7, #28]
 196 0084 1846     		mov	r0, r3
 197 0086 FFF7FEFF 		bl	MQTTPacket_encode
 198 008a 0246     		mov	r2, r0
 199              		.loc 1 72 6
 200 008c BB69     		ldr	r3, [r7, #24]
 201 008e 1344     		add	r3, r3, r2
 202 0090 BB61     		str	r3, [r7, #24]
  73:c:/Users/lenovo/Desktop/AIoT/first_day/firstday_afternoon/LiteOS_Lab_STM32_IoT/iot_link/network/mqtt/paho_mqtt/paho/MQTTPacket/src\MQTTSubscribeClient.c **** 
  74:c:/Users/lenovo/Desktop/AIoT/first_day/firstday_afternoon/LiteOS_Lab_STM32_IoT/iot_link/network/mqtt/paho_mqtt/paho/MQTTPacket/src\MQTTSubscribeClient.c **** 	writeInt(&ptr, packetid);
 203              		.loc 1 74 2
 204 0092 BA88     		ldrh	r2, [r7, #4]
 205 0094 07F11803 		add	r3, r7, #24
 206 0098 1146     		mov	r1, r2
 207 009a 1846     		mov	r0, r3
 208 009c FFF7FEFF 		bl	writeInt
  75:c:/Users/lenovo/Desktop/AIoT/first_day/firstday_afternoon/LiteOS_Lab_STM32_IoT/iot_link/network/mqtt/paho_mqtt/paho/MQTTPacket/src\MQTTSubscribeClient.c **** 
  76:c:/Users/lenovo/Desktop/AIoT/first_day/firstday_afternoon/LiteOS_Lab_STM32_IoT/iot_link/network/mqtt/paho_mqtt/paho/MQTTPacket/src\MQTTSubscribeClient.c **** 	for (i = 0; i < count; ++i)
 209              		.loc 1 76 9
 210 00a0 0023     		movs	r3, #0
ARM GAS  C:\Users\lenovo\AppData\Local\Temp\ccS693Qj.s 			page 6


 211 00a2 3B62     		str	r3, [r7, #32]
 212              		.loc 1 76 2
 213 00a4 1BE0     		b	.L8
 214              	.L9:
  77:c:/Users/lenovo/Desktop/AIoT/first_day/firstday_afternoon/LiteOS_Lab_STM32_IoT/iot_link/network/mqtt/paho_mqtt/paho/MQTTPacket/src\MQTTSubscribeClient.c **** 	{
  78:c:/Users/lenovo/Desktop/AIoT/first_day/firstday_afternoon/LiteOS_Lab_STM32_IoT/iot_link/network/mqtt/paho_mqtt/paho/MQTTPacket/src\MQTTSubscribeClient.c **** 		writeMQTTString(&ptr, topicFilters[i]);
 215              		.loc 1 78 37 discriminator 3
 216 00a6 3A6A     		ldr	r2, [r7, #32]
 217 00a8 1346     		mov	r3, r2
 218 00aa 5B00     		lsls	r3, r3, #1
 219 00ac 1344     		add	r3, r3, r2
 220 00ae 9B00     		lsls	r3, r3, #2
 221 00b0 1A46     		mov	r2, r3
 222 00b2 7B6B     		ldr	r3, [r7, #52]
 223 00b4 1344     		add	r3, r3, r2
 224              		.loc 1 78 3 discriminator 3
 225 00b6 07F11800 		add	r0, r7, #24
 226 00ba 0ECB     		ldm	r3, {r1, r2, r3}
 227 00bc FFF7FEFF 		bl	writeMQTTString
  79:c:/Users/lenovo/Desktop/AIoT/first_day/firstday_afternoon/LiteOS_Lab_STM32_IoT/iot_link/network/mqtt/paho_mqtt/paho/MQTTPacket/src\MQTTSubscribeClient.c **** 		writeChar(&ptr, requestedQoSs[i]);
 228              		.loc 1 79 32 discriminator 3
 229 00c0 3B6A     		ldr	r3, [r7, #32]
 230 00c2 9B00     		lsls	r3, r3, #2
 231 00c4 BA6B     		ldr	r2, [r7, #56]
 232 00c6 1344     		add	r3, r3, r2
 233 00c8 1B68     		ldr	r3, [r3]
 234              		.loc 1 79 3 discriminator 3
 235 00ca DAB2     		uxtb	r2, r3
 236 00cc 07F11803 		add	r3, r7, #24
 237 00d0 1146     		mov	r1, r2
 238 00d2 1846     		mov	r0, r3
 239 00d4 FFF7FEFF 		bl	writeChar
  76:c:/Users/lenovo/Desktop/AIoT/first_day/firstday_afternoon/LiteOS_Lab_STM32_IoT/iot_link/network/mqtt/paho_mqtt/paho/MQTTPacket/src\MQTTSubscribeClient.c **** 	{
 240              		.loc 1 76 25 discriminator 3
 241 00d8 3B6A     		ldr	r3, [r7, #32]
 242 00da 0133     		adds	r3, r3, #1
 243 00dc 3B62     		str	r3, [r7, #32]
 244              	.L8:
  76:c:/Users/lenovo/Desktop/AIoT/first_day/firstday_afternoon/LiteOS_Lab_STM32_IoT/iot_link/network/mqtt/paho_mqtt/paho/MQTTPacket/src\MQTTSubscribeClient.c **** 	{
 245              		.loc 1 76 2 discriminator 1
 246 00de 3A6A     		ldr	r2, [r7, #32]
 247 00e0 3B6B     		ldr	r3, [r7, #48]
 248 00e2 9A42     		cmp	r2, r3
 249 00e4 DFDB     		blt	.L9
  80:c:/Users/lenovo/Desktop/AIoT/first_day/firstday_afternoon/LiteOS_Lab_STM32_IoT/iot_link/network/mqtt/paho_mqtt/paho/MQTTPacket/src\MQTTSubscribeClient.c **** 	}
  81:c:/Users/lenovo/Desktop/AIoT/first_day/firstday_afternoon/LiteOS_Lab_STM32_IoT/iot_link/network/mqtt/paho_mqtt/paho/MQTTPacket/src\MQTTSubscribeClient.c **** 
  82:c:/Users/lenovo/Desktop/AIoT/first_day/firstday_afternoon/LiteOS_Lab_STM32_IoT/iot_link/network/mqtt/paho_mqtt/paho/MQTTPacket/src\MQTTSubscribeClient.c **** 	rc = ptr - buf;
 250              		.loc 1 82 11
 251 00e6 BA69     		ldr	r2, [r7, #24]
 252              		.loc 1 82 5
 253 00e8 FB68     		ldr	r3, [r7, #12]
 254 00ea D31A     		subs	r3, r2, r3
 255 00ec 7B62     		str	r3, [r7, #36]
 256              	.L7:
  83:c:/Users/lenovo/Desktop/AIoT/first_day/firstday_afternoon/LiteOS_Lab_STM32_IoT/iot_link/network/mqtt/paho_mqtt/paho/MQTTPacket/src\MQTTSubscribeClient.c **** exit:
  84:c:/Users/lenovo/Desktop/AIoT/first_day/firstday_afternoon/LiteOS_Lab_STM32_IoT/iot_link/network/mqtt/paho_mqtt/paho/MQTTPacket/src\MQTTSubscribeClient.c **** 	FUNC_EXIT_RC(rc);
  85:c:/Users/lenovo/Desktop/AIoT/first_day/firstday_afternoon/LiteOS_Lab_STM32_IoT/iot_link/network/mqtt/paho_mqtt/paho/MQTTPacket/src\MQTTSubscribeClient.c **** 	return rc;
ARM GAS  C:\Users\lenovo\AppData\Local\Temp\ccS693Qj.s 			page 7


 257              		.loc 1 85 9
 258 00ee 7B6A     		ldr	r3, [r7, #36]
  86:c:/Users/lenovo/Desktop/AIoT/first_day/firstday_afternoon/LiteOS_Lab_STM32_IoT/iot_link/network/mqtt/paho_mqtt/paho/MQTTPacket/src\MQTTSubscribeClient.c **** }
 259              		.loc 1 86 1
 260 00f0 1846     		mov	r0, r3
 261 00f2 2837     		adds	r7, r7, #40
 262              	.LCFI8:
 263              		.cfi_def_cfa_offset 8
 264 00f4 BD46     		mov	sp, r7
 265              	.LCFI9:
 266              		.cfi_def_cfa_register 13
 267              		@ sp needed
 268 00f6 80BD     		pop	{r7, pc}
 269              		.cfi_endproc
 270              	.LFE4:
 272              		.section	.text.MQTTDeserialize_suback,"ax",%progbits
 273              		.align	1
 274              		.global	MQTTDeserialize_suback
 275              		.syntax unified
 276              		.thumb
 277              		.thumb_func
 278              		.fpu fpv4-sp-d16
 280              	MQTTDeserialize_suback:
 281              	.LFB5:
  87:c:/Users/lenovo/Desktop/AIoT/first_day/firstday_afternoon/LiteOS_Lab_STM32_IoT/iot_link/network/mqtt/paho_mqtt/paho/MQTTPacket/src\MQTTSubscribeClient.c **** 
  88:c:/Users/lenovo/Desktop/AIoT/first_day/firstday_afternoon/LiteOS_Lab_STM32_IoT/iot_link/network/mqtt/paho_mqtt/paho/MQTTPacket/src\MQTTSubscribeClient.c **** 
  89:c:/Users/lenovo/Desktop/AIoT/first_day/firstday_afternoon/LiteOS_Lab_STM32_IoT/iot_link/network/mqtt/paho_mqtt/paho/MQTTPacket/src\MQTTSubscribeClient.c **** 
  90:c:/Users/lenovo/Desktop/AIoT/first_day/firstday_afternoon/LiteOS_Lab_STM32_IoT/iot_link/network/mqtt/paho_mqtt/paho/MQTTPacket/src\MQTTSubscribeClient.c **** /**
  91:c:/Users/lenovo/Desktop/AIoT/first_day/firstday_afternoon/LiteOS_Lab_STM32_IoT/iot_link/network/mqtt/paho_mqtt/paho/MQTTPacket/src\MQTTSubscribeClient.c ****   * Deserializes the supplied (wire) buffer into suback data
  92:c:/Users/lenovo/Desktop/AIoT/first_day/firstday_afternoon/LiteOS_Lab_STM32_IoT/iot_link/network/mqtt/paho_mqtt/paho/MQTTPacket/src\MQTTSubscribeClient.c ****   * @param packetid returned integer - the MQTT packet identifier
  93:c:/Users/lenovo/Desktop/AIoT/first_day/firstday_afternoon/LiteOS_Lab_STM32_IoT/iot_link/network/mqtt/paho_mqtt/paho/MQTTPacket/src\MQTTSubscribeClient.c ****   * @param maxcount - the maximum number of members allowed in the grantedQoSs array
  94:c:/Users/lenovo/Desktop/AIoT/first_day/firstday_afternoon/LiteOS_Lab_STM32_IoT/iot_link/network/mqtt/paho_mqtt/paho/MQTTPacket/src\MQTTSubscribeClient.c ****   * @param count returned integer - number of members in the grantedQoSs array
  95:c:/Users/lenovo/Desktop/AIoT/first_day/firstday_afternoon/LiteOS_Lab_STM32_IoT/iot_link/network/mqtt/paho_mqtt/paho/MQTTPacket/src\MQTTSubscribeClient.c ****   * @param grantedQoSs returned array of integers - the granted qualities of service
  96:c:/Users/lenovo/Desktop/AIoT/first_day/firstday_afternoon/LiteOS_Lab_STM32_IoT/iot_link/network/mqtt/paho_mqtt/paho/MQTTPacket/src\MQTTSubscribeClient.c ****   * @param buf the raw buffer data, of the correct length determined by the remaining length field
  97:c:/Users/lenovo/Desktop/AIoT/first_day/firstday_afternoon/LiteOS_Lab_STM32_IoT/iot_link/network/mqtt/paho_mqtt/paho/MQTTPacket/src\MQTTSubscribeClient.c ****   * @param buflen the length in bytes of the data in the supplied buffer
  98:c:/Users/lenovo/Desktop/AIoT/first_day/firstday_afternoon/LiteOS_Lab_STM32_IoT/iot_link/network/mqtt/paho_mqtt/paho/MQTTPacket/src\MQTTSubscribeClient.c ****   * @return error code.  1 is success, 0 is failure
  99:c:/Users/lenovo/Desktop/AIoT/first_day/firstday_afternoon/LiteOS_Lab_STM32_IoT/iot_link/network/mqtt/paho_mqtt/paho/MQTTPacket/src\MQTTSubscribeClient.c ****   */
 100:c:/Users/lenovo/Desktop/AIoT/first_day/firstday_afternoon/LiteOS_Lab_STM32_IoT/iot_link/network/mqtt/paho_mqtt/paho/MQTTPacket/src\MQTTSubscribeClient.c **** int MQTTDeserialize_suback(unsigned short* packetid, int maxcount, int* count, int grantedQoSs[], u
 101:c:/Users/lenovo/Desktop/AIoT/first_day/firstday_afternoon/LiteOS_Lab_STM32_IoT/iot_link/network/mqtt/paho_mqtt/paho/MQTTPacket/src\MQTTSubscribeClient.c **** {
 282              		.loc 1 101 1
 283              		.cfi_startproc
 284              		@ args = 8, pretend = 0, frame = 40
 285              		@ frame_needed = 1, uses_anonymous_args = 0
 286 0000 80B5     		push	{r7, lr}
 287              	.LCFI10:
 288              		.cfi_def_cfa_offset 8
 289              		.cfi_offset 7, -8
 290              		.cfi_offset 14, -4
 291 0002 8AB0     		sub	sp, sp, #40
 292              	.LCFI11:
 293              		.cfi_def_cfa_offset 48
 294 0004 00AF     		add	r7, sp, #0
 295              	.LCFI12:
 296              		.cfi_def_cfa_register 7
 297 0006 F860     		str	r0, [r7, #12]
 298 0008 B960     		str	r1, [r7, #8]
 299 000a 7A60     		str	r2, [r7, #4]
ARM GAS  C:\Users\lenovo\AppData\Local\Temp\ccS693Qj.s 			page 8


 300 000c 3B60     		str	r3, [r7]
 102:c:/Users/lenovo/Desktop/AIoT/first_day/firstday_afternoon/LiteOS_Lab_STM32_IoT/iot_link/network/mqtt/paho_mqtt/paho/MQTTPacket/src\MQTTSubscribeClient.c **** 	MQTTHeader header = {0};
 301              		.loc 1 102 13
 302 000e 0023     		movs	r3, #0
 303 0010 FB61     		str	r3, [r7, #28]
 103:c:/Users/lenovo/Desktop/AIoT/first_day/firstday_afternoon/LiteOS_Lab_STM32_IoT/iot_link/network/mqtt/paho_mqtt/paho/MQTTPacket/src\MQTTSubscribeClient.c **** 	unsigned char* curdata = buf;
 304              		.loc 1 103 17
 305 0012 3B6B     		ldr	r3, [r7, #48]
 306 0014 BB61     		str	r3, [r7, #24]
 104:c:/Users/lenovo/Desktop/AIoT/first_day/firstday_afternoon/LiteOS_Lab_STM32_IoT/iot_link/network/mqtt/paho_mqtt/paho/MQTTPacket/src\MQTTSubscribeClient.c **** 	unsigned char* enddata = NULL;
 307              		.loc 1 104 17
 308 0016 0023     		movs	r3, #0
 309 0018 3B62     		str	r3, [r7, #32]
 105:c:/Users/lenovo/Desktop/AIoT/first_day/firstday_afternoon/LiteOS_Lab_STM32_IoT/iot_link/network/mqtt/paho_mqtt/paho/MQTTPacket/src\MQTTSubscribeClient.c **** 	int rc = 0;
 310              		.loc 1 105 6
 311 001a 0023     		movs	r3, #0
 312 001c 7B62     		str	r3, [r7, #36]
 106:c:/Users/lenovo/Desktop/AIoT/first_day/firstday_afternoon/LiteOS_Lab_STM32_IoT/iot_link/network/mqtt/paho_mqtt/paho/MQTTPacket/src\MQTTSubscribeClient.c **** 	int mylen;
 107:c:/Users/lenovo/Desktop/AIoT/first_day/firstday_afternoon/LiteOS_Lab_STM32_IoT/iot_link/network/mqtt/paho_mqtt/paho/MQTTPacket/src\MQTTSubscribeClient.c **** 
 108:c:/Users/lenovo/Desktop/AIoT/first_day/firstday_afternoon/LiteOS_Lab_STM32_IoT/iot_link/network/mqtt/paho_mqtt/paho/MQTTPacket/src\MQTTSubscribeClient.c **** 	FUNC_ENTRY;
 109:c:/Users/lenovo/Desktop/AIoT/first_day/firstday_afternoon/LiteOS_Lab_STM32_IoT/iot_link/network/mqtt/paho_mqtt/paho/MQTTPacket/src\MQTTSubscribeClient.c **** 	header.byte = readChar(&curdata);
 313              		.loc 1 109 16
 314 001e 07F11803 		add	r3, r7, #24
 315 0022 1846     		mov	r0, r3
 316 0024 FFF7FEFF 		bl	readChar
 317 0028 0346     		mov	r3, r0
 318              		.loc 1 109 14
 319 002a 3B77     		strb	r3, [r7, #28]
 110:c:/Users/lenovo/Desktop/AIoT/first_day/firstday_afternoon/LiteOS_Lab_STM32_IoT/iot_link/network/mqtt/paho_mqtt/paho/MQTTPacket/src\MQTTSubscribeClient.c **** 	if (header.bits.type != SUBACK)
 320              		.loc 1 110 23
 321 002c 3B7F     		ldrb	r3, [r7, #28]	@ zero_extendqisi2
 322 002e 23F00F03 		bic	r3, r3, #15
 323 0032 DBB2     		uxtb	r3, r3
 324              		.loc 1 110 5
 325 0034 902B     		cmp	r3, #144
 326 0036 42D1     		bne	.L19
 111:c:/Users/lenovo/Desktop/AIoT/first_day/firstday_afternoon/LiteOS_Lab_STM32_IoT/iot_link/network/mqtt/paho_mqtt/paho/MQTTPacket/src\MQTTSubscribeClient.c **** 		goto exit;
 112:c:/Users/lenovo/Desktop/AIoT/first_day/firstday_afternoon/LiteOS_Lab_STM32_IoT/iot_link/network/mqtt/paho_mqtt/paho/MQTTPacket/src\MQTTSubscribeClient.c **** 
 113:c:/Users/lenovo/Desktop/AIoT/first_day/firstday_afternoon/LiteOS_Lab_STM32_IoT/iot_link/network/mqtt/paho_mqtt/paho/MQTTPacket/src\MQTTSubscribeClient.c **** 	curdata += (rc = MQTTPacket_decodeBuf(curdata, &mylen)); /* read remaining length */
 327              		.loc 1 113 19
 328 0038 BB69     		ldr	r3, [r7, #24]
 329 003a 07F11402 		add	r2, r7, #20
 330 003e 1146     		mov	r1, r2
 331 0040 1846     		mov	r0, r3
 332 0042 FFF7FEFF 		bl	MQTTPacket_decodeBuf
 333 0046 7862     		str	r0, [r7, #36]
 334              		.loc 1 113 17
 335 0048 7A6A     		ldr	r2, [r7, #36]
 336              		.loc 1 113 10
 337 004a BB69     		ldr	r3, [r7, #24]
 338 004c 1344     		add	r3, r3, r2
 339 004e BB61     		str	r3, [r7, #24]
 114:c:/Users/lenovo/Desktop/AIoT/first_day/firstday_afternoon/LiteOS_Lab_STM32_IoT/iot_link/network/mqtt/paho_mqtt/paho/MQTTPacket/src\MQTTSubscribeClient.c **** 	enddata = curdata + mylen;
 340              		.loc 1 114 20
 341 0050 BB69     		ldr	r3, [r7, #24]
 342 0052 7A69     		ldr	r2, [r7, #20]
 343              		.loc 1 114 10
ARM GAS  C:\Users\lenovo\AppData\Local\Temp\ccS693Qj.s 			page 9


 344 0054 1344     		add	r3, r3, r2
 345 0056 3B62     		str	r3, [r7, #32]
 115:c:/Users/lenovo/Desktop/AIoT/first_day/firstday_afternoon/LiteOS_Lab_STM32_IoT/iot_link/network/mqtt/paho_mqtt/paho/MQTTPacket/src\MQTTSubscribeClient.c **** 	if (enddata - curdata < 2)
 346              		.loc 1 115 14
 347 0058 BB69     		ldr	r3, [r7, #24]
 348 005a 3A6A     		ldr	r2, [r7, #32]
 349 005c D31A     		subs	r3, r2, r3
 350              		.loc 1 115 5
 351 005e 012B     		cmp	r3, #1
 352 0060 2FDD     		ble	.L20
 116:c:/Users/lenovo/Desktop/AIoT/first_day/firstday_afternoon/LiteOS_Lab_STM32_IoT/iot_link/network/mqtt/paho_mqtt/paho/MQTTPacket/src\MQTTSubscribeClient.c **** 		goto exit;
 117:c:/Users/lenovo/Desktop/AIoT/first_day/firstday_afternoon/LiteOS_Lab_STM32_IoT/iot_link/network/mqtt/paho_mqtt/paho/MQTTPacket/src\MQTTSubscribeClient.c **** 
 118:c:/Users/lenovo/Desktop/AIoT/first_day/firstday_afternoon/LiteOS_Lab_STM32_IoT/iot_link/network/mqtt/paho_mqtt/paho/MQTTPacket/src\MQTTSubscribeClient.c **** 	*packetid = readInt(&curdata);
 353              		.loc 1 118 14
 354 0062 07F11803 		add	r3, r7, #24
 355 0066 1846     		mov	r0, r3
 356 0068 FFF7FEFF 		bl	readInt
 357 006c 0346     		mov	r3, r0
 358              		.loc 1 118 12
 359 006e 9AB2     		uxth	r2, r3
 360 0070 FB68     		ldr	r3, [r7, #12]
 361 0072 1A80     		strh	r2, [r3]	@ movhi
 119:c:/Users/lenovo/Desktop/AIoT/first_day/firstday_afternoon/LiteOS_Lab_STM32_IoT/iot_link/network/mqtt/paho_mqtt/paho/MQTTPacket/src\MQTTSubscribeClient.c **** 
 120:c:/Users/lenovo/Desktop/AIoT/first_day/firstday_afternoon/LiteOS_Lab_STM32_IoT/iot_link/network/mqtt/paho_mqtt/paho/MQTTPacket/src\MQTTSubscribeClient.c **** 	*count = 0;
 362              		.loc 1 120 9
 363 0074 7B68     		ldr	r3, [r7, #4]
 364 0076 0022     		movs	r2, #0
 365 0078 1A60     		str	r2, [r3]
 121:c:/Users/lenovo/Desktop/AIoT/first_day/firstday_afternoon/LiteOS_Lab_STM32_IoT/iot_link/network/mqtt/paho_mqtt/paho/MQTTPacket/src\MQTTSubscribeClient.c **** 	while (curdata < enddata)
 366              		.loc 1 121 8
 367 007a 19E0     		b	.L15
 368              	.L17:
 122:c:/Users/lenovo/Desktop/AIoT/first_day/firstday_afternoon/LiteOS_Lab_STM32_IoT/iot_link/network/mqtt/paho_mqtt/paho/MQTTPacket/src\MQTTSubscribeClient.c **** 	{
 123:c:/Users/lenovo/Desktop/AIoT/first_day/firstday_afternoon/LiteOS_Lab_STM32_IoT/iot_link/network/mqtt/paho_mqtt/paho/MQTTPacket/src\MQTTSubscribeClient.c **** 		if (*count > maxcount)
 369              		.loc 1 123 7
 370 007c 7B68     		ldr	r3, [r7, #4]
 371 007e 1B68     		ldr	r3, [r3]
 372              		.loc 1 123 6
 373 0080 BA68     		ldr	r2, [r7, #8]
 374 0082 9A42     		cmp	r2, r3
 375 0084 03DA     		bge	.L16
 124:c:/Users/lenovo/Desktop/AIoT/first_day/firstday_afternoon/LiteOS_Lab_STM32_IoT/iot_link/network/mqtt/paho_mqtt/paho/MQTTPacket/src\MQTTSubscribeClient.c **** 		{
 125:c:/Users/lenovo/Desktop/AIoT/first_day/firstday_afternoon/LiteOS_Lab_STM32_IoT/iot_link/network/mqtt/paho_mqtt/paho/MQTTPacket/src\MQTTSubscribeClient.c **** 			rc = -1;
 376              		.loc 1 125 7
 377 0086 4FF0FF33 		mov	r3, #-1
 378 008a 7B62     		str	r3, [r7, #36]
 126:c:/Users/lenovo/Desktop/AIoT/first_day/firstday_afternoon/LiteOS_Lab_STM32_IoT/iot_link/network/mqtt/paho_mqtt/paho/MQTTPacket/src\MQTTSubscribeClient.c **** 			goto exit;
 379              		.loc 1 126 4
 380 008c 1AE0     		b	.L13
 381              	.L16:
 127:c:/Users/lenovo/Desktop/AIoT/first_day/firstday_afternoon/LiteOS_Lab_STM32_IoT/iot_link/network/mqtt/paho_mqtt/paho/MQTTPacket/src\MQTTSubscribeClient.c **** 		}
 128:c:/Users/lenovo/Desktop/AIoT/first_day/firstday_afternoon/LiteOS_Lab_STM32_IoT/iot_link/network/mqtt/paho_mqtt/paho/MQTTPacket/src\MQTTSubscribeClient.c **** 		grantedQoSs[(*count)++] = readChar(&curdata);
 382              		.loc 1 128 29
 383 008e 07F11803 		add	r3, r7, #24
 384 0092 1846     		mov	r0, r3
 385 0094 FFF7FEFF 		bl	readChar
 386 0098 0346     		mov	r3, r0
ARM GAS  C:\Users\lenovo\AppData\Local\Temp\ccS693Qj.s 			page 10


 387 009a 1846     		mov	r0, r3
 388              		.loc 1 128 16
 389 009c 7B68     		ldr	r3, [r7, #4]
 390 009e 1B68     		ldr	r3, [r3]
 391              		.loc 1 128 23
 392 00a0 591C     		adds	r1, r3, #1
 393 00a2 7A68     		ldr	r2, [r7, #4]
 394 00a4 1160     		str	r1, [r2]
 395              		.loc 1 128 14
 396 00a6 9B00     		lsls	r3, r3, #2
 397 00a8 3A68     		ldr	r2, [r7]
 398 00aa 1344     		add	r3, r3, r2
 399              		.loc 1 128 29
 400 00ac 0246     		mov	r2, r0
 401              		.loc 1 128 27
 402 00ae 1A60     		str	r2, [r3]
 403              	.L15:
 121:c:/Users/lenovo/Desktop/AIoT/first_day/firstday_afternoon/LiteOS_Lab_STM32_IoT/iot_link/network/mqtt/paho_mqtt/paho/MQTTPacket/src\MQTTSubscribeClient.c **** 	{
 404              		.loc 1 121 17
 405 00b0 BB69     		ldr	r3, [r7, #24]
 121:c:/Users/lenovo/Desktop/AIoT/first_day/firstday_afternoon/LiteOS_Lab_STM32_IoT/iot_link/network/mqtt/paho_mqtt/paho/MQTTPacket/src\MQTTSubscribeClient.c **** 	{
 406              		.loc 1 121 8
 407 00b2 3A6A     		ldr	r2, [r7, #32]
 408 00b4 9A42     		cmp	r2, r3
 409 00b6 E1D8     		bhi	.L17
 129:c:/Users/lenovo/Desktop/AIoT/first_day/firstday_afternoon/LiteOS_Lab_STM32_IoT/iot_link/network/mqtt/paho_mqtt/paho/MQTTPacket/src\MQTTSubscribeClient.c **** 	}
 130:c:/Users/lenovo/Desktop/AIoT/first_day/firstday_afternoon/LiteOS_Lab_STM32_IoT/iot_link/network/mqtt/paho_mqtt/paho/MQTTPacket/src\MQTTSubscribeClient.c **** 
 131:c:/Users/lenovo/Desktop/AIoT/first_day/firstday_afternoon/LiteOS_Lab_STM32_IoT/iot_link/network/mqtt/paho_mqtt/paho/MQTTPacket/src\MQTTSubscribeClient.c **** 	rc = 1;
 410              		.loc 1 131 5
 411 00b8 0123     		movs	r3, #1
 412 00ba 7B62     		str	r3, [r7, #36]
 413 00bc 02E0     		b	.L13
 414              	.L19:
 111:c:/Users/lenovo/Desktop/AIoT/first_day/firstday_afternoon/LiteOS_Lab_STM32_IoT/iot_link/network/mqtt/paho_mqtt/paho/MQTTPacket/src\MQTTSubscribeClient.c **** 
 415              		.loc 1 111 3
 416 00be 00BF     		nop
 417 00c0 00E0     		b	.L13
 418              	.L20:
 116:c:/Users/lenovo/Desktop/AIoT/first_day/firstday_afternoon/LiteOS_Lab_STM32_IoT/iot_link/network/mqtt/paho_mqtt/paho/MQTTPacket/src\MQTTSubscribeClient.c **** 
 419              		.loc 1 116 3
 420 00c2 00BF     		nop
 421              	.L13:
 132:c:/Users/lenovo/Desktop/AIoT/first_day/firstday_afternoon/LiteOS_Lab_STM32_IoT/iot_link/network/mqtt/paho_mqtt/paho/MQTTPacket/src\MQTTSubscribeClient.c **** exit:
 133:c:/Users/lenovo/Desktop/AIoT/first_day/firstday_afternoon/LiteOS_Lab_STM32_IoT/iot_link/network/mqtt/paho_mqtt/paho/MQTTPacket/src\MQTTSubscribeClient.c **** 	FUNC_EXIT_RC(rc);
 134:c:/Users/lenovo/Desktop/AIoT/first_day/firstday_afternoon/LiteOS_Lab_STM32_IoT/iot_link/network/mqtt/paho_mqtt/paho/MQTTPacket/src\MQTTSubscribeClient.c **** 	return rc;
 422              		.loc 1 134 9
 423 00c4 7B6A     		ldr	r3, [r7, #36]
 135:c:/Users/lenovo/Desktop/AIoT/first_day/firstday_afternoon/LiteOS_Lab_STM32_IoT/iot_link/network/mqtt/paho_mqtt/paho/MQTTPacket/src\MQTTSubscribeClient.c **** }
 424              		.loc 1 135 1
 425 00c6 1846     		mov	r0, r3
 426 00c8 2837     		adds	r7, r7, #40
 427              	.LCFI13:
 428              		.cfi_def_cfa_offset 8
 429 00ca BD46     		mov	sp, r7
 430              	.LCFI14:
 431              		.cfi_def_cfa_register 13
 432              		@ sp needed
ARM GAS  C:\Users\lenovo\AppData\Local\Temp\ccS693Qj.s 			page 11


 433 00cc 80BD     		pop	{r7, pc}
 434              		.cfi_endproc
 435              	.LFE5:
 437              		.text
 438              	.Letext0:
 439              		.file 2 "c:/Users/lenovo/Desktop/AIoT/first_day/firstday_afternoon/LiteOS_Lab_STM32_IoT/iot_link/n
 440              		.file 3 "c:\\users\\lenovo\\.iotlink\\tools\\gcc-arm-none-eabi\\arm-none-eabi\\include\\sys\\lock.
 441              		.file 4 "c:\\users\\lenovo\\.iotlink\\tools\\gcc-arm-none-eabi\\arm-none-eabi\\include\\sys\\_type
 442              		.file 5 "c:\\users\\lenovo\\.iotlink\\tools\\gcc-arm-none-eabi\\lib\\gcc\\arm-none-eabi\\9.2.1\\in
 443              		.file 6 "c:\\users\\lenovo\\.iotlink\\tools\\gcc-arm-none-eabi\\arm-none-eabi\\include\\sys\\reent
ARM GAS  C:\Users\lenovo\AppData\Local\Temp\ccS693Qj.s 			page 12


DEFINED SYMBOLS
                            *ABS*:00000000 MQTTSubscribeClient.c
C:\Users\lenovo\AppData\Local\Temp\ccS693Qj.s:18     .text.MQTTSerialize_subscribeLength:00000000 $t
C:\Users\lenovo\AppData\Local\Temp\ccS693Qj.s:26     .text.MQTTSerialize_subscribeLength:00000000 MQTTSerialize_subscribeLength
C:\Users\lenovo\AppData\Local\Temp\ccS693Qj.s:100    .text.MQTTSerialize_subscribe:00000000 $t
C:\Users\lenovo\AppData\Local\Temp\ccS693Qj.s:107    .text.MQTTSerialize_subscribe:00000000 MQTTSerialize_subscribe
C:\Users\lenovo\AppData\Local\Temp\ccS693Qj.s:273    .text.MQTTDeserialize_suback:00000000 $t
C:\Users\lenovo\AppData\Local\Temp\ccS693Qj.s:280    .text.MQTTDeserialize_suback:00000000 MQTTDeserialize_suback

UNDEFINED SYMBOLS
MQTTstrlen
MQTTPacket_len
writeChar
MQTTPacket_encode
writeInt
writeMQTTString
readChar
MQTTPacket_decodeBuf
readInt
