ARM GAS  C:\Users\lenovo\AppData\Local\Temp\ccHBCura.s 			page 1


   1              		.cpu cortex-m4
   2              		.eabi_attribute 27, 1
   3              		.eabi_attribute 28, 1
   4              		.eabi_attribute 20, 1
   5              		.eabi_attribute 21, 1
   6              		.eabi_attribute 23, 3
   7              		.eabi_attribute 24, 1
   8              		.eabi_attribute 25, 1
   9              		.eabi_attribute 26, 1
  10              		.eabi_attribute 30, 6
  11              		.eabi_attribute 34, 1
  12              		.eabi_attribute 18, 4
  13              		.file	"mqtt_al.c"
  14              		.text
  15              	.Ltext0:
  16              		.cfi_sections	.debug_frame
  17              		.section	.bss.s_mqtt_al_op_cb,"aw",%nobits
  18              		.align	2
  21              	s_mqtt_al_op_cb:
  22 0000 00000000 		.space	28
  22      00000000 
  22      00000000 
  22      00000000 
  22      00000000 
  23              		.section	.text.mqtt_al_install,"ax",%progbits
  24              		.align	1
  25              		.global	mqtt_al_install
  26              		.arch armv7e-m
  27              		.syntax unified
  28              		.thumb
  29              		.thumb_func
  30              		.fpu fpv4-sp-d16
  32              	mqtt_al_install:
  33              	.LFB0:
  34              		.file 1 "c:/Users/lenovo/Desktop/AIoT/first_day/firstday_afternoon/LiteOS_Lab_STM32_IoT/iot_link/n
   1:c:/Users/lenovo/Desktop/AIoT/first_day/firstday_afternoon/LiteOS_Lab_STM32_IoT/iot_link/network/mqtt/mqtt_al\mqtt_al.c **** /*----------------------------------------------------------------------------
   2:c:/Users/lenovo/Desktop/AIoT/first_day/firstday_afternoon/LiteOS_Lab_STM32_IoT/iot_link/network/mqtt/mqtt_al\mqtt_al.c ****  * Copyright (c) <2018>, <Huawei Technologies Co., Ltd>
   3:c:/Users/lenovo/Desktop/AIoT/first_day/firstday_afternoon/LiteOS_Lab_STM32_IoT/iot_link/network/mqtt/mqtt_al\mqtt_al.c ****  * All rights reserved.
   4:c:/Users/lenovo/Desktop/AIoT/first_day/firstday_afternoon/LiteOS_Lab_STM32_IoT/iot_link/network/mqtt/mqtt_al\mqtt_al.c ****  * Redistributopsn and use in source and binary forms, with or without modificatopsn,
   5:c:/Users/lenovo/Desktop/AIoT/first_day/firstday_afternoon/LiteOS_Lab_STM32_IoT/iot_link/network/mqtt/mqtt_al\mqtt_al.c ****  * are permitted provided that the following conditopsns are met:
   6:c:/Users/lenovo/Desktop/AIoT/first_day/firstday_afternoon/LiteOS_Lab_STM32_IoT/iot_link/network/mqtt/mqtt_al\mqtt_al.c ****  * 1. Redistributopsns of source code must retain the above copyright notice, this list of
   7:c:/Users/lenovo/Desktop/AIoT/first_day/firstday_afternoon/LiteOS_Lab_STM32_IoT/iot_link/network/mqtt/mqtt_al\mqtt_al.c ****  * conditopsns and the following disclaimer.
   8:c:/Users/lenovo/Desktop/AIoT/first_day/firstday_afternoon/LiteOS_Lab_STM32_IoT/iot_link/network/mqtt/mqtt_al\mqtt_al.c ****  * 2. Redistributopsns in binary form must reproduce the above copyright notice, this list
   9:c:/Users/lenovo/Desktop/AIoT/first_day/firstday_afternoon/LiteOS_Lab_STM32_IoT/iot_link/network/mqtt/mqtt_al\mqtt_al.c ****  * of conditopsns and the following disclaimer in the documentatopsn and/or other materials
  10:c:/Users/lenovo/Desktop/AIoT/first_day/firstday_afternoon/LiteOS_Lab_STM32_IoT/iot_link/network/mqtt/mqtt_al\mqtt_al.c ****  * provided with the distributopsn.
  11:c:/Users/lenovo/Desktop/AIoT/first_day/firstday_afternoon/LiteOS_Lab_STM32_IoT/iot_link/network/mqtt/mqtt_al\mqtt_al.c ****  * 3. Neither the name of the copyright holder nor the names of its contributors may be used
  12:c:/Users/lenovo/Desktop/AIoT/first_day/firstday_afternoon/LiteOS_Lab_STM32_IoT/iot_link/network/mqtt/mqtt_al\mqtt_al.c ****  * to endorse or promote products derived from this software without specific propsr written
  13:c:/Users/lenovo/Desktop/AIoT/first_day/firstday_afternoon/LiteOS_Lab_STM32_IoT/iot_link/network/mqtt/mqtt_al\mqtt_al.c ****  * permissopsn.
  14:c:/Users/lenovo/Desktop/AIoT/first_day/firstday_afternoon/LiteOS_Lab_STM32_IoT/iot_link/network/mqtt/mqtt_al\mqtt_al.c ****  * THIS SOFTWARE IS PROVIDED BY THE COPYRIGHT HOLDERS AND CONTRIBUTORS
  15:c:/Users/lenovo/Desktop/AIoT/first_day/firstday_afternoon/LiteOS_Lab_STM32_IoT/iot_link/network/mqtt/mqtt_al\mqtt_al.c ****  * "AS IS" AND ANY EXPRESS OR IMPLIED WARRANTIES, INCLUDING, BUT NOT LIMITED TO,
  16:c:/Users/lenovo/Desktop/AIoT/first_day/firstday_afternoon/LiteOS_Lab_STM32_IoT/iot_link/network/mqtt/mqtt_al\mqtt_al.c ****  * THE IMPLIED WARRANTIES OF MERCHANTABILITY AND FITNESS FOR A PARTICULAR
  17:c:/Users/lenovo/Desktop/AIoT/first_day/firstday_afternoon/LiteOS_Lab_STM32_IoT/iot_link/network/mqtt/mqtt_al\mqtt_al.c ****  * PURPOSE ARE DISCLAIMED. IN NO EVENT SHALL THE COPYRIGHT HOLDER OR
  18:c:/Users/lenovo/Desktop/AIoT/first_day/firstday_afternoon/LiteOS_Lab_STM32_IoT/iot_link/network/mqtt/mqtt_al\mqtt_al.c ****  * CONTRIBUTORS BE LIABLE FOR ANY DIRECT, INDIRECT, INCIDENTAL, SPECIAL,
  19:c:/Users/lenovo/Desktop/AIoT/first_day/firstday_afternoon/LiteOS_Lab_STM32_IoT/iot_link/network/mqtt/mqtt_al\mqtt_al.c ****  * EXEMPLARY, OR CONSEQUENTIAL DAMAGES (INCLUDING, BUT NOT LIMITED TO,
  20:c:/Users/lenovo/Desktop/AIoT/first_day/firstday_afternoon/LiteOS_Lab_STM32_IoT/iot_link/network/mqtt/mqtt_al\mqtt_al.c ****  * PROCUREMENT OF SUBSTITUTE GOODS OR SERVICES; LOSS OF USE, DATA, OR PROFITS;
  21:c:/Users/lenovo/Desktop/AIoT/first_day/firstday_afternoon/LiteOS_Lab_STM32_IoT/iot_link/network/mqtt/mqtt_al\mqtt_al.c ****  * OR BUSINESS INTERRUPTopsN) HOWEVER CAUSED AND ON ANY THEORY OF LIABILITY,
  22:c:/Users/lenovo/Desktop/AIoT/first_day/firstday_afternoon/LiteOS_Lab_STM32_IoT/iot_link/network/mqtt/mqtt_al\mqtt_al.c ****  * WHETHER IN CONTRACT, STRICT LIABILITY, OR TORT (INCLUDING NEGLIGENCE OR
ARM GAS  C:\Users\lenovo\AppData\Local\Temp\ccHBCura.s 			page 2


  23:c:/Users/lenovo/Desktop/AIoT/first_day/firstday_afternoon/LiteOS_Lab_STM32_IoT/iot_link/network/mqtt/mqtt_al\mqtt_al.c ****  * OTHERWISE) ARISING IN ANY WAY OUT OF THE USE OF THIS SOFTWARE, EVEN IF
  24:c:/Users/lenovo/Desktop/AIoT/first_day/firstday_afternoon/LiteOS_Lab_STM32_IoT/iot_link/network/mqtt/mqtt_al\mqtt_al.c ****  * ADVISED OF THE POSSIBILITY OF SUCH DAMAGE.
  25:c:/Users/lenovo/Desktop/AIoT/first_day/firstday_afternoon/LiteOS_Lab_STM32_IoT/iot_link/network/mqtt/mqtt_al\mqtt_al.c ****  *---------------------------------------------------------------------------*/
  26:c:/Users/lenovo/Desktop/AIoT/first_day/firstday_afternoon/LiteOS_Lab_STM32_IoT/iot_link/network/mqtt/mqtt_al\mqtt_al.c **** /*----------------------------------------------------------------------------
  27:c:/Users/lenovo/Desktop/AIoT/first_day/firstday_afternoon/LiteOS_Lab_STM32_IoT/iot_link/network/mqtt/mqtt_al\mqtt_al.c ****  * Notice of Export Control Law
  28:c:/Users/lenovo/Desktop/AIoT/first_day/firstday_afternoon/LiteOS_Lab_STM32_IoT/iot_link/network/mqtt/mqtt_al\mqtt_al.c ****  * ===============================================
  29:c:/Users/lenovo/Desktop/AIoT/first_day/firstday_afternoon/LiteOS_Lab_STM32_IoT/iot_link/network/mqtt/mqtt_al\mqtt_al.c ****  * Huawei LiteOS may be subject to applicable export control laws and regulatopsns, which might
  30:c:/Users/lenovo/Desktop/AIoT/first_day/firstday_afternoon/LiteOS_Lab_STM32_IoT/iot_link/network/mqtt/mqtt_al\mqtt_al.c ****  * include those applicable to Huawei LiteOS of U.S. and the country in which you are located.
  31:c:/Users/lenovo/Desktop/AIoT/first_day/firstday_afternoon/LiteOS_Lab_STM32_IoT/iot_link/network/mqtt/mqtt_al\mqtt_al.c ****  * Import, export and usage of Huawei LiteOS in any manner by you shall be in compliance with such
  32:c:/Users/lenovo/Desktop/AIoT/first_day/firstday_afternoon/LiteOS_Lab_STM32_IoT/iot_link/network/mqtt/mqtt_al\mqtt_al.c ****  * applicable export control laws and regulatopsns.
  33:c:/Users/lenovo/Desktop/AIoT/first_day/firstday_afternoon/LiteOS_Lab_STM32_IoT/iot_link/network/mqtt/mqtt_al\mqtt_al.c ****  *---------------------------------------------------------------------------*/
  34:c:/Users/lenovo/Desktop/AIoT/first_day/firstday_afternoon/LiteOS_Lab_STM32_IoT/iot_link/network/mqtt/mqtt_al\mqtt_al.c **** 
  35:c:/Users/lenovo/Desktop/AIoT/first_day/firstday_afternoon/LiteOS_Lab_STM32_IoT/iot_link/network/mqtt/mqtt_al\mqtt_al.c **** #include <stdint.h>
  36:c:/Users/lenovo/Desktop/AIoT/first_day/firstday_afternoon/LiteOS_Lab_STM32_IoT/iot_link/network/mqtt/mqtt_al\mqtt_al.c **** #include <stddef.h>
  37:c:/Users/lenovo/Desktop/AIoT/first_day/firstday_afternoon/LiteOS_Lab_STM32_IoT/iot_link/network/mqtt/mqtt_al\mqtt_al.c **** 
  38:c:/Users/lenovo/Desktop/AIoT/first_day/firstday_afternoon/LiteOS_Lab_STM32_IoT/iot_link/network/mqtt/mqtt_al\mqtt_al.c **** 
  39:c:/Users/lenovo/Desktop/AIoT/first_day/firstday_afternoon/LiteOS_Lab_STM32_IoT/iot_link/network/mqtt/mqtt_al\mqtt_al.c **** 
  40:c:/Users/lenovo/Desktop/AIoT/first_day/firstday_afternoon/LiteOS_Lab_STM32_IoT/iot_link/network/mqtt/mqtt_al\mqtt_al.c **** #ifdef __cplusplus
  41:c:/Users/lenovo/Desktop/AIoT/first_day/firstday_afternoon/LiteOS_Lab_STM32_IoT/iot_link/network/mqtt/mqtt_al\mqtt_al.c **** #if __cplusplus
  42:c:/Users/lenovo/Desktop/AIoT/first_day/firstday_afternoon/LiteOS_Lab_STM32_IoT/iot_link/network/mqtt/mqtt_al\mqtt_al.c **** extern "C" {
  43:c:/Users/lenovo/Desktop/AIoT/first_day/firstday_afternoon/LiteOS_Lab_STM32_IoT/iot_link/network/mqtt/mqtt_al\mqtt_al.c **** #endif /* __cplusplus */
  44:c:/Users/lenovo/Desktop/AIoT/first_day/firstday_afternoon/LiteOS_Lab_STM32_IoT/iot_link/network/mqtt/mqtt_al\mqtt_al.c **** #endif /* __cplusplus */
  45:c:/Users/lenovo/Desktop/AIoT/first_day/firstday_afternoon/LiteOS_Lab_STM32_IoT/iot_link/network/mqtt/mqtt_al\mqtt_al.c **** 
  46:c:/Users/lenovo/Desktop/AIoT/first_day/firstday_afternoon/LiteOS_Lab_STM32_IoT/iot_link/network/mqtt/mqtt_al\mqtt_al.c **** 
  47:c:/Users/lenovo/Desktop/AIoT/first_day/firstday_afternoon/LiteOS_Lab_STM32_IoT/iot_link/network/mqtt/mqtt_al\mqtt_al.c **** #include <mqtt_al.h>
  48:c:/Users/lenovo/Desktop/AIoT/first_day/firstday_afternoon/LiteOS_Lab_STM32_IoT/iot_link/network/mqtt/mqtt_al\mqtt_al.c **** 
  49:c:/Users/lenovo/Desktop/AIoT/first_day/firstday_afternoon/LiteOS_Lab_STM32_IoT/iot_link/network/mqtt/mqtt_al\mqtt_al.c **** 
  50:c:/Users/lenovo/Desktop/AIoT/first_day/firstday_afternoon/LiteOS_Lab_STM32_IoT/iot_link/network/mqtt/mqtt_al\mqtt_al.c **** typedef struct
  51:c:/Users/lenovo/Desktop/AIoT/first_day/firstday_afternoon/LiteOS_Lab_STM32_IoT/iot_link/network/mqtt/mqtt_al\mqtt_al.c **** {
  52:c:/Users/lenovo/Desktop/AIoT/first_day/firstday_afternoon/LiteOS_Lab_STM32_IoT/iot_link/network/mqtt/mqtt_al\mqtt_al.c ****     mqtt_al_op_t  *ops;
  53:c:/Users/lenovo/Desktop/AIoT/first_day/firstday_afternoon/LiteOS_Lab_STM32_IoT/iot_link/network/mqtt/mqtt_al\mqtt_al.c ****     mqtt_al_op_t   mem;
  54:c:/Users/lenovo/Desktop/AIoT/first_day/firstday_afternoon/LiteOS_Lab_STM32_IoT/iot_link/network/mqtt/mqtt_al\mqtt_al.c **** }mqtt_al_op_cb_t;
  55:c:/Users/lenovo/Desktop/AIoT/first_day/firstday_afternoon/LiteOS_Lab_STM32_IoT/iot_link/network/mqtt/mqtt_al\mqtt_al.c **** 
  56:c:/Users/lenovo/Desktop/AIoT/first_day/firstday_afternoon/LiteOS_Lab_STM32_IoT/iot_link/network/mqtt/mqtt_al\mqtt_al.c **** static mqtt_al_op_cb_t   s_mqtt_al_op_cb;
  57:c:/Users/lenovo/Desktop/AIoT/first_day/firstday_afternoon/LiteOS_Lab_STM32_IoT/iot_link/network/mqtt/mqtt_al\mqtt_al.c **** 
  58:c:/Users/lenovo/Desktop/AIoT/first_day/firstday_afternoon/LiteOS_Lab_STM32_IoT/iot_link/network/mqtt/mqtt_al\mqtt_al.c **** 
  59:c:/Users/lenovo/Desktop/AIoT/first_day/firstday_afternoon/LiteOS_Lab_STM32_IoT/iot_link/network/mqtt/mqtt_al\mqtt_al.c **** /////////////////CREATE THE API FOR THE MQTT LIB////////////////////////////////
  60:c:/Users/lenovo/Desktop/AIoT/first_day/firstday_afternoon/LiteOS_Lab_STM32_IoT/iot_link/network/mqtt/mqtt_al\mqtt_al.c **** int mqtt_al_install(mqtt_al_op_t *op)
  61:c:/Users/lenovo/Desktop/AIoT/first_day/firstday_afternoon/LiteOS_Lab_STM32_IoT/iot_link/network/mqtt/mqtt_al\mqtt_al.c **** {
  35              		.loc 1 61 1
  36              		.cfi_startproc
  37              		@ args = 0, pretend = 0, frame = 16
  38              		@ frame_needed = 1, uses_anonymous_args = 0
  39              		@ link register save eliminated.
  40 0000 B0B4     		push	{r4, r5, r7}
  41              	.LCFI0:
  42              		.cfi_def_cfa_offset 12
  43              		.cfi_offset 4, -12
  44              		.cfi_offset 5, -8
  45              		.cfi_offset 7, -4
  46 0002 85B0     		sub	sp, sp, #20
  47              	.LCFI1:
  48              		.cfi_def_cfa_offset 32
  49 0004 00AF     		add	r7, sp, #0
  50              	.LCFI2:
  51              		.cfi_def_cfa_register 7
  52 0006 7860     		str	r0, [r7, #4]
ARM GAS  C:\Users\lenovo\AppData\Local\Temp\ccHBCura.s 			page 3


  62:c:/Users/lenovo/Desktop/AIoT/first_day/firstday_afternoon/LiteOS_Lab_STM32_IoT/iot_link/network/mqtt/mqtt_al\mqtt_al.c ****     int ret = -1;
  53              		.loc 1 62 9
  54 0008 4FF0FF33 		mov	r3, #-1
  55 000c FB60     		str	r3, [r7, #12]
  63:c:/Users/lenovo/Desktop/AIoT/first_day/firstday_afternoon/LiteOS_Lab_STM32_IoT/iot_link/network/mqtt/mqtt_al\mqtt_al.c ****     if((NULL != op)&&(NULL == s_mqtt_al_op_cb.ops))
  56              		.loc 1 63 7
  57 000e 7B68     		ldr	r3, [r7, #4]
  58 0010 002B     		cmp	r3, #0
  59 0012 12D0     		beq	.L2
  60              		.loc 1 63 46 discriminator 1
  61 0014 0C4B     		ldr	r3, .L4
  62 0016 1B68     		ldr	r3, [r3]
  63              		.loc 1 63 20 discriminator 1
  64 0018 002B     		cmp	r3, #0
  65 001a 0ED1     		bne	.L2
  64:c:/Users/lenovo/Desktop/AIoT/first_day/firstday_afternoon/LiteOS_Lab_STM32_IoT/iot_link/network/mqtt/mqtt_al\mqtt_al.c ****     {
  65:c:/Users/lenovo/Desktop/AIoT/first_day/firstday_afternoon/LiteOS_Lab_STM32_IoT/iot_link/network/mqtt/mqtt_al\mqtt_al.c ****         s_mqtt_al_op_cb.mem  = *op;
  66              		.loc 1 65 30
  67 001c 0A4B     		ldr	r3, .L4
  68 001e 7A68     		ldr	r2, [r7, #4]
  69 0020 1C1D     		adds	r4, r3, #4
  70 0022 1546     		mov	r5, r2
  71 0024 0FCD     		ldmia	r5!, {r0, r1, r2, r3}
  72 0026 0FC4     		stmia	r4!, {r0, r1, r2, r3}
  73 0028 95E80300 		ldm	r5, {r0, r1}
  74 002c 84E80300 		stm	r4, {r0, r1}
  66:c:/Users/lenovo/Desktop/AIoT/first_day/firstday_afternoon/LiteOS_Lab_STM32_IoT/iot_link/network/mqtt/mqtt_al\mqtt_al.c ****         s_mqtt_al_op_cb.ops = &s_mqtt_al_op_cb.mem;
  75              		.loc 1 66 29
  76 0030 054B     		ldr	r3, .L4
  77 0032 064A     		ldr	r2, .L4+4
  78 0034 1A60     		str	r2, [r3]
  67:c:/Users/lenovo/Desktop/AIoT/first_day/firstday_afternoon/LiteOS_Lab_STM32_IoT/iot_link/network/mqtt/mqtt_al\mqtt_al.c **** 
  68:c:/Users/lenovo/Desktop/AIoT/first_day/firstday_afternoon/LiteOS_Lab_STM32_IoT/iot_link/network/mqtt/mqtt_al\mqtt_al.c ****         ret = 0;
  79              		.loc 1 68 13
  80 0036 0023     		movs	r3, #0
  81 0038 FB60     		str	r3, [r7, #12]
  82              	.L2:
  69:c:/Users/lenovo/Desktop/AIoT/first_day/firstday_afternoon/LiteOS_Lab_STM32_IoT/iot_link/network/mqtt/mqtt_al\mqtt_al.c ****     }
  70:c:/Users/lenovo/Desktop/AIoT/first_day/firstday_afternoon/LiteOS_Lab_STM32_IoT/iot_link/network/mqtt/mqtt_al\mqtt_al.c **** 
  71:c:/Users/lenovo/Desktop/AIoT/first_day/firstday_afternoon/LiteOS_Lab_STM32_IoT/iot_link/network/mqtt/mqtt_al\mqtt_al.c ****     return ret;
  83              		.loc 1 71 12
  84 003a FB68     		ldr	r3, [r7, #12]
  72:c:/Users/lenovo/Desktop/AIoT/first_day/firstday_afternoon/LiteOS_Lab_STM32_IoT/iot_link/network/mqtt/mqtt_al\mqtt_al.c **** }
  85              		.loc 1 72 1
  86 003c 1846     		mov	r0, r3
  87 003e 1437     		adds	r7, r7, #20
  88              	.LCFI3:
  89              		.cfi_def_cfa_offset 12
  90 0040 BD46     		mov	sp, r7
  91              	.LCFI4:
  92              		.cfi_def_cfa_register 13
  93              		@ sp needed
  94 0042 B0BC     		pop	{r4, r5, r7}
  95              	.LCFI5:
  96              		.cfi_restore 7
  97              		.cfi_restore 5
  98              		.cfi_restore 4
ARM GAS  C:\Users\lenovo\AppData\Local\Temp\ccHBCura.s 			page 4


  99              		.cfi_def_cfa_offset 0
 100 0044 7047     		bx	lr
 101              	.L5:
 102 0046 00BF     		.align	2
 103              	.L4:
 104 0048 00000000 		.word	s_mqtt_al_op_cb
 105 004c 04000000 		.word	s_mqtt_al_op_cb+4
 106              		.cfi_endproc
 107              	.LFE0:
 109              		.section	.text.mqtt_al_uninstall,"ax",%progbits
 110              		.align	1
 111              		.global	mqtt_al_uninstall
 112              		.syntax unified
 113              		.thumb
 114              		.thumb_func
 115              		.fpu fpv4-sp-d16
 117              	mqtt_al_uninstall:
 118              	.LFB1:
  73:c:/Users/lenovo/Desktop/AIoT/first_day/firstday_afternoon/LiteOS_Lab_STM32_IoT/iot_link/network/mqtt/mqtt_al\mqtt_al.c **** 
  74:c:/Users/lenovo/Desktop/AIoT/first_day/firstday_afternoon/LiteOS_Lab_STM32_IoT/iot_link/network/mqtt/mqtt_al\mqtt_al.c **** int mqtt_al_uninstall()
  75:c:/Users/lenovo/Desktop/AIoT/first_day/firstday_afternoon/LiteOS_Lab_STM32_IoT/iot_link/network/mqtt/mqtt_al\mqtt_al.c **** {
 119              		.loc 1 75 1
 120              		.cfi_startproc
 121              		@ args = 0, pretend = 0, frame = 8
 122              		@ frame_needed = 1, uses_anonymous_args = 0
 123              		@ link register save eliminated.
 124 0000 80B4     		push	{r7}
 125              	.LCFI6:
 126              		.cfi_def_cfa_offset 4
 127              		.cfi_offset 7, -4
 128 0002 83B0     		sub	sp, sp, #12
 129              	.LCFI7:
 130              		.cfi_def_cfa_offset 16
 131 0004 00AF     		add	r7, sp, #0
 132              	.LCFI8:
 133              		.cfi_def_cfa_register 7
  76:c:/Users/lenovo/Desktop/AIoT/first_day/firstday_afternoon/LiteOS_Lab_STM32_IoT/iot_link/network/mqtt/mqtt_al\mqtt_al.c ****     int ret = -1;
 134              		.loc 1 76 9
 135 0006 4FF0FF33 		mov	r3, #-1
 136 000a 7B60     		str	r3, [r7, #4]
  77:c:/Users/lenovo/Desktop/AIoT/first_day/firstday_afternoon/LiteOS_Lab_STM32_IoT/iot_link/network/mqtt/mqtt_al\mqtt_al.c ****     if(NULL != s_mqtt_al_op_cb.ops)
 137              		.loc 1 77 31
 138 000c 074B     		ldr	r3, .L9
 139 000e 1B68     		ldr	r3, [r3]
 140              		.loc 1 77 7
 141 0010 002B     		cmp	r3, #0
 142 0012 04D0     		beq	.L7
  78:c:/Users/lenovo/Desktop/AIoT/first_day/firstday_afternoon/LiteOS_Lab_STM32_IoT/iot_link/network/mqtt/mqtt_al\mqtt_al.c ****     {
  79:c:/Users/lenovo/Desktop/AIoT/first_day/firstday_afternoon/LiteOS_Lab_STM32_IoT/iot_link/network/mqtt/mqtt_al\mqtt_al.c ****         s_mqtt_al_op_cb.ops = NULL;
 143              		.loc 1 79 29
 144 0014 054B     		ldr	r3, .L9
 145 0016 0022     		movs	r2, #0
 146 0018 1A60     		str	r2, [r3]
  80:c:/Users/lenovo/Desktop/AIoT/first_day/firstday_afternoon/LiteOS_Lab_STM32_IoT/iot_link/network/mqtt/mqtt_al\mqtt_al.c **** 
  81:c:/Users/lenovo/Desktop/AIoT/first_day/firstday_afternoon/LiteOS_Lab_STM32_IoT/iot_link/network/mqtt/mqtt_al\mqtt_al.c ****         ret = 0;
 147              		.loc 1 81 13
 148 001a 0023     		movs	r3, #0
ARM GAS  C:\Users\lenovo\AppData\Local\Temp\ccHBCura.s 			page 5


 149 001c 7B60     		str	r3, [r7, #4]
 150              	.L7:
  82:c:/Users/lenovo/Desktop/AIoT/first_day/firstday_afternoon/LiteOS_Lab_STM32_IoT/iot_link/network/mqtt/mqtt_al\mqtt_al.c ****     }
  83:c:/Users/lenovo/Desktop/AIoT/first_day/firstday_afternoon/LiteOS_Lab_STM32_IoT/iot_link/network/mqtt/mqtt_al\mqtt_al.c **** 
  84:c:/Users/lenovo/Desktop/AIoT/first_day/firstday_afternoon/LiteOS_Lab_STM32_IoT/iot_link/network/mqtt/mqtt_al\mqtt_al.c ****     return ret;
 151              		.loc 1 84 12
 152 001e 7B68     		ldr	r3, [r7, #4]
  85:c:/Users/lenovo/Desktop/AIoT/first_day/firstday_afternoon/LiteOS_Lab_STM32_IoT/iot_link/network/mqtt/mqtt_al\mqtt_al.c **** }
 153              		.loc 1 85 1
 154 0020 1846     		mov	r0, r3
 155 0022 0C37     		adds	r7, r7, #12
 156              	.LCFI9:
 157              		.cfi_def_cfa_offset 4
 158 0024 BD46     		mov	sp, r7
 159              	.LCFI10:
 160              		.cfi_def_cfa_register 13
 161              		@ sp needed
 162 0026 5DF8047B 		ldr	r7, [sp], #4
 163              	.LCFI11:
 164              		.cfi_restore 7
 165              		.cfi_def_cfa_offset 0
 166 002a 7047     		bx	lr
 167              	.L10:
 168              		.align	2
 169              	.L9:
 170 002c 00000000 		.word	s_mqtt_al_op_cb
 171              		.cfi_endproc
 172              	.LFE1:
 174              		.section	.text.mqtt_al_init,"ax",%progbits
 175              		.align	1
 176              		.global	mqtt_al_init
 177              		.syntax unified
 178              		.thumb
 179              		.thumb_func
 180              		.fpu fpv4-sp-d16
 182              	mqtt_al_init:
 183              	.LFB2:
  86:c:/Users/lenovo/Desktop/AIoT/first_day/firstday_afternoon/LiteOS_Lab_STM32_IoT/iot_link/network/mqtt/mqtt_al\mqtt_al.c **** 
  87:c:/Users/lenovo/Desktop/AIoT/first_day/firstday_afternoon/LiteOS_Lab_STM32_IoT/iot_link/network/mqtt/mqtt_al\mqtt_al.c **** //////////////////////////CREATE THE API FOR THE MQTT APPLICATopsN///////////////
  88:c:/Users/lenovo/Desktop/AIoT/first_day/firstday_afternoon/LiteOS_Lab_STM32_IoT/iot_link/network/mqtt/mqtt_al\mqtt_al.c **** 
  89:c:/Users/lenovo/Desktop/AIoT/first_day/firstday_afternoon/LiteOS_Lab_STM32_IoT/iot_link/network/mqtt/mqtt_al\mqtt_al.c **** int mqtt_al_init()
  90:c:/Users/lenovo/Desktop/AIoT/first_day/firstday_afternoon/LiteOS_Lab_STM32_IoT/iot_link/network/mqtt/mqtt_al\mqtt_al.c **** {
 184              		.loc 1 90 1
 185              		.cfi_startproc
 186              		@ args = 0, pretend = 0, frame = 8
 187              		@ frame_needed = 1, uses_anonymous_args = 0
 188              		@ link register save eliminated.
 189 0000 80B4     		push	{r7}
 190              	.LCFI12:
 191              		.cfi_def_cfa_offset 4
 192              		.cfi_offset 7, -4
 193 0002 83B0     		sub	sp, sp, #12
 194              	.LCFI13:
 195              		.cfi_def_cfa_offset 16
 196 0004 00AF     		add	r7, sp, #0
 197              	.LCFI14:
 198              		.cfi_def_cfa_register 7
ARM GAS  C:\Users\lenovo\AppData\Local\Temp\ccHBCura.s 			page 6


  91:c:/Users/lenovo/Desktop/AIoT/first_day/firstday_afternoon/LiteOS_Lab_STM32_IoT/iot_link/network/mqtt/mqtt_al\mqtt_al.c ****     int ret = 0;
 199              		.loc 1 91 9
 200 0006 0023     		movs	r3, #0
 201 0008 7B60     		str	r3, [r7, #4]
  92:c:/Users/lenovo/Desktop/AIoT/first_day/firstday_afternoon/LiteOS_Lab_STM32_IoT/iot_link/network/mqtt/mqtt_al\mqtt_al.c **** 
  93:c:/Users/lenovo/Desktop/AIoT/first_day/firstday_afternoon/LiteOS_Lab_STM32_IoT/iot_link/network/mqtt/mqtt_al\mqtt_al.c ****     //maybe need special code here
  94:c:/Users/lenovo/Desktop/AIoT/first_day/firstday_afternoon/LiteOS_Lab_STM32_IoT/iot_link/network/mqtt/mqtt_al\mqtt_al.c **** 
  95:c:/Users/lenovo/Desktop/AIoT/first_day/firstday_afternoon/LiteOS_Lab_STM32_IoT/iot_link/network/mqtt/mqtt_al\mqtt_al.c ****     return ret;
 202              		.loc 1 95 12
 203 000a 7B68     		ldr	r3, [r7, #4]
  96:c:/Users/lenovo/Desktop/AIoT/first_day/firstday_afternoon/LiteOS_Lab_STM32_IoT/iot_link/network/mqtt/mqtt_al\mqtt_al.c **** }
 204              		.loc 1 96 1
 205 000c 1846     		mov	r0, r3
 206 000e 0C37     		adds	r7, r7, #12
 207              	.LCFI15:
 208              		.cfi_def_cfa_offset 4
 209 0010 BD46     		mov	sp, r7
 210              	.LCFI16:
 211              		.cfi_def_cfa_register 13
 212              		@ sp needed
 213 0012 5DF8047B 		ldr	r7, [sp], #4
 214              	.LCFI17:
 215              		.cfi_restore 7
 216              		.cfi_def_cfa_offset 0
 217 0016 7047     		bx	lr
 218              		.cfi_endproc
 219              	.LFE2:
 221              		.section	.text.mqtt_al_deinit,"ax",%progbits
 222              		.align	1
 223              		.global	mqtt_al_deinit
 224              		.syntax unified
 225              		.thumb
 226              		.thumb_func
 227              		.fpu fpv4-sp-d16
 229              	mqtt_al_deinit:
 230              	.LFB3:
  97:c:/Users/lenovo/Desktop/AIoT/first_day/firstday_afternoon/LiteOS_Lab_STM32_IoT/iot_link/network/mqtt/mqtt_al\mqtt_al.c **** 
  98:c:/Users/lenovo/Desktop/AIoT/first_day/firstday_afternoon/LiteOS_Lab_STM32_IoT/iot_link/network/mqtt/mqtt_al\mqtt_al.c **** 
  99:c:/Users/lenovo/Desktop/AIoT/first_day/firstday_afternoon/LiteOS_Lab_STM32_IoT/iot_link/network/mqtt/mqtt_al\mqtt_al.c **** int  mqtt_al_deinit()
 100:c:/Users/lenovo/Desktop/AIoT/first_day/firstday_afternoon/LiteOS_Lab_STM32_IoT/iot_link/network/mqtt/mqtt_al\mqtt_al.c **** {
 231              		.loc 1 100 1
 232              		.cfi_startproc
 233              		@ args = 0, pretend = 0, frame = 8
 234              		@ frame_needed = 1, uses_anonymous_args = 0
 235              		@ link register save eliminated.
 236 0000 80B4     		push	{r7}
 237              	.LCFI18:
 238              		.cfi_def_cfa_offset 4
 239              		.cfi_offset 7, -4
 240 0002 83B0     		sub	sp, sp, #12
 241              	.LCFI19:
 242              		.cfi_def_cfa_offset 16
 243 0004 00AF     		add	r7, sp, #0
 244              	.LCFI20:
 245              		.cfi_def_cfa_register 7
 101:c:/Users/lenovo/Desktop/AIoT/first_day/firstday_afternoon/LiteOS_Lab_STM32_IoT/iot_link/network/mqtt/mqtt_al\mqtt_al.c **** 
 102:c:/Users/lenovo/Desktop/AIoT/first_day/firstday_afternoon/LiteOS_Lab_STM32_IoT/iot_link/network/mqtt/mqtt_al\mqtt_al.c ****     int ret = 0;
ARM GAS  C:\Users\lenovo\AppData\Local\Temp\ccHBCura.s 			page 7


 246              		.loc 1 102 9
 247 0006 0023     		movs	r3, #0
 248 0008 7B60     		str	r3, [r7, #4]
 103:c:/Users/lenovo/Desktop/AIoT/first_day/firstday_afternoon/LiteOS_Lab_STM32_IoT/iot_link/network/mqtt/mqtt_al\mqtt_al.c **** 
 104:c:/Users/lenovo/Desktop/AIoT/first_day/firstday_afternoon/LiteOS_Lab_STM32_IoT/iot_link/network/mqtt/mqtt_al\mqtt_al.c ****     //maybe need special code here
 105:c:/Users/lenovo/Desktop/AIoT/first_day/firstday_afternoon/LiteOS_Lab_STM32_IoT/iot_link/network/mqtt/mqtt_al\mqtt_al.c **** 
 106:c:/Users/lenovo/Desktop/AIoT/first_day/firstday_afternoon/LiteOS_Lab_STM32_IoT/iot_link/network/mqtt/mqtt_al\mqtt_al.c ****     return ret;
 249              		.loc 1 106 12
 250 000a 7B68     		ldr	r3, [r7, #4]
 107:c:/Users/lenovo/Desktop/AIoT/first_day/firstday_afternoon/LiteOS_Lab_STM32_IoT/iot_link/network/mqtt/mqtt_al\mqtt_al.c **** }
 251              		.loc 1 107 1
 252 000c 1846     		mov	r0, r3
 253 000e 0C37     		adds	r7, r7, #12
 254              	.LCFI21:
 255              		.cfi_def_cfa_offset 4
 256 0010 BD46     		mov	sp, r7
 257              	.LCFI22:
 258              		.cfi_def_cfa_register 13
 259              		@ sp needed
 260 0012 5DF8047B 		ldr	r7, [sp], #4
 261              	.LCFI23:
 262              		.cfi_restore 7
 263              		.cfi_def_cfa_offset 0
 264 0016 7047     		bx	lr
 265              		.cfi_endproc
 266              	.LFE3:
 268              		.section	.text.mqtt_al_connect,"ax",%progbits
 269              		.align	1
 270              		.global	mqtt_al_connect
 271              		.syntax unified
 272              		.thumb
 273              		.thumb_func
 274              		.fpu fpv4-sp-d16
 276              	mqtt_al_connect:
 277              	.LFB4:
 108:c:/Users/lenovo/Desktop/AIoT/first_day/firstday_afternoon/LiteOS_Lab_STM32_IoT/iot_link/network/mqtt/mqtt_al\mqtt_al.c **** 
 109:c:/Users/lenovo/Desktop/AIoT/first_day/firstday_afternoon/LiteOS_Lab_STM32_IoT/iot_link/network/mqtt/mqtt_al\mqtt_al.c **** void * mqtt_al_connect( mqtt_al_conpara_t *conpara)
 110:c:/Users/lenovo/Desktop/AIoT/first_day/firstday_afternoon/LiteOS_Lab_STM32_IoT/iot_link/network/mqtt/mqtt_al\mqtt_al.c **** {
 278              		.loc 1 110 1
 279              		.cfi_startproc
 280              		@ args = 0, pretend = 0, frame = 16
 281              		@ frame_needed = 1, uses_anonymous_args = 0
 282 0000 80B5     		push	{r7, lr}
 283              	.LCFI24:
 284              		.cfi_def_cfa_offset 8
 285              		.cfi_offset 7, -8
 286              		.cfi_offset 14, -4
 287 0002 84B0     		sub	sp, sp, #16
 288              	.LCFI25:
 289              		.cfi_def_cfa_offset 24
 290 0004 00AF     		add	r7, sp, #0
 291              	.LCFI26:
 292              		.cfi_def_cfa_register 7
 293 0006 7860     		str	r0, [r7, #4]
 111:c:/Users/lenovo/Desktop/AIoT/first_day/firstday_afternoon/LiteOS_Lab_STM32_IoT/iot_link/network/mqtt/mqtt_al\mqtt_al.c **** 
 112:c:/Users/lenovo/Desktop/AIoT/first_day/firstday_afternoon/LiteOS_Lab_STM32_IoT/iot_link/network/mqtt/mqtt_al\mqtt_al.c ****     void *ret = NULL;
 294              		.loc 1 112 11
ARM GAS  C:\Users\lenovo\AppData\Local\Temp\ccHBCura.s 			page 8


 295 0008 0023     		movs	r3, #0
 296 000a FB60     		str	r3, [r7, #12]
 113:c:/Users/lenovo/Desktop/AIoT/first_day/firstday_afternoon/LiteOS_Lab_STM32_IoT/iot_link/network/mqtt/mqtt_al\mqtt_al.c **** 
 114:c:/Users/lenovo/Desktop/AIoT/first_day/firstday_afternoon/LiteOS_Lab_STM32_IoT/iot_link/network/mqtt/mqtt_al\mqtt_al.c ****     if((NULL != conpara) && (NULL != s_mqtt_al_op_cb.ops) && (NULL != s_mqtt_al_op_cb.ops->connect)
 297              		.loc 1 114 7
 298 000c 7B68     		ldr	r3, [r7, #4]
 299 000e 002B     		cmp	r3, #0
 300 0010 0ED0     		beq	.L16
 301              		.loc 1 114 53 discriminator 1
 302 0012 0A4B     		ldr	r3, .L18
 303 0014 1B68     		ldr	r3, [r3]
 304              		.loc 1 114 26 discriminator 1
 305 0016 002B     		cmp	r3, #0
 306 0018 0AD0     		beq	.L16
 307              		.loc 1 114 86 discriminator 2
 308 001a 084B     		ldr	r3, .L18
 309 001c 1B68     		ldr	r3, [r3]
 310              		.loc 1 114 90 discriminator 2
 311 001e 1B68     		ldr	r3, [r3]
 312              		.loc 1 114 59 discriminator 2
 313 0020 002B     		cmp	r3, #0
 314 0022 05D0     		beq	.L16
 115:c:/Users/lenovo/Desktop/AIoT/first_day/firstday_afternoon/LiteOS_Lab_STM32_IoT/iot_link/network/mqtt/mqtt_al\mqtt_al.c ****     {
 116:c:/Users/lenovo/Desktop/AIoT/first_day/firstday_afternoon/LiteOS_Lab_STM32_IoT/iot_link/network/mqtt/mqtt_al\mqtt_al.c ****         ret = s_mqtt_al_op_cb.ops->connect(conpara);
 315              		.loc 1 116 30
 316 0024 054B     		ldr	r3, .L18
 317 0026 1B68     		ldr	r3, [r3]
 318              		.loc 1 116 34
 319 0028 1B68     		ldr	r3, [r3]
 320              		.loc 1 116 15
 321 002a 7868     		ldr	r0, [r7, #4]
 322 002c 9847     		blx	r3
 323              	.LVL0:
 324 002e F860     		str	r0, [r7, #12]
 325              	.L16:
 117:c:/Users/lenovo/Desktop/AIoT/first_day/firstday_afternoon/LiteOS_Lab_STM32_IoT/iot_link/network/mqtt/mqtt_al\mqtt_al.c ****     }
 118:c:/Users/lenovo/Desktop/AIoT/first_day/firstday_afternoon/LiteOS_Lab_STM32_IoT/iot_link/network/mqtt/mqtt_al\mqtt_al.c **** 
 119:c:/Users/lenovo/Desktop/AIoT/first_day/firstday_afternoon/LiteOS_Lab_STM32_IoT/iot_link/network/mqtt/mqtt_al\mqtt_al.c ****     return ret;
 326              		.loc 1 119 12
 327 0030 FB68     		ldr	r3, [r7, #12]
 120:c:/Users/lenovo/Desktop/AIoT/first_day/firstday_afternoon/LiteOS_Lab_STM32_IoT/iot_link/network/mqtt/mqtt_al\mqtt_al.c **** 
 121:c:/Users/lenovo/Desktop/AIoT/first_day/firstday_afternoon/LiteOS_Lab_STM32_IoT/iot_link/network/mqtt/mqtt_al\mqtt_al.c **** }
 328              		.loc 1 121 1
 329 0032 1846     		mov	r0, r3
 330 0034 1037     		adds	r7, r7, #16
 331              	.LCFI27:
 332              		.cfi_def_cfa_offset 8
 333 0036 BD46     		mov	sp, r7
 334              	.LCFI28:
 335              		.cfi_def_cfa_register 13
 336              		@ sp needed
 337 0038 80BD     		pop	{r7, pc}
 338              	.L19:
 339 003a 00BF     		.align	2
 340              	.L18:
 341 003c 00000000 		.word	s_mqtt_al_op_cb
 342              		.cfi_endproc
ARM GAS  C:\Users\lenovo\AppData\Local\Temp\ccHBCura.s 			page 9


 343              	.LFE4:
 345              		.section	.text.mqtt_al_disconnect,"ax",%progbits
 346              		.align	1
 347              		.global	mqtt_al_disconnect
 348              		.syntax unified
 349              		.thumb
 350              		.thumb_func
 351              		.fpu fpv4-sp-d16
 353              	mqtt_al_disconnect:
 354              	.LFB5:
 122:c:/Users/lenovo/Desktop/AIoT/first_day/firstday_afternoon/LiteOS_Lab_STM32_IoT/iot_link/network/mqtt/mqtt_al\mqtt_al.c **** 
 123:c:/Users/lenovo/Desktop/AIoT/first_day/firstday_afternoon/LiteOS_Lab_STM32_IoT/iot_link/network/mqtt/mqtt_al\mqtt_al.c **** 
 124:c:/Users/lenovo/Desktop/AIoT/first_day/firstday_afternoon/LiteOS_Lab_STM32_IoT/iot_link/network/mqtt/mqtt_al\mqtt_al.c **** int mqtt_al_disconnect(void *handle)
 125:c:/Users/lenovo/Desktop/AIoT/first_day/firstday_afternoon/LiteOS_Lab_STM32_IoT/iot_link/network/mqtt/mqtt_al\mqtt_al.c **** {
 355              		.loc 1 125 1
 356              		.cfi_startproc
 357              		@ args = 0, pretend = 0, frame = 16
 358              		@ frame_needed = 1, uses_anonymous_args = 0
 359 0000 80B5     		push	{r7, lr}
 360              	.LCFI29:
 361              		.cfi_def_cfa_offset 8
 362              		.cfi_offset 7, -8
 363              		.cfi_offset 14, -4
 364 0002 84B0     		sub	sp, sp, #16
 365              	.LCFI30:
 366              		.cfi_def_cfa_offset 24
 367 0004 00AF     		add	r7, sp, #0
 368              	.LCFI31:
 369              		.cfi_def_cfa_register 7
 370 0006 7860     		str	r0, [r7, #4]
 126:c:/Users/lenovo/Desktop/AIoT/first_day/firstday_afternoon/LiteOS_Lab_STM32_IoT/iot_link/network/mqtt/mqtt_al\mqtt_al.c **** 
 127:c:/Users/lenovo/Desktop/AIoT/first_day/firstday_afternoon/LiteOS_Lab_STM32_IoT/iot_link/network/mqtt/mqtt_al\mqtt_al.c ****     int ret = -1;
 371              		.loc 1 127 9
 372 0008 4FF0FF33 		mov	r3, #-1
 373 000c FB60     		str	r3, [r7, #12]
 128:c:/Users/lenovo/Desktop/AIoT/first_day/firstday_afternoon/LiteOS_Lab_STM32_IoT/iot_link/network/mqtt/mqtt_al\mqtt_al.c **** 
 129:c:/Users/lenovo/Desktop/AIoT/first_day/firstday_afternoon/LiteOS_Lab_STM32_IoT/iot_link/network/mqtt/mqtt_al\mqtt_al.c ****     if((NULL != handle) && (NULL != s_mqtt_al_op_cb.ops) && (NULL != s_mqtt_al_op_cb.ops->disconnec
 374              		.loc 1 129 7
 375 000e 7B68     		ldr	r3, [r7, #4]
 376 0010 002B     		cmp	r3, #0
 377 0012 0ED0     		beq	.L21
 378              		.loc 1 129 52 discriminator 1
 379 0014 094B     		ldr	r3, .L23
 380 0016 1B68     		ldr	r3, [r3]
 381              		.loc 1 129 25 discriminator 1
 382 0018 002B     		cmp	r3, #0
 383 001a 0AD0     		beq	.L21
 384              		.loc 1 129 85 discriminator 2
 385 001c 074B     		ldr	r3, .L23
 386 001e 1B68     		ldr	r3, [r3]
 387              		.loc 1 129 89 discriminator 2
 388 0020 5B68     		ldr	r3, [r3, #4]
 389              		.loc 1 129 58 discriminator 2
 390 0022 002B     		cmp	r3, #0
 391 0024 05D0     		beq	.L21
 130:c:/Users/lenovo/Desktop/AIoT/first_day/firstday_afternoon/LiteOS_Lab_STM32_IoT/iot_link/network/mqtt/mqtt_al\mqtt_al.c ****     {
 131:c:/Users/lenovo/Desktop/AIoT/first_day/firstday_afternoon/LiteOS_Lab_STM32_IoT/iot_link/network/mqtt/mqtt_al\mqtt_al.c ****         ret = s_mqtt_al_op_cb.ops->disconnect(handle);
ARM GAS  C:\Users\lenovo\AppData\Local\Temp\ccHBCura.s 			page 10


 392              		.loc 1 131 30
 393 0026 054B     		ldr	r3, .L23
 394 0028 1B68     		ldr	r3, [r3]
 395              		.loc 1 131 34
 396 002a 5B68     		ldr	r3, [r3, #4]
 397              		.loc 1 131 15
 398 002c 7868     		ldr	r0, [r7, #4]
 399 002e 9847     		blx	r3
 400              	.LVL1:
 401 0030 F860     		str	r0, [r7, #12]
 402              	.L21:
 132:c:/Users/lenovo/Desktop/AIoT/first_day/firstday_afternoon/LiteOS_Lab_STM32_IoT/iot_link/network/mqtt/mqtt_al\mqtt_al.c ****     }
 133:c:/Users/lenovo/Desktop/AIoT/first_day/firstday_afternoon/LiteOS_Lab_STM32_IoT/iot_link/network/mqtt/mqtt_al\mqtt_al.c **** 
 134:c:/Users/lenovo/Desktop/AIoT/first_day/firstday_afternoon/LiteOS_Lab_STM32_IoT/iot_link/network/mqtt/mqtt_al\mqtt_al.c ****     return ret;
 403              		.loc 1 134 12
 404 0032 FB68     		ldr	r3, [r7, #12]
 135:c:/Users/lenovo/Desktop/AIoT/first_day/firstday_afternoon/LiteOS_Lab_STM32_IoT/iot_link/network/mqtt/mqtt_al\mqtt_al.c **** 
 136:c:/Users/lenovo/Desktop/AIoT/first_day/firstday_afternoon/LiteOS_Lab_STM32_IoT/iot_link/network/mqtt/mqtt_al\mqtt_al.c **** }
 405              		.loc 1 136 1
 406 0034 1846     		mov	r0, r3
 407 0036 1037     		adds	r7, r7, #16
 408              	.LCFI32:
 409              		.cfi_def_cfa_offset 8
 410 0038 BD46     		mov	sp, r7
 411              	.LCFI33:
 412              		.cfi_def_cfa_register 13
 413              		@ sp needed
 414 003a 80BD     		pop	{r7, pc}
 415              	.L24:
 416              		.align	2
 417              	.L23:
 418 003c 00000000 		.word	s_mqtt_al_op_cb
 419              		.cfi_endproc
 420              	.LFE5:
 422              		.section	.text.mqtt_al_publish,"ax",%progbits
 423              		.align	1
 424              		.global	mqtt_al_publish
 425              		.syntax unified
 426              		.thumb
 427              		.thumb_func
 428              		.fpu fpv4-sp-d16
 430              	mqtt_al_publish:
 431              	.LFB6:
 137:c:/Users/lenovo/Desktop/AIoT/first_day/firstday_afternoon/LiteOS_Lab_STM32_IoT/iot_link/network/mqtt/mqtt_al\mqtt_al.c **** 
 138:c:/Users/lenovo/Desktop/AIoT/first_day/firstday_afternoon/LiteOS_Lab_STM32_IoT/iot_link/network/mqtt/mqtt_al\mqtt_al.c **** 
 139:c:/Users/lenovo/Desktop/AIoT/first_day/firstday_afternoon/LiteOS_Lab_STM32_IoT/iot_link/network/mqtt/mqtt_al\mqtt_al.c **** int    mqtt_al_publish(void *handle, mqtt_al_pubpara_t *pubpara)
 140:c:/Users/lenovo/Desktop/AIoT/first_day/firstday_afternoon/LiteOS_Lab_STM32_IoT/iot_link/network/mqtt/mqtt_al\mqtt_al.c **** {
 432              		.loc 1 140 1
 433              		.cfi_startproc
 434              		@ args = 0, pretend = 0, frame = 16
 435              		@ frame_needed = 1, uses_anonymous_args = 0
 436 0000 80B5     		push	{r7, lr}
 437              	.LCFI34:
 438              		.cfi_def_cfa_offset 8
 439              		.cfi_offset 7, -8
 440              		.cfi_offset 14, -4
 441 0002 84B0     		sub	sp, sp, #16
ARM GAS  C:\Users\lenovo\AppData\Local\Temp\ccHBCura.s 			page 11


 442              	.LCFI35:
 443              		.cfi_def_cfa_offset 24
 444 0004 00AF     		add	r7, sp, #0
 445              	.LCFI36:
 446              		.cfi_def_cfa_register 7
 447 0006 7860     		str	r0, [r7, #4]
 448 0008 3960     		str	r1, [r7]
 141:c:/Users/lenovo/Desktop/AIoT/first_day/firstday_afternoon/LiteOS_Lab_STM32_IoT/iot_link/network/mqtt/mqtt_al\mqtt_al.c **** 
 142:c:/Users/lenovo/Desktop/AIoT/first_day/firstday_afternoon/LiteOS_Lab_STM32_IoT/iot_link/network/mqtt/mqtt_al\mqtt_al.c ****     int ret = -1;
 449              		.loc 1 142 9
 450 000a 4FF0FF33 		mov	r3, #-1
 451 000e FB60     		str	r3, [r7, #12]
 143:c:/Users/lenovo/Desktop/AIoT/first_day/firstday_afternoon/LiteOS_Lab_STM32_IoT/iot_link/network/mqtt/mqtt_al\mqtt_al.c **** 
 144:c:/Users/lenovo/Desktop/AIoT/first_day/firstday_afternoon/LiteOS_Lab_STM32_IoT/iot_link/network/mqtt/mqtt_al\mqtt_al.c ****     if((NULL != handle) && (NULL != pubpara) &&\
 452              		.loc 1 144 7
 453 0010 7B68     		ldr	r3, [r7, #4]
 454 0012 002B     		cmp	r3, #0
 455 0014 12D0     		beq	.L26
 456              		.loc 1 144 25 discriminator 1
 457 0016 3B68     		ldr	r3, [r7]
 458 0018 002B     		cmp	r3, #0
 459 001a 0FD0     		beq	.L26
 145:c:/Users/lenovo/Desktop/AIoT/first_day/firstday_afternoon/LiteOS_Lab_STM32_IoT/iot_link/network/mqtt/mqtt_al\mqtt_al.c ****        (NULL != s_mqtt_al_op_cb.ops) && (NULL != s_mqtt_al_op_cb.ops->publish))
 460              		.loc 1 145 32 discriminator 2
 461 001c 0A4B     		ldr	r3, .L28
 462 001e 1B68     		ldr	r3, [r3]
 144:c:/Users/lenovo/Desktop/AIoT/first_day/firstday_afternoon/LiteOS_Lab_STM32_IoT/iot_link/network/mqtt/mqtt_al\mqtt_al.c ****        (NULL != s_mqtt_al_op_cb.ops) && (NULL != s_mqtt_al_op_cb.ops->publish))
 463              		.loc 1 144 46 discriminator 2
 464 0020 002B     		cmp	r3, #0
 465 0022 0BD0     		beq	.L26
 466              		.loc 1 145 65
 467 0024 084B     		ldr	r3, .L28
 468 0026 1B68     		ldr	r3, [r3]
 469              		.loc 1 145 69
 470 0028 9B68     		ldr	r3, [r3, #8]
 471              		.loc 1 145 38
 472 002a 002B     		cmp	r3, #0
 473 002c 06D0     		beq	.L26
 146:c:/Users/lenovo/Desktop/AIoT/first_day/firstday_afternoon/LiteOS_Lab_STM32_IoT/iot_link/network/mqtt/mqtt_al\mqtt_al.c ****     {
 147:c:/Users/lenovo/Desktop/AIoT/first_day/firstday_afternoon/LiteOS_Lab_STM32_IoT/iot_link/network/mqtt/mqtt_al\mqtt_al.c ****         ret = s_mqtt_al_op_cb.ops->publish(handle,pubpara);
 474              		.loc 1 147 30
 475 002e 064B     		ldr	r3, .L28
 476 0030 1B68     		ldr	r3, [r3]
 477              		.loc 1 147 34
 478 0032 9B68     		ldr	r3, [r3, #8]
 479              		.loc 1 147 15
 480 0034 3968     		ldr	r1, [r7]
 481 0036 7868     		ldr	r0, [r7, #4]
 482 0038 9847     		blx	r3
 483              	.LVL2:
 484 003a F860     		str	r0, [r7, #12]
 485              	.L26:
 148:c:/Users/lenovo/Desktop/AIoT/first_day/firstday_afternoon/LiteOS_Lab_STM32_IoT/iot_link/network/mqtt/mqtt_al\mqtt_al.c ****     }
 149:c:/Users/lenovo/Desktop/AIoT/first_day/firstday_afternoon/LiteOS_Lab_STM32_IoT/iot_link/network/mqtt/mqtt_al\mqtt_al.c **** 
 150:c:/Users/lenovo/Desktop/AIoT/first_day/firstday_afternoon/LiteOS_Lab_STM32_IoT/iot_link/network/mqtt/mqtt_al\mqtt_al.c ****     return ret;
 486              		.loc 1 150 12
 487 003c FB68     		ldr	r3, [r7, #12]
ARM GAS  C:\Users\lenovo\AppData\Local\Temp\ccHBCura.s 			page 12


 151:c:/Users/lenovo/Desktop/AIoT/first_day/firstday_afternoon/LiteOS_Lab_STM32_IoT/iot_link/network/mqtt/mqtt_al\mqtt_al.c **** 
 152:c:/Users/lenovo/Desktop/AIoT/first_day/firstday_afternoon/LiteOS_Lab_STM32_IoT/iot_link/network/mqtt/mqtt_al\mqtt_al.c **** }
 488              		.loc 1 152 1
 489 003e 1846     		mov	r0, r3
 490 0040 1037     		adds	r7, r7, #16
 491              	.LCFI37:
 492              		.cfi_def_cfa_offset 8
 493 0042 BD46     		mov	sp, r7
 494              	.LCFI38:
 495              		.cfi_def_cfa_register 13
 496              		@ sp needed
 497 0044 80BD     		pop	{r7, pc}
 498              	.L29:
 499 0046 00BF     		.align	2
 500              	.L28:
 501 0048 00000000 		.word	s_mqtt_al_op_cb
 502              		.cfi_endproc
 503              	.LFE6:
 505              		.section	.text.mqtt_al_subscribe,"ax",%progbits
 506              		.align	1
 507              		.global	mqtt_al_subscribe
 508              		.syntax unified
 509              		.thumb
 510              		.thumb_func
 511              		.fpu fpv4-sp-d16
 513              	mqtt_al_subscribe:
 514              	.LFB7:
 153:c:/Users/lenovo/Desktop/AIoT/first_day/firstday_afternoon/LiteOS_Lab_STM32_IoT/iot_link/network/mqtt/mqtt_al\mqtt_al.c **** 
 154:c:/Users/lenovo/Desktop/AIoT/first_day/firstday_afternoon/LiteOS_Lab_STM32_IoT/iot_link/network/mqtt/mqtt_al\mqtt_al.c **** 
 155:c:/Users/lenovo/Desktop/AIoT/first_day/firstday_afternoon/LiteOS_Lab_STM32_IoT/iot_link/network/mqtt/mqtt_al\mqtt_al.c **** int mqtt_al_subscribe(void *handle, mqtt_al_subpara_t *subpara)
 156:c:/Users/lenovo/Desktop/AIoT/first_day/firstday_afternoon/LiteOS_Lab_STM32_IoT/iot_link/network/mqtt/mqtt_al\mqtt_al.c **** {
 515              		.loc 1 156 1
 516              		.cfi_startproc
 517              		@ args = 0, pretend = 0, frame = 16
 518              		@ frame_needed = 1, uses_anonymous_args = 0
 519 0000 80B5     		push	{r7, lr}
 520              	.LCFI39:
 521              		.cfi_def_cfa_offset 8
 522              		.cfi_offset 7, -8
 523              		.cfi_offset 14, -4
 524 0002 84B0     		sub	sp, sp, #16
 525              	.LCFI40:
 526              		.cfi_def_cfa_offset 24
 527 0004 00AF     		add	r7, sp, #0
 528              	.LCFI41:
 529              		.cfi_def_cfa_register 7
 530 0006 7860     		str	r0, [r7, #4]
 531 0008 3960     		str	r1, [r7]
 157:c:/Users/lenovo/Desktop/AIoT/first_day/firstday_afternoon/LiteOS_Lab_STM32_IoT/iot_link/network/mqtt/mqtt_al\mqtt_al.c **** 
 158:c:/Users/lenovo/Desktop/AIoT/first_day/firstday_afternoon/LiteOS_Lab_STM32_IoT/iot_link/network/mqtt/mqtt_al\mqtt_al.c ****     int ret = -1;
 532              		.loc 1 158 9
 533 000a 4FF0FF33 		mov	r3, #-1
 534 000e FB60     		str	r3, [r7, #12]
 159:c:/Users/lenovo/Desktop/AIoT/first_day/firstday_afternoon/LiteOS_Lab_STM32_IoT/iot_link/network/mqtt/mqtt_al\mqtt_al.c **** 
 160:c:/Users/lenovo/Desktop/AIoT/first_day/firstday_afternoon/LiteOS_Lab_STM32_IoT/iot_link/network/mqtt/mqtt_al\mqtt_al.c ****     if((NULL != handle) && (NULL != subpara) &&\
 535              		.loc 1 160 7
 536 0010 7B68     		ldr	r3, [r7, #4]
ARM GAS  C:\Users\lenovo\AppData\Local\Temp\ccHBCura.s 			page 13


 537 0012 002B     		cmp	r3, #0
 538 0014 12D0     		beq	.L31
 539              		.loc 1 160 25 discriminator 1
 540 0016 3B68     		ldr	r3, [r7]
 541 0018 002B     		cmp	r3, #0
 542 001a 0FD0     		beq	.L31
 161:c:/Users/lenovo/Desktop/AIoT/first_day/firstday_afternoon/LiteOS_Lab_STM32_IoT/iot_link/network/mqtt/mqtt_al\mqtt_al.c ****        (NULL != s_mqtt_al_op_cb.ops) && (NULL != s_mqtt_al_op_cb.ops->subscribe))
 543              		.loc 1 161 32 discriminator 2
 544 001c 0A4B     		ldr	r3, .L33
 545 001e 1B68     		ldr	r3, [r3]
 160:c:/Users/lenovo/Desktop/AIoT/first_day/firstday_afternoon/LiteOS_Lab_STM32_IoT/iot_link/network/mqtt/mqtt_al\mqtt_al.c ****        (NULL != s_mqtt_al_op_cb.ops) && (NULL != s_mqtt_al_op_cb.ops->subscribe))
 546              		.loc 1 160 46 discriminator 2
 547 0020 002B     		cmp	r3, #0
 548 0022 0BD0     		beq	.L31
 549              		.loc 1 161 65
 550 0024 084B     		ldr	r3, .L33
 551 0026 1B68     		ldr	r3, [r3]
 552              		.loc 1 161 69
 553 0028 DB68     		ldr	r3, [r3, #12]
 554              		.loc 1 161 38
 555 002a 002B     		cmp	r3, #0
 556 002c 06D0     		beq	.L31
 162:c:/Users/lenovo/Desktop/AIoT/first_day/firstday_afternoon/LiteOS_Lab_STM32_IoT/iot_link/network/mqtt/mqtt_al\mqtt_al.c ****     {
 163:c:/Users/lenovo/Desktop/AIoT/first_day/firstday_afternoon/LiteOS_Lab_STM32_IoT/iot_link/network/mqtt/mqtt_al\mqtt_al.c ****         ret = s_mqtt_al_op_cb.ops->subscribe(handle,subpara);
 557              		.loc 1 163 30
 558 002e 064B     		ldr	r3, .L33
 559 0030 1B68     		ldr	r3, [r3]
 560              		.loc 1 163 34
 561 0032 DB68     		ldr	r3, [r3, #12]
 562              		.loc 1 163 15
 563 0034 3968     		ldr	r1, [r7]
 564 0036 7868     		ldr	r0, [r7, #4]
 565 0038 9847     		blx	r3
 566              	.LVL3:
 567 003a F860     		str	r0, [r7, #12]
 568              	.L31:
 164:c:/Users/lenovo/Desktop/AIoT/first_day/firstday_afternoon/LiteOS_Lab_STM32_IoT/iot_link/network/mqtt/mqtt_al\mqtt_al.c ****     }
 165:c:/Users/lenovo/Desktop/AIoT/first_day/firstday_afternoon/LiteOS_Lab_STM32_IoT/iot_link/network/mqtt/mqtt_al\mqtt_al.c **** 
 166:c:/Users/lenovo/Desktop/AIoT/first_day/firstday_afternoon/LiteOS_Lab_STM32_IoT/iot_link/network/mqtt/mqtt_al\mqtt_al.c ****     return ret;
 569              		.loc 1 166 12
 570 003c FB68     		ldr	r3, [r7, #12]
 167:c:/Users/lenovo/Desktop/AIoT/first_day/firstday_afternoon/LiteOS_Lab_STM32_IoT/iot_link/network/mqtt/mqtt_al\mqtt_al.c **** 
 168:c:/Users/lenovo/Desktop/AIoT/first_day/firstday_afternoon/LiteOS_Lab_STM32_IoT/iot_link/network/mqtt/mqtt_al\mqtt_al.c **** }
 571              		.loc 1 168 1
 572 003e 1846     		mov	r0, r3
 573 0040 1037     		adds	r7, r7, #16
 574              	.LCFI42:
 575              		.cfi_def_cfa_offset 8
 576 0042 BD46     		mov	sp, r7
 577              	.LCFI43:
 578              		.cfi_def_cfa_register 13
 579              		@ sp needed
 580 0044 80BD     		pop	{r7, pc}
 581              	.L34:
 582 0046 00BF     		.align	2
 583              	.L33:
 584 0048 00000000 		.word	s_mqtt_al_op_cb
ARM GAS  C:\Users\lenovo\AppData\Local\Temp\ccHBCura.s 			page 14


 585              		.cfi_endproc
 586              	.LFE7:
 588              		.section	.text.mqtt_al_unsubscribe,"ax",%progbits
 589              		.align	1
 590              		.global	mqtt_al_unsubscribe
 591              		.syntax unified
 592              		.thumb
 593              		.thumb_func
 594              		.fpu fpv4-sp-d16
 596              	mqtt_al_unsubscribe:
 597              	.LFB8:
 169:c:/Users/lenovo/Desktop/AIoT/first_day/firstday_afternoon/LiteOS_Lab_STM32_IoT/iot_link/network/mqtt/mqtt_al\mqtt_al.c **** 
 170:c:/Users/lenovo/Desktop/AIoT/first_day/firstday_afternoon/LiteOS_Lab_STM32_IoT/iot_link/network/mqtt/mqtt_al\mqtt_al.c **** 
 171:c:/Users/lenovo/Desktop/AIoT/first_day/firstday_afternoon/LiteOS_Lab_STM32_IoT/iot_link/network/mqtt/mqtt_al\mqtt_al.c **** int mqtt_al_unsubscribe(void *handle, mqtt_al_unsubpara_t *unsubpara)
 172:c:/Users/lenovo/Desktop/AIoT/first_day/firstday_afternoon/LiteOS_Lab_STM32_IoT/iot_link/network/mqtt/mqtt_al\mqtt_al.c **** {
 598              		.loc 1 172 1
 599              		.cfi_startproc
 600              		@ args = 0, pretend = 0, frame = 16
 601              		@ frame_needed = 1, uses_anonymous_args = 0
 602 0000 80B5     		push	{r7, lr}
 603              	.LCFI44:
 604              		.cfi_def_cfa_offset 8
 605              		.cfi_offset 7, -8
 606              		.cfi_offset 14, -4
 607 0002 84B0     		sub	sp, sp, #16
 608              	.LCFI45:
 609              		.cfi_def_cfa_offset 24
 610 0004 00AF     		add	r7, sp, #0
 611              	.LCFI46:
 612              		.cfi_def_cfa_register 7
 613 0006 7860     		str	r0, [r7, #4]
 614 0008 3960     		str	r1, [r7]
 173:c:/Users/lenovo/Desktop/AIoT/first_day/firstday_afternoon/LiteOS_Lab_STM32_IoT/iot_link/network/mqtt/mqtt_al\mqtt_al.c **** 
 174:c:/Users/lenovo/Desktop/AIoT/first_day/firstday_afternoon/LiteOS_Lab_STM32_IoT/iot_link/network/mqtt/mqtt_al\mqtt_al.c ****     int ret = -1;
 615              		.loc 1 174 9
 616 000a 4FF0FF33 		mov	r3, #-1
 617 000e FB60     		str	r3, [r7, #12]
 175:c:/Users/lenovo/Desktop/AIoT/first_day/firstday_afternoon/LiteOS_Lab_STM32_IoT/iot_link/network/mqtt/mqtt_al\mqtt_al.c **** 
 176:c:/Users/lenovo/Desktop/AIoT/first_day/firstday_afternoon/LiteOS_Lab_STM32_IoT/iot_link/network/mqtt/mqtt_al\mqtt_al.c ****     if((NULL != handle) && (NULL != unsubpara) && \
 618              		.loc 1 176 7
 619 0010 7B68     		ldr	r3, [r7, #4]
 620 0012 002B     		cmp	r3, #0
 621 0014 12D0     		beq	.L36
 622              		.loc 1 176 25 discriminator 1
 623 0016 3B68     		ldr	r3, [r7]
 624 0018 002B     		cmp	r3, #0
 625 001a 0FD0     		beq	.L36
 177:c:/Users/lenovo/Desktop/AIoT/first_day/firstday_afternoon/LiteOS_Lab_STM32_IoT/iot_link/network/mqtt/mqtt_al\mqtt_al.c ****         (NULL != s_mqtt_al_op_cb.ops) && (NULL != s_mqtt_al_op_cb.ops->unsubscribe))
 626              		.loc 1 177 33 discriminator 2
 627 001c 0A4B     		ldr	r3, .L38
 628 001e 1B68     		ldr	r3, [r3]
 176:c:/Users/lenovo/Desktop/AIoT/first_day/firstday_afternoon/LiteOS_Lab_STM32_IoT/iot_link/network/mqtt/mqtt_al\mqtt_al.c ****         (NULL != s_mqtt_al_op_cb.ops) && (NULL != s_mqtt_al_op_cb.ops->unsubscribe))
 629              		.loc 1 176 48 discriminator 2
 630 0020 002B     		cmp	r3, #0
 631 0022 0BD0     		beq	.L36
 632              		.loc 1 177 66
 633 0024 084B     		ldr	r3, .L38
ARM GAS  C:\Users\lenovo\AppData\Local\Temp\ccHBCura.s 			page 15


 634 0026 1B68     		ldr	r3, [r3]
 635              		.loc 1 177 70
 636 0028 1B69     		ldr	r3, [r3, #16]
 637              		.loc 1 177 39
 638 002a 002B     		cmp	r3, #0
 639 002c 06D0     		beq	.L36
 178:c:/Users/lenovo/Desktop/AIoT/first_day/firstday_afternoon/LiteOS_Lab_STM32_IoT/iot_link/network/mqtt/mqtt_al\mqtt_al.c ****     {
 179:c:/Users/lenovo/Desktop/AIoT/first_day/firstday_afternoon/LiteOS_Lab_STM32_IoT/iot_link/network/mqtt/mqtt_al\mqtt_al.c ****         ret = s_mqtt_al_op_cb.ops->unsubscribe(handle,unsubpara);
 640              		.loc 1 179 30
 641 002e 064B     		ldr	r3, .L38
 642 0030 1B68     		ldr	r3, [r3]
 643              		.loc 1 179 34
 644 0032 1B69     		ldr	r3, [r3, #16]
 645              		.loc 1 179 15
 646 0034 3968     		ldr	r1, [r7]
 647 0036 7868     		ldr	r0, [r7, #4]
 648 0038 9847     		blx	r3
 649              	.LVL4:
 650 003a F860     		str	r0, [r7, #12]
 651              	.L36:
 180:c:/Users/lenovo/Desktop/AIoT/first_day/firstday_afternoon/LiteOS_Lab_STM32_IoT/iot_link/network/mqtt/mqtt_al\mqtt_al.c ****     }
 181:c:/Users/lenovo/Desktop/AIoT/first_day/firstday_afternoon/LiteOS_Lab_STM32_IoT/iot_link/network/mqtt/mqtt_al\mqtt_al.c **** 
 182:c:/Users/lenovo/Desktop/AIoT/first_day/firstday_afternoon/LiteOS_Lab_STM32_IoT/iot_link/network/mqtt/mqtt_al\mqtt_al.c ****     return ret;
 652              		.loc 1 182 12
 653 003c FB68     		ldr	r3, [r7, #12]
 183:c:/Users/lenovo/Desktop/AIoT/first_day/firstday_afternoon/LiteOS_Lab_STM32_IoT/iot_link/network/mqtt/mqtt_al\mqtt_al.c **** 
 184:c:/Users/lenovo/Desktop/AIoT/first_day/firstday_afternoon/LiteOS_Lab_STM32_IoT/iot_link/network/mqtt/mqtt_al\mqtt_al.c **** }
 654              		.loc 1 184 1
 655 003e 1846     		mov	r0, r3
 656 0040 1037     		adds	r7, r7, #16
 657              	.LCFI47:
 658              		.cfi_def_cfa_offset 8
 659 0042 BD46     		mov	sp, r7
 660              	.LCFI48:
 661              		.cfi_def_cfa_register 13
 662              		@ sp needed
 663 0044 80BD     		pop	{r7, pc}
 664              	.L39:
 665 0046 00BF     		.align	2
 666              	.L38:
 667 0048 00000000 		.word	s_mqtt_al_op_cb
 668              		.cfi_endproc
 669              	.LFE8:
 671              		.section	.text.mqtt_al_check_status,"ax",%progbits
 672              		.align	1
 673              		.global	mqtt_al_check_status
 674              		.syntax unified
 675              		.thumb
 676              		.thumb_func
 677              		.fpu fpv4-sp-d16
 679              	mqtt_al_check_status:
 680              	.LFB9:
 185:c:/Users/lenovo/Desktop/AIoT/first_day/firstday_afternoon/LiteOS_Lab_STM32_IoT/iot_link/network/mqtt/mqtt_al\mqtt_al.c **** 
 186:c:/Users/lenovo/Desktop/AIoT/first_day/firstday_afternoon/LiteOS_Lab_STM32_IoT/iot_link/network/mqtt/mqtt_al\mqtt_al.c **** en_mqtt_al_connect_state mqtt_al_check_status(void *handle)
 187:c:/Users/lenovo/Desktop/AIoT/first_day/firstday_afternoon/LiteOS_Lab_STM32_IoT/iot_link/network/mqtt/mqtt_al\mqtt_al.c **** {
 681              		.loc 1 187 1
 682              		.cfi_startproc
ARM GAS  C:\Users\lenovo\AppData\Local\Temp\ccHBCura.s 			page 16


 683              		@ args = 0, pretend = 0, frame = 16
 684              		@ frame_needed = 1, uses_anonymous_args = 0
 685 0000 80B5     		push	{r7, lr}
 686              	.LCFI49:
 687              		.cfi_def_cfa_offset 8
 688              		.cfi_offset 7, -8
 689              		.cfi_offset 14, -4
 690 0002 84B0     		sub	sp, sp, #16
 691              	.LCFI50:
 692              		.cfi_def_cfa_offset 24
 693 0004 00AF     		add	r7, sp, #0
 694              	.LCFI51:
 695              		.cfi_def_cfa_register 7
 696 0006 7860     		str	r0, [r7, #4]
 188:c:/Users/lenovo/Desktop/AIoT/first_day/firstday_afternoon/LiteOS_Lab_STM32_IoT/iot_link/network/mqtt/mqtt_al\mqtt_al.c **** 
 189:c:/Users/lenovo/Desktop/AIoT/first_day/firstday_afternoon/LiteOS_Lab_STM32_IoT/iot_link/network/mqtt/mqtt_al\mqtt_al.c ****     en_mqtt_al_connect_state ret = en_mqtt_al_connect_err;
 697              		.loc 1 189 30
 698 0008 0123     		movs	r3, #1
 699 000a FB73     		strb	r3, [r7, #15]
 190:c:/Users/lenovo/Desktop/AIoT/first_day/firstday_afternoon/LiteOS_Lab_STM32_IoT/iot_link/network/mqtt/mqtt_al\mqtt_al.c **** 
 191:c:/Users/lenovo/Desktop/AIoT/first_day/firstday_afternoon/LiteOS_Lab_STM32_IoT/iot_link/network/mqtt/mqtt_al\mqtt_al.c ****     if((NULL != handle) && (NULL != s_mqtt_al_op_cb.ops) && (NULL != s_mqtt_al_op_cb.ops->check_sta
 700              		.loc 1 191 7
 701 000c 7B68     		ldr	r3, [r7, #4]
 702 000e 002B     		cmp	r3, #0
 703 0010 0FD0     		beq	.L41
 704              		.loc 1 191 52 discriminator 1
 705 0012 0A4B     		ldr	r3, .L43
 706 0014 1B68     		ldr	r3, [r3]
 707              		.loc 1 191 25 discriminator 1
 708 0016 002B     		cmp	r3, #0
 709 0018 0BD0     		beq	.L41
 710              		.loc 1 191 85 discriminator 2
 711 001a 084B     		ldr	r3, .L43
 712 001c 1B68     		ldr	r3, [r3]
 713              		.loc 1 191 89 discriminator 2
 714 001e 5B69     		ldr	r3, [r3, #20]
 715              		.loc 1 191 58 discriminator 2
 716 0020 002B     		cmp	r3, #0
 717 0022 06D0     		beq	.L41
 192:c:/Users/lenovo/Desktop/AIoT/first_day/firstday_afternoon/LiteOS_Lab_STM32_IoT/iot_link/network/mqtt/mqtt_al\mqtt_al.c ****     {
 193:c:/Users/lenovo/Desktop/AIoT/first_day/firstday_afternoon/LiteOS_Lab_STM32_IoT/iot_link/network/mqtt/mqtt_al\mqtt_al.c ****         ret = s_mqtt_al_op_cb.ops->check_status(handle);
 718              		.loc 1 193 30
 719 0024 054B     		ldr	r3, .L43
 720 0026 1B68     		ldr	r3, [r3]
 721              		.loc 1 193 34
 722 0028 5B69     		ldr	r3, [r3, #20]
 723              		.loc 1 193 15
 724 002a 7868     		ldr	r0, [r7, #4]
 725 002c 9847     		blx	r3
 726              	.LVL5:
 727 002e 0346     		mov	r3, r0
 728 0030 FB73     		strb	r3, [r7, #15]
 729              	.L41:
 194:c:/Users/lenovo/Desktop/AIoT/first_day/firstday_afternoon/LiteOS_Lab_STM32_IoT/iot_link/network/mqtt/mqtt_al\mqtt_al.c ****     }
 195:c:/Users/lenovo/Desktop/AIoT/first_day/firstday_afternoon/LiteOS_Lab_STM32_IoT/iot_link/network/mqtt/mqtt_al\mqtt_al.c **** 
 196:c:/Users/lenovo/Desktop/AIoT/first_day/firstday_afternoon/LiteOS_Lab_STM32_IoT/iot_link/network/mqtt/mqtt_al\mqtt_al.c ****     return ret;
 730              		.loc 1 196 12
ARM GAS  C:\Users\lenovo\AppData\Local\Temp\ccHBCura.s 			page 17


 731 0032 FB7B     		ldrb	r3, [r7, #15]	@ zero_extendqisi2
 197:c:/Users/lenovo/Desktop/AIoT/first_day/firstday_afternoon/LiteOS_Lab_STM32_IoT/iot_link/network/mqtt/mqtt_al\mqtt_al.c **** }
 732              		.loc 1 197 1
 733 0034 1846     		mov	r0, r3
 734 0036 1037     		adds	r7, r7, #16
 735              	.LCFI52:
 736              		.cfi_def_cfa_offset 8
 737 0038 BD46     		mov	sp, r7
 738              	.LCFI53:
 739              		.cfi_def_cfa_register 13
 740              		@ sp needed
 741 003a 80BD     		pop	{r7, pc}
 742              	.L44:
 743              		.align	2
 744              	.L43:
 745 003c 00000000 		.word	s_mqtt_al_op_cb
 746              		.cfi_endproc
 747              	.LFE9:
 749              		.text
 750              	.Letext0:
 751              		.file 2 "c:\\users\\lenovo\\.iotlink\\tools\\gcc-arm-none-eabi\\arm-none-eabi\\include\\machine\\_
 752              		.file 3 "c:\\users\\lenovo\\.iotlink\\tools\\gcc-arm-none-eabi\\arm-none-eabi\\include\\sys\\_stdi
 753              		.file 4 "c:/Users/lenovo/Desktop/AIoT/first_day/firstday_afternoon/LiteOS_Lab_STM32_IoT/iot_link/i
 754              		.file 5 "c:/Users/lenovo/Desktop/AIoT/first_day/firstday_afternoon/LiteOS_Lab_STM32_IoT/iot_link/n
ARM GAS  C:\Users\lenovo\AppData\Local\Temp\ccHBCura.s 			page 18


DEFINED SYMBOLS
                            *ABS*:00000000 mqtt_al.c
C:\Users\lenovo\AppData\Local\Temp\ccHBCura.s:18     .bss.s_mqtt_al_op_cb:00000000 $d
C:\Users\lenovo\AppData\Local\Temp\ccHBCura.s:21     .bss.s_mqtt_al_op_cb:00000000 s_mqtt_al_op_cb
C:\Users\lenovo\AppData\Local\Temp\ccHBCura.s:24     .text.mqtt_al_install:00000000 $t
C:\Users\lenovo\AppData\Local\Temp\ccHBCura.s:32     .text.mqtt_al_install:00000000 mqtt_al_install
C:\Users\lenovo\AppData\Local\Temp\ccHBCura.s:104    .text.mqtt_al_install:00000048 $d
C:\Users\lenovo\AppData\Local\Temp\ccHBCura.s:110    .text.mqtt_al_uninstall:00000000 $t
C:\Users\lenovo\AppData\Local\Temp\ccHBCura.s:117    .text.mqtt_al_uninstall:00000000 mqtt_al_uninstall
C:\Users\lenovo\AppData\Local\Temp\ccHBCura.s:170    .text.mqtt_al_uninstall:0000002c $d
C:\Users\lenovo\AppData\Local\Temp\ccHBCura.s:175    .text.mqtt_al_init:00000000 $t
C:\Users\lenovo\AppData\Local\Temp\ccHBCura.s:182    .text.mqtt_al_init:00000000 mqtt_al_init
C:\Users\lenovo\AppData\Local\Temp\ccHBCura.s:222    .text.mqtt_al_deinit:00000000 $t
C:\Users\lenovo\AppData\Local\Temp\ccHBCura.s:229    .text.mqtt_al_deinit:00000000 mqtt_al_deinit
C:\Users\lenovo\AppData\Local\Temp\ccHBCura.s:269    .text.mqtt_al_connect:00000000 $t
C:\Users\lenovo\AppData\Local\Temp\ccHBCura.s:276    .text.mqtt_al_connect:00000000 mqtt_al_connect
C:\Users\lenovo\AppData\Local\Temp\ccHBCura.s:341    .text.mqtt_al_connect:0000003c $d
C:\Users\lenovo\AppData\Local\Temp\ccHBCura.s:346    .text.mqtt_al_disconnect:00000000 $t
C:\Users\lenovo\AppData\Local\Temp\ccHBCura.s:353    .text.mqtt_al_disconnect:00000000 mqtt_al_disconnect
C:\Users\lenovo\AppData\Local\Temp\ccHBCura.s:418    .text.mqtt_al_disconnect:0000003c $d
C:\Users\lenovo\AppData\Local\Temp\ccHBCura.s:423    .text.mqtt_al_publish:00000000 $t
C:\Users\lenovo\AppData\Local\Temp\ccHBCura.s:430    .text.mqtt_al_publish:00000000 mqtt_al_publish
C:\Users\lenovo\AppData\Local\Temp\ccHBCura.s:501    .text.mqtt_al_publish:00000048 $d
C:\Users\lenovo\AppData\Local\Temp\ccHBCura.s:506    .text.mqtt_al_subscribe:00000000 $t
C:\Users\lenovo\AppData\Local\Temp\ccHBCura.s:513    .text.mqtt_al_subscribe:00000000 mqtt_al_subscribe
C:\Users\lenovo\AppData\Local\Temp\ccHBCura.s:584    .text.mqtt_al_subscribe:00000048 $d
C:\Users\lenovo\AppData\Local\Temp\ccHBCura.s:589    .text.mqtt_al_unsubscribe:00000000 $t
C:\Users\lenovo\AppData\Local\Temp\ccHBCura.s:596    .text.mqtt_al_unsubscribe:00000000 mqtt_al_unsubscribe
C:\Users\lenovo\AppData\Local\Temp\ccHBCura.s:667    .text.mqtt_al_unsubscribe:00000048 $d
C:\Users\lenovo\AppData\Local\Temp\ccHBCura.s:672    .text.mqtt_al_check_status:00000000 $t
C:\Users\lenovo\AppData\Local\Temp\ccHBCura.s:679    .text.mqtt_al_check_status:00000000 mqtt_al_check_status
C:\Users\lenovo\AppData\Local\Temp\ccHBCura.s:745    .text.mqtt_al_check_status:0000003c $d

NO UNDEFINED SYMBOLS
