ARM GAS  C:\Users\lenovo\AppData\Local\Temp\ccowvoIR.s 			page 1


   1              		.cpu cortex-m4
   2              		.eabi_attribute 27, 1
   3              		.eabi_attribute 28, 1
   4              		.eabi_attribute 20, 1
   5              		.eabi_attribute 21, 1
   6              		.eabi_attribute 23, 3
   7              		.eabi_attribute 24, 1
   8              		.eabi_attribute 25, 1
   9              		.eabi_attribute 26, 1
  10              		.eabi_attribute 30, 6
  11              		.eabi_attribute 34, 1
  12              		.eabi_attribute 18, 4
  13              		.file	"oc_mqtt_al.c"
  14              		.text
  15              	.Ltext0:
  16              		.cfi_sections	.debug_frame
  17              		.section	.bss.s_oc_mqtt,"aw",%nobits
  18              		.align	2
  21              	s_oc_mqtt:
  22 0000 00000000 		.space	4
  23              		.section	.text.oc_mqtt_register,"ax",%progbits
  24              		.align	1
  25              		.global	oc_mqtt_register
  26              		.arch armv7e-m
  27              		.syntax unified
  28              		.thumb
  29              		.thumb_func
  30              		.fpu fpv4-sp-d16
  32              	oc_mqtt_register:
  33              	.LFB0:
  34              		.file 1 "c:/Users/lenovo/Desktop/AIoT/first_day/firstday_afternoon/LiteOS_Lab_STM32_IoT/iot_link/o
   1:c:/Users/lenovo/Desktop/AIoT/first_day/firstday_afternoon/LiteOS_Lab_STM32_IoT/iot_link/oc/oc_mqtt/oc_mqtt_al\oc_mqtt_al.c **** /*----------------------------------------------------------------------------
   2:c:/Users/lenovo/Desktop/AIoT/first_day/firstday_afternoon/LiteOS_Lab_STM32_IoT/iot_link/oc/oc_mqtt/oc_mqtt_al\oc_mqtt_al.c ****  * Copyright (c) <2018>, <Huawei Technologies Co., Ltd>
   3:c:/Users/lenovo/Desktop/AIoT/first_day/firstday_afternoon/LiteOS_Lab_STM32_IoT/iot_link/oc/oc_mqtt/oc_mqtt_al\oc_mqtt_al.c ****  * All rights reserved.
   4:c:/Users/lenovo/Desktop/AIoT/first_day/firstday_afternoon/LiteOS_Lab_STM32_IoT/iot_link/oc/oc_mqtt/oc_mqtt_al\oc_mqtt_al.c ****  * Redistribution and use in source and binary forms, with or without modification,
   5:c:/Users/lenovo/Desktop/AIoT/first_day/firstday_afternoon/LiteOS_Lab_STM32_IoT/iot_link/oc/oc_mqtt/oc_mqtt_al\oc_mqtt_al.c ****  * are permitted provided that the following conditions are met:
   6:c:/Users/lenovo/Desktop/AIoT/first_day/firstday_afternoon/LiteOS_Lab_STM32_IoT/iot_link/oc/oc_mqtt/oc_mqtt_al\oc_mqtt_al.c ****  * 1. Redistributions of source code must retain the above copyright notice, this list of
   7:c:/Users/lenovo/Desktop/AIoT/first_day/firstday_afternoon/LiteOS_Lab_STM32_IoT/iot_link/oc/oc_mqtt/oc_mqtt_al\oc_mqtt_al.c ****  * conditions and the following disclaimer.
   8:c:/Users/lenovo/Desktop/AIoT/first_day/firstday_afternoon/LiteOS_Lab_STM32_IoT/iot_link/oc/oc_mqtt/oc_mqtt_al\oc_mqtt_al.c ****  * 2. Redistributions in binary form must reproduce the above copyright notice, this list
   9:c:/Users/lenovo/Desktop/AIoT/first_day/firstday_afternoon/LiteOS_Lab_STM32_IoT/iot_link/oc/oc_mqtt/oc_mqtt_al\oc_mqtt_al.c ****  * of conditions and the following disclaimer in the documentation and/or other materials
  10:c:/Users/lenovo/Desktop/AIoT/first_day/firstday_afternoon/LiteOS_Lab_STM32_IoT/iot_link/oc/oc_mqtt/oc_mqtt_al\oc_mqtt_al.c ****  * provided with the distribution.
  11:c:/Users/lenovo/Desktop/AIoT/first_day/firstday_afternoon/LiteOS_Lab_STM32_IoT/iot_link/oc/oc_mqtt/oc_mqtt_al\oc_mqtt_al.c ****  * 3. Neither the name of the copyright holder nor the names of its contributors may be used
  12:c:/Users/lenovo/Desktop/AIoT/first_day/firstday_afternoon/LiteOS_Lab_STM32_IoT/iot_link/oc/oc_mqtt/oc_mqtt_al\oc_mqtt_al.c ****  * to endorse or promote products derived from this software without specific prior written
  13:c:/Users/lenovo/Desktop/AIoT/first_day/firstday_afternoon/LiteOS_Lab_STM32_IoT/iot_link/oc/oc_mqtt/oc_mqtt_al\oc_mqtt_al.c ****  * permission.
  14:c:/Users/lenovo/Desktop/AIoT/first_day/firstday_afternoon/LiteOS_Lab_STM32_IoT/iot_link/oc/oc_mqtt/oc_mqtt_al\oc_mqtt_al.c ****  * THIS SOFTWARE IS PROVIDED BY THE COPYRIGHT HOLDERS AND CONTRIBUTORS
  15:c:/Users/lenovo/Desktop/AIoT/first_day/firstday_afternoon/LiteOS_Lab_STM32_IoT/iot_link/oc/oc_mqtt/oc_mqtt_al\oc_mqtt_al.c ****  * "AS IS" AND ANY EXPRESS OR IMPLIED WARRANTIES, INCLUDING, BUT NOT LIMITED TO,
  16:c:/Users/lenovo/Desktop/AIoT/first_day/firstday_afternoon/LiteOS_Lab_STM32_IoT/iot_link/oc/oc_mqtt/oc_mqtt_al\oc_mqtt_al.c ****  * THE IMPLIED WARRANTIES OF MERCHANTABILITY AND FITNESS FOR A PARTICULAR
  17:c:/Users/lenovo/Desktop/AIoT/first_day/firstday_afternoon/LiteOS_Lab_STM32_IoT/iot_link/oc/oc_mqtt/oc_mqtt_al\oc_mqtt_al.c ****  * PURPOSE ARE DISCLAIMED. IN NO EVENT SHALL THE COPYRIGHT HOLDER OR
  18:c:/Users/lenovo/Desktop/AIoT/first_day/firstday_afternoon/LiteOS_Lab_STM32_IoT/iot_link/oc/oc_mqtt/oc_mqtt_al\oc_mqtt_al.c ****  * CONTRIBUTORS BE LIABLE FOR ANY DIRECT, INDIRECT, INCIDENTAL, SPECIAL,
  19:c:/Users/lenovo/Desktop/AIoT/first_day/firstday_afternoon/LiteOS_Lab_STM32_IoT/iot_link/oc/oc_mqtt/oc_mqtt_al\oc_mqtt_al.c ****  * EXEMPLARY, OR CONSEQUENTIAL DAMAGES (INCLUDING, BUT NOT LIMITED TO,
  20:c:/Users/lenovo/Desktop/AIoT/first_day/firstday_afternoon/LiteOS_Lab_STM32_IoT/iot_link/oc/oc_mqtt/oc_mqtt_al\oc_mqtt_al.c ****  * PROCUREMENT OF SUBSTITUTE GOODS OR SERVICES; LOSS OF USE, DATA, OR PROFITS;
  21:c:/Users/lenovo/Desktop/AIoT/first_day/firstday_afternoon/LiteOS_Lab_STM32_IoT/iot_link/oc/oc_mqtt/oc_mqtt_al\oc_mqtt_al.c ****  * OR BUSINESS INTERRUPTION) HOWEVER CAUSED AND ON ANY THEORY OF LIABILITY,
  22:c:/Users/lenovo/Desktop/AIoT/first_day/firstday_afternoon/LiteOS_Lab_STM32_IoT/iot_link/oc/oc_mqtt/oc_mqtt_al\oc_mqtt_al.c ****  * WHETHER IN CONTRACT, STRICT LIABILITY, OR TORT (INCLUDING NEGLIGENCE OR
  23:c:/Users/lenovo/Desktop/AIoT/first_day/firstday_afternoon/LiteOS_Lab_STM32_IoT/iot_link/oc/oc_mqtt/oc_mqtt_al\oc_mqtt_al.c ****  * OTHERWISE) ARISING IN ANY WAY OUT OF THE USE OF THIS SOFTWARE, EVEN IF
  24:c:/Users/lenovo/Desktop/AIoT/first_day/firstday_afternoon/LiteOS_Lab_STM32_IoT/iot_link/oc/oc_mqtt/oc_mqtt_al\oc_mqtt_al.c ****  * ADVISED OF THE POSSIBILITY OF SUCH DAMAGE.
  25:c:/Users/lenovo/Desktop/AIoT/first_day/firstday_afternoon/LiteOS_Lab_STM32_IoT/iot_link/oc/oc_mqtt/oc_mqtt_al\oc_mqtt_al.c ****  *---------------------------------------------------------------------------*/
  26:c:/Users/lenovo/Desktop/AIoT/first_day/firstday_afternoon/LiteOS_Lab_STM32_IoT/iot_link/oc/oc_mqtt/oc_mqtt_al\oc_mqtt_al.c **** /*----------------------------------------------------------------------------
ARM GAS  C:\Users\lenovo\AppData\Local\Temp\ccowvoIR.s 			page 2


  27:c:/Users/lenovo/Desktop/AIoT/first_day/firstday_afternoon/LiteOS_Lab_STM32_IoT/iot_link/oc/oc_mqtt/oc_mqtt_al\oc_mqtt_al.c ****  * Notice of Export Control Law
  28:c:/Users/lenovo/Desktop/AIoT/first_day/firstday_afternoon/LiteOS_Lab_STM32_IoT/iot_link/oc/oc_mqtt/oc_mqtt_al\oc_mqtt_al.c ****  * ===============================================
  29:c:/Users/lenovo/Desktop/AIoT/first_day/firstday_afternoon/LiteOS_Lab_STM32_IoT/iot_link/oc/oc_mqtt/oc_mqtt_al\oc_mqtt_al.c ****  * Huawei LiteOS may be subject to applicable export control laws and regulations, which might
  30:c:/Users/lenovo/Desktop/AIoT/first_day/firstday_afternoon/LiteOS_Lab_STM32_IoT/iot_link/oc/oc_mqtt/oc_mqtt_al\oc_mqtt_al.c ****  * include those applicable to Huawei LiteOS of U.S. and the country in which you are located.
  31:c:/Users/lenovo/Desktop/AIoT/first_day/firstday_afternoon/LiteOS_Lab_STM32_IoT/iot_link/oc/oc_mqtt/oc_mqtt_al\oc_mqtt_al.c ****  * Import, export and usage of Huawei LiteOS in any manner by you shall be in compliance with such
  32:c:/Users/lenovo/Desktop/AIoT/first_day/firstday_afternoon/LiteOS_Lab_STM32_IoT/iot_link/oc/oc_mqtt/oc_mqtt_al\oc_mqtt_al.c ****  * applicable export control laws and regulations.
  33:c:/Users/lenovo/Desktop/AIoT/first_day/firstday_afternoon/LiteOS_Lab_STM32_IoT/iot_link/oc/oc_mqtt/oc_mqtt_al\oc_mqtt_al.c ****  *---------------------------------------------------------------------------*/
  34:c:/Users/lenovo/Desktop/AIoT/first_day/firstday_afternoon/LiteOS_Lab_STM32_IoT/iot_link/oc/oc_mqtt/oc_mqtt_al\oc_mqtt_al.c **** 
  35:c:/Users/lenovo/Desktop/AIoT/first_day/firstday_afternoon/LiteOS_Lab_STM32_IoT/iot_link/oc/oc_mqtt/oc_mqtt_al\oc_mqtt_al.c **** #include <oc_mqtt_al.h>
  36:c:/Users/lenovo/Desktop/AIoT/first_day/firstday_afternoon/LiteOS_Lab_STM32_IoT/iot_link/oc/oc_mqtt/oc_mqtt_al\oc_mqtt_al.c **** 
  37:c:/Users/lenovo/Desktop/AIoT/first_day/firstday_afternoon/LiteOS_Lab_STM32_IoT/iot_link/oc/oc_mqtt/oc_mqtt_al\oc_mqtt_al.c **** static oc_mqtt_t *s_oc_mqtt = NULL;
  38:c:/Users/lenovo/Desktop/AIoT/first_day/firstday_afternoon/LiteOS_Lab_STM32_IoT/iot_link/oc/oc_mqtt/oc_mqtt_al\oc_mqtt_al.c **** ///////////////////////OC AGENT INSTALL INTERFACE///////////////////////////////
  39:c:/Users/lenovo/Desktop/AIoT/first_day/firstday_afternoon/LiteOS_Lab_STM32_IoT/iot_link/oc/oc_mqtt/oc_mqtt_al\oc_mqtt_al.c **** int oc_mqtt_register(const oc_mqtt_t *opt)
  40:c:/Users/lenovo/Desktop/AIoT/first_day/firstday_afternoon/LiteOS_Lab_STM32_IoT/iot_link/oc/oc_mqtt/oc_mqtt_al\oc_mqtt_al.c **** {
  35              		.loc 1 40 1
  36              		.cfi_startproc
  37              		@ args = 0, pretend = 0, frame = 16
  38              		@ frame_needed = 1, uses_anonymous_args = 0
  39              		@ link register save eliminated.
  40 0000 80B4     		push	{r7}
  41              	.LCFI0:
  42              		.cfi_def_cfa_offset 4
  43              		.cfi_offset 7, -4
  44 0002 85B0     		sub	sp, sp, #20
  45              	.LCFI1:
  46              		.cfi_def_cfa_offset 24
  47 0004 00AF     		add	r7, sp, #0
  48              	.LCFI2:
  49              		.cfi_def_cfa_register 7
  50 0006 7860     		str	r0, [r7, #4]
  41:c:/Users/lenovo/Desktop/AIoT/first_day/firstday_afternoon/LiteOS_Lab_STM32_IoT/iot_link/oc/oc_mqtt/oc_mqtt_al\oc_mqtt_al.c ****     int ret = en_oc_mqtt_err_system;
  51              		.loc 1 41 9
  52 0008 1023     		movs	r3, #16
  53 000a FB60     		str	r3, [r7, #12]
  42:c:/Users/lenovo/Desktop/AIoT/first_day/firstday_afternoon/LiteOS_Lab_STM32_IoT/iot_link/oc/oc_mqtt/oc_mqtt_al\oc_mqtt_al.c **** 
  43:c:/Users/lenovo/Desktop/AIoT/first_day/firstday_afternoon/LiteOS_Lab_STM32_IoT/iot_link/oc/oc_mqtt/oc_mqtt_al\oc_mqtt_al.c ****     if(NULL != opt)
  54              		.loc 1 43 7
  55 000c 7B68     		ldr	r3, [r7, #4]
  56 000e 002B     		cmp	r3, #0
  57 0010 04D0     		beq	.L2
  44:c:/Users/lenovo/Desktop/AIoT/first_day/firstday_afternoon/LiteOS_Lab_STM32_IoT/iot_link/oc/oc_mqtt/oc_mqtt_al\oc_mqtt_al.c ****     {
  45:c:/Users/lenovo/Desktop/AIoT/first_day/firstday_afternoon/LiteOS_Lab_STM32_IoT/iot_link/oc/oc_mqtt/oc_mqtt_al\oc_mqtt_al.c ****         s_oc_mqtt = (oc_mqtt_t *) opt;
  58              		.loc 1 45 19
  59 0012 064A     		ldr	r2, .L4
  60 0014 7B68     		ldr	r3, [r7, #4]
  61 0016 1360     		str	r3, [r2]
  46:c:/Users/lenovo/Desktop/AIoT/first_day/firstday_afternoon/LiteOS_Lab_STM32_IoT/iot_link/oc/oc_mqtt/oc_mqtt_al\oc_mqtt_al.c ****         ret = en_oc_mqtt_err_ok;
  62              		.loc 1 46 13
  63 0018 0023     		movs	r3, #0
  64 001a FB60     		str	r3, [r7, #12]
  65              	.L2:
  47:c:/Users/lenovo/Desktop/AIoT/first_day/firstday_afternoon/LiteOS_Lab_STM32_IoT/iot_link/oc/oc_mqtt/oc_mqtt_al\oc_mqtt_al.c ****     }
  48:c:/Users/lenovo/Desktop/AIoT/first_day/firstday_afternoon/LiteOS_Lab_STM32_IoT/iot_link/oc/oc_mqtt/oc_mqtt_al\oc_mqtt_al.c **** 
  49:c:/Users/lenovo/Desktop/AIoT/first_day/firstday_afternoon/LiteOS_Lab_STM32_IoT/iot_link/oc/oc_mqtt/oc_mqtt_al\oc_mqtt_al.c ****     return ret;
  66              		.loc 1 49 12
  67 001c FB68     		ldr	r3, [r7, #12]
  50:c:/Users/lenovo/Desktop/AIoT/first_day/firstday_afternoon/LiteOS_Lab_STM32_IoT/iot_link/oc/oc_mqtt/oc_mqtt_al\oc_mqtt_al.c **** }
ARM GAS  C:\Users\lenovo\AppData\Local\Temp\ccowvoIR.s 			page 3


  68              		.loc 1 50 1
  69 001e 1846     		mov	r0, r3
  70 0020 1437     		adds	r7, r7, #20
  71              	.LCFI3:
  72              		.cfi_def_cfa_offset 4
  73 0022 BD46     		mov	sp, r7
  74              	.LCFI4:
  75              		.cfi_def_cfa_register 13
  76              		@ sp needed
  77 0024 5DF8047B 		ldr	r7, [sp], #4
  78              	.LCFI5:
  79              		.cfi_restore 7
  80              		.cfi_def_cfa_offset 0
  81 0028 7047     		bx	lr
  82              	.L5:
  83 002a 00BF     		.align	2
  84              	.L4:
  85 002c 00000000 		.word	s_oc_mqtt
  86              		.cfi_endproc
  87              	.LFE0:
  89              		.section	.text.oc_mqtt_config,"ax",%progbits
  90              		.align	1
  91              		.global	oc_mqtt_config
  92              		.syntax unified
  93              		.thumb
  94              		.thumb_func
  95              		.fpu fpv4-sp-d16
  97              	oc_mqtt_config:
  98              	.LFB1:
  51:c:/Users/lenovo/Desktop/AIoT/first_day/firstday_afternoon/LiteOS_Lab_STM32_IoT/iot_link/oc/oc_mqtt/oc_mqtt_al\oc_mqtt_al.c **** 
  52:c:/Users/lenovo/Desktop/AIoT/first_day/firstday_afternoon/LiteOS_Lab_STM32_IoT/iot_link/oc/oc_mqtt/oc_mqtt_al\oc_mqtt_al.c **** //////////////////////////APPLICATION INTERFACE/////////////////////////////////
  53:c:/Users/lenovo/Desktop/AIoT/first_day/firstday_afternoon/LiteOS_Lab_STM32_IoT/iot_link/oc/oc_mqtt/oc_mqtt_al\oc_mqtt_al.c **** int oc_mqtt_config(oc_mqtt_config_t *param)
  54:c:/Users/lenovo/Desktop/AIoT/first_day/firstday_afternoon/LiteOS_Lab_STM32_IoT/iot_link/oc/oc_mqtt/oc_mqtt_al\oc_mqtt_al.c **** {
  99              		.loc 1 54 1
 100              		.cfi_startproc
 101              		@ args = 0, pretend = 0, frame = 16
 102              		@ frame_needed = 1, uses_anonymous_args = 0
 103 0000 80B5     		push	{r7, lr}
 104              	.LCFI6:
 105              		.cfi_def_cfa_offset 8
 106              		.cfi_offset 7, -8
 107              		.cfi_offset 14, -4
 108 0002 84B0     		sub	sp, sp, #16
 109              	.LCFI7:
 110              		.cfi_def_cfa_offset 24
 111 0004 00AF     		add	r7, sp, #0
 112              	.LCFI8:
 113              		.cfi_def_cfa_register 7
 114 0006 7860     		str	r0, [r7, #4]
  55:c:/Users/lenovo/Desktop/AIoT/first_day/firstday_afternoon/LiteOS_Lab_STM32_IoT/iot_link/oc/oc_mqtt/oc_mqtt_al\oc_mqtt_al.c ****     int ret = en_oc_mqtt_err_system ;
 115              		.loc 1 55 9
 116 0008 1023     		movs	r3, #16
 117 000a FB60     		str	r3, [r7, #12]
  56:c:/Users/lenovo/Desktop/AIoT/first_day/firstday_afternoon/LiteOS_Lab_STM32_IoT/iot_link/oc/oc_mqtt/oc_mqtt_al\oc_mqtt_al.c ****     if((NULL != s_oc_mqtt) &&(NULL != s_oc_mqtt->op.config))
 118              		.loc 1 56 14
 119 000c 094B     		ldr	r3, .L9
 120 000e 1B68     		ldr	r3, [r3]
ARM GAS  C:\Users\lenovo\AppData\Local\Temp\ccowvoIR.s 			page 4


 121              		.loc 1 56 7
 122 0010 002B     		cmp	r3, #0
 123 0012 0AD0     		beq	.L7
 124              		.loc 1 56 48 discriminator 1
 125 0014 074B     		ldr	r3, .L9
 126 0016 1B68     		ldr	r3, [r3]
 127              		.loc 1 56 52 discriminator 1
 128 0018 5B68     		ldr	r3, [r3, #4]
 129              		.loc 1 56 28 discriminator 1
 130 001a 002B     		cmp	r3, #0
 131 001c 05D0     		beq	.L7
  57:c:/Users/lenovo/Desktop/AIoT/first_day/firstday_afternoon/LiteOS_Lab_STM32_IoT/iot_link/oc/oc_mqtt/oc_mqtt_al\oc_mqtt_al.c ****     {
  58:c:/Users/lenovo/Desktop/AIoT/first_day/firstday_afternoon/LiteOS_Lab_STM32_IoT/iot_link/oc/oc_mqtt/oc_mqtt_al\oc_mqtt_al.c ****        ret = s_oc_mqtt->op.config(param);
 132              		.loc 1 58 23
 133 001e 054B     		ldr	r3, .L9
 134 0020 1B68     		ldr	r3, [r3]
 135              		.loc 1 58 27
 136 0022 5B68     		ldr	r3, [r3, #4]
 137              		.loc 1 58 14
 138 0024 7868     		ldr	r0, [r7, #4]
 139 0026 9847     		blx	r3
 140              	.LVL0:
 141 0028 F860     		str	r0, [r7, #12]
 142              	.L7:
  59:c:/Users/lenovo/Desktop/AIoT/first_day/firstday_afternoon/LiteOS_Lab_STM32_IoT/iot_link/oc/oc_mqtt/oc_mqtt_al\oc_mqtt_al.c ****     }
  60:c:/Users/lenovo/Desktop/AIoT/first_day/firstday_afternoon/LiteOS_Lab_STM32_IoT/iot_link/oc/oc_mqtt/oc_mqtt_al\oc_mqtt_al.c **** 
  61:c:/Users/lenovo/Desktop/AIoT/first_day/firstday_afternoon/LiteOS_Lab_STM32_IoT/iot_link/oc/oc_mqtt/oc_mqtt_al\oc_mqtt_al.c ****     return ret;
 143              		.loc 1 61 12
 144 002a FB68     		ldr	r3, [r7, #12]
  62:c:/Users/lenovo/Desktop/AIoT/first_day/firstday_afternoon/LiteOS_Lab_STM32_IoT/iot_link/oc/oc_mqtt/oc_mqtt_al\oc_mqtt_al.c **** }
 145              		.loc 1 62 1
 146 002c 1846     		mov	r0, r3
 147 002e 1037     		adds	r7, r7, #16
 148              	.LCFI9:
 149              		.cfi_def_cfa_offset 8
 150 0030 BD46     		mov	sp, r7
 151              	.LCFI10:
 152              		.cfi_def_cfa_register 13
 153              		@ sp needed
 154 0032 80BD     		pop	{r7, pc}
 155              	.L10:
 156              		.align	2
 157              	.L9:
 158 0034 00000000 		.word	s_oc_mqtt
 159              		.cfi_endproc
 160              	.LFE1:
 162              		.section	.text.oc_mqtt_deconfig,"ax",%progbits
 163              		.align	1
 164              		.global	oc_mqtt_deconfig
 165              		.syntax unified
 166              		.thumb
 167              		.thumb_func
 168              		.fpu fpv4-sp-d16
 170              	oc_mqtt_deconfig:
 171              	.LFB2:
  63:c:/Users/lenovo/Desktop/AIoT/first_day/firstday_afternoon/LiteOS_Lab_STM32_IoT/iot_link/oc/oc_mqtt/oc_mqtt_al\oc_mqtt_al.c **** 
  64:c:/Users/lenovo/Desktop/AIoT/first_day/firstday_afternoon/LiteOS_Lab_STM32_IoT/iot_link/oc/oc_mqtt/oc_mqtt_al\oc_mqtt_al.c **** int oc_mqtt_deconfig()
ARM GAS  C:\Users\lenovo\AppData\Local\Temp\ccowvoIR.s 			page 5


  65:c:/Users/lenovo/Desktop/AIoT/first_day/firstday_afternoon/LiteOS_Lab_STM32_IoT/iot_link/oc/oc_mqtt/oc_mqtt_al\oc_mqtt_al.c **** {
 172              		.loc 1 65 1
 173              		.cfi_startproc
 174              		@ args = 0, pretend = 0, frame = 8
 175              		@ frame_needed = 1, uses_anonymous_args = 0
 176 0000 80B5     		push	{r7, lr}
 177              	.LCFI11:
 178              		.cfi_def_cfa_offset 8
 179              		.cfi_offset 7, -8
 180              		.cfi_offset 14, -4
 181 0002 82B0     		sub	sp, sp, #8
 182              	.LCFI12:
 183              		.cfi_def_cfa_offset 16
 184 0004 00AF     		add	r7, sp, #0
 185              	.LCFI13:
 186              		.cfi_def_cfa_register 7
  66:c:/Users/lenovo/Desktop/AIoT/first_day/firstday_afternoon/LiteOS_Lab_STM32_IoT/iot_link/oc/oc_mqtt/oc_mqtt_al\oc_mqtt_al.c ****     int ret = en_oc_mqtt_err_system;
 187              		.loc 1 66 9
 188 0006 1023     		movs	r3, #16
 189 0008 7B60     		str	r3, [r7, #4]
  67:c:/Users/lenovo/Desktop/AIoT/first_day/firstday_afternoon/LiteOS_Lab_STM32_IoT/iot_link/oc/oc_mqtt/oc_mqtt_al\oc_mqtt_al.c **** 
  68:c:/Users/lenovo/Desktop/AIoT/first_day/firstday_afternoon/LiteOS_Lab_STM32_IoT/iot_link/oc/oc_mqtt/oc_mqtt_al\oc_mqtt_al.c ****     if((NULL != s_oc_mqtt) \
 190              		.loc 1 68 14
 191 000a 094B     		ldr	r3, .L14
 192 000c 1B68     		ldr	r3, [r3]
 193              		.loc 1 68 7
 194 000e 002B     		cmp	r3, #0
 195 0010 09D0     		beq	.L12
  69:c:/Users/lenovo/Desktop/AIoT/first_day/firstday_afternoon/LiteOS_Lab_STM32_IoT/iot_link/oc/oc_mqtt/oc_mqtt_al\oc_mqtt_al.c ****        &&(NULL != s_oc_mqtt->op.config))
 196              		.loc 1 69 28
 197 0012 074B     		ldr	r3, .L14
 198 0014 1B68     		ldr	r3, [r3]
 199              		.loc 1 69 32
 200 0016 5B68     		ldr	r3, [r3, #4]
 201              		.loc 1 69 8
 202 0018 002B     		cmp	r3, #0
 203 001a 04D0     		beq	.L12
  70:c:/Users/lenovo/Desktop/AIoT/first_day/firstday_afternoon/LiteOS_Lab_STM32_IoT/iot_link/oc/oc_mqtt/oc_mqtt_al\oc_mqtt_al.c ****     {
  71:c:/Users/lenovo/Desktop/AIoT/first_day/firstday_afternoon/LiteOS_Lab_STM32_IoT/iot_link/oc/oc_mqtt/oc_mqtt_al\oc_mqtt_al.c ****        ret = s_oc_mqtt->op.deconfig();
 204              		.loc 1 71 23
 205 001c 044B     		ldr	r3, .L14
 206 001e 1B68     		ldr	r3, [r3]
 207              		.loc 1 71 27
 208 0020 9B68     		ldr	r3, [r3, #8]
 209              		.loc 1 71 14
 210 0022 9847     		blx	r3
 211              	.LVL1:
 212 0024 7860     		str	r0, [r7, #4]
 213              	.L12:
  72:c:/Users/lenovo/Desktop/AIoT/first_day/firstday_afternoon/LiteOS_Lab_STM32_IoT/iot_link/oc/oc_mqtt/oc_mqtt_al\oc_mqtt_al.c ****     }
  73:c:/Users/lenovo/Desktop/AIoT/first_day/firstday_afternoon/LiteOS_Lab_STM32_IoT/iot_link/oc/oc_mqtt/oc_mqtt_al\oc_mqtt_al.c **** 
  74:c:/Users/lenovo/Desktop/AIoT/first_day/firstday_afternoon/LiteOS_Lab_STM32_IoT/iot_link/oc/oc_mqtt/oc_mqtt_al\oc_mqtt_al.c ****     return ret;
 214              		.loc 1 74 12
 215 0026 7B68     		ldr	r3, [r7, #4]
  75:c:/Users/lenovo/Desktop/AIoT/first_day/firstday_afternoon/LiteOS_Lab_STM32_IoT/iot_link/oc/oc_mqtt/oc_mqtt_al\oc_mqtt_al.c **** }
 216              		.loc 1 75 1
 217 0028 1846     		mov	r0, r3
ARM GAS  C:\Users\lenovo\AppData\Local\Temp\ccowvoIR.s 			page 6


 218 002a 0837     		adds	r7, r7, #8
 219              	.LCFI14:
 220              		.cfi_def_cfa_offset 8
 221 002c BD46     		mov	sp, r7
 222              	.LCFI15:
 223              		.cfi_def_cfa_register 13
 224              		@ sp needed
 225 002e 80BD     		pop	{r7, pc}
 226              	.L15:
 227              		.align	2
 228              	.L14:
 229 0030 00000000 		.word	s_oc_mqtt
 230              		.cfi_endproc
 231              	.LFE2:
 233              		.section	.text.oc_mqtt_publish,"ax",%progbits
 234              		.align	1
 235              		.global	oc_mqtt_publish
 236              		.syntax unified
 237              		.thumb
 238              		.thumb_func
 239              		.fpu fpv4-sp-d16
 241              	oc_mqtt_publish:
 242              	.LFB3:
  76:c:/Users/lenovo/Desktop/AIoT/first_day/firstday_afternoon/LiteOS_Lab_STM32_IoT/iot_link/oc/oc_mqtt/oc_mqtt_al\oc_mqtt_al.c **** 
  77:c:/Users/lenovo/Desktop/AIoT/first_day/firstday_afternoon/LiteOS_Lab_STM32_IoT/iot_link/oc/oc_mqtt/oc_mqtt_al\oc_mqtt_al.c **** int oc_mqtt_publish(char  *topic,uint8_t *msg,int msg_len,int qos)
  78:c:/Users/lenovo/Desktop/AIoT/first_day/firstday_afternoon/LiteOS_Lab_STM32_IoT/iot_link/oc/oc_mqtt/oc_mqtt_al\oc_mqtt_al.c **** {
 243              		.loc 1 78 1
 244              		.cfi_startproc
 245              		@ args = 0, pretend = 0, frame = 24
 246              		@ frame_needed = 1, uses_anonymous_args = 0
 247 0000 90B5     		push	{r4, r7, lr}
 248              	.LCFI16:
 249              		.cfi_def_cfa_offset 12
 250              		.cfi_offset 4, -12
 251              		.cfi_offset 7, -8
 252              		.cfi_offset 14, -4
 253 0002 87B0     		sub	sp, sp, #28
 254              	.LCFI17:
 255              		.cfi_def_cfa_offset 40
 256 0004 00AF     		add	r7, sp, #0
 257              	.LCFI18:
 258              		.cfi_def_cfa_register 7
 259 0006 F860     		str	r0, [r7, #12]
 260 0008 B960     		str	r1, [r7, #8]
 261 000a 7A60     		str	r2, [r7, #4]
 262 000c 3B60     		str	r3, [r7]
  79:c:/Users/lenovo/Desktop/AIoT/first_day/firstday_afternoon/LiteOS_Lab_STM32_IoT/iot_link/oc/oc_mqtt/oc_mqtt_al\oc_mqtt_al.c ****     int ret = en_oc_mqtt_err_system;
 263              		.loc 1 79 9
 264 000e 1023     		movs	r3, #16
 265 0010 7B61     		str	r3, [r7, #20]
  80:c:/Users/lenovo/Desktop/AIoT/first_day/firstday_afternoon/LiteOS_Lab_STM32_IoT/iot_link/oc/oc_mqtt/oc_mqtt_al\oc_mqtt_al.c **** 
  81:c:/Users/lenovo/Desktop/AIoT/first_day/firstday_afternoon/LiteOS_Lab_STM32_IoT/iot_link/oc/oc_mqtt/oc_mqtt_al\oc_mqtt_al.c ****     if((NULL != s_oc_mqtt) &&(NULL != s_oc_mqtt->op.publish))
 266              		.loc 1 81 14
 267 0012 0B4B     		ldr	r3, .L19
 268 0014 1B68     		ldr	r3, [r3]
 269              		.loc 1 81 7
 270 0016 002B     		cmp	r3, #0
ARM GAS  C:\Users\lenovo\AppData\Local\Temp\ccowvoIR.s 			page 7


 271 0018 0DD0     		beq	.L17
 272              		.loc 1 81 48 discriminator 1
 273 001a 094B     		ldr	r3, .L19
 274 001c 1B68     		ldr	r3, [r3]
 275              		.loc 1 81 52 discriminator 1
 276 001e DB68     		ldr	r3, [r3, #12]
 277              		.loc 1 81 28 discriminator 1
 278 0020 002B     		cmp	r3, #0
 279 0022 08D0     		beq	.L17
  82:c:/Users/lenovo/Desktop/AIoT/first_day/firstday_afternoon/LiteOS_Lab_STM32_IoT/iot_link/oc/oc_mqtt/oc_mqtt_al\oc_mqtt_al.c ****     {
  83:c:/Users/lenovo/Desktop/AIoT/first_day/firstday_afternoon/LiteOS_Lab_STM32_IoT/iot_link/oc/oc_mqtt/oc_mqtt_al\oc_mqtt_al.c ****        ret = s_oc_mqtt->op.publish(topic,msg,msg_len,qos);
 280              		.loc 1 83 23
 281 0024 064B     		ldr	r3, .L19
 282 0026 1B68     		ldr	r3, [r3]
 283              		.loc 1 83 27
 284 0028 DC68     		ldr	r4, [r3, #12]
 285              		.loc 1 83 14
 286 002a 3B68     		ldr	r3, [r7]
 287 002c 7A68     		ldr	r2, [r7, #4]
 288 002e B968     		ldr	r1, [r7, #8]
 289 0030 F868     		ldr	r0, [r7, #12]
 290 0032 A047     		blx	r4
 291              	.LVL2:
 292 0034 7861     		str	r0, [r7, #20]
 293              	.L17:
  84:c:/Users/lenovo/Desktop/AIoT/first_day/firstday_afternoon/LiteOS_Lab_STM32_IoT/iot_link/oc/oc_mqtt/oc_mqtt_al\oc_mqtt_al.c ****     }
  85:c:/Users/lenovo/Desktop/AIoT/first_day/firstday_afternoon/LiteOS_Lab_STM32_IoT/iot_link/oc/oc_mqtt/oc_mqtt_al\oc_mqtt_al.c **** 
  86:c:/Users/lenovo/Desktop/AIoT/first_day/firstday_afternoon/LiteOS_Lab_STM32_IoT/iot_link/oc/oc_mqtt/oc_mqtt_al\oc_mqtt_al.c ****     return ret;
 294              		.loc 1 86 12
 295 0036 7B69     		ldr	r3, [r7, #20]
  87:c:/Users/lenovo/Desktop/AIoT/first_day/firstday_afternoon/LiteOS_Lab_STM32_IoT/iot_link/oc/oc_mqtt/oc_mqtt_al\oc_mqtt_al.c **** }
 296              		.loc 1 87 1
 297 0038 1846     		mov	r0, r3
 298 003a 1C37     		adds	r7, r7, #28
 299              	.LCFI19:
 300              		.cfi_def_cfa_offset 12
 301 003c BD46     		mov	sp, r7
 302              	.LCFI20:
 303              		.cfi_def_cfa_register 13
 304              		@ sp needed
 305 003e 90BD     		pop	{r4, r7, pc}
 306              	.L20:
 307              		.align	2
 308              	.L19:
 309 0040 00000000 		.word	s_oc_mqtt
 310              		.cfi_endproc
 311              	.LFE3:
 313              		.section	.text.oc_mqtt_report,"ax",%progbits
 314              		.align	1
 315              		.global	oc_mqtt_report
 316              		.syntax unified
 317              		.thumb
 318              		.thumb_func
 319              		.fpu fpv4-sp-d16
 321              	oc_mqtt_report:
 322              	.LFB4:
  88:c:/Users/lenovo/Desktop/AIoT/first_day/firstday_afternoon/LiteOS_Lab_STM32_IoT/iot_link/oc/oc_mqtt/oc_mqtt_al\oc_mqtt_al.c **** 
ARM GAS  C:\Users\lenovo\AppData\Local\Temp\ccowvoIR.s 			page 8


  89:c:/Users/lenovo/Desktop/AIoT/first_day/firstday_afternoon/LiteOS_Lab_STM32_IoT/iot_link/oc/oc_mqtt/oc_mqtt_al\oc_mqtt_al.c **** int oc_mqtt_report(uint8_t *msg, int len, int qos)
  90:c:/Users/lenovo/Desktop/AIoT/first_day/firstday_afternoon/LiteOS_Lab_STM32_IoT/iot_link/oc/oc_mqtt/oc_mqtt_al\oc_mqtt_al.c **** {
 323              		.loc 1 90 1
 324              		.cfi_startproc
 325              		@ args = 0, pretend = 0, frame = 24
 326              		@ frame_needed = 1, uses_anonymous_args = 0
 327 0000 80B5     		push	{r7, lr}
 328              	.LCFI21:
 329              		.cfi_def_cfa_offset 8
 330              		.cfi_offset 7, -8
 331              		.cfi_offset 14, -4
 332 0002 86B0     		sub	sp, sp, #24
 333              	.LCFI22:
 334              		.cfi_def_cfa_offset 32
 335 0004 00AF     		add	r7, sp, #0
 336              	.LCFI23:
 337              		.cfi_def_cfa_register 7
 338 0006 F860     		str	r0, [r7, #12]
 339 0008 B960     		str	r1, [r7, #8]
 340 000a 7A60     		str	r2, [r7, #4]
  91:c:/Users/lenovo/Desktop/AIoT/first_day/firstday_afternoon/LiteOS_Lab_STM32_IoT/iot_link/oc/oc_mqtt/oc_mqtt_al\oc_mqtt_al.c ****     int ret = en_oc_mqtt_err_system;
 341              		.loc 1 91 9
 342 000c 1023     		movs	r3, #16
 343 000e 7B61     		str	r3, [r7, #20]
  92:c:/Users/lenovo/Desktop/AIoT/first_day/firstday_afternoon/LiteOS_Lab_STM32_IoT/iot_link/oc/oc_mqtt/oc_mqtt_al\oc_mqtt_al.c **** 
  93:c:/Users/lenovo/Desktop/AIoT/first_day/firstday_afternoon/LiteOS_Lab_STM32_IoT/iot_link/oc/oc_mqtt/oc_mqtt_al\oc_mqtt_al.c ****     ret = oc_mqtt_publish(NULL,msg,len,qos);
 344              		.loc 1 93 11
 345 0010 7B68     		ldr	r3, [r7, #4]
 346 0012 BA68     		ldr	r2, [r7, #8]
 347 0014 F968     		ldr	r1, [r7, #12]
 348 0016 0020     		movs	r0, #0
 349 0018 FFF7FEFF 		bl	oc_mqtt_publish
 350 001c 7861     		str	r0, [r7, #20]
  94:c:/Users/lenovo/Desktop/AIoT/first_day/firstday_afternoon/LiteOS_Lab_STM32_IoT/iot_link/oc/oc_mqtt/oc_mqtt_al\oc_mqtt_al.c **** 
  95:c:/Users/lenovo/Desktop/AIoT/first_day/firstday_afternoon/LiteOS_Lab_STM32_IoT/iot_link/oc/oc_mqtt/oc_mqtt_al\oc_mqtt_al.c ****     return ret;
 351              		.loc 1 95 12
 352 001e 7B69     		ldr	r3, [r7, #20]
  96:c:/Users/lenovo/Desktop/AIoT/first_day/firstday_afternoon/LiteOS_Lab_STM32_IoT/iot_link/oc/oc_mqtt/oc_mqtt_al\oc_mqtt_al.c **** }
 353              		.loc 1 96 1
 354 0020 1846     		mov	r0, r3
 355 0022 1837     		adds	r7, r7, #24
 356              	.LCFI24:
 357              		.cfi_def_cfa_offset 8
 358 0024 BD46     		mov	sp, r7
 359              	.LCFI25:
 360              		.cfi_def_cfa_register 13
 361              		@ sp needed
 362 0026 80BD     		pop	{r7, pc}
 363              		.cfi_endproc
 364              	.LFE4:
 366              		.section	.text.oc_mqtt_subscribe,"ax",%progbits
 367              		.align	1
 368              		.global	oc_mqtt_subscribe
 369              		.syntax unified
 370              		.thumb
 371              		.thumb_func
 372              		.fpu fpv4-sp-d16
ARM GAS  C:\Users\lenovo\AppData\Local\Temp\ccowvoIR.s 			page 9


 374              	oc_mqtt_subscribe:
 375              	.LFB5:
  97:c:/Users/lenovo/Desktop/AIoT/first_day/firstday_afternoon/LiteOS_Lab_STM32_IoT/iot_link/oc/oc_mqtt/oc_mqtt_al\oc_mqtt_al.c **** 
  98:c:/Users/lenovo/Desktop/AIoT/first_day/firstday_afternoon/LiteOS_Lab_STM32_IoT/iot_link/oc/oc_mqtt/oc_mqtt_al\oc_mqtt_al.c **** int oc_mqtt_subscribe(char *topic,int qos)
  99:c:/Users/lenovo/Desktop/AIoT/first_day/firstday_afternoon/LiteOS_Lab_STM32_IoT/iot_link/oc/oc_mqtt/oc_mqtt_al\oc_mqtt_al.c **** {
 376              		.loc 1 99 1
 377              		.cfi_startproc
 378              		@ args = 0, pretend = 0, frame = 16
 379              		@ frame_needed = 1, uses_anonymous_args = 0
 380 0000 80B5     		push	{r7, lr}
 381              	.LCFI26:
 382              		.cfi_def_cfa_offset 8
 383              		.cfi_offset 7, -8
 384              		.cfi_offset 14, -4
 385 0002 84B0     		sub	sp, sp, #16
 386              	.LCFI27:
 387              		.cfi_def_cfa_offset 24
 388 0004 00AF     		add	r7, sp, #0
 389              	.LCFI28:
 390              		.cfi_def_cfa_register 7
 391 0006 7860     		str	r0, [r7, #4]
 392 0008 3960     		str	r1, [r7]
 100:c:/Users/lenovo/Desktop/AIoT/first_day/firstday_afternoon/LiteOS_Lab_STM32_IoT/iot_link/oc/oc_mqtt/oc_mqtt_al\oc_mqtt_al.c ****     int ret = en_oc_mqtt_err_system;
 393              		.loc 1 100 9
 394 000a 1023     		movs	r3, #16
 395 000c FB60     		str	r3, [r7, #12]
 101:c:/Users/lenovo/Desktop/AIoT/first_day/firstday_afternoon/LiteOS_Lab_STM32_IoT/iot_link/oc/oc_mqtt/oc_mqtt_al\oc_mqtt_al.c **** 
 102:c:/Users/lenovo/Desktop/AIoT/first_day/firstday_afternoon/LiteOS_Lab_STM32_IoT/iot_link/oc/oc_mqtt/oc_mqtt_al\oc_mqtt_al.c ****     if((NULL != s_oc_mqtt) &&(NULL != s_oc_mqtt->op.subscribe))
 396              		.loc 1 102 14
 397 000e 0A4B     		ldr	r3, .L26
 398 0010 1B68     		ldr	r3, [r3]
 399              		.loc 1 102 7
 400 0012 002B     		cmp	r3, #0
 401 0014 0BD0     		beq	.L24
 402              		.loc 1 102 48 discriminator 1
 403 0016 084B     		ldr	r3, .L26
 404 0018 1B68     		ldr	r3, [r3]
 405              		.loc 1 102 52 discriminator 1
 406 001a 1B69     		ldr	r3, [r3, #16]
 407              		.loc 1 102 28 discriminator 1
 408 001c 002B     		cmp	r3, #0
 409 001e 06D0     		beq	.L24
 103:c:/Users/lenovo/Desktop/AIoT/first_day/firstday_afternoon/LiteOS_Lab_STM32_IoT/iot_link/oc/oc_mqtt/oc_mqtt_al\oc_mqtt_al.c ****     {
 104:c:/Users/lenovo/Desktop/AIoT/first_day/firstday_afternoon/LiteOS_Lab_STM32_IoT/iot_link/oc/oc_mqtt/oc_mqtt_al\oc_mqtt_al.c ****        ret = s_oc_mqtt->op.subscribe(topic,qos);
 410              		.loc 1 104 23
 411 0020 054B     		ldr	r3, .L26
 412 0022 1B68     		ldr	r3, [r3]
 413              		.loc 1 104 27
 414 0024 1B69     		ldr	r3, [r3, #16]
 415              		.loc 1 104 14
 416 0026 3968     		ldr	r1, [r7]
 417 0028 7868     		ldr	r0, [r7, #4]
 418 002a 9847     		blx	r3
 419              	.LVL3:
 420 002c F860     		str	r0, [r7, #12]
 421              	.L24:
 105:c:/Users/lenovo/Desktop/AIoT/first_day/firstday_afternoon/LiteOS_Lab_STM32_IoT/iot_link/oc/oc_mqtt/oc_mqtt_al\oc_mqtt_al.c ****     }
ARM GAS  C:\Users\lenovo\AppData\Local\Temp\ccowvoIR.s 			page 10


 106:c:/Users/lenovo/Desktop/AIoT/first_day/firstday_afternoon/LiteOS_Lab_STM32_IoT/iot_link/oc/oc_mqtt/oc_mqtt_al\oc_mqtt_al.c **** 
 107:c:/Users/lenovo/Desktop/AIoT/first_day/firstday_afternoon/LiteOS_Lab_STM32_IoT/iot_link/oc/oc_mqtt/oc_mqtt_al\oc_mqtt_al.c ****     return ret;
 422              		.loc 1 107 12
 423 002e FB68     		ldr	r3, [r7, #12]
 108:c:/Users/lenovo/Desktop/AIoT/first_day/firstday_afternoon/LiteOS_Lab_STM32_IoT/iot_link/oc/oc_mqtt/oc_mqtt_al\oc_mqtt_al.c **** }
 424              		.loc 1 108 1
 425 0030 1846     		mov	r0, r3
 426 0032 1037     		adds	r7, r7, #16
 427              	.LCFI29:
 428              		.cfi_def_cfa_offset 8
 429 0034 BD46     		mov	sp, r7
 430              	.LCFI30:
 431              		.cfi_def_cfa_register 13
 432              		@ sp needed
 433 0036 80BD     		pop	{r7, pc}
 434              	.L27:
 435              		.align	2
 436              	.L26:
 437 0038 00000000 		.word	s_oc_mqtt
 438              		.cfi_endproc
 439              	.LFE5:
 441              		.section	.text.oc_mqtt_unsubscribe,"ax",%progbits
 442              		.align	1
 443              		.global	oc_mqtt_unsubscribe
 444              		.syntax unified
 445              		.thumb
 446              		.thumb_func
 447              		.fpu fpv4-sp-d16
 449              	oc_mqtt_unsubscribe:
 450              	.LFB6:
 109:c:/Users/lenovo/Desktop/AIoT/first_day/firstday_afternoon/LiteOS_Lab_STM32_IoT/iot_link/oc/oc_mqtt/oc_mqtt_al\oc_mqtt_al.c **** 
 110:c:/Users/lenovo/Desktop/AIoT/first_day/firstday_afternoon/LiteOS_Lab_STM32_IoT/iot_link/oc/oc_mqtt/oc_mqtt_al\oc_mqtt_al.c **** 
 111:c:/Users/lenovo/Desktop/AIoT/first_day/firstday_afternoon/LiteOS_Lab_STM32_IoT/iot_link/oc/oc_mqtt/oc_mqtt_al\oc_mqtt_al.c **** en_oc_mqtt_err_code_t oc_mqtt_unsubscribe(char *topic)
 112:c:/Users/lenovo/Desktop/AIoT/first_day/firstday_afternoon/LiteOS_Lab_STM32_IoT/iot_link/oc/oc_mqtt/oc_mqtt_al\oc_mqtt_al.c **** {
 451              		.loc 1 112 1
 452              		.cfi_startproc
 453              		@ args = 0, pretend = 0, frame = 16
 454              		@ frame_needed = 1, uses_anonymous_args = 0
 455 0000 80B5     		push	{r7, lr}
 456              	.LCFI31:
 457              		.cfi_def_cfa_offset 8
 458              		.cfi_offset 7, -8
 459              		.cfi_offset 14, -4
 460 0002 84B0     		sub	sp, sp, #16
 461              	.LCFI32:
 462              		.cfi_def_cfa_offset 24
 463 0004 00AF     		add	r7, sp, #0
 464              	.LCFI33:
 465              		.cfi_def_cfa_register 7
 466 0006 7860     		str	r0, [r7, #4]
 113:c:/Users/lenovo/Desktop/AIoT/first_day/firstday_afternoon/LiteOS_Lab_STM32_IoT/iot_link/oc/oc_mqtt/oc_mqtt_al\oc_mqtt_al.c ****     int ret = en_oc_mqtt_err_system;
 467              		.loc 1 113 9
 468 0008 1023     		movs	r3, #16
 469 000a FB60     		str	r3, [r7, #12]
 114:c:/Users/lenovo/Desktop/AIoT/first_day/firstday_afternoon/LiteOS_Lab_STM32_IoT/iot_link/oc/oc_mqtt/oc_mqtt_al\oc_mqtt_al.c **** 
 115:c:/Users/lenovo/Desktop/AIoT/first_day/firstday_afternoon/LiteOS_Lab_STM32_IoT/iot_link/oc/oc_mqtt/oc_mqtt_al\oc_mqtt_al.c ****     if((NULL != s_oc_mqtt) &&(NULL != s_oc_mqtt->op.unsubscribe))
 470              		.loc 1 115 14
ARM GAS  C:\Users\lenovo\AppData\Local\Temp\ccowvoIR.s 			page 11


 471 000c 0A4B     		ldr	r3, .L31
 472 000e 1B68     		ldr	r3, [r3]
 473              		.loc 1 115 7
 474 0010 002B     		cmp	r3, #0
 475 0012 0BD0     		beq	.L29
 476              		.loc 1 115 48 discriminator 1
 477 0014 084B     		ldr	r3, .L31
 478 0016 1B68     		ldr	r3, [r3]
 479              		.loc 1 115 52 discriminator 1
 480 0018 5B69     		ldr	r3, [r3, #20]
 481              		.loc 1 115 28 discriminator 1
 482 001a 002B     		cmp	r3, #0
 483 001c 06D0     		beq	.L29
 116:c:/Users/lenovo/Desktop/AIoT/first_day/firstday_afternoon/LiteOS_Lab_STM32_IoT/iot_link/oc/oc_mqtt/oc_mqtt_al\oc_mqtt_al.c ****     {
 117:c:/Users/lenovo/Desktop/AIoT/first_day/firstday_afternoon/LiteOS_Lab_STM32_IoT/iot_link/oc/oc_mqtt/oc_mqtt_al\oc_mqtt_al.c ****        ret = s_oc_mqtt->op.unsubscribe(topic);
 484              		.loc 1 117 23
 485 001e 064B     		ldr	r3, .L31
 486 0020 1B68     		ldr	r3, [r3]
 487              		.loc 1 117 27
 488 0022 5B69     		ldr	r3, [r3, #20]
 489              		.loc 1 117 14
 490 0024 7868     		ldr	r0, [r7, #4]
 491 0026 9847     		blx	r3
 492              	.LVL4:
 493 0028 0346     		mov	r3, r0
 494              		.loc 1 117 12
 495 002a FB60     		str	r3, [r7, #12]
 496              	.L29:
 118:c:/Users/lenovo/Desktop/AIoT/first_day/firstday_afternoon/LiteOS_Lab_STM32_IoT/iot_link/oc/oc_mqtt/oc_mqtt_al\oc_mqtt_al.c ****     }
 119:c:/Users/lenovo/Desktop/AIoT/first_day/firstday_afternoon/LiteOS_Lab_STM32_IoT/iot_link/oc/oc_mqtt/oc_mqtt_al\oc_mqtt_al.c **** 
 120:c:/Users/lenovo/Desktop/AIoT/first_day/firstday_afternoon/LiteOS_Lab_STM32_IoT/iot_link/oc/oc_mqtt/oc_mqtt_al\oc_mqtt_al.c ****     return ret;
 497              		.loc 1 120 12
 498 002c FB68     		ldr	r3, [r7, #12]
 499 002e DBB2     		uxtb	r3, r3
 121:c:/Users/lenovo/Desktop/AIoT/first_day/firstday_afternoon/LiteOS_Lab_STM32_IoT/iot_link/oc/oc_mqtt/oc_mqtt_al\oc_mqtt_al.c **** }
 500              		.loc 1 121 1
 501 0030 1846     		mov	r0, r3
 502 0032 1037     		adds	r7, r7, #16
 503              	.LCFI34:
 504              		.cfi_def_cfa_offset 8
 505 0034 BD46     		mov	sp, r7
 506              	.LCFI35:
 507              		.cfi_def_cfa_register 13
 508              		@ sp needed
 509 0036 80BD     		pop	{r7, pc}
 510              	.L32:
 511              		.align	2
 512              	.L31:
 513 0038 00000000 		.word	s_oc_mqtt
 514              		.cfi_endproc
 515              	.LFE6:
 517              		.section	.text.oc_mqtt_init,"ax",%progbits
 518              		.align	1
 519              		.global	oc_mqtt_init
 520              		.syntax unified
 521              		.thumb
 522              		.thumb_func
ARM GAS  C:\Users\lenovo\AppData\Local\Temp\ccowvoIR.s 			page 12


 523              		.fpu fpv4-sp-d16
 525              	oc_mqtt_init:
 526              	.LFB7:
 122:c:/Users/lenovo/Desktop/AIoT/first_day/firstday_afternoon/LiteOS_Lab_STM32_IoT/iot_link/oc/oc_mqtt/oc_mqtt_al\oc_mqtt_al.c **** 
 123:c:/Users/lenovo/Desktop/AIoT/first_day/firstday_afternoon/LiteOS_Lab_STM32_IoT/iot_link/oc/oc_mqtt/oc_mqtt_al\oc_mqtt_al.c **** ///////////////////////OC LWM2M AGENT INITIALIZE////////////////////////////////
 124:c:/Users/lenovo/Desktop/AIoT/first_day/firstday_afternoon/LiteOS_Lab_STM32_IoT/iot_link/oc/oc_mqtt/oc_mqtt_al\oc_mqtt_al.c **** int oc_mqtt_init()
 125:c:/Users/lenovo/Desktop/AIoT/first_day/firstday_afternoon/LiteOS_Lab_STM32_IoT/iot_link/oc/oc_mqtt/oc_mqtt_al\oc_mqtt_al.c **** {
 527              		.loc 1 125 1
 528              		.cfi_startproc
 529              		@ args = 0, pretend = 0, frame = 0
 530              		@ frame_needed = 1, uses_anonymous_args = 0
 531              		@ link register save eliminated.
 532 0000 80B4     		push	{r7}
 533              	.LCFI36:
 534              		.cfi_def_cfa_offset 4
 535              		.cfi_offset 7, -4
 536 0002 00AF     		add	r7, sp, #0
 537              	.LCFI37:
 538              		.cfi_def_cfa_register 7
 126:c:/Users/lenovo/Desktop/AIoT/first_day/firstday_afternoon/LiteOS_Lab_STM32_IoT/iot_link/oc/oc_mqtt/oc_mqtt_al\oc_mqtt_al.c ****     return 0;
 539              		.loc 1 126 12
 540 0004 0023     		movs	r3, #0
 127:c:/Users/lenovo/Desktop/AIoT/first_day/firstday_afternoon/LiteOS_Lab_STM32_IoT/iot_link/oc/oc_mqtt/oc_mqtt_al\oc_mqtt_al.c **** }
 541              		.loc 1 127 1
 542 0006 1846     		mov	r0, r3
 543 0008 BD46     		mov	sp, r7
 544              	.LCFI38:
 545              		.cfi_def_cfa_register 13
 546              		@ sp needed
 547 000a 5DF8047B 		ldr	r7, [sp], #4
 548              	.LCFI39:
 549              		.cfi_restore 7
 550              		.cfi_def_cfa_offset 0
 551 000e 7047     		bx	lr
 552              		.cfi_endproc
 553              	.LFE7:
 555              		.section	.rodata
 556              		.align	2
 557              	.LC0:
 558 0000 73756363 		.ascii	"success\000"
 558      65737300 
 559              		.align	2
 560              	.LC1:
 561 0008 70617261 		.ascii	"parameter_err\000"
 561      6D657465 
 561      725F6572 
 561      7200
 562 0016 0000     		.align	2
 563              	.LC2:
 564 0018 6E657477 		.ascii	"network_err\000"
 564      6F726B5F 
 564      65727200 
 565              		.align	2
 566              	.LC3:
 567 0024 76657273 		.ascii	"version_err\000"
 567      696F6E5F 
 567      65727200 
ARM GAS  C:\Users\lenovo\AppData\Local\Temp\ccowvoIR.s 			page 13


 568              		.align	2
 569              	.LC4:
 570 0030 636C6965 		.ascii	"clientid_err\000"
 570      6E746964 
 570      5F657272 
 570      00
 571 003d 000000   		.align	2
 572              	.LC5:
 573 0040 73657276 		.ascii	"server_err\000"
 573      65725F65 
 573      727200
 574 004b 00       		.align	2
 575              	.LC6:
 576 004c 75736572 		.ascii	"userpwd_err\000"
 576      7077645F 
 576      65727200 
 577              		.align	2
 578              	.LC7:
 579 0058 636C6965 		.ascii	"clientauth_err\000"
 579      6E746175 
 579      74685F65 
 579      727200
 580 0067 00       		.align	2
 581              	.LC8:
 582 0068 73756273 		.ascii	"subscribe_err\000"
 582      63726962 
 582      655F6572 
 582      7200
 583 0076 0000     		.align	2
 584              	.LC9:
 585 0078 7075626C 		.ascii	"publish_err\000"
 585      6973685F 
 585      65727200 
 586              		.align	2
 587              	.LC10:
 588 0084 7265636F 		.ascii	"reconfigure_err\000"
 588      6E666967 
 588      7572655F 
 588      65727200 
 589              		.align	2
 590              	.LC11:
 591 0094 6E6F6E63 		.ascii	"nonconfigure_err\000"
 591      6F6E6669 
 591      67757265 
 591      5F657272 
 591      00
 592 00a5 000000   		.align	2
 593              	.LC12:
 594 00a8 6D717474 		.ascii	"mqttconnect_err\000"
 594      636F6E6E 
 594      6563745F 
 594      65727200 
 595              		.align	2
 596              	.LC13:
 597 00b8 62736164 		.ascii	"bsaddrtimeout_err\000"
 597      64727469 
 597      6D656F75 
ARM GAS  C:\Users\lenovo\AppData\Local\Temp\ccowvoIR.s 			page 14


 597      745F6572 
 597      7200
 598 00ca 0000     		.align	2
 599              	.LC14:
 600 00cc 7379736D 		.ascii	"sysmemory_err\000"
 600      656D6F72 
 600      795F6572 
 600      7200
 601 00da 0000     		.align	2
 602              	.LC15:
 603 00dc 73797374 		.ascii	"system_err\000"
 603      656D5F65 
 603      727200
 604              		.section	.data.s_oc_mqtt_err_tab,"aw"
 605              		.align	2
 608              	s_oc_mqtt_err_tab:
 609 0000 00000000 		.word	.LC0
 610 0004 08000000 		.word	.LC1
 611 0008 18000000 		.word	.LC2
 612 000c 24000000 		.word	.LC3
 613 0010 30000000 		.word	.LC4
 614 0014 40000000 		.word	.LC5
 615 0018 4C000000 		.word	.LC6
 616 001c 58000000 		.word	.LC7
 617 0020 68000000 		.word	.LC8
 618 0024 78000000 		.word	.LC9
 619 0028 84000000 		.word	.LC10
 620 002c 94000000 		.word	.LC11
 621 0030 A8000000 		.word	.LC12
 622 0034 B8000000 		.word	.LC13
 623 0038 CC000000 		.word	.LC14
 624 003c DC000000 		.word	.LC15
 625 0040 00000000 		.space	4
 626              		.section	.rodata
 627 00e7 00       		.align	2
 628              	.LC16:
 629 00e8 554E4B4E 		.ascii	"UNKNOWN\000"
 629      4F574E00 
 630              		.section	.text.oc_mqtt_err,"ax",%progbits
 631              		.align	1
 632              		.global	oc_mqtt_err
 633              		.syntax unified
 634              		.thumb
 635              		.thumb_func
 636              		.fpu fpv4-sp-d16
 638              	oc_mqtt_err:
 639              	.LFB8:
 128:c:/Users/lenovo/Desktop/AIoT/first_day/firstday_afternoon/LiteOS_Lab_STM32_IoT/iot_link/oc/oc_mqtt/oc_mqtt_al\oc_mqtt_al.c **** 
 129:c:/Users/lenovo/Desktop/AIoT/first_day/firstday_afternoon/LiteOS_Lab_STM32_IoT/iot_link/oc/oc_mqtt/oc_mqtt_al\oc_mqtt_al.c **** 
 130:c:/Users/lenovo/Desktop/AIoT/first_day/firstday_afternoon/LiteOS_Lab_STM32_IoT/iot_link/oc/oc_mqtt/oc_mqtt_al\oc_mqtt_al.c **** static const char *s_oc_mqtt_err_tab[en_oc_mqtt_err_last] =
 131:c:/Users/lenovo/Desktop/AIoT/first_day/firstday_afternoon/LiteOS_Lab_STM32_IoT/iot_link/oc/oc_mqtt/oc_mqtt_al\oc_mqtt_al.c **** {
 132:c:/Users/lenovo/Desktop/AIoT/first_day/firstday_afternoon/LiteOS_Lab_STM32_IoT/iot_link/oc/oc_mqtt/oc_mqtt_al\oc_mqtt_al.c ****     "success",
 133:c:/Users/lenovo/Desktop/AIoT/first_day/firstday_afternoon/LiteOS_Lab_STM32_IoT/iot_link/oc/oc_mqtt/oc_mqtt_al\oc_mqtt_al.c ****     "parameter_err",
 134:c:/Users/lenovo/Desktop/AIoT/first_day/firstday_afternoon/LiteOS_Lab_STM32_IoT/iot_link/oc/oc_mqtt/oc_mqtt_al\oc_mqtt_al.c ****     "network_err",
 135:c:/Users/lenovo/Desktop/AIoT/first_day/firstday_afternoon/LiteOS_Lab_STM32_IoT/iot_link/oc/oc_mqtt/oc_mqtt_al\oc_mqtt_al.c ****     "version_err",
 136:c:/Users/lenovo/Desktop/AIoT/first_day/firstday_afternoon/LiteOS_Lab_STM32_IoT/iot_link/oc/oc_mqtt/oc_mqtt_al\oc_mqtt_al.c ****     "clientid_err",
 137:c:/Users/lenovo/Desktop/AIoT/first_day/firstday_afternoon/LiteOS_Lab_STM32_IoT/iot_link/oc/oc_mqtt/oc_mqtt_al\oc_mqtt_al.c ****     "server_err",
ARM GAS  C:\Users\lenovo\AppData\Local\Temp\ccowvoIR.s 			page 15


 138:c:/Users/lenovo/Desktop/AIoT/first_day/firstday_afternoon/LiteOS_Lab_STM32_IoT/iot_link/oc/oc_mqtt/oc_mqtt_al\oc_mqtt_al.c ****     "userpwd_err",
 139:c:/Users/lenovo/Desktop/AIoT/first_day/firstday_afternoon/LiteOS_Lab_STM32_IoT/iot_link/oc/oc_mqtt/oc_mqtt_al\oc_mqtt_al.c ****     "clientauth_err",
 140:c:/Users/lenovo/Desktop/AIoT/first_day/firstday_afternoon/LiteOS_Lab_STM32_IoT/iot_link/oc/oc_mqtt/oc_mqtt_al\oc_mqtt_al.c ****     "subscribe_err",
 141:c:/Users/lenovo/Desktop/AIoT/first_day/firstday_afternoon/LiteOS_Lab_STM32_IoT/iot_link/oc/oc_mqtt/oc_mqtt_al\oc_mqtt_al.c ****     "publish_err",
 142:c:/Users/lenovo/Desktop/AIoT/first_day/firstday_afternoon/LiteOS_Lab_STM32_IoT/iot_link/oc/oc_mqtt/oc_mqtt_al\oc_mqtt_al.c ****     "reconfigure_err",
 143:c:/Users/lenovo/Desktop/AIoT/first_day/firstday_afternoon/LiteOS_Lab_STM32_IoT/iot_link/oc/oc_mqtt/oc_mqtt_al\oc_mqtt_al.c ****     "nonconfigure_err",
 144:c:/Users/lenovo/Desktop/AIoT/first_day/firstday_afternoon/LiteOS_Lab_STM32_IoT/iot_link/oc/oc_mqtt/oc_mqtt_al\oc_mqtt_al.c ****     "mqttconnect_err",
 145:c:/Users/lenovo/Desktop/AIoT/first_day/firstday_afternoon/LiteOS_Lab_STM32_IoT/iot_link/oc/oc_mqtt/oc_mqtt_al\oc_mqtt_al.c ****     "bsaddrtimeout_err",
 146:c:/Users/lenovo/Desktop/AIoT/first_day/firstday_afternoon/LiteOS_Lab_STM32_IoT/iot_link/oc/oc_mqtt/oc_mqtt_al\oc_mqtt_al.c ****     "sysmemory_err",
 147:c:/Users/lenovo/Desktop/AIoT/first_day/firstday_afternoon/LiteOS_Lab_STM32_IoT/iot_link/oc/oc_mqtt/oc_mqtt_al\oc_mqtt_al.c ****     "system_err",
 148:c:/Users/lenovo/Desktop/AIoT/first_day/firstday_afternoon/LiteOS_Lab_STM32_IoT/iot_link/oc/oc_mqtt/oc_mqtt_al\oc_mqtt_al.c **** };
 149:c:/Users/lenovo/Desktop/AIoT/first_day/firstday_afternoon/LiteOS_Lab_STM32_IoT/iot_link/oc/oc_mqtt/oc_mqtt_al\oc_mqtt_al.c **** 
 150:c:/Users/lenovo/Desktop/AIoT/first_day/firstday_afternoon/LiteOS_Lab_STM32_IoT/iot_link/oc/oc_mqtt/oc_mqtt_al\oc_mqtt_al.c **** const char *oc_mqtt_err(int code)
 151:c:/Users/lenovo/Desktop/AIoT/first_day/firstday_afternoon/LiteOS_Lab_STM32_IoT/iot_link/oc/oc_mqtt/oc_mqtt_al\oc_mqtt_al.c **** {
 640              		.loc 1 151 1
 641              		.cfi_startproc
 642              		@ args = 0, pretend = 0, frame = 16
 643              		@ frame_needed = 1, uses_anonymous_args = 0
 644              		@ link register save eliminated.
 645 0000 80B4     		push	{r7}
 646              	.LCFI40:
 647              		.cfi_def_cfa_offset 4
 648              		.cfi_offset 7, -4
 649 0002 85B0     		sub	sp, sp, #20
 650              	.LCFI41:
 651              		.cfi_def_cfa_offset 24
 652 0004 00AF     		add	r7, sp, #0
 653              	.LCFI42:
 654              		.cfi_def_cfa_register 7
 655 0006 7860     		str	r0, [r7, #4]
 152:c:/Users/lenovo/Desktop/AIoT/first_day/firstday_afternoon/LiteOS_Lab_STM32_IoT/iot_link/oc/oc_mqtt/oc_mqtt_al\oc_mqtt_al.c ****     const char *ret = NULL;
 656              		.loc 1 152 17
 657 0008 0023     		movs	r3, #0
 658 000a FB60     		str	r3, [r7, #12]
 153:c:/Users/lenovo/Desktop/AIoT/first_day/firstday_afternoon/LiteOS_Lab_STM32_IoT/iot_link/oc/oc_mqtt/oc_mqtt_al\oc_mqtt_al.c ****     if((code >= en_oc_mqtt_err_last) || (code < 0))
 659              		.loc 1 153 7
 660 000c 7B68     		ldr	r3, [r7, #4]
 661 000e 102B     		cmp	r3, #16
 662 0010 02DC     		bgt	.L36
 663              		.loc 1 153 38 discriminator 1
 664 0012 7B68     		ldr	r3, [r7, #4]
 665 0014 002B     		cmp	r3, #0
 666 0016 02DA     		bge	.L37
 667              	.L36:
 154:c:/Users/lenovo/Desktop/AIoT/first_day/firstday_afternoon/LiteOS_Lab_STM32_IoT/iot_link/oc/oc_mqtt/oc_mqtt_al\oc_mqtt_al.c ****     {
 155:c:/Users/lenovo/Desktop/AIoT/first_day/firstday_afternoon/LiteOS_Lab_STM32_IoT/iot_link/oc/oc_mqtt/oc_mqtt_al\oc_mqtt_al.c ****         ret =  "UNKNOWN";
 668              		.loc 1 155 13
 669 0018 074B     		ldr	r3, .L40
 670 001a FB60     		str	r3, [r7, #12]
 671 001c 04E0     		b	.L38
 672              	.L37:
 156:c:/Users/lenovo/Desktop/AIoT/first_day/firstday_afternoon/LiteOS_Lab_STM32_IoT/iot_link/oc/oc_mqtt/oc_mqtt_al\oc_mqtt_al.c ****     }
 157:c:/Users/lenovo/Desktop/AIoT/first_day/firstday_afternoon/LiteOS_Lab_STM32_IoT/iot_link/oc/oc_mqtt/oc_mqtt_al\oc_mqtt_al.c ****     else
 158:c:/Users/lenovo/Desktop/AIoT/first_day/firstday_afternoon/LiteOS_Lab_STM32_IoT/iot_link/oc/oc_mqtt/oc_mqtt_al\oc_mqtt_al.c ****     {
 159:c:/Users/lenovo/Desktop/AIoT/first_day/firstday_afternoon/LiteOS_Lab_STM32_IoT/iot_link/oc/oc_mqtt/oc_mqtt_al\oc_mqtt_al.c ****         ret = s_oc_mqtt_err_tab[code];
 673              		.loc 1 159 13
 674 001e 074A     		ldr	r2, .L40+4
ARM GAS  C:\Users\lenovo\AppData\Local\Temp\ccowvoIR.s 			page 16


 675 0020 7B68     		ldr	r3, [r7, #4]
 676 0022 52F82330 		ldr	r3, [r2, r3, lsl #2]
 677 0026 FB60     		str	r3, [r7, #12]
 678              	.L38:
 160:c:/Users/lenovo/Desktop/AIoT/first_day/firstday_afternoon/LiteOS_Lab_STM32_IoT/iot_link/oc/oc_mqtt/oc_mqtt_al\oc_mqtt_al.c ****     }
 161:c:/Users/lenovo/Desktop/AIoT/first_day/firstday_afternoon/LiteOS_Lab_STM32_IoT/iot_link/oc/oc_mqtt/oc_mqtt_al\oc_mqtt_al.c ****     return ret;
 679              		.loc 1 161 12
 680 0028 FB68     		ldr	r3, [r7, #12]
 162:c:/Users/lenovo/Desktop/AIoT/first_day/firstday_afternoon/LiteOS_Lab_STM32_IoT/iot_link/oc/oc_mqtt/oc_mqtt_al\oc_mqtt_al.c **** }
 681              		.loc 1 162 1
 682 002a 1846     		mov	r0, r3
 683 002c 1437     		adds	r7, r7, #20
 684              	.LCFI43:
 685              		.cfi_def_cfa_offset 4
 686 002e BD46     		mov	sp, r7
 687              	.LCFI44:
 688              		.cfi_def_cfa_register 13
 689              		@ sp needed
 690 0030 5DF8047B 		ldr	r7, [sp], #4
 691              	.LCFI45:
 692              		.cfi_restore 7
 693              		.cfi_def_cfa_offset 0
 694 0034 7047     		bx	lr
 695              	.L41:
 696 0036 00BF     		.align	2
 697              	.L40:
 698 0038 E8000000 		.word	.LC16
 699 003c 00000000 		.word	s_oc_mqtt_err_tab
 700              		.cfi_endproc
 701              	.LFE8:
 703              		.text
 704              	.Letext0:
 705              		.file 2 "c:\\users\\lenovo\\.iotlink\\tools\\gcc-arm-none-eabi\\arm-none-eabi\\include\\machine\\_
 706              		.file 3 "c:\\users\\lenovo\\.iotlink\\tools\\gcc-arm-none-eabi\\arm-none-eabi\\include\\sys\\_stdi
 707              		.file 4 "c:/Users/lenovo/Desktop/AIoT/first_day/firstday_afternoon/LiteOS_Lab_STM32_IoT/iot_link/i
 708              		.file 5 "c:/Users/lenovo/Desktop/AIoT/first_day/firstday_afternoon/LiteOS_Lab_STM32_IoT/iot_link/n
 709              		.file 6 "c:/Users/lenovo/Desktop/AIoT/first_day/firstday_afternoon/LiteOS_Lab_STM32_IoT/iot_link/o
ARM GAS  C:\Users\lenovo\AppData\Local\Temp\ccowvoIR.s 			page 17


DEFINED SYMBOLS
                            *ABS*:00000000 oc_mqtt_al.c
C:\Users\lenovo\AppData\Local\Temp\ccowvoIR.s:18     .bss.s_oc_mqtt:00000000 $d
C:\Users\lenovo\AppData\Local\Temp\ccowvoIR.s:21     .bss.s_oc_mqtt:00000000 s_oc_mqtt
C:\Users\lenovo\AppData\Local\Temp\ccowvoIR.s:24     .text.oc_mqtt_register:00000000 $t
C:\Users\lenovo\AppData\Local\Temp\ccowvoIR.s:32     .text.oc_mqtt_register:00000000 oc_mqtt_register
C:\Users\lenovo\AppData\Local\Temp\ccowvoIR.s:85     .text.oc_mqtt_register:0000002c $d
C:\Users\lenovo\AppData\Local\Temp\ccowvoIR.s:90     .text.oc_mqtt_config:00000000 $t
C:\Users\lenovo\AppData\Local\Temp\ccowvoIR.s:97     .text.oc_mqtt_config:00000000 oc_mqtt_config
C:\Users\lenovo\AppData\Local\Temp\ccowvoIR.s:158    .text.oc_mqtt_config:00000034 $d
C:\Users\lenovo\AppData\Local\Temp\ccowvoIR.s:163    .text.oc_mqtt_deconfig:00000000 $t
C:\Users\lenovo\AppData\Local\Temp\ccowvoIR.s:170    .text.oc_mqtt_deconfig:00000000 oc_mqtt_deconfig
C:\Users\lenovo\AppData\Local\Temp\ccowvoIR.s:229    .text.oc_mqtt_deconfig:00000030 $d
C:\Users\lenovo\AppData\Local\Temp\ccowvoIR.s:234    .text.oc_mqtt_publish:00000000 $t
C:\Users\lenovo\AppData\Local\Temp\ccowvoIR.s:241    .text.oc_mqtt_publish:00000000 oc_mqtt_publish
C:\Users\lenovo\AppData\Local\Temp\ccowvoIR.s:309    .text.oc_mqtt_publish:00000040 $d
C:\Users\lenovo\AppData\Local\Temp\ccowvoIR.s:314    .text.oc_mqtt_report:00000000 $t
C:\Users\lenovo\AppData\Local\Temp\ccowvoIR.s:321    .text.oc_mqtt_report:00000000 oc_mqtt_report
C:\Users\lenovo\AppData\Local\Temp\ccowvoIR.s:367    .text.oc_mqtt_subscribe:00000000 $t
C:\Users\lenovo\AppData\Local\Temp\ccowvoIR.s:374    .text.oc_mqtt_subscribe:00000000 oc_mqtt_subscribe
C:\Users\lenovo\AppData\Local\Temp\ccowvoIR.s:437    .text.oc_mqtt_subscribe:00000038 $d
C:\Users\lenovo\AppData\Local\Temp\ccowvoIR.s:442    .text.oc_mqtt_unsubscribe:00000000 $t
C:\Users\lenovo\AppData\Local\Temp\ccowvoIR.s:449    .text.oc_mqtt_unsubscribe:00000000 oc_mqtt_unsubscribe
C:\Users\lenovo\AppData\Local\Temp\ccowvoIR.s:513    .text.oc_mqtt_unsubscribe:00000038 $d
C:\Users\lenovo\AppData\Local\Temp\ccowvoIR.s:518    .text.oc_mqtt_init:00000000 $t
C:\Users\lenovo\AppData\Local\Temp\ccowvoIR.s:525    .text.oc_mqtt_init:00000000 oc_mqtt_init
C:\Users\lenovo\AppData\Local\Temp\ccowvoIR.s:556    .rodata:00000000 $d
C:\Users\lenovo\AppData\Local\Temp\ccowvoIR.s:605    .data.s_oc_mqtt_err_tab:00000000 $d
C:\Users\lenovo\AppData\Local\Temp\ccowvoIR.s:608    .data.s_oc_mqtt_err_tab:00000000 s_oc_mqtt_err_tab
C:\Users\lenovo\AppData\Local\Temp\ccowvoIR.s:631    .text.oc_mqtt_err:00000000 $t
C:\Users\lenovo\AppData\Local\Temp\ccowvoIR.s:638    .text.oc_mqtt_err:00000000 oc_mqtt_err
C:\Users\lenovo\AppData\Local\Temp\ccowvoIR.s:698    .text.oc_mqtt_err:00000038 $d

NO UNDEFINED SYMBOLS
