ARM GAS  C:\Users\lenovo\AppData\Local\Temp\cc5KlVoD.s 			page 1


   1              		.cpu cortex-m4
   2              		.eabi_attribute 27, 1
   3              		.eabi_attribute 28, 1
   4              		.eabi_attribute 20, 1
   5              		.eabi_attribute 21, 1
   6              		.eabi_attribute 23, 3
   7              		.eabi_attribute 24, 1
   8              		.eabi_attribute 25, 1
   9              		.eabi_attribute 26, 1
  10              		.eabi_attribute 30, 6
  11              		.eabi_attribute 34, 1
  12              		.eabi_attribute 18, 4
  13              		.file	"platform_util.c"
  14              		.text
  15              	.Ltext0:
  16              		.cfi_sections	.debug_frame
  17              		.section	.data.memset_func,"aw"
  18              		.align	2
  21              	memset_func:
  22 0000 00000000 		.word	memset
  23              		.section	.text.mbedtls_platform_zeroize,"ax",%progbits
  24              		.align	1
  25              		.global	mbedtls_platform_zeroize
  26              		.arch armv7e-m
  27              		.syntax unified
  28              		.thumb
  29              		.thumb_func
  30              		.fpu fpv4-sp-d16
  32              	mbedtls_platform_zeroize:
  33              	.LFB3:
  34              		.file 1 "c:/Users/lenovo/Desktop/AIoT/first_day/firstday_afternoon/LiteOS_Lab_STM32_IoT/iot_link/n
   1:c:/Users/lenovo/Desktop/AIoT/first_day/firstday_afternoon/LiteOS_Lab_STM32_IoT/iot_link/network/dtls/mbedtls/mbedtls-2.16.2/library\platform_util.c **** /*
   2:c:/Users/lenovo/Desktop/AIoT/first_day/firstday_afternoon/LiteOS_Lab_STM32_IoT/iot_link/network/dtls/mbedtls/mbedtls-2.16.2/library\platform_util.c ****  * Common and shared functions used by multiple modules in the Mbed TLS
   3:c:/Users/lenovo/Desktop/AIoT/first_day/firstday_afternoon/LiteOS_Lab_STM32_IoT/iot_link/network/dtls/mbedtls/mbedtls-2.16.2/library\platform_util.c ****  * library.
   4:c:/Users/lenovo/Desktop/AIoT/first_day/firstday_afternoon/LiteOS_Lab_STM32_IoT/iot_link/network/dtls/mbedtls/mbedtls-2.16.2/library\platform_util.c ****  *
   5:c:/Users/lenovo/Desktop/AIoT/first_day/firstday_afternoon/LiteOS_Lab_STM32_IoT/iot_link/network/dtls/mbedtls/mbedtls-2.16.2/library\platform_util.c ****  *  Copyright (C) 2018, Arm Limited, All Rights Reserved
   6:c:/Users/lenovo/Desktop/AIoT/first_day/firstday_afternoon/LiteOS_Lab_STM32_IoT/iot_link/network/dtls/mbedtls/mbedtls-2.16.2/library\platform_util.c ****  *  SPDX-License-Identifier: Apache-2.0
   7:c:/Users/lenovo/Desktop/AIoT/first_day/firstday_afternoon/LiteOS_Lab_STM32_IoT/iot_link/network/dtls/mbedtls/mbedtls-2.16.2/library\platform_util.c ****  *
   8:c:/Users/lenovo/Desktop/AIoT/first_day/firstday_afternoon/LiteOS_Lab_STM32_IoT/iot_link/network/dtls/mbedtls/mbedtls-2.16.2/library\platform_util.c ****  *  Licensed under the Apache License, Version 2.0 (the "License"); you may
   9:c:/Users/lenovo/Desktop/AIoT/first_day/firstday_afternoon/LiteOS_Lab_STM32_IoT/iot_link/network/dtls/mbedtls/mbedtls-2.16.2/library\platform_util.c ****  *  not use this file except in compliance with the License.
  10:c:/Users/lenovo/Desktop/AIoT/first_day/firstday_afternoon/LiteOS_Lab_STM32_IoT/iot_link/network/dtls/mbedtls/mbedtls-2.16.2/library\platform_util.c ****  *  You may obtain a copy of the License at
  11:c:/Users/lenovo/Desktop/AIoT/first_day/firstday_afternoon/LiteOS_Lab_STM32_IoT/iot_link/network/dtls/mbedtls/mbedtls-2.16.2/library\platform_util.c ****  *
  12:c:/Users/lenovo/Desktop/AIoT/first_day/firstday_afternoon/LiteOS_Lab_STM32_IoT/iot_link/network/dtls/mbedtls/mbedtls-2.16.2/library\platform_util.c ****  *  http://www.apache.org/licenses/LICENSE-2.0
  13:c:/Users/lenovo/Desktop/AIoT/first_day/firstday_afternoon/LiteOS_Lab_STM32_IoT/iot_link/network/dtls/mbedtls/mbedtls-2.16.2/library\platform_util.c ****  *
  14:c:/Users/lenovo/Desktop/AIoT/first_day/firstday_afternoon/LiteOS_Lab_STM32_IoT/iot_link/network/dtls/mbedtls/mbedtls-2.16.2/library\platform_util.c ****  *  Unless required by applicable law or agreed to in writing, software
  15:c:/Users/lenovo/Desktop/AIoT/first_day/firstday_afternoon/LiteOS_Lab_STM32_IoT/iot_link/network/dtls/mbedtls/mbedtls-2.16.2/library\platform_util.c ****  *  distributed under the License is distributed on an "AS IS" BASIS, WITHOUT
  16:c:/Users/lenovo/Desktop/AIoT/first_day/firstday_afternoon/LiteOS_Lab_STM32_IoT/iot_link/network/dtls/mbedtls/mbedtls-2.16.2/library\platform_util.c ****  *  WARRANTIES OR CONDITIONS OF ANY KIND, either express or implied.
  17:c:/Users/lenovo/Desktop/AIoT/first_day/firstday_afternoon/LiteOS_Lab_STM32_IoT/iot_link/network/dtls/mbedtls/mbedtls-2.16.2/library\platform_util.c ****  *  See the License for the specific language governing permissions and
  18:c:/Users/lenovo/Desktop/AIoT/first_day/firstday_afternoon/LiteOS_Lab_STM32_IoT/iot_link/network/dtls/mbedtls/mbedtls-2.16.2/library\platform_util.c ****  *  limitations under the License.
  19:c:/Users/lenovo/Desktop/AIoT/first_day/firstday_afternoon/LiteOS_Lab_STM32_IoT/iot_link/network/dtls/mbedtls/mbedtls-2.16.2/library\platform_util.c ****  *
  20:c:/Users/lenovo/Desktop/AIoT/first_day/firstday_afternoon/LiteOS_Lab_STM32_IoT/iot_link/network/dtls/mbedtls/mbedtls-2.16.2/library\platform_util.c ****  *  This file is part of Mbed TLS (https://tls.mbed.org)
  21:c:/Users/lenovo/Desktop/AIoT/first_day/firstday_afternoon/LiteOS_Lab_STM32_IoT/iot_link/network/dtls/mbedtls/mbedtls-2.16.2/library\platform_util.c ****  */
  22:c:/Users/lenovo/Desktop/AIoT/first_day/firstday_afternoon/LiteOS_Lab_STM32_IoT/iot_link/network/dtls/mbedtls/mbedtls-2.16.2/library\platform_util.c **** 
  23:c:/Users/lenovo/Desktop/AIoT/first_day/firstday_afternoon/LiteOS_Lab_STM32_IoT/iot_link/network/dtls/mbedtls/mbedtls-2.16.2/library\platform_util.c **** /*
  24:c:/Users/lenovo/Desktop/AIoT/first_day/firstday_afternoon/LiteOS_Lab_STM32_IoT/iot_link/network/dtls/mbedtls/mbedtls-2.16.2/library\platform_util.c ****  * Ensure gmtime_r is available even with -std=c99; must be defined before
  25:c:/Users/lenovo/Desktop/AIoT/first_day/firstday_afternoon/LiteOS_Lab_STM32_IoT/iot_link/network/dtls/mbedtls/mbedtls-2.16.2/library\platform_util.c ****  * config.h, which pulls in glibc's features.h. Harmless on other platforms.
  26:c:/Users/lenovo/Desktop/AIoT/first_day/firstday_afternoon/LiteOS_Lab_STM32_IoT/iot_link/network/dtls/mbedtls/mbedtls-2.16.2/library\platform_util.c ****  */
ARM GAS  C:\Users\lenovo\AppData\Local\Temp\cc5KlVoD.s 			page 2


  27:c:/Users/lenovo/Desktop/AIoT/first_day/firstday_afternoon/LiteOS_Lab_STM32_IoT/iot_link/network/dtls/mbedtls/mbedtls-2.16.2/library\platform_util.c **** #if !defined(_POSIX_C_SOURCE)
  28:c:/Users/lenovo/Desktop/AIoT/first_day/firstday_afternoon/LiteOS_Lab_STM32_IoT/iot_link/network/dtls/mbedtls/mbedtls-2.16.2/library\platform_util.c **** #define _POSIX_C_SOURCE 200112L
  29:c:/Users/lenovo/Desktop/AIoT/first_day/firstday_afternoon/LiteOS_Lab_STM32_IoT/iot_link/network/dtls/mbedtls/mbedtls-2.16.2/library\platform_util.c **** #endif
  30:c:/Users/lenovo/Desktop/AIoT/first_day/firstday_afternoon/LiteOS_Lab_STM32_IoT/iot_link/network/dtls/mbedtls/mbedtls-2.16.2/library\platform_util.c **** 
  31:c:/Users/lenovo/Desktop/AIoT/first_day/firstday_afternoon/LiteOS_Lab_STM32_IoT/iot_link/network/dtls/mbedtls/mbedtls-2.16.2/library\platform_util.c **** #if !defined(MBEDTLS_CONFIG_FILE)
  32:c:/Users/lenovo/Desktop/AIoT/first_day/firstday_afternoon/LiteOS_Lab_STM32_IoT/iot_link/network/dtls/mbedtls/mbedtls-2.16.2/library\platform_util.c **** #include "mbedtls/config.h"
  33:c:/Users/lenovo/Desktop/AIoT/first_day/firstday_afternoon/LiteOS_Lab_STM32_IoT/iot_link/network/dtls/mbedtls/mbedtls-2.16.2/library\platform_util.c **** #else
  34:c:/Users/lenovo/Desktop/AIoT/first_day/firstday_afternoon/LiteOS_Lab_STM32_IoT/iot_link/network/dtls/mbedtls/mbedtls-2.16.2/library\platform_util.c **** #include MBEDTLS_CONFIG_FILE
  35:c:/Users/lenovo/Desktop/AIoT/first_day/firstday_afternoon/LiteOS_Lab_STM32_IoT/iot_link/network/dtls/mbedtls/mbedtls-2.16.2/library\platform_util.c **** #endif
  36:c:/Users/lenovo/Desktop/AIoT/first_day/firstday_afternoon/LiteOS_Lab_STM32_IoT/iot_link/network/dtls/mbedtls/mbedtls-2.16.2/library\platform_util.c **** 
  37:c:/Users/lenovo/Desktop/AIoT/first_day/firstday_afternoon/LiteOS_Lab_STM32_IoT/iot_link/network/dtls/mbedtls/mbedtls-2.16.2/library\platform_util.c **** #include "mbedtls/platform_util.h"
  38:c:/Users/lenovo/Desktop/AIoT/first_day/firstday_afternoon/LiteOS_Lab_STM32_IoT/iot_link/network/dtls/mbedtls/mbedtls-2.16.2/library\platform_util.c **** #include "mbedtls/platform.h"
  39:c:/Users/lenovo/Desktop/AIoT/first_day/firstday_afternoon/LiteOS_Lab_STM32_IoT/iot_link/network/dtls/mbedtls/mbedtls-2.16.2/library\platform_util.c **** #include "mbedtls/threading.h"
  40:c:/Users/lenovo/Desktop/AIoT/first_day/firstday_afternoon/LiteOS_Lab_STM32_IoT/iot_link/network/dtls/mbedtls/mbedtls-2.16.2/library\platform_util.c **** 
  41:c:/Users/lenovo/Desktop/AIoT/first_day/firstday_afternoon/LiteOS_Lab_STM32_IoT/iot_link/network/dtls/mbedtls/mbedtls-2.16.2/library\platform_util.c **** #include <stddef.h>
  42:c:/Users/lenovo/Desktop/AIoT/first_day/firstday_afternoon/LiteOS_Lab_STM32_IoT/iot_link/network/dtls/mbedtls/mbedtls-2.16.2/library\platform_util.c **** #include <string.h>
  43:c:/Users/lenovo/Desktop/AIoT/first_day/firstday_afternoon/LiteOS_Lab_STM32_IoT/iot_link/network/dtls/mbedtls/mbedtls-2.16.2/library\platform_util.c **** 
  44:c:/Users/lenovo/Desktop/AIoT/first_day/firstday_afternoon/LiteOS_Lab_STM32_IoT/iot_link/network/dtls/mbedtls/mbedtls-2.16.2/library\platform_util.c **** #if !defined(MBEDTLS_PLATFORM_ZEROIZE_ALT)
  45:c:/Users/lenovo/Desktop/AIoT/first_day/firstday_afternoon/LiteOS_Lab_STM32_IoT/iot_link/network/dtls/mbedtls/mbedtls-2.16.2/library\platform_util.c **** /*
  46:c:/Users/lenovo/Desktop/AIoT/first_day/firstday_afternoon/LiteOS_Lab_STM32_IoT/iot_link/network/dtls/mbedtls/mbedtls-2.16.2/library\platform_util.c ****  * This implementation should never be optimized out by the compiler
  47:c:/Users/lenovo/Desktop/AIoT/first_day/firstday_afternoon/LiteOS_Lab_STM32_IoT/iot_link/network/dtls/mbedtls/mbedtls-2.16.2/library\platform_util.c ****  *
  48:c:/Users/lenovo/Desktop/AIoT/first_day/firstday_afternoon/LiteOS_Lab_STM32_IoT/iot_link/network/dtls/mbedtls/mbedtls-2.16.2/library\platform_util.c ****  * This implementation for mbedtls_platform_zeroize() was inspired from Colin
  49:c:/Users/lenovo/Desktop/AIoT/first_day/firstday_afternoon/LiteOS_Lab_STM32_IoT/iot_link/network/dtls/mbedtls/mbedtls-2.16.2/library\platform_util.c ****  * Percival's blog article at:
  50:c:/Users/lenovo/Desktop/AIoT/first_day/firstday_afternoon/LiteOS_Lab_STM32_IoT/iot_link/network/dtls/mbedtls/mbedtls-2.16.2/library\platform_util.c ****  *
  51:c:/Users/lenovo/Desktop/AIoT/first_day/firstday_afternoon/LiteOS_Lab_STM32_IoT/iot_link/network/dtls/mbedtls/mbedtls-2.16.2/library\platform_util.c ****  * http://www.daemonology.net/blog/2014-09-04-how-to-zero-a-buffer.html
  52:c:/Users/lenovo/Desktop/AIoT/first_day/firstday_afternoon/LiteOS_Lab_STM32_IoT/iot_link/network/dtls/mbedtls/mbedtls-2.16.2/library\platform_util.c ****  *
  53:c:/Users/lenovo/Desktop/AIoT/first_day/firstday_afternoon/LiteOS_Lab_STM32_IoT/iot_link/network/dtls/mbedtls/mbedtls-2.16.2/library\platform_util.c ****  * It uses a volatile function pointer to the standard memset(). Because the
  54:c:/Users/lenovo/Desktop/AIoT/first_day/firstday_afternoon/LiteOS_Lab_STM32_IoT/iot_link/network/dtls/mbedtls/mbedtls-2.16.2/library\platform_util.c ****  * pointer is volatile the compiler expects it to change at
  55:c:/Users/lenovo/Desktop/AIoT/first_day/firstday_afternoon/LiteOS_Lab_STM32_IoT/iot_link/network/dtls/mbedtls/mbedtls-2.16.2/library\platform_util.c ****  * any time and will not optimize out the call that could potentially perform
  56:c:/Users/lenovo/Desktop/AIoT/first_day/firstday_afternoon/LiteOS_Lab_STM32_IoT/iot_link/network/dtls/mbedtls/mbedtls-2.16.2/library\platform_util.c ****  * other operations on the input buffer instead of just setting it to 0.
  57:c:/Users/lenovo/Desktop/AIoT/first_day/firstday_afternoon/LiteOS_Lab_STM32_IoT/iot_link/network/dtls/mbedtls/mbedtls-2.16.2/library\platform_util.c ****  * Nevertheless, as pointed out by davidtgoldblatt on Hacker News
  58:c:/Users/lenovo/Desktop/AIoT/first_day/firstday_afternoon/LiteOS_Lab_STM32_IoT/iot_link/network/dtls/mbedtls/mbedtls-2.16.2/library\platform_util.c ****  * (refer to http://www.daemonology.net/blog/2014-09-05-erratum.html for
  59:c:/Users/lenovo/Desktop/AIoT/first_day/firstday_afternoon/LiteOS_Lab_STM32_IoT/iot_link/network/dtls/mbedtls/mbedtls-2.16.2/library\platform_util.c ****  * details), optimizations of the following form are still possible:
  60:c:/Users/lenovo/Desktop/AIoT/first_day/firstday_afternoon/LiteOS_Lab_STM32_IoT/iot_link/network/dtls/mbedtls/mbedtls-2.16.2/library\platform_util.c ****  *
  61:c:/Users/lenovo/Desktop/AIoT/first_day/firstday_afternoon/LiteOS_Lab_STM32_IoT/iot_link/network/dtls/mbedtls/mbedtls-2.16.2/library\platform_util.c ****  * if( memset_func != memset )
  62:c:/Users/lenovo/Desktop/AIoT/first_day/firstday_afternoon/LiteOS_Lab_STM32_IoT/iot_link/network/dtls/mbedtls/mbedtls-2.16.2/library\platform_util.c ****  *     memset_func( buf, 0, len );
  63:c:/Users/lenovo/Desktop/AIoT/first_day/firstday_afternoon/LiteOS_Lab_STM32_IoT/iot_link/network/dtls/mbedtls/mbedtls-2.16.2/library\platform_util.c ****  *
  64:c:/Users/lenovo/Desktop/AIoT/first_day/firstday_afternoon/LiteOS_Lab_STM32_IoT/iot_link/network/dtls/mbedtls/mbedtls-2.16.2/library\platform_util.c ****  * Note that it is extremely difficult to guarantee that
  65:c:/Users/lenovo/Desktop/AIoT/first_day/firstday_afternoon/LiteOS_Lab_STM32_IoT/iot_link/network/dtls/mbedtls/mbedtls-2.16.2/library\platform_util.c ****  * mbedtls_platform_zeroize() will not be optimized out by aggressive compilers
  66:c:/Users/lenovo/Desktop/AIoT/first_day/firstday_afternoon/LiteOS_Lab_STM32_IoT/iot_link/network/dtls/mbedtls/mbedtls-2.16.2/library\platform_util.c ****  * in a portable way. For this reason, Mbed TLS also provides the configuration
  67:c:/Users/lenovo/Desktop/AIoT/first_day/firstday_afternoon/LiteOS_Lab_STM32_IoT/iot_link/network/dtls/mbedtls/mbedtls-2.16.2/library\platform_util.c ****  * option MBEDTLS_PLATFORM_ZEROIZE_ALT, which allows users to configure
  68:c:/Users/lenovo/Desktop/AIoT/first_day/firstday_afternoon/LiteOS_Lab_STM32_IoT/iot_link/network/dtls/mbedtls/mbedtls-2.16.2/library\platform_util.c ****  * mbedtls_platform_zeroize() to use a suitable implementation for their
  69:c:/Users/lenovo/Desktop/AIoT/first_day/firstday_afternoon/LiteOS_Lab_STM32_IoT/iot_link/network/dtls/mbedtls/mbedtls-2.16.2/library\platform_util.c ****  * platform and needs.
  70:c:/Users/lenovo/Desktop/AIoT/first_day/firstday_afternoon/LiteOS_Lab_STM32_IoT/iot_link/network/dtls/mbedtls/mbedtls-2.16.2/library\platform_util.c ****  */
  71:c:/Users/lenovo/Desktop/AIoT/first_day/firstday_afternoon/LiteOS_Lab_STM32_IoT/iot_link/network/dtls/mbedtls/mbedtls-2.16.2/library\platform_util.c **** static void * (* const volatile memset_func)( void *, int, size_t ) = memset;
  72:c:/Users/lenovo/Desktop/AIoT/first_day/firstday_afternoon/LiteOS_Lab_STM32_IoT/iot_link/network/dtls/mbedtls/mbedtls-2.16.2/library\platform_util.c **** 
  73:c:/Users/lenovo/Desktop/AIoT/first_day/firstday_afternoon/LiteOS_Lab_STM32_IoT/iot_link/network/dtls/mbedtls/mbedtls-2.16.2/library\platform_util.c **** void mbedtls_platform_zeroize( void *buf, size_t len )
  74:c:/Users/lenovo/Desktop/AIoT/first_day/firstday_afternoon/LiteOS_Lab_STM32_IoT/iot_link/network/dtls/mbedtls/mbedtls-2.16.2/library\platform_util.c **** {
  35              		.loc 1 74 1
  36              		.cfi_startproc
  37              		@ args = 0, pretend = 0, frame = 8
  38              		@ frame_needed = 1, uses_anonymous_args = 0
  39 0000 80B5     		push	{r7, lr}
  40              	.LCFI0:
  41              		.cfi_def_cfa_offset 8
  42              		.cfi_offset 7, -8
  43              		.cfi_offset 14, -4
ARM GAS  C:\Users\lenovo\AppData\Local\Temp\cc5KlVoD.s 			page 3


  44 0002 82B0     		sub	sp, sp, #8
  45              	.LCFI1:
  46              		.cfi_def_cfa_offset 16
  47 0004 00AF     		add	r7, sp, #0
  48              	.LCFI2:
  49              		.cfi_def_cfa_register 7
  50 0006 7860     		str	r0, [r7, #4]
  51 0008 3960     		str	r1, [r7]
  75:c:/Users/lenovo/Desktop/AIoT/first_day/firstday_afternoon/LiteOS_Lab_STM32_IoT/iot_link/network/dtls/mbedtls/mbedtls-2.16.2/library\platform_util.c ****     memset_func( buf, 0, len );
  52              		.loc 1 75 5
  53 000a 054B     		ldr	r3, .L2
  54 000c 1B68     		ldr	r3, [r3]
  55 000e 3A68     		ldr	r2, [r7]
  56 0010 0021     		movs	r1, #0
  57 0012 7868     		ldr	r0, [r7, #4]
  58 0014 9847     		blx	r3
  59              	.LVL0:
  76:c:/Users/lenovo/Desktop/AIoT/first_day/firstday_afternoon/LiteOS_Lab_STM32_IoT/iot_link/network/dtls/mbedtls/mbedtls-2.16.2/library\platform_util.c **** }
  60              		.loc 1 76 1
  61 0016 00BF     		nop
  62 0018 0837     		adds	r7, r7, #8
  63              	.LCFI3:
  64              		.cfi_def_cfa_offset 8
  65 001a BD46     		mov	sp, r7
  66              	.LCFI4:
  67              		.cfi_def_cfa_register 13
  68              		@ sp needed
  69 001c 80BD     		pop	{r7, pc}
  70              	.L3:
  71 001e 00BF     		.align	2
  72              	.L2:
  73 0020 00000000 		.word	memset_func
  74              		.cfi_endproc
  75              	.LFE3:
  77              		.text
  78              	.Letext0:
  79              		.file 2 "c:\\users\\lenovo\\.iotlink\\tools\\gcc-arm-none-eabi\\lib\\gcc\\arm-none-eabi\\9.2.1\\in
  80              		.file 3 "c:\\users\\lenovo\\.iotlink\\tools\\gcc-arm-none-eabi\\arm-none-eabi\\include\\sys\\lock.
  81              		.file 4 "c:\\users\\lenovo\\.iotlink\\tools\\gcc-arm-none-eabi\\arm-none-eabi\\include\\sys\\_type
  82              		.file 5 "c:\\users\\lenovo\\.iotlink\\tools\\gcc-arm-none-eabi\\arm-none-eabi\\include\\sys\\reent
  83              		.file 6 "c:\\users\\lenovo\\.iotlink\\tools\\gcc-arm-none-eabi\\arm-none-eabi\\include\\time.h"
  84              		.file 7 "c:/Users/lenovo/Desktop/AIoT/first_day/firstday_afternoon/LiteOS_Lab_STM32_IoT/iot_link/n
ARM GAS  C:\Users\lenovo\AppData\Local\Temp\cc5KlVoD.s 			page 4


DEFINED SYMBOLS
                            *ABS*:00000000 platform_util.c
C:\Users\lenovo\AppData\Local\Temp\cc5KlVoD.s:18     .data.memset_func:00000000 $d
C:\Users\lenovo\AppData\Local\Temp\cc5KlVoD.s:21     .data.memset_func:00000000 memset_func
C:\Users\lenovo\AppData\Local\Temp\cc5KlVoD.s:24     .text.mbedtls_platform_zeroize:00000000 $t
C:\Users\lenovo\AppData\Local\Temp\cc5KlVoD.s:32     .text.mbedtls_platform_zeroize:00000000 mbedtls_platform_zeroize
C:\Users\lenovo\AppData\Local\Temp\cc5KlVoD.s:73     .text.mbedtls_platform_zeroize:00000020 $d

UNDEFINED SYMBOLS
memset
