ARM GAS  C:\Users\lenovo\AppData\Local\Temp\ccA0gmjP.s 			page 1


   1              		.cpu cortex-m4
   2              		.eabi_attribute 27, 1
   3              		.eabi_attribute 28, 1
   4              		.eabi_attribute 20, 1
   5              		.eabi_attribute 21, 1
   6              		.eabi_attribute 23, 3
   7              		.eabi_attribute 24, 1
   8              		.eabi_attribute 25, 1
   9              		.eabi_attribute 26, 1
  10              		.eabi_attribute 30, 6
  11              		.eabi_attribute 34, 1
  12              		.eabi_attribute 18, 4
  13              		.file	"queue.c"
  14              		.text
  15              	.Ltext0:
  16              		.cfi_sections	.debug_frame
  17              		.section	.text.queue_create,"ax",%progbits
  18              		.align	1
  19              		.global	queue_create
  20              		.arch armv7e-m
  21              		.syntax unified
  22              		.thumb
  23              		.thumb_func
  24              		.fpu fpv4-sp-d16
  26              	queue_create:
  27              	.LFB3:
  28              		.file 1 "c:/Users/lenovo/Desktop/AIoT/first_day/firstday_afternoon/LiteOS_Lab_STM32_IoT/iot_link/q
   1:c:/Users/lenovo/Desktop/AIoT/first_day/firstday_afternoon/LiteOS_Lab_STM32_IoT/iot_link/queue\queue.c **** /*----------------------------------------------------------------------------
   2:c:/Users/lenovo/Desktop/AIoT/first_day/firstday_afternoon/LiteOS_Lab_STM32_IoT/iot_link/queue\queue.c ****  * Copyright (c) <2018>, <Huawei Technologies Co., Ltd>
   3:c:/Users/lenovo/Desktop/AIoT/first_day/firstday_afternoon/LiteOS_Lab_STM32_IoT/iot_link/queue\queue.c ****  * All rights reserved.
   4:c:/Users/lenovo/Desktop/AIoT/first_day/firstday_afternoon/LiteOS_Lab_STM32_IoT/iot_link/queue\queue.c ****  * Redistribution and use in source and binary forms, with or without modification,
   5:c:/Users/lenovo/Desktop/AIoT/first_day/firstday_afternoon/LiteOS_Lab_STM32_IoT/iot_link/queue\queue.c ****  * are permitted provided that the following conditions are met:
   6:c:/Users/lenovo/Desktop/AIoT/first_day/firstday_afternoon/LiteOS_Lab_STM32_IoT/iot_link/queue\queue.c ****  * 1. Redistributions of source code must retain the above copyright notice, this list of
   7:c:/Users/lenovo/Desktop/AIoT/first_day/firstday_afternoon/LiteOS_Lab_STM32_IoT/iot_link/queue\queue.c ****  * conditions and the following disclaimer.
   8:c:/Users/lenovo/Desktop/AIoT/first_day/firstday_afternoon/LiteOS_Lab_STM32_IoT/iot_link/queue\queue.c ****  * 2. Redistributions in binary form must reproduce the above copyright notice, this list
   9:c:/Users/lenovo/Desktop/AIoT/first_day/firstday_afternoon/LiteOS_Lab_STM32_IoT/iot_link/queue\queue.c ****  * of conditions and the following disclaimer in the documentation and/or other materials
  10:c:/Users/lenovo/Desktop/AIoT/first_day/firstday_afternoon/LiteOS_Lab_STM32_IoT/iot_link/queue\queue.c ****  * provided with the distribution.
  11:c:/Users/lenovo/Desktop/AIoT/first_day/firstday_afternoon/LiteOS_Lab_STM32_IoT/iot_link/queue\queue.c ****  * 3. Neither the name of the copyright holder nor the names of its contributors may be used
  12:c:/Users/lenovo/Desktop/AIoT/first_day/firstday_afternoon/LiteOS_Lab_STM32_IoT/iot_link/queue\queue.c ****  * to endorse or promote products derived from this software without specific prior written
  13:c:/Users/lenovo/Desktop/AIoT/first_day/firstday_afternoon/LiteOS_Lab_STM32_IoT/iot_link/queue\queue.c ****  * permission.
  14:c:/Users/lenovo/Desktop/AIoT/first_day/firstday_afternoon/LiteOS_Lab_STM32_IoT/iot_link/queue\queue.c ****  * THIS SOFTWARE IS PROVIDED BY THE COPYRIGHT HOLDERS AND CONTRIBUTORS
  15:c:/Users/lenovo/Desktop/AIoT/first_day/firstday_afternoon/LiteOS_Lab_STM32_IoT/iot_link/queue\queue.c ****  * "AS IS" AND ANY EXPRESS OR IMPLIED WARRANTIES, INCLUDING, BUT NOT LIMITED TO,
  16:c:/Users/lenovo/Desktop/AIoT/first_day/firstday_afternoon/LiteOS_Lab_STM32_IoT/iot_link/queue\queue.c ****  * THE IMPLIED WARRANTIES OF MERCHANTABILITY AND FITNESS FOR A PARTICULAR
  17:c:/Users/lenovo/Desktop/AIoT/first_day/firstday_afternoon/LiteOS_Lab_STM32_IoT/iot_link/queue\queue.c ****  * PURPOSE ARE DISCLAIMED. IN NO EVENT SHALL THE COPYRIGHT HOLDER OR
  18:c:/Users/lenovo/Desktop/AIoT/first_day/firstday_afternoon/LiteOS_Lab_STM32_IoT/iot_link/queue\queue.c ****  * CONTRIBUTORS BE LIABLE FOR ANY DIRECT, INDIRECT, INCIDENTAL, SPECIAL,
  19:c:/Users/lenovo/Desktop/AIoT/first_day/firstday_afternoon/LiteOS_Lab_STM32_IoT/iot_link/queue\queue.c ****  * EXEMPLARY, OR CONSEQUENTIAL DAMAGES (INCLUDING, BUT NOT LIMITED TO,
  20:c:/Users/lenovo/Desktop/AIoT/first_day/firstday_afternoon/LiteOS_Lab_STM32_IoT/iot_link/queue\queue.c ****  * PROCUREMENT OF SUBSTITUTE GOODS OR SERVICES; LOSS OF USE, DATA, OR PROFITS;
  21:c:/Users/lenovo/Desktop/AIoT/first_day/firstday_afternoon/LiteOS_Lab_STM32_IoT/iot_link/queue\queue.c ****  * OR BUSINESS INTERRUPTION) HOWEVER CAUSED AND ON ANY THEORY OF LIABILITY,
  22:c:/Users/lenovo/Desktop/AIoT/first_day/firstday_afternoon/LiteOS_Lab_STM32_IoT/iot_link/queue\queue.c ****  * WHETHER IN CONTRACT, STRICT LIABILITY, OR TORT (INCLUDING NEGLIGENCE OR
  23:c:/Users/lenovo/Desktop/AIoT/first_day/firstday_afternoon/LiteOS_Lab_STM32_IoT/iot_link/queue\queue.c ****  * OTHERWISE) ARISING IN ANY WAY OUT OF THE USE OF THIS SOFTWARE, EVEN IF
  24:c:/Users/lenovo/Desktop/AIoT/first_day/firstday_afternoon/LiteOS_Lab_STM32_IoT/iot_link/queue\queue.c ****  * ADVISED OF THE POSSIBILITY OF SUCH DAMAGE.
  25:c:/Users/lenovo/Desktop/AIoT/first_day/firstday_afternoon/LiteOS_Lab_STM32_IoT/iot_link/queue\queue.c ****  *---------------------------------------------------------------------------*/
  26:c:/Users/lenovo/Desktop/AIoT/first_day/firstday_afternoon/LiteOS_Lab_STM32_IoT/iot_link/queue\queue.c **** /*----------------------------------------------------------------------------
  27:c:/Users/lenovo/Desktop/AIoT/first_day/firstday_afternoon/LiteOS_Lab_STM32_IoT/iot_link/queue\queue.c ****  * Notice of Export Control Law
  28:c:/Users/lenovo/Desktop/AIoT/first_day/firstday_afternoon/LiteOS_Lab_STM32_IoT/iot_link/queue\queue.c ****  * ===============================================
  29:c:/Users/lenovo/Desktop/AIoT/first_day/firstday_afternoon/LiteOS_Lab_STM32_IoT/iot_link/queue\queue.c ****  * Huawei LiteOS may be subject to applicable export control laws and regulations, which might
  30:c:/Users/lenovo/Desktop/AIoT/first_day/firstday_afternoon/LiteOS_Lab_STM32_IoT/iot_link/queue\queue.c ****  * include those applicable to Huawei LiteOS of U.S. and the country in which you are located.
ARM GAS  C:\Users\lenovo\AppData\Local\Temp\ccA0gmjP.s 			page 2


  31:c:/Users/lenovo/Desktop/AIoT/first_day/firstday_afternoon/LiteOS_Lab_STM32_IoT/iot_link/queue\queue.c ****  * Import, export and usage of Huawei LiteOS in any manner by you shall be in compliance with such
  32:c:/Users/lenovo/Desktop/AIoT/first_day/firstday_afternoon/LiteOS_Lab_STM32_IoT/iot_link/queue\queue.c ****  * applicable export control laws and regulations.
  33:c:/Users/lenovo/Desktop/AIoT/first_day/firstday_afternoon/LiteOS_Lab_STM32_IoT/iot_link/queue\queue.c ****  *---------------------------------------------------------------------------*/
  34:c:/Users/lenovo/Desktop/AIoT/first_day/firstday_afternoon/LiteOS_Lab_STM32_IoT/iot_link/queue\queue.c **** /**
  35:c:/Users/lenovo/Desktop/AIoT/first_day/firstday_afternoon/LiteOS_Lab_STM32_IoT/iot_link/queue\queue.c ****  *  DATE                AUTHOR      INSTRUCTION
  36:c:/Users/lenovo/Desktop/AIoT/first_day/firstday_afternoon/LiteOS_Lab_STM32_IoT/iot_link/queue\queue.c ****  *  2019-09-16 18:27  zhangqianfu  The first version
  37:c:/Users/lenovo/Desktop/AIoT/first_day/firstday_afternoon/LiteOS_Lab_STM32_IoT/iot_link/queue\queue.c ****  *
  38:c:/Users/lenovo/Desktop/AIoT/first_day/firstday_afternoon/LiteOS_Lab_STM32_IoT/iot_link/queue\queue.c ****  */
  39:c:/Users/lenovo/Desktop/AIoT/first_day/firstday_afternoon/LiteOS_Lab_STM32_IoT/iot_link/queue\queue.c **** #include <stddef.h>
  40:c:/Users/lenovo/Desktop/AIoT/first_day/firstday_afternoon/LiteOS_Lab_STM32_IoT/iot_link/queue\queue.c **** #include <stdlib.h>
  41:c:/Users/lenovo/Desktop/AIoT/first_day/firstday_afternoon/LiteOS_Lab_STM32_IoT/iot_link/queue\queue.c **** #include <stdio.h>
  42:c:/Users/lenovo/Desktop/AIoT/first_day/firstday_afternoon/LiteOS_Lab_STM32_IoT/iot_link/queue\queue.c **** #include <stdint.h>
  43:c:/Users/lenovo/Desktop/AIoT/first_day/firstday_afternoon/LiteOS_Lab_STM32_IoT/iot_link/queue\queue.c **** #include <string.h>
  44:c:/Users/lenovo/Desktop/AIoT/first_day/firstday_afternoon/LiteOS_Lab_STM32_IoT/iot_link/queue\queue.c **** #include <osal.h>
  45:c:/Users/lenovo/Desktop/AIoT/first_day/firstday_afternoon/LiteOS_Lab_STM32_IoT/iot_link/queue\queue.c **** 
  46:c:/Users/lenovo/Desktop/AIoT/first_day/firstday_afternoon/LiteOS_Lab_STM32_IoT/iot_link/queue\queue.c **** 
  47:c:/Users/lenovo/Desktop/AIoT/first_day/firstday_afternoon/LiteOS_Lab_STM32_IoT/iot_link/queue\queue.c **** #include "queue.h"
  48:c:/Users/lenovo/Desktop/AIoT/first_day/firstday_afternoon/LiteOS_Lab_STM32_IoT/iot_link/queue\queue.c **** 
  49:c:/Users/lenovo/Desktop/AIoT/first_day/firstday_afternoon/LiteOS_Lab_STM32_IoT/iot_link/queue\queue.c **** queue_t* queue_create(const char *name,int len,int syncmode)
  50:c:/Users/lenovo/Desktop/AIoT/first_day/firstday_afternoon/LiteOS_Lab_STM32_IoT/iot_link/queue\queue.c **** {
  29              		.loc 1 50 1
  30              		.cfi_startproc
  31              		@ args = 0, pretend = 0, frame = 24
  32              		@ frame_needed = 1, uses_anonymous_args = 0
  33 0000 80B5     		push	{r7, lr}
  34              	.LCFI0:
  35              		.cfi_def_cfa_offset 8
  36              		.cfi_offset 7, -8
  37              		.cfi_offset 14, -4
  38 0002 86B0     		sub	sp, sp, #24
  39              	.LCFI1:
  40              		.cfi_def_cfa_offset 32
  41 0004 00AF     		add	r7, sp, #0
  42              	.LCFI2:
  43              		.cfi_def_cfa_register 7
  44 0006 F860     		str	r0, [r7, #12]
  45 0008 B960     		str	r1, [r7, #8]
  46 000a 7A60     		str	r2, [r7, #4]
  51:c:/Users/lenovo/Desktop/AIoT/first_day/firstday_afternoon/LiteOS_Lab_STM32_IoT/iot_link/queue\queue.c ****     queue_t *ret;
  52:c:/Users/lenovo/Desktop/AIoT/first_day/firstday_afternoon/LiteOS_Lab_STM32_IoT/iot_link/queue\queue.c **** 
  53:c:/Users/lenovo/Desktop/AIoT/first_day/firstday_afternoon/LiteOS_Lab_STM32_IoT/iot_link/queue\queue.c ****     ret = osal_malloc(sizeof(queue_t) + len*sizeof(void *));
  47              		.loc 1 53 39
  48 000c BB68     		ldr	r3, [r7, #8]
  49 000e 0A33     		adds	r3, r3, #10
  50              		.loc 1 53 11
  51 0010 9B00     		lsls	r3, r3, #2
  52 0012 1846     		mov	r0, r3
  53 0014 FFF7FEFF 		bl	osal_malloc
  54 0018 7861     		str	r0, [r7, #20]
  54:c:/Users/lenovo/Desktop/AIoT/first_day/firstday_afternoon/LiteOS_Lab_STM32_IoT/iot_link/queue\queue.c **** 
  55:c:/Users/lenovo/Desktop/AIoT/first_day/firstday_afternoon/LiteOS_Lab_STM32_IoT/iot_link/queue\queue.c ****     if(NULL == ret)
  55              		.loc 1 55 7
  56 001a 7B69     		ldr	r3, [r7, #20]
  57 001c 002B     		cmp	r3, #0
  58 001e 4AD0     		beq	.L13
  56:c:/Users/lenovo/Desktop/AIoT/first_day/firstday_afternoon/LiteOS_Lab_STM32_IoT/iot_link/queue\queue.c ****     {
  57:c:/Users/lenovo/Desktop/AIoT/first_day/firstday_afternoon/LiteOS_Lab_STM32_IoT/iot_link/queue\queue.c ****         goto EXIT_MEM;
ARM GAS  C:\Users\lenovo\AppData\Local\Temp\ccA0gmjP.s 			page 3


  58:c:/Users/lenovo/Desktop/AIoT/first_day/firstday_afternoon/LiteOS_Lab_STM32_IoT/iot_link/queue\queue.c ****     }
  59:c:/Users/lenovo/Desktop/AIoT/first_day/firstday_afternoon/LiteOS_Lab_STM32_IoT/iot_link/queue\queue.c **** 
  60:c:/Users/lenovo/Desktop/AIoT/first_day/firstday_afternoon/LiteOS_Lab_STM32_IoT/iot_link/queue\queue.c ****     memset(ret,0,sizeof(queue_t));
  59              		.loc 1 60 5
  60 0020 2822     		movs	r2, #40
  61 0022 0021     		movs	r1, #0
  62 0024 7869     		ldr	r0, [r7, #20]
  63 0026 FFF7FEFF 		bl	memset
  61:c:/Users/lenovo/Desktop/AIoT/first_day/firstday_afternoon/LiteOS_Lab_STM32_IoT/iot_link/queue\queue.c ****     ret->name = name;
  64              		.loc 1 61 15
  65 002a 7B69     		ldr	r3, [r7, #20]
  66 002c FA68     		ldr	r2, [r7, #12]
  67 002e 1A60     		str	r2, [r3]
  62:c:/Users/lenovo/Desktop/AIoT/first_day/firstday_afternoon/LiteOS_Lab_STM32_IoT/iot_link/queue\queue.c ****     ret->msg_buflen = len;
  68              		.loc 1 62 21
  69 0030 7B69     		ldr	r3, [r7, #20]
  70 0032 BA68     		ldr	r2, [r7, #8]
  71 0034 5A60     		str	r2, [r3, #4]
  63:c:/Users/lenovo/Desktop/AIoT/first_day/firstday_afternoon/LiteOS_Lab_STM32_IoT/iot_link/queue\queue.c ****     ret->msg_buf = (void **)((uint8_t *)ret + sizeof(queue_t));
  72              		.loc 1 63 20
  73 0036 7B69     		ldr	r3, [r7, #20]
  74 0038 03F12802 		add	r2, r3, #40
  75              		.loc 1 63 18
  76 003c 7B69     		ldr	r3, [r7, #20]
  77 003e 9A60     		str	r2, [r3, #8]
  64:c:/Users/lenovo/Desktop/AIoT/first_day/firstday_afternoon/LiteOS_Lab_STM32_IoT/iot_link/queue\queue.c ****     ret->sync_mode = syncmode;
  78              		.loc 1 64 20
  79 0040 7B69     		ldr	r3, [r7, #20]
  80 0042 7A68     		ldr	r2, [r7, #4]
  81 0044 9A61     		str	r2, [r3, #24]
  65:c:/Users/lenovo/Desktop/AIoT/first_day/firstday_afternoon/LiteOS_Lab_STM32_IoT/iot_link/queue\queue.c **** 
  66:c:/Users/lenovo/Desktop/AIoT/first_day/firstday_afternoon/LiteOS_Lab_STM32_IoT/iot_link/queue\queue.c ****     if(0 == syncmode)
  82              		.loc 1 66 7
  83 0046 7B68     		ldr	r3, [r7, #4]
  84 0048 002B     		cmp	r3, #0
  85 004a 1CD0     		beq	.L14
  67:c:/Users/lenovo/Desktop/AIoT/first_day/firstday_afternoon/LiteOS_Lab_STM32_IoT/iot_link/queue\queue.c ****     {
  68:c:/Users/lenovo/Desktop/AIoT/first_day/firstday_afternoon/LiteOS_Lab_STM32_IoT/iot_link/queue\queue.c ****         goto EXIT_OK;
  69:c:/Users/lenovo/Desktop/AIoT/first_day/firstday_afternoon/LiteOS_Lab_STM32_IoT/iot_link/queue\queue.c ****     }
  70:c:/Users/lenovo/Desktop/AIoT/first_day/firstday_afternoon/LiteOS_Lab_STM32_IoT/iot_link/queue\queue.c **** 
  71:c:/Users/lenovo/Desktop/AIoT/first_day/firstday_afternoon/LiteOS_Lab_STM32_IoT/iot_link/queue\queue.c ****     if(false == osal_semp_create(&ret->sync_read,len,0))
  86              		.loc 1 71 17
  87 004c 7B69     		ldr	r3, [r7, #20]
  88 004e 1C33     		adds	r3, r3, #28
  89 0050 0022     		movs	r2, #0
  90 0052 B968     		ldr	r1, [r7, #8]
  91 0054 1846     		mov	r0, r3
  92 0056 FFF7FEFF 		bl	osal_semp_create
  93 005a 0346     		mov	r3, r0
  94              		.loc 1 71 7
  95 005c 002B     		cmp	r3, #0
  96 005e 23D0     		beq	.L15
  72:c:/Users/lenovo/Desktop/AIoT/first_day/firstday_afternoon/LiteOS_Lab_STM32_IoT/iot_link/queue\queue.c ****     {
  73:c:/Users/lenovo/Desktop/AIoT/first_day/firstday_afternoon/LiteOS_Lab_STM32_IoT/iot_link/queue\queue.c ****         goto EXIT_SYNCREAD;
  74:c:/Users/lenovo/Desktop/AIoT/first_day/firstday_afternoon/LiteOS_Lab_STM32_IoT/iot_link/queue\queue.c ****     }
  75:c:/Users/lenovo/Desktop/AIoT/first_day/firstday_afternoon/LiteOS_Lab_STM32_IoT/iot_link/queue\queue.c **** 
  76:c:/Users/lenovo/Desktop/AIoT/first_day/firstday_afternoon/LiteOS_Lab_STM32_IoT/iot_link/queue\queue.c ****     if(false == osal_semp_create(&ret->sync_write,len,len))
ARM GAS  C:\Users\lenovo\AppData\Local\Temp\ccA0gmjP.s 			page 4


  97              		.loc 1 76 17
  98 0060 7B69     		ldr	r3, [r7, #20]
  99 0062 2033     		adds	r3, r3, #32
 100 0064 BA68     		ldr	r2, [r7, #8]
 101 0066 B968     		ldr	r1, [r7, #8]
 102 0068 1846     		mov	r0, r3
 103 006a FFF7FEFF 		bl	osal_semp_create
 104 006e 0346     		mov	r3, r0
 105              		.loc 1 76 7
 106 0070 002B     		cmp	r3, #0
 107 0072 12D0     		beq	.L16
  77:c:/Users/lenovo/Desktop/AIoT/first_day/firstday_afternoon/LiteOS_Lab_STM32_IoT/iot_link/queue\queue.c ****     {
  78:c:/Users/lenovo/Desktop/AIoT/first_day/firstday_afternoon/LiteOS_Lab_STM32_IoT/iot_link/queue\queue.c ****         goto EXIT_SYNCWRITE;
  79:c:/Users/lenovo/Desktop/AIoT/first_day/firstday_afternoon/LiteOS_Lab_STM32_IoT/iot_link/queue\queue.c ****     }
  80:c:/Users/lenovo/Desktop/AIoT/first_day/firstday_afternoon/LiteOS_Lab_STM32_IoT/iot_link/queue\queue.c **** 
  81:c:/Users/lenovo/Desktop/AIoT/first_day/firstday_afternoon/LiteOS_Lab_STM32_IoT/iot_link/queue\queue.c ****     if(false == osal_mutex_create(&ret->lock))
 108              		.loc 1 81 17
 109 0074 7B69     		ldr	r3, [r7, #20]
 110 0076 2433     		adds	r3, r3, #36
 111 0078 1846     		mov	r0, r3
 112 007a FFF7FEFF 		bl	osal_mutex_create
 113 007e 0346     		mov	r3, r0
 114              		.loc 1 81 7
 115 0080 002B     		cmp	r3, #0
 116 0082 03D0     		beq	.L17
  82:c:/Users/lenovo/Desktop/AIoT/first_day/firstday_afternoon/LiteOS_Lab_STM32_IoT/iot_link/queue\queue.c ****     {
  83:c:/Users/lenovo/Desktop/AIoT/first_day/firstday_afternoon/LiteOS_Lab_STM32_IoT/iot_link/queue\queue.c ****         goto EXIT_LOCK;
  84:c:/Users/lenovo/Desktop/AIoT/first_day/firstday_afternoon/LiteOS_Lab_STM32_IoT/iot_link/queue\queue.c ****     }
  85:c:/Users/lenovo/Desktop/AIoT/first_day/firstday_afternoon/LiteOS_Lab_STM32_IoT/iot_link/queue\queue.c **** 
  86:c:/Users/lenovo/Desktop/AIoT/first_day/firstday_afternoon/LiteOS_Lab_STM32_IoT/iot_link/queue\queue.c **** 
  87:c:/Users/lenovo/Desktop/AIoT/first_day/firstday_afternoon/LiteOS_Lab_STM32_IoT/iot_link/queue\queue.c **** EXIT_OK:
 117              		.loc 1 87 1
 118 0084 00E0     		b	.L5
 119              	.L14:
  68:c:/Users/lenovo/Desktop/AIoT/first_day/firstday_afternoon/LiteOS_Lab_STM32_IoT/iot_link/queue\queue.c ****     }
 120              		.loc 1 68 9
 121 0086 00BF     		nop
 122              	.L5:
  88:c:/Users/lenovo/Desktop/AIoT/first_day/firstday_afternoon/LiteOS_Lab_STM32_IoT/iot_link/queue\queue.c ****     return ret;
 123              		.loc 1 88 12
 124 0088 7B69     		ldr	r3, [r7, #20]
 125 008a 18E0     		b	.L11
 126              	.L17:
  83:c:/Users/lenovo/Desktop/AIoT/first_day/firstday_afternoon/LiteOS_Lab_STM32_IoT/iot_link/queue\queue.c ****     }
 127              		.loc 1 83 9
 128 008c 00BF     		nop
 129              	.L10:
  89:c:/Users/lenovo/Desktop/AIoT/first_day/firstday_afternoon/LiteOS_Lab_STM32_IoT/iot_link/queue\queue.c **** 
  90:c:/Users/lenovo/Desktop/AIoT/first_day/firstday_afternoon/LiteOS_Lab_STM32_IoT/iot_link/queue\queue.c **** EXIT_LOCK:
  91:c:/Users/lenovo/Desktop/AIoT/first_day/firstday_afternoon/LiteOS_Lab_STM32_IoT/iot_link/queue\queue.c ****     osal_semp_del(ret->sync_write);
 130              		.loc 1 91 5
 131 008e 7B69     		ldr	r3, [r7, #20]
 132 0090 1B6A     		ldr	r3, [r3, #32]
 133 0092 1846     		mov	r0, r3
 134 0094 FFF7FEFF 		bl	osal_semp_del
 135 0098 00E0     		b	.L9
 136              	.L16:
ARM GAS  C:\Users\lenovo\AppData\Local\Temp\ccA0gmjP.s 			page 5


  78:c:/Users/lenovo/Desktop/AIoT/first_day/firstday_afternoon/LiteOS_Lab_STM32_IoT/iot_link/queue\queue.c ****     }
 137              		.loc 1 78 9
 138 009a 00BF     		nop
 139              	.L9:
  92:c:/Users/lenovo/Desktop/AIoT/first_day/firstday_afternoon/LiteOS_Lab_STM32_IoT/iot_link/queue\queue.c **** EXIT_SYNCWRITE:
  93:c:/Users/lenovo/Desktop/AIoT/first_day/firstday_afternoon/LiteOS_Lab_STM32_IoT/iot_link/queue\queue.c ****     osal_semp_del(ret->sync_read);
 140              		.loc 1 93 5
 141 009c 7B69     		ldr	r3, [r7, #20]
 142 009e DB69     		ldr	r3, [r3, #28]
 143 00a0 1846     		mov	r0, r3
 144 00a2 FFF7FEFF 		bl	osal_semp_del
 145 00a6 00E0     		b	.L7
 146              	.L15:
  73:c:/Users/lenovo/Desktop/AIoT/first_day/firstday_afternoon/LiteOS_Lab_STM32_IoT/iot_link/queue\queue.c ****     }
 147              		.loc 1 73 9
 148 00a8 00BF     		nop
 149              	.L7:
  94:c:/Users/lenovo/Desktop/AIoT/first_day/firstday_afternoon/LiteOS_Lab_STM32_IoT/iot_link/queue\queue.c **** EXIT_SYNCREAD:
  95:c:/Users/lenovo/Desktop/AIoT/first_day/firstday_afternoon/LiteOS_Lab_STM32_IoT/iot_link/queue\queue.c ****     osal_free(ret);
 150              		.loc 1 95 5
 151 00aa 7869     		ldr	r0, [r7, #20]
 152 00ac FFF7FEFF 		bl	osal_free
  96:c:/Users/lenovo/Desktop/AIoT/first_day/firstday_afternoon/LiteOS_Lab_STM32_IoT/iot_link/queue\queue.c ****     ret = NULL;
 153              		.loc 1 96 9
 154 00b0 0023     		movs	r3, #0
 155 00b2 7B61     		str	r3, [r7, #20]
 156 00b4 00E0     		b	.L3
 157              	.L13:
  57:c:/Users/lenovo/Desktop/AIoT/first_day/firstday_afternoon/LiteOS_Lab_STM32_IoT/iot_link/queue\queue.c ****     }
 158              		.loc 1 57 9
 159 00b6 00BF     		nop
 160              	.L3:
  97:c:/Users/lenovo/Desktop/AIoT/first_day/firstday_afternoon/LiteOS_Lab_STM32_IoT/iot_link/queue\queue.c **** EXIT_MEM:
  98:c:/Users/lenovo/Desktop/AIoT/first_day/firstday_afternoon/LiteOS_Lab_STM32_IoT/iot_link/queue\queue.c ****     ret = NULL;
 161              		.loc 1 98 9
 162 00b8 0023     		movs	r3, #0
 163 00ba 7B61     		str	r3, [r7, #20]
  99:c:/Users/lenovo/Desktop/AIoT/first_day/firstday_afternoon/LiteOS_Lab_STM32_IoT/iot_link/queue\queue.c ****     return ret;
 164              		.loc 1 99 12
 165 00bc 7B69     		ldr	r3, [r7, #20]
 166              	.L11:
 100:c:/Users/lenovo/Desktop/AIoT/first_day/firstday_afternoon/LiteOS_Lab_STM32_IoT/iot_link/queue\queue.c **** 
 101:c:/Users/lenovo/Desktop/AIoT/first_day/firstday_afternoon/LiteOS_Lab_STM32_IoT/iot_link/queue\queue.c **** }
 167              		.loc 1 101 1
 168 00be 1846     		mov	r0, r3
 169 00c0 1837     		adds	r7, r7, #24
 170              	.LCFI3:
 171              		.cfi_def_cfa_offset 8
 172 00c2 BD46     		mov	sp, r7
 173              	.LCFI4:
 174              		.cfi_def_cfa_register 13
 175              		@ sp needed
 176 00c4 80BD     		pop	{r7, pc}
 177              		.cfi_endproc
 178              	.LFE3:
 180              		.section	.text.raw_queue_pushdata,"ax",%progbits
 181              		.align	1
ARM GAS  C:\Users\lenovo\AppData\Local\Temp\ccA0gmjP.s 			page 6


 182              		.syntax unified
 183              		.thumb
 184              		.thumb_func
 185              		.fpu fpv4-sp-d16
 187              	raw_queue_pushdata:
 188              	.LFB4:
 102:c:/Users/lenovo/Desktop/AIoT/first_day/firstday_afternoon/LiteOS_Lab_STM32_IoT/iot_link/queue\queue.c **** 
 103:c:/Users/lenovo/Desktop/AIoT/first_day/firstday_afternoon/LiteOS_Lab_STM32_IoT/iot_link/queue\queue.c **** 
 104:c:/Users/lenovo/Desktop/AIoT/first_day/firstday_afternoon/LiteOS_Lab_STM32_IoT/iot_link/queue\queue.c **** static int raw_queue_pushdata(queue_t *queue,void *data)
 105:c:/Users/lenovo/Desktop/AIoT/first_day/firstday_afternoon/LiteOS_Lab_STM32_IoT/iot_link/queue\queue.c **** {
 189              		.loc 1 105 1
 190              		.cfi_startproc
 191              		@ args = 0, pretend = 0, frame = 16
 192              		@ frame_needed = 1, uses_anonymous_args = 0
 193              		@ link register save eliminated.
 194 0000 80B4     		push	{r7}
 195              	.LCFI5:
 196              		.cfi_def_cfa_offset 4
 197              		.cfi_offset 7, -4
 198 0002 85B0     		sub	sp, sp, #20
 199              	.LCFI6:
 200              		.cfi_def_cfa_offset 24
 201 0004 00AF     		add	r7, sp, #0
 202              	.LCFI7:
 203              		.cfi_def_cfa_register 7
 204 0006 7860     		str	r0, [r7, #4]
 205 0008 3960     		str	r1, [r7]
 106:c:/Users/lenovo/Desktop/AIoT/first_day/firstday_afternoon/LiteOS_Lab_STM32_IoT/iot_link/queue\queue.c ****     int ret = -1;
 206              		.loc 1 106 9
 207 000a 4FF0FF33 		mov	r3, #-1
 208 000e FB60     		str	r3, [r7, #12]
 107:c:/Users/lenovo/Desktop/AIoT/first_day/firstday_afternoon/LiteOS_Lab_STM32_IoT/iot_link/queue\queue.c ****     if(queue->msg_num < queue->msg_buflen)
 209              		.loc 1 107 13
 210 0010 7B68     		ldr	r3, [r7, #4]
 211 0012 5A69     		ldr	r2, [r3, #20]
 212              		.loc 1 107 30
 213 0014 7B68     		ldr	r3, [r7, #4]
 214 0016 5B68     		ldr	r3, [r3, #4]
 215              		.loc 1 107 7
 216 0018 9A42     		cmp	r2, r3
 217 001a 1ADA     		bge	.L19
 108:c:/Users/lenovo/Desktop/AIoT/first_day/firstday_afternoon/LiteOS_Lab_STM32_IoT/iot_link/queue\queue.c ****     {
 109:c:/Users/lenovo/Desktop/AIoT/first_day/firstday_afternoon/LiteOS_Lab_STM32_IoT/iot_link/queue\queue.c ****         queue->msg_buf[queue->cur_write] = data;
 218              		.loc 1 109 14
 219 001c 7B68     		ldr	r3, [r7, #4]
 220 001e 9A68     		ldr	r2, [r3, #8]
 221              		.loc 1 109 29
 222 0020 7B68     		ldr	r3, [r7, #4]
 223 0022 DB68     		ldr	r3, [r3, #12]
 224              		.loc 1 109 23
 225 0024 9B00     		lsls	r3, r3, #2
 226 0026 1344     		add	r3, r3, r2
 227              		.loc 1 109 42
 228 0028 3A68     		ldr	r2, [r7]
 229 002a 1A60     		str	r2, [r3]
 110:c:/Users/lenovo/Desktop/AIoT/first_day/firstday_afternoon/LiteOS_Lab_STM32_IoT/iot_link/queue\queue.c ****         queue->cur_write = (queue->cur_write + 1)%queue->msg_buflen;
 230              		.loc 1 110 34
ARM GAS  C:\Users\lenovo\AppData\Local\Temp\ccA0gmjP.s 			page 7


 231 002c 7B68     		ldr	r3, [r7, #4]
 232 002e DB68     		ldr	r3, [r3, #12]
 233              		.loc 1 110 46
 234 0030 0133     		adds	r3, r3, #1
 235              		.loc 1 110 56
 236 0032 7A68     		ldr	r2, [r7, #4]
 237 0034 5268     		ldr	r2, [r2, #4]
 238              		.loc 1 110 50
 239 0036 93FBF2F1 		sdiv	r1, r3, r2
 240 003a 02FB01F2 		mul	r2, r2, r1
 241 003e 9A1A     		subs	r2, r3, r2
 242              		.loc 1 110 26
 243 0040 7B68     		ldr	r3, [r7, #4]
 244 0042 DA60     		str	r2, [r3, #12]
 111:c:/Users/lenovo/Desktop/AIoT/first_day/firstday_afternoon/LiteOS_Lab_STM32_IoT/iot_link/queue\queue.c ****         queue->msg_num ++;
 245              		.loc 1 111 14
 246 0044 7B68     		ldr	r3, [r7, #4]
 247 0046 5B69     		ldr	r3, [r3, #20]
 248              		.loc 1 111 24
 249 0048 5A1C     		adds	r2, r3, #1
 250 004a 7B68     		ldr	r3, [r7, #4]
 251 004c 5A61     		str	r2, [r3, #20]
 112:c:/Users/lenovo/Desktop/AIoT/first_day/firstday_afternoon/LiteOS_Lab_STM32_IoT/iot_link/queue\queue.c ****         ret = 0;
 252              		.loc 1 112 13
 253 004e 0023     		movs	r3, #0
 254 0050 FB60     		str	r3, [r7, #12]
 255              	.L19:
 113:c:/Users/lenovo/Desktop/AIoT/first_day/firstday_afternoon/LiteOS_Lab_STM32_IoT/iot_link/queue\queue.c ****     }
 114:c:/Users/lenovo/Desktop/AIoT/first_day/firstday_afternoon/LiteOS_Lab_STM32_IoT/iot_link/queue\queue.c **** 
 115:c:/Users/lenovo/Desktop/AIoT/first_day/firstday_afternoon/LiteOS_Lab_STM32_IoT/iot_link/queue\queue.c ****     return ret;
 256              		.loc 1 115 12
 257 0052 FB68     		ldr	r3, [r7, #12]
 116:c:/Users/lenovo/Desktop/AIoT/first_day/firstday_afternoon/LiteOS_Lab_STM32_IoT/iot_link/queue\queue.c **** }
 258              		.loc 1 116 1
 259 0054 1846     		mov	r0, r3
 260 0056 1437     		adds	r7, r7, #20
 261              	.LCFI8:
 262              		.cfi_def_cfa_offset 4
 263 0058 BD46     		mov	sp, r7
 264              	.LCFI9:
 265              		.cfi_def_cfa_register 13
 266              		@ sp needed
 267 005a 5DF8047B 		ldr	r7, [sp], #4
 268              	.LCFI10:
 269              		.cfi_restore 7
 270              		.cfi_def_cfa_offset 0
 271 005e 7047     		bx	lr
 272              		.cfi_endproc
 273              	.LFE4:
 275              		.section	.text.queue_push,"ax",%progbits
 276              		.align	1
 277              		.global	queue_push
 278              		.syntax unified
 279              		.thumb
 280              		.thumb_func
 281              		.fpu fpv4-sp-d16
 283              	queue_push:
ARM GAS  C:\Users\lenovo\AppData\Local\Temp\ccA0gmjP.s 			page 8


 284              	.LFB5:
 117:c:/Users/lenovo/Desktop/AIoT/first_day/firstday_afternoon/LiteOS_Lab_STM32_IoT/iot_link/queue\queue.c **** 
 118:c:/Users/lenovo/Desktop/AIoT/first_day/firstday_afternoon/LiteOS_Lab_STM32_IoT/iot_link/queue\queue.c **** ///< push a data to the queue, 0 success while -1 failed
 119:c:/Users/lenovo/Desktop/AIoT/first_day/firstday_afternoon/LiteOS_Lab_STM32_IoT/iot_link/queue\queue.c **** int queue_push(queue_t *queue,void *data,int timeout)
 120:c:/Users/lenovo/Desktop/AIoT/first_day/firstday_afternoon/LiteOS_Lab_STM32_IoT/iot_link/queue\queue.c **** {
 285              		.loc 1 120 1
 286              		.cfi_startproc
 287              		@ args = 0, pretend = 0, frame = 24
 288              		@ frame_needed = 1, uses_anonymous_args = 0
 289 0000 80B5     		push	{r7, lr}
 290              	.LCFI11:
 291              		.cfi_def_cfa_offset 8
 292              		.cfi_offset 7, -8
 293              		.cfi_offset 14, -4
 294 0002 86B0     		sub	sp, sp, #24
 295              	.LCFI12:
 296              		.cfi_def_cfa_offset 32
 297 0004 00AF     		add	r7, sp, #0
 298              	.LCFI13:
 299              		.cfi_def_cfa_register 7
 300 0006 F860     		str	r0, [r7, #12]
 301 0008 B960     		str	r1, [r7, #8]
 302 000a 7A60     		str	r2, [r7, #4]
 121:c:/Users/lenovo/Desktop/AIoT/first_day/firstday_afternoon/LiteOS_Lab_STM32_IoT/iot_link/queue\queue.c ****     int ret = -1;
 303              		.loc 1 121 9
 304 000c 4FF0FF33 		mov	r3, #-1
 305 0010 7B61     		str	r3, [r7, #20]
 122:c:/Users/lenovo/Desktop/AIoT/first_day/firstday_afternoon/LiteOS_Lab_STM32_IoT/iot_link/queue\queue.c **** 
 123:c:/Users/lenovo/Desktop/AIoT/first_day/firstday_afternoon/LiteOS_Lab_STM32_IoT/iot_link/queue\queue.c ****     if((NULL == queue) || (NULL == data))
 306              		.loc 1 123 7
 307 0012 FB68     		ldr	r3, [r7, #12]
 308 0014 002B     		cmp	r3, #0
 309 0016 02D0     		beq	.L22
 310              		.loc 1 123 24 discriminator 1
 311 0018 BB68     		ldr	r3, [r7, #8]
 312 001a 002B     		cmp	r3, #0
 313 001c 01D1     		bne	.L23
 314              	.L22:
 124:c:/Users/lenovo/Desktop/AIoT/first_day/firstday_afternoon/LiteOS_Lab_STM32_IoT/iot_link/queue\queue.c ****     {
 125:c:/Users/lenovo/Desktop/AIoT/first_day/firstday_afternoon/LiteOS_Lab_STM32_IoT/iot_link/queue\queue.c ****         return ret;
 315              		.loc 1 125 16
 316 001e 7B69     		ldr	r3, [r7, #20]
 317 0020 2AE0     		b	.L24
 318              	.L23:
 126:c:/Users/lenovo/Desktop/AIoT/first_day/firstday_afternoon/LiteOS_Lab_STM32_IoT/iot_link/queue\queue.c ****     }
 127:c:/Users/lenovo/Desktop/AIoT/first_day/firstday_afternoon/LiteOS_Lab_STM32_IoT/iot_link/queue\queue.c ****     if(queue->sync_mode)
 319              		.loc 1 127 13
 320 0022 FB68     		ldr	r3, [r7, #12]
 321 0024 9B69     		ldr	r3, [r3, #24]
 322              		.loc 1 127 7
 323 0026 002B     		cmp	r3, #0
 324 0028 20D0     		beq	.L25
 128:c:/Users/lenovo/Desktop/AIoT/first_day/firstday_afternoon/LiteOS_Lab_STM32_IoT/iot_link/queue\queue.c ****     {
 129:c:/Users/lenovo/Desktop/AIoT/first_day/firstday_afternoon/LiteOS_Lab_STM32_IoT/iot_link/queue\queue.c ****         if(osal_semp_pend(queue->sync_write,timeout))
 325              		.loc 1 129 12
 326 002a FB68     		ldr	r3, [r7, #12]
 327 002c 1B6A     		ldr	r3, [r3, #32]
ARM GAS  C:\Users\lenovo\AppData\Local\Temp\ccA0gmjP.s 			page 9


 328 002e 7968     		ldr	r1, [r7, #4]
 329 0030 1846     		mov	r0, r3
 330 0032 FFF7FEFF 		bl	osal_semp_pend
 331 0036 0346     		mov	r3, r0
 332              		.loc 1 129 11
 333 0038 002B     		cmp	r3, #0
 334 003a 1CD0     		beq	.L26
 130:c:/Users/lenovo/Desktop/AIoT/first_day/firstday_afternoon/LiteOS_Lab_STM32_IoT/iot_link/queue\queue.c ****         {
 131:c:/Users/lenovo/Desktop/AIoT/first_day/firstday_afternoon/LiteOS_Lab_STM32_IoT/iot_link/queue\queue.c ****             osal_mutex_lock(queue->lock);
 335              		.loc 1 131 13
 336 003c FB68     		ldr	r3, [r7, #12]
 337 003e 5B6A     		ldr	r3, [r3, #36]
 338 0040 1846     		mov	r0, r3
 339 0042 FFF7FEFF 		bl	osal_mutex_lock
 132:c:/Users/lenovo/Desktop/AIoT/first_day/firstday_afternoon/LiteOS_Lab_STM32_IoT/iot_link/queue\queue.c ****             ret = raw_queue_pushdata(queue,data);
 340              		.loc 1 132 19
 341 0046 B968     		ldr	r1, [r7, #8]
 342 0048 F868     		ldr	r0, [r7, #12]
 343 004a FFF7FEFF 		bl	raw_queue_pushdata
 344 004e 7861     		str	r0, [r7, #20]
 133:c:/Users/lenovo/Desktop/AIoT/first_day/firstday_afternoon/LiteOS_Lab_STM32_IoT/iot_link/queue\queue.c ****             osal_mutex_unlock(queue->lock);
 345              		.loc 1 133 13
 346 0050 FB68     		ldr	r3, [r7, #12]
 347 0052 5B6A     		ldr	r3, [r3, #36]
 348 0054 1846     		mov	r0, r3
 349 0056 FFF7FEFF 		bl	osal_mutex_unlock
 134:c:/Users/lenovo/Desktop/AIoT/first_day/firstday_afternoon/LiteOS_Lab_STM32_IoT/iot_link/queue\queue.c ****             if(0 == ret)
 350              		.loc 1 134 15
 351 005a 7B69     		ldr	r3, [r7, #20]
 352 005c 002B     		cmp	r3, #0
 353 005e 0AD1     		bne	.L26
 135:c:/Users/lenovo/Desktop/AIoT/first_day/firstday_afternoon/LiteOS_Lab_STM32_IoT/iot_link/queue\queue.c ****             {
 136:c:/Users/lenovo/Desktop/AIoT/first_day/firstday_afternoon/LiteOS_Lab_STM32_IoT/iot_link/queue\queue.c ****                 osal_semp_post(queue->sync_read);
 354              		.loc 1 136 17
 355 0060 FB68     		ldr	r3, [r7, #12]
 356 0062 DB69     		ldr	r3, [r3, #28]
 357 0064 1846     		mov	r0, r3
 358 0066 FFF7FEFF 		bl	osal_semp_post
 359 006a 04E0     		b	.L26
 360              	.L25:
 137:c:/Users/lenovo/Desktop/AIoT/first_day/firstday_afternoon/LiteOS_Lab_STM32_IoT/iot_link/queue\queue.c ****             }
 138:c:/Users/lenovo/Desktop/AIoT/first_day/firstday_afternoon/LiteOS_Lab_STM32_IoT/iot_link/queue\queue.c ****         }
 139:c:/Users/lenovo/Desktop/AIoT/first_day/firstday_afternoon/LiteOS_Lab_STM32_IoT/iot_link/queue\queue.c ****     }
 140:c:/Users/lenovo/Desktop/AIoT/first_day/firstday_afternoon/LiteOS_Lab_STM32_IoT/iot_link/queue\queue.c ****     else
 141:c:/Users/lenovo/Desktop/AIoT/first_day/firstday_afternoon/LiteOS_Lab_STM32_IoT/iot_link/queue\queue.c ****     {
 142:c:/Users/lenovo/Desktop/AIoT/first_day/firstday_afternoon/LiteOS_Lab_STM32_IoT/iot_link/queue\queue.c ****         ret = raw_queue_pushdata(queue,data);
 361              		.loc 1 142 15
 362 006c B968     		ldr	r1, [r7, #8]
 363 006e F868     		ldr	r0, [r7, #12]
 364 0070 FFF7FEFF 		bl	raw_queue_pushdata
 365 0074 7861     		str	r0, [r7, #20]
 366              	.L26:
 143:c:/Users/lenovo/Desktop/AIoT/first_day/firstday_afternoon/LiteOS_Lab_STM32_IoT/iot_link/queue\queue.c ****     }
 144:c:/Users/lenovo/Desktop/AIoT/first_day/firstday_afternoon/LiteOS_Lab_STM32_IoT/iot_link/queue\queue.c ****     return ret;
 367              		.loc 1 144 12
 368 0076 7B69     		ldr	r3, [r7, #20]
 369              	.L24:
ARM GAS  C:\Users\lenovo\AppData\Local\Temp\ccA0gmjP.s 			page 10


 145:c:/Users/lenovo/Desktop/AIoT/first_day/firstday_afternoon/LiteOS_Lab_STM32_IoT/iot_link/queue\queue.c **** 
 146:c:/Users/lenovo/Desktop/AIoT/first_day/firstday_afternoon/LiteOS_Lab_STM32_IoT/iot_link/queue\queue.c **** }
 370              		.loc 1 146 1
 371 0078 1846     		mov	r0, r3
 372 007a 1837     		adds	r7, r7, #24
 373              	.LCFI14:
 374              		.cfi_def_cfa_offset 8
 375 007c BD46     		mov	sp, r7
 376              	.LCFI15:
 377              		.cfi_def_cfa_register 13
 378              		@ sp needed
 379 007e 80BD     		pop	{r7, pc}
 380              		.cfi_endproc
 381              	.LFE5:
 383              		.section	.text.raw_queue_pop,"ax",%progbits
 384              		.align	1
 385              		.syntax unified
 386              		.thumb
 387              		.thumb_func
 388              		.fpu fpv4-sp-d16
 390              	raw_queue_pop:
 391              	.LFB6:
 147:c:/Users/lenovo/Desktop/AIoT/first_day/firstday_afternoon/LiteOS_Lab_STM32_IoT/iot_link/queue\queue.c **** 
 148:c:/Users/lenovo/Desktop/AIoT/first_day/firstday_afternoon/LiteOS_Lab_STM32_IoT/iot_link/queue\queue.c **** ///< pop a data from the queue
 149:c:/Users/lenovo/Desktop/AIoT/first_day/firstday_afternoon/LiteOS_Lab_STM32_IoT/iot_link/queue\queue.c **** static int raw_queue_pop(queue_t *queue,void **buf)
 150:c:/Users/lenovo/Desktop/AIoT/first_day/firstday_afternoon/LiteOS_Lab_STM32_IoT/iot_link/queue\queue.c **** {
 392              		.loc 1 150 1
 393              		.cfi_startproc
 394              		@ args = 0, pretend = 0, frame = 16
 395              		@ frame_needed = 1, uses_anonymous_args = 0
 396              		@ link register save eliminated.
 397 0000 80B4     		push	{r7}
 398              	.LCFI16:
 399              		.cfi_def_cfa_offset 4
 400              		.cfi_offset 7, -4
 401 0002 85B0     		sub	sp, sp, #20
 402              	.LCFI17:
 403              		.cfi_def_cfa_offset 24
 404 0004 00AF     		add	r7, sp, #0
 405              	.LCFI18:
 406              		.cfi_def_cfa_register 7
 407 0006 7860     		str	r0, [r7, #4]
 408 0008 3960     		str	r1, [r7]
 151:c:/Users/lenovo/Desktop/AIoT/first_day/firstday_afternoon/LiteOS_Lab_STM32_IoT/iot_link/queue\queue.c ****     int ret = -1;
 409              		.loc 1 151 9
 410 000a 4FF0FF33 		mov	r3, #-1
 411 000e FB60     		str	r3, [r7, #12]
 152:c:/Users/lenovo/Desktop/AIoT/first_day/firstday_afternoon/LiteOS_Lab_STM32_IoT/iot_link/queue\queue.c ****     if(queue->msg_num > 0)
 412              		.loc 1 152 13
 413 0010 7B68     		ldr	r3, [r7, #4]
 414 0012 5B69     		ldr	r3, [r3, #20]
 415              		.loc 1 152 7
 416 0014 002B     		cmp	r3, #0
 417 0016 1BDD     		ble	.L28
 153:c:/Users/lenovo/Desktop/AIoT/first_day/firstday_afternoon/LiteOS_Lab_STM32_IoT/iot_link/queue\queue.c ****     {
 154:c:/Users/lenovo/Desktop/AIoT/first_day/firstday_afternoon/LiteOS_Lab_STM32_IoT/iot_link/queue\queue.c ****         *buf = queue->msg_buf[queue->cur_read];
 418              		.loc 1 154 21
ARM GAS  C:\Users\lenovo\AppData\Local\Temp\ccA0gmjP.s 			page 11


 419 0018 7B68     		ldr	r3, [r7, #4]
 420 001a 9A68     		ldr	r2, [r3, #8]
 421              		.loc 1 154 36
 422 001c 7B68     		ldr	r3, [r7, #4]
 423 001e 1B69     		ldr	r3, [r3, #16]
 424              		.loc 1 154 30
 425 0020 9B00     		lsls	r3, r3, #2
 426 0022 1344     		add	r3, r3, r2
 427 0024 1A68     		ldr	r2, [r3]
 428              		.loc 1 154 14
 429 0026 3B68     		ldr	r3, [r7]
 430 0028 1A60     		str	r2, [r3]
 155:c:/Users/lenovo/Desktop/AIoT/first_day/firstday_afternoon/LiteOS_Lab_STM32_IoT/iot_link/queue\queue.c ****         queue->cur_read = (queue->cur_read +1)%queue->msg_buflen;
 431              		.loc 1 155 33
 432 002a 7B68     		ldr	r3, [r7, #4]
 433 002c 1B69     		ldr	r3, [r3, #16]
 434              		.loc 1 155 44
 435 002e 0133     		adds	r3, r3, #1
 436              		.loc 1 155 53
 437 0030 7A68     		ldr	r2, [r7, #4]
 438 0032 5268     		ldr	r2, [r2, #4]
 439              		.loc 1 155 47
 440 0034 93FBF2F1 		sdiv	r1, r3, r2
 441 0038 02FB01F2 		mul	r2, r2, r1
 442 003c 9A1A     		subs	r2, r3, r2
 443              		.loc 1 155 25
 444 003e 7B68     		ldr	r3, [r7, #4]
 445 0040 1A61     		str	r2, [r3, #16]
 156:c:/Users/lenovo/Desktop/AIoT/first_day/firstday_afternoon/LiteOS_Lab_STM32_IoT/iot_link/queue\queue.c ****         queue->msg_num--;
 446              		.loc 1 156 14
 447 0042 7B68     		ldr	r3, [r7, #4]
 448 0044 5B69     		ldr	r3, [r3, #20]
 449              		.loc 1 156 23
 450 0046 5A1E     		subs	r2, r3, #1
 451 0048 7B68     		ldr	r3, [r7, #4]
 452 004a 5A61     		str	r2, [r3, #20]
 157:c:/Users/lenovo/Desktop/AIoT/first_day/firstday_afternoon/LiteOS_Lab_STM32_IoT/iot_link/queue\queue.c ****         ret = 0;
 453              		.loc 1 157 13
 454 004c 0023     		movs	r3, #0
 455 004e FB60     		str	r3, [r7, #12]
 456              	.L28:
 158:c:/Users/lenovo/Desktop/AIoT/first_day/firstday_afternoon/LiteOS_Lab_STM32_IoT/iot_link/queue\queue.c ****     }
 159:c:/Users/lenovo/Desktop/AIoT/first_day/firstday_afternoon/LiteOS_Lab_STM32_IoT/iot_link/queue\queue.c ****     return ret;
 457              		.loc 1 159 12
 458 0050 FB68     		ldr	r3, [r7, #12]
 160:c:/Users/lenovo/Desktop/AIoT/first_day/firstday_afternoon/LiteOS_Lab_STM32_IoT/iot_link/queue\queue.c **** }
 459              		.loc 1 160 1
 460 0052 1846     		mov	r0, r3
 461 0054 1437     		adds	r7, r7, #20
 462              	.LCFI19:
 463              		.cfi_def_cfa_offset 4
 464 0056 BD46     		mov	sp, r7
 465              	.LCFI20:
 466              		.cfi_def_cfa_register 13
 467              		@ sp needed
 468 0058 5DF8047B 		ldr	r7, [sp], #4
 469              	.LCFI21:
ARM GAS  C:\Users\lenovo\AppData\Local\Temp\ccA0gmjP.s 			page 12


 470              		.cfi_restore 7
 471              		.cfi_def_cfa_offset 0
 472 005c 7047     		bx	lr
 473              		.cfi_endproc
 474              	.LFE6:
 476              		.section	.text.queue_pop,"ax",%progbits
 477              		.align	1
 478              		.global	queue_pop
 479              		.syntax unified
 480              		.thumb
 481              		.thumb_func
 482              		.fpu fpv4-sp-d16
 484              	queue_pop:
 485              	.LFB7:
 161:c:/Users/lenovo/Desktop/AIoT/first_day/firstday_afternoon/LiteOS_Lab_STM32_IoT/iot_link/queue\queue.c **** 
 162:c:/Users/lenovo/Desktop/AIoT/first_day/firstday_afternoon/LiteOS_Lab_STM32_IoT/iot_link/queue\queue.c **** 
 163:c:/Users/lenovo/Desktop/AIoT/first_day/firstday_afternoon/LiteOS_Lab_STM32_IoT/iot_link/queue\queue.c **** int queue_pop(queue_t *queue,void **buf, int timeout)
 164:c:/Users/lenovo/Desktop/AIoT/first_day/firstday_afternoon/LiteOS_Lab_STM32_IoT/iot_link/queue\queue.c **** {
 486              		.loc 1 164 1
 487              		.cfi_startproc
 488              		@ args = 0, pretend = 0, frame = 24
 489              		@ frame_needed = 1, uses_anonymous_args = 0
 490 0000 80B5     		push	{r7, lr}
 491              	.LCFI22:
 492              		.cfi_def_cfa_offset 8
 493              		.cfi_offset 7, -8
 494              		.cfi_offset 14, -4
 495 0002 86B0     		sub	sp, sp, #24
 496              	.LCFI23:
 497              		.cfi_def_cfa_offset 32
 498 0004 00AF     		add	r7, sp, #0
 499              	.LCFI24:
 500              		.cfi_def_cfa_register 7
 501 0006 F860     		str	r0, [r7, #12]
 502 0008 B960     		str	r1, [r7, #8]
 503 000a 7A60     		str	r2, [r7, #4]
 165:c:/Users/lenovo/Desktop/AIoT/first_day/firstday_afternoon/LiteOS_Lab_STM32_IoT/iot_link/queue\queue.c ****     int ret = -1;
 504              		.loc 1 165 9
 505 000c 4FF0FF33 		mov	r3, #-1
 506 0010 7B61     		str	r3, [r7, #20]
 166:c:/Users/lenovo/Desktop/AIoT/first_day/firstday_afternoon/LiteOS_Lab_STM32_IoT/iot_link/queue\queue.c ****     if((NULL == queue) || (NULL == buf))
 507              		.loc 1 166 7
 508 0012 FB68     		ldr	r3, [r7, #12]
 509 0014 002B     		cmp	r3, #0
 510 0016 02D0     		beq	.L31
 511              		.loc 1 166 24 discriminator 1
 512 0018 BB68     		ldr	r3, [r7, #8]
 513 001a 002B     		cmp	r3, #0
 514 001c 01D1     		bne	.L32
 515              	.L31:
 167:c:/Users/lenovo/Desktop/AIoT/first_day/firstday_afternoon/LiteOS_Lab_STM32_IoT/iot_link/queue\queue.c ****     {
 168:c:/Users/lenovo/Desktop/AIoT/first_day/firstday_afternoon/LiteOS_Lab_STM32_IoT/iot_link/queue\queue.c ****         return ret;
 516              		.loc 1 168 16
 517 001e 7B69     		ldr	r3, [r7, #20]
 518 0020 2AE0     		b	.L33
 519              	.L32:
 169:c:/Users/lenovo/Desktop/AIoT/first_day/firstday_afternoon/LiteOS_Lab_STM32_IoT/iot_link/queue\queue.c ****     }
ARM GAS  C:\Users\lenovo\AppData\Local\Temp\ccA0gmjP.s 			page 13


 170:c:/Users/lenovo/Desktop/AIoT/first_day/firstday_afternoon/LiteOS_Lab_STM32_IoT/iot_link/queue\queue.c **** 
 171:c:/Users/lenovo/Desktop/AIoT/first_day/firstday_afternoon/LiteOS_Lab_STM32_IoT/iot_link/queue\queue.c ****     if(queue->sync_mode)
 520              		.loc 1 171 13
 521 0022 FB68     		ldr	r3, [r7, #12]
 522 0024 9B69     		ldr	r3, [r3, #24]
 523              		.loc 1 171 7
 524 0026 002B     		cmp	r3, #0
 525 0028 20D0     		beq	.L34
 172:c:/Users/lenovo/Desktop/AIoT/first_day/firstday_afternoon/LiteOS_Lab_STM32_IoT/iot_link/queue\queue.c ****     {
 173:c:/Users/lenovo/Desktop/AIoT/first_day/firstday_afternoon/LiteOS_Lab_STM32_IoT/iot_link/queue\queue.c ****         if(osal_semp_pend(queue->sync_read,timeout))
 526              		.loc 1 173 12
 527 002a FB68     		ldr	r3, [r7, #12]
 528 002c DB69     		ldr	r3, [r3, #28]
 529 002e 7968     		ldr	r1, [r7, #4]
 530 0030 1846     		mov	r0, r3
 531 0032 FFF7FEFF 		bl	osal_semp_pend
 532 0036 0346     		mov	r3, r0
 533              		.loc 1 173 11
 534 0038 002B     		cmp	r3, #0
 535 003a 1CD0     		beq	.L35
 174:c:/Users/lenovo/Desktop/AIoT/first_day/firstday_afternoon/LiteOS_Lab_STM32_IoT/iot_link/queue\queue.c ****         {
 175:c:/Users/lenovo/Desktop/AIoT/first_day/firstday_afternoon/LiteOS_Lab_STM32_IoT/iot_link/queue\queue.c ****             osal_mutex_lock(queue->lock);
 536              		.loc 1 175 13
 537 003c FB68     		ldr	r3, [r7, #12]
 538 003e 5B6A     		ldr	r3, [r3, #36]
 539 0040 1846     		mov	r0, r3
 540 0042 FFF7FEFF 		bl	osal_mutex_lock
 176:c:/Users/lenovo/Desktop/AIoT/first_day/firstday_afternoon/LiteOS_Lab_STM32_IoT/iot_link/queue\queue.c ****             ret = raw_queue_pop(queue,buf);
 541              		.loc 1 176 19
 542 0046 B968     		ldr	r1, [r7, #8]
 543 0048 F868     		ldr	r0, [r7, #12]
 544 004a FFF7FEFF 		bl	raw_queue_pop
 545 004e 7861     		str	r0, [r7, #20]
 177:c:/Users/lenovo/Desktop/AIoT/first_day/firstday_afternoon/LiteOS_Lab_STM32_IoT/iot_link/queue\queue.c ****             osal_mutex_unlock(queue->lock);
 546              		.loc 1 177 13
 547 0050 FB68     		ldr	r3, [r7, #12]
 548 0052 5B6A     		ldr	r3, [r3, #36]
 549 0054 1846     		mov	r0, r3
 550 0056 FFF7FEFF 		bl	osal_mutex_unlock
 178:c:/Users/lenovo/Desktop/AIoT/first_day/firstday_afternoon/LiteOS_Lab_STM32_IoT/iot_link/queue\queue.c ****             if(0 == ret)
 551              		.loc 1 178 15
 552 005a 7B69     		ldr	r3, [r7, #20]
 553 005c 002B     		cmp	r3, #0
 554 005e 0AD1     		bne	.L35
 179:c:/Users/lenovo/Desktop/AIoT/first_day/firstday_afternoon/LiteOS_Lab_STM32_IoT/iot_link/queue\queue.c ****             {
 180:c:/Users/lenovo/Desktop/AIoT/first_day/firstday_afternoon/LiteOS_Lab_STM32_IoT/iot_link/queue\queue.c ****                 osal_semp_post(queue->sync_write);
 555              		.loc 1 180 17
 556 0060 FB68     		ldr	r3, [r7, #12]
 557 0062 1B6A     		ldr	r3, [r3, #32]
 558 0064 1846     		mov	r0, r3
 559 0066 FFF7FEFF 		bl	osal_semp_post
 560 006a 04E0     		b	.L35
 561              	.L34:
 181:c:/Users/lenovo/Desktop/AIoT/first_day/firstday_afternoon/LiteOS_Lab_STM32_IoT/iot_link/queue\queue.c ****             }
 182:c:/Users/lenovo/Desktop/AIoT/first_day/firstday_afternoon/LiteOS_Lab_STM32_IoT/iot_link/queue\queue.c ****         }
 183:c:/Users/lenovo/Desktop/AIoT/first_day/firstday_afternoon/LiteOS_Lab_STM32_IoT/iot_link/queue\queue.c ****     }
 184:c:/Users/lenovo/Desktop/AIoT/first_day/firstday_afternoon/LiteOS_Lab_STM32_IoT/iot_link/queue\queue.c ****     else
ARM GAS  C:\Users\lenovo\AppData\Local\Temp\ccA0gmjP.s 			page 14


 185:c:/Users/lenovo/Desktop/AIoT/first_day/firstday_afternoon/LiteOS_Lab_STM32_IoT/iot_link/queue\queue.c ****     {
 186:c:/Users/lenovo/Desktop/AIoT/first_day/firstday_afternoon/LiteOS_Lab_STM32_IoT/iot_link/queue\queue.c ****         ret = raw_queue_pop(queue,buf);
 562              		.loc 1 186 15
 563 006c B968     		ldr	r1, [r7, #8]
 564 006e F868     		ldr	r0, [r7, #12]
 565 0070 FFF7FEFF 		bl	raw_queue_pop
 566 0074 7861     		str	r0, [r7, #20]
 567              	.L35:
 187:c:/Users/lenovo/Desktop/AIoT/first_day/firstday_afternoon/LiteOS_Lab_STM32_IoT/iot_link/queue\queue.c ****     }
 188:c:/Users/lenovo/Desktop/AIoT/first_day/firstday_afternoon/LiteOS_Lab_STM32_IoT/iot_link/queue\queue.c ****     return ret;
 568              		.loc 1 188 12
 569 0076 7B69     		ldr	r3, [r7, #20]
 570              	.L33:
 189:c:/Users/lenovo/Desktop/AIoT/first_day/firstday_afternoon/LiteOS_Lab_STM32_IoT/iot_link/queue\queue.c **** }
 571              		.loc 1 189 1
 572 0078 1846     		mov	r0, r3
 573 007a 1837     		adds	r7, r7, #24
 574              	.LCFI25:
 575              		.cfi_def_cfa_offset 8
 576 007c BD46     		mov	sp, r7
 577              	.LCFI26:
 578              		.cfi_def_cfa_register 13
 579              		@ sp needed
 580 007e 80BD     		pop	{r7, pc}
 581              		.cfi_endproc
 582              	.LFE7:
 584              		.section	.text.queue_delete,"ax",%progbits
 585              		.align	1
 586              		.global	queue_delete
 587              		.syntax unified
 588              		.thumb
 589              		.thumb_func
 590              		.fpu fpv4-sp-d16
 592              	queue_delete:
 593              	.LFB8:
 190:c:/Users/lenovo/Desktop/AIoT/first_day/firstday_afternoon/LiteOS_Lab_STM32_IoT/iot_link/queue\queue.c **** 
 191:c:/Users/lenovo/Desktop/AIoT/first_day/firstday_afternoon/LiteOS_Lab_STM32_IoT/iot_link/queue\queue.c **** ///< delete the queue,if any data in the queue, which means could not kill it
 192:c:/Users/lenovo/Desktop/AIoT/first_day/firstday_afternoon/LiteOS_Lab_STM32_IoT/iot_link/queue\queue.c **** int queue_delete(queue_t *queue)
 193:c:/Users/lenovo/Desktop/AIoT/first_day/firstday_afternoon/LiteOS_Lab_STM32_IoT/iot_link/queue\queue.c **** {
 594              		.loc 1 193 1
 595              		.cfi_startproc
 596              		@ args = 0, pretend = 0, frame = 16
 597              		@ frame_needed = 1, uses_anonymous_args = 0
 598 0000 80B5     		push	{r7, lr}
 599              	.LCFI27:
 600              		.cfi_def_cfa_offset 8
 601              		.cfi_offset 7, -8
 602              		.cfi_offset 14, -4
 603 0002 84B0     		sub	sp, sp, #16
 604              	.LCFI28:
 605              		.cfi_def_cfa_offset 24
 606 0004 00AF     		add	r7, sp, #0
 607              	.LCFI29:
 608              		.cfi_def_cfa_register 7
 609 0006 7860     		str	r0, [r7, #4]
 194:c:/Users/lenovo/Desktop/AIoT/first_day/firstday_afternoon/LiteOS_Lab_STM32_IoT/iot_link/queue\queue.c ****     int ret = -1;
 610              		.loc 1 194 9
ARM GAS  C:\Users\lenovo\AppData\Local\Temp\ccA0gmjP.s 			page 15


 611 0008 4FF0FF33 		mov	r3, #-1
 612 000c FB60     		str	r3, [r7, #12]
 195:c:/Users/lenovo/Desktop/AIoT/first_day/firstday_afternoon/LiteOS_Lab_STM32_IoT/iot_link/queue\queue.c **** 
 196:c:/Users/lenovo/Desktop/AIoT/first_day/firstday_afternoon/LiteOS_Lab_STM32_IoT/iot_link/queue\queue.c ****     if((NULL == queue))
 613              		.loc 1 196 7
 614 000e 7B68     		ldr	r3, [r7, #4]
 615 0010 002B     		cmp	r3, #0
 616 0012 01D1     		bne	.L37
 197:c:/Users/lenovo/Desktop/AIoT/first_day/firstday_afternoon/LiteOS_Lab_STM32_IoT/iot_link/queue\queue.c ****     {
 198:c:/Users/lenovo/Desktop/AIoT/first_day/firstday_afternoon/LiteOS_Lab_STM32_IoT/iot_link/queue\queue.c ****         return ret;
 617              		.loc 1 198 16
 618 0014 FB68     		ldr	r3, [r7, #12]
 619 0016 18E0     		b	.L38
 620              	.L37:
 199:c:/Users/lenovo/Desktop/AIoT/first_day/firstday_afternoon/LiteOS_Lab_STM32_IoT/iot_link/queue\queue.c ****     }
 200:c:/Users/lenovo/Desktop/AIoT/first_day/firstday_afternoon/LiteOS_Lab_STM32_IoT/iot_link/queue\queue.c ****     if(queue->sync_mode)
 621              		.loc 1 200 13
 622 0018 7B68     		ldr	r3, [r7, #4]
 623 001a 9B69     		ldr	r3, [r3, #24]
 624              		.loc 1 200 7
 625 001c 002B     		cmp	r3, #0
 626 001e 0ED0     		beq	.L39
 201:c:/Users/lenovo/Desktop/AIoT/first_day/firstday_afternoon/LiteOS_Lab_STM32_IoT/iot_link/queue\queue.c ****     {
 202:c:/Users/lenovo/Desktop/AIoT/first_day/firstday_afternoon/LiteOS_Lab_STM32_IoT/iot_link/queue\queue.c ****         osal_semp_del(queue->sync_read);
 627              		.loc 1 202 9
 628 0020 7B68     		ldr	r3, [r7, #4]
 629 0022 DB69     		ldr	r3, [r3, #28]
 630 0024 1846     		mov	r0, r3
 631 0026 FFF7FEFF 		bl	osal_semp_del
 203:c:/Users/lenovo/Desktop/AIoT/first_day/firstday_afternoon/LiteOS_Lab_STM32_IoT/iot_link/queue\queue.c ****         osal_semp_del(queue->sync_write);
 632              		.loc 1 203 9
 633 002a 7B68     		ldr	r3, [r7, #4]
 634 002c 1B6A     		ldr	r3, [r3, #32]
 635 002e 1846     		mov	r0, r3
 636 0030 FFF7FEFF 		bl	osal_semp_del
 204:c:/Users/lenovo/Desktop/AIoT/first_day/firstday_afternoon/LiteOS_Lab_STM32_IoT/iot_link/queue\queue.c ****         osal_mutex_del(queue->lock);
 637              		.loc 1 204 9
 638 0034 7B68     		ldr	r3, [r7, #4]
 639 0036 5B6A     		ldr	r3, [r3, #36]
 640 0038 1846     		mov	r0, r3
 641 003a FFF7FEFF 		bl	osal_mutex_del
 642              	.L39:
 205:c:/Users/lenovo/Desktop/AIoT/first_day/firstday_afternoon/LiteOS_Lab_STM32_IoT/iot_link/queue\queue.c ****     }
 206:c:/Users/lenovo/Desktop/AIoT/first_day/firstday_afternoon/LiteOS_Lab_STM32_IoT/iot_link/queue\queue.c ****     osal_free(queue);
 643              		.loc 1 206 5
 644 003e 7868     		ldr	r0, [r7, #4]
 645 0040 FFF7FEFF 		bl	osal_free
 207:c:/Users/lenovo/Desktop/AIoT/first_day/firstday_afternoon/LiteOS_Lab_STM32_IoT/iot_link/queue\queue.c ****     ret = 0;
 646              		.loc 1 207 9
 647 0044 0023     		movs	r3, #0
 648 0046 FB60     		str	r3, [r7, #12]
 208:c:/Users/lenovo/Desktop/AIoT/first_day/firstday_afternoon/LiteOS_Lab_STM32_IoT/iot_link/queue\queue.c **** 
 209:c:/Users/lenovo/Desktop/AIoT/first_day/firstday_afternoon/LiteOS_Lab_STM32_IoT/iot_link/queue\queue.c ****     return ret;
 649              		.loc 1 209 12
 650 0048 FB68     		ldr	r3, [r7, #12]
 651              	.L38:
 210:c:/Users/lenovo/Desktop/AIoT/first_day/firstday_afternoon/LiteOS_Lab_STM32_IoT/iot_link/queue\queue.c **** 
ARM GAS  C:\Users\lenovo\AppData\Local\Temp\ccA0gmjP.s 			page 16


 211:c:/Users/lenovo/Desktop/AIoT/first_day/firstday_afternoon/LiteOS_Lab_STM32_IoT/iot_link/queue\queue.c **** }
 652              		.loc 1 211 1
 653 004a 1846     		mov	r0, r3
 654 004c 1037     		adds	r7, r7, #16
 655              	.LCFI30:
 656              		.cfi_def_cfa_offset 8
 657 004e BD46     		mov	sp, r7
 658              	.LCFI31:
 659              		.cfi_def_cfa_register 13
 660              		@ sp needed
 661 0050 80BD     		pop	{r7, pc}
 662              		.cfi_endproc
 663              	.LFE8:
 665              		.text
 666              	.Letext0:
 667              		.file 2 "c:\\users\\lenovo\\.iotlink\\tools\\gcc-arm-none-eabi\\arm-none-eabi\\include\\machine\\_
 668              		.file 3 "c:\\users\\lenovo\\.iotlink\\tools\\gcc-arm-none-eabi\\arm-none-eabi\\include\\sys\\lock.
 669              		.file 4 "c:\\users\\lenovo\\.iotlink\\tools\\gcc-arm-none-eabi\\arm-none-eabi\\include\\sys\\_type
 670              		.file 5 "c:\\users\\lenovo\\.iotlink\\tools\\gcc-arm-none-eabi\\lib\\gcc\\arm-none-eabi\\9.2.1\\in
 671              		.file 6 "c:\\users\\lenovo\\.iotlink\\tools\\gcc-arm-none-eabi\\arm-none-eabi\\include\\sys\\reent
 672              		.file 7 "c:\\users\\lenovo\\.iotlink\\tools\\gcc-arm-none-eabi\\arm-none-eabi\\include\\stdlib.h"
 673              		.file 8 "c:\\users\\lenovo\\.iotlink\\tools\\gcc-arm-none-eabi\\arm-none-eabi\\include\\sys\\_stdi
 674              		.file 9 "c:/Users/lenovo/Desktop/AIoT/first_day/firstday_afternoon/LiteOS_Lab_STM32_IoT/iot_link/o
 675              		.file 10 "c:/Users/lenovo/Desktop/AIoT/first_day/firstday_afternoon/LiteOS_Lab_STM32_IoT/iot_link/
ARM GAS  C:\Users\lenovo\AppData\Local\Temp\ccA0gmjP.s 			page 17


DEFINED SYMBOLS
                            *ABS*:00000000 queue.c
C:\Users\lenovo\AppData\Local\Temp\ccA0gmjP.s:18     .text.queue_create:00000000 $t
C:\Users\lenovo\AppData\Local\Temp\ccA0gmjP.s:26     .text.queue_create:00000000 queue_create
C:\Users\lenovo\AppData\Local\Temp\ccA0gmjP.s:181    .text.raw_queue_pushdata:00000000 $t
C:\Users\lenovo\AppData\Local\Temp\ccA0gmjP.s:187    .text.raw_queue_pushdata:00000000 raw_queue_pushdata
C:\Users\lenovo\AppData\Local\Temp\ccA0gmjP.s:276    .text.queue_push:00000000 $t
C:\Users\lenovo\AppData\Local\Temp\ccA0gmjP.s:283    .text.queue_push:00000000 queue_push
C:\Users\lenovo\AppData\Local\Temp\ccA0gmjP.s:384    .text.raw_queue_pop:00000000 $t
C:\Users\lenovo\AppData\Local\Temp\ccA0gmjP.s:390    .text.raw_queue_pop:00000000 raw_queue_pop
C:\Users\lenovo\AppData\Local\Temp\ccA0gmjP.s:477    .text.queue_pop:00000000 $t
C:\Users\lenovo\AppData\Local\Temp\ccA0gmjP.s:484    .text.queue_pop:00000000 queue_pop
C:\Users\lenovo\AppData\Local\Temp\ccA0gmjP.s:585    .text.queue_delete:00000000 $t
C:\Users\lenovo\AppData\Local\Temp\ccA0gmjP.s:592    .text.queue_delete:00000000 queue_delete

UNDEFINED SYMBOLS
osal_malloc
memset
osal_semp_create
osal_mutex_create
osal_semp_del
osal_free
osal_semp_pend
osal_mutex_lock
osal_mutex_unlock
osal_semp_post
osal_mutex_del
