ARM GAS  C:\Users\lenovo\AppData\Local\Temp\ccH4CMXf.s 			page 1


   1              		.cpu cortex-m4
   2              		.eabi_attribute 27, 1
   3              		.eabi_attribute 28, 1
   4              		.eabi_attribute 20, 1
   5              		.eabi_attribute 21, 1
   6              		.eabi_attribute 23, 3
   7              		.eabi_attribute 24, 1
   8              		.eabi_attribute 25, 1
   9              		.eabi_attribute 26, 1
  10              		.eabi_attribute 30, 6
  11              		.eabi_attribute 34, 1
  12              		.eabi_attribute 18, 4
  13              		.file	"sal_netdb.c"
  14              		.text
  15              	.Ltext0:
  16              		.cfi_sections	.debug_frame
  17              		.section	.rodata
  18              		.align	2
  19              	.LC0:
  20 0000 25642E25 		.ascii	"%d.%d.%d.%d\000"
  20      642E2564 
  20      2E256400 
  21              		.section	.text.inet_addr,"ax",%progbits
  22              		.align	1
  23              		.weak	inet_addr
  24              		.arch armv7e-m
  25              		.syntax unified
  26              		.thumb
  27              		.thumb_func
  28              		.fpu fpv4-sp-d16
  30              	inet_addr:
  31              	.LFB3:
  32              		.file 1 "c:/Users/lenovo/Desktop/AIoT/first_day/firstday_afternoon/LiteOS_Lab_STM32_IoT/iot_link/n
   1:c:/Users/lenovo/Desktop/AIoT/first_day/firstday_afternoon/LiteOS_Lab_STM32_IoT/iot_link/network/tcpip/sal\sal_netdb.c **** /*----------------------------------------------------------------------------
   2:c:/Users/lenovo/Desktop/AIoT/first_day/firstday_afternoon/LiteOS_Lab_STM32_IoT/iot_link/network/tcpip/sal\sal_netdb.c ****  * Copyright (c) <2018>, <Huawei Technologies Co., Ltd>
   3:c:/Users/lenovo/Desktop/AIoT/first_day/firstday_afternoon/LiteOS_Lab_STM32_IoT/iot_link/network/tcpip/sal\sal_netdb.c ****  * All rights reserved.
   4:c:/Users/lenovo/Desktop/AIoT/first_day/firstday_afternoon/LiteOS_Lab_STM32_IoT/iot_link/network/tcpip/sal\sal_netdb.c ****  * Redistribution and use in source and binary forms, with or without modification,
   5:c:/Users/lenovo/Desktop/AIoT/first_day/firstday_afternoon/LiteOS_Lab_STM32_IoT/iot_link/network/tcpip/sal\sal_netdb.c ****  * are permitted provided that the following conditions are met:
   6:c:/Users/lenovo/Desktop/AIoT/first_day/firstday_afternoon/LiteOS_Lab_STM32_IoT/iot_link/network/tcpip/sal\sal_netdb.c ****  * 1. Redistributions of source code must retain the above copyright notice, this list of
   7:c:/Users/lenovo/Desktop/AIoT/first_day/firstday_afternoon/LiteOS_Lab_STM32_IoT/iot_link/network/tcpip/sal\sal_netdb.c ****  * conditions and the following disclaimer.
   8:c:/Users/lenovo/Desktop/AIoT/first_day/firstday_afternoon/LiteOS_Lab_STM32_IoT/iot_link/network/tcpip/sal\sal_netdb.c ****  * 2. Redistributions in binary form must reproduce the above copyright notice, this list
   9:c:/Users/lenovo/Desktop/AIoT/first_day/firstday_afternoon/LiteOS_Lab_STM32_IoT/iot_link/network/tcpip/sal\sal_netdb.c ****  * of conditions and the following disclaimer in the documentation and/or other materials
  10:c:/Users/lenovo/Desktop/AIoT/first_day/firstday_afternoon/LiteOS_Lab_STM32_IoT/iot_link/network/tcpip/sal\sal_netdb.c ****  * provided with the distribution.
  11:c:/Users/lenovo/Desktop/AIoT/first_day/firstday_afternoon/LiteOS_Lab_STM32_IoT/iot_link/network/tcpip/sal\sal_netdb.c ****  * 3. Neither the name of the copyright holder nor the names of its contributors may be used
  12:c:/Users/lenovo/Desktop/AIoT/first_day/firstday_afternoon/LiteOS_Lab_STM32_IoT/iot_link/network/tcpip/sal\sal_netdb.c ****  * to endorse or promote products derived from this software without specific prior written
  13:c:/Users/lenovo/Desktop/AIoT/first_day/firstday_afternoon/LiteOS_Lab_STM32_IoT/iot_link/network/tcpip/sal\sal_netdb.c ****  * permission.
  14:c:/Users/lenovo/Desktop/AIoT/first_day/firstday_afternoon/LiteOS_Lab_STM32_IoT/iot_link/network/tcpip/sal\sal_netdb.c ****  * THIS SOFTWARE IS PROVIDED BY THE COPYRIGHT HOLDERS AND CONTRIBUTORS
  15:c:/Users/lenovo/Desktop/AIoT/first_day/firstday_afternoon/LiteOS_Lab_STM32_IoT/iot_link/network/tcpip/sal\sal_netdb.c ****  * "AS IS" AND ANY EXPRESS OR IMPLIED WARRANTIES, INCLUDING, BUT NOT LIMITED TO,
  16:c:/Users/lenovo/Desktop/AIoT/first_day/firstday_afternoon/LiteOS_Lab_STM32_IoT/iot_link/network/tcpip/sal\sal_netdb.c ****  * THE IMPLIED WARRANTIES OF MERCHANTABILITY AND FITNESS FOR A PARTICULAR
  17:c:/Users/lenovo/Desktop/AIoT/first_day/firstday_afternoon/LiteOS_Lab_STM32_IoT/iot_link/network/tcpip/sal\sal_netdb.c ****  * PURPOSE ARE DISCLAIMED. IN NO EVENT SHALL THE COPYRIGHT HOLDER OR
  18:c:/Users/lenovo/Desktop/AIoT/first_day/firstday_afternoon/LiteOS_Lab_STM32_IoT/iot_link/network/tcpip/sal\sal_netdb.c ****  * CONTRIBUTORS BE LIABLE FOR ANY DIRECT, INDIRECT, INCIDENTAL, SPECIAL,
  19:c:/Users/lenovo/Desktop/AIoT/first_day/firstday_afternoon/LiteOS_Lab_STM32_IoT/iot_link/network/tcpip/sal\sal_netdb.c ****  * EXEMPLARY, OR CONSEQUENTIAL DAMAGES (INCLUDING, BUT NOT LIMITED TO,
  20:c:/Users/lenovo/Desktop/AIoT/first_day/firstday_afternoon/LiteOS_Lab_STM32_IoT/iot_link/network/tcpip/sal\sal_netdb.c ****  * PROCUREMENT OF SUBSTITUTE GOODS OR SERVICES; LOSS OF USE, DATA, OR PROFITS;
  21:c:/Users/lenovo/Desktop/AIoT/first_day/firstday_afternoon/LiteOS_Lab_STM32_IoT/iot_link/network/tcpip/sal\sal_netdb.c ****  * OR BUSINESS INTERRUPTION) HOWEVER CAUSED AND ON ANY THEORY OF LIABILITY,
  22:c:/Users/lenovo/Desktop/AIoT/first_day/firstday_afternoon/LiteOS_Lab_STM32_IoT/iot_link/network/tcpip/sal\sal_netdb.c ****  * WHETHER IN CONTRACT, STRICT LIABILITY, OR TORT (INCLUDING NEGLIGENCE OR
  23:c:/Users/lenovo/Desktop/AIoT/first_day/firstday_afternoon/LiteOS_Lab_STM32_IoT/iot_link/network/tcpip/sal\sal_netdb.c ****  * OTHERWISE) ARISING IN ANY WAY OUT OF THE USE OF THIS SOFTWARE, EVEN IF
  24:c:/Users/lenovo/Desktop/AIoT/first_day/firstday_afternoon/LiteOS_Lab_STM32_IoT/iot_link/network/tcpip/sal\sal_netdb.c ****  * ADVISED OF THE POSSIBILITY OF SUCH DAMAGE.
ARM GAS  C:\Users\lenovo\AppData\Local\Temp\ccH4CMXf.s 			page 2


  25:c:/Users/lenovo/Desktop/AIoT/first_day/firstday_afternoon/LiteOS_Lab_STM32_IoT/iot_link/network/tcpip/sal\sal_netdb.c ****  *---------------------------------------------------------------------------*/
  26:c:/Users/lenovo/Desktop/AIoT/first_day/firstday_afternoon/LiteOS_Lab_STM32_IoT/iot_link/network/tcpip/sal\sal_netdb.c **** /*----------------------------------------------------------------------------
  27:c:/Users/lenovo/Desktop/AIoT/first_day/firstday_afternoon/LiteOS_Lab_STM32_IoT/iot_link/network/tcpip/sal\sal_netdb.c ****  * Notice of Export Control Law
  28:c:/Users/lenovo/Desktop/AIoT/first_day/firstday_afternoon/LiteOS_Lab_STM32_IoT/iot_link/network/tcpip/sal\sal_netdb.c ****  * ===============================================
  29:c:/Users/lenovo/Desktop/AIoT/first_day/firstday_afternoon/LiteOS_Lab_STM32_IoT/iot_link/network/tcpip/sal\sal_netdb.c ****  * Huawei LiteOS may be subject to applicable export control laws and regulations, which might
  30:c:/Users/lenovo/Desktop/AIoT/first_day/firstday_afternoon/LiteOS_Lab_STM32_IoT/iot_link/network/tcpip/sal\sal_netdb.c ****  * include those applicable to Huawei LiteOS of U.S. and the country in which you are located.
  31:c:/Users/lenovo/Desktop/AIoT/first_day/firstday_afternoon/LiteOS_Lab_STM32_IoT/iot_link/network/tcpip/sal\sal_netdb.c ****  * Import, export and usage of Huawei LiteOS in any manner by you shall be in compliance with such
  32:c:/Users/lenovo/Desktop/AIoT/first_day/firstday_afternoon/LiteOS_Lab_STM32_IoT/iot_link/network/tcpip/sal\sal_netdb.c ****  * applicable export control laws and regulations.
  33:c:/Users/lenovo/Desktop/AIoT/first_day/firstday_afternoon/LiteOS_Lab_STM32_IoT/iot_link/network/tcpip/sal\sal_netdb.c ****  *---------------------------------------------------------------------------*/
  34:c:/Users/lenovo/Desktop/AIoT/first_day/firstday_afternoon/LiteOS_Lab_STM32_IoT/iot_link/network/tcpip/sal\sal_netdb.c **** /**
  35:c:/Users/lenovo/Desktop/AIoT/first_day/firstday_afternoon/LiteOS_Lab_STM32_IoT/iot_link/network/tcpip/sal\sal_netdb.c ****  *  DATE                AUTHOR      INSTRUCTION
  36:c:/Users/lenovo/Desktop/AIoT/first_day/firstday_afternoon/LiteOS_Lab_STM32_IoT/iot_link/network/tcpip/sal\sal_netdb.c ****  *  2019-05-09 16:17  zhangqianfu  The first version  
  37:c:/Users/lenovo/Desktop/AIoT/first_day/firstday_afternoon/LiteOS_Lab_STM32_IoT/iot_link/network/tcpip/sal\sal_netdb.c ****  *
  38:c:/Users/lenovo/Desktop/AIoT/first_day/firstday_afternoon/LiteOS_Lab_STM32_IoT/iot_link/network/tcpip/sal\sal_netdb.c ****  */
  39:c:/Users/lenovo/Desktop/AIoT/first_day/firstday_afternoon/LiteOS_Lab_STM32_IoT/iot_link/network/tcpip/sal\sal_netdb.c **** 
  40:c:/Users/lenovo/Desktop/AIoT/first_day/firstday_afternoon/LiteOS_Lab_STM32_IoT/iot_link/network/tcpip/sal\sal_netdb.c **** #include <stdint.h>
  41:c:/Users/lenovo/Desktop/AIoT/first_day/firstday_afternoon/LiteOS_Lab_STM32_IoT/iot_link/network/tcpip/sal\sal_netdb.c **** #include <stddef.h>
  42:c:/Users/lenovo/Desktop/AIoT/first_day/firstday_afternoon/LiteOS_Lab_STM32_IoT/iot_link/network/tcpip/sal\sal_netdb.c **** #include <string.h>
  43:c:/Users/lenovo/Desktop/AIoT/first_day/firstday_afternoon/LiteOS_Lab_STM32_IoT/iot_link/network/tcpip/sal\sal_netdb.c **** 
  44:c:/Users/lenovo/Desktop/AIoT/first_day/firstday_afternoon/LiteOS_Lab_STM32_IoT/iot_link/network/tcpip/sal\sal_netdb.c **** #include <sal.h>
  45:c:/Users/lenovo/Desktop/AIoT/first_day/firstday_afternoon/LiteOS_Lab_STM32_IoT/iot_link/network/tcpip/sal\sal_netdb.c **** 
  46:c:/Users/lenovo/Desktop/AIoT/first_day/firstday_afternoon/LiteOS_Lab_STM32_IoT/iot_link/network/tcpip/sal\sal_netdb.c **** __attribute__((weak)) in_addr_t inet_addr(const char *addr)
  47:c:/Users/lenovo/Desktop/AIoT/first_day/firstday_afternoon/LiteOS_Lab_STM32_IoT/iot_link/network/tcpip/sal\sal_netdb.c **** {
  33              		.loc 1 47 1
  34              		.cfi_startproc
  35              		@ args = 0, pretend = 0, frame = 40
  36              		@ frame_needed = 1, uses_anonymous_args = 0
  37 0000 80B5     		push	{r7, lr}
  38              	.LCFI0:
  39              		.cfi_def_cfa_offset 8
  40              		.cfi_offset 7, -8
  41              		.cfi_offset 14, -4
  42 0002 8CB0     		sub	sp, sp, #48
  43              	.LCFI1:
  44              		.cfi_def_cfa_offset 56
  45 0004 02AF     		add	r7, sp, #8
  46              	.LCFI2:
  47              		.cfi_def_cfa 7, 48
  48 0006 7860     		str	r0, [r7, #4]
  48:c:/Users/lenovo/Desktop/AIoT/first_day/firstday_afternoon/LiteOS_Lab_STM32_IoT/iot_link/network/tcpip/sal\sal_netdb.c ****     int para;
  49:c:/Users/lenovo/Desktop/AIoT/first_day/firstday_afternoon/LiteOS_Lab_STM32_IoT/iot_link/network/tcpip/sal\sal_netdb.c ****     int tmp[4];
  50:c:/Users/lenovo/Desktop/AIoT/first_day/firstday_afternoon/LiteOS_Lab_STM32_IoT/iot_link/network/tcpip/sal\sal_netdb.c ****     in_addr_t result = INADDR_NONE;
  49              		.loc 1 50 15
  50 0008 0023     		movs	r3, #0
  51 000a 3B61     		str	r3, [r7, #16]
  51:c:/Users/lenovo/Desktop/AIoT/first_day/firstday_afternoon/LiteOS_Lab_STM32_IoT/iot_link/network/tcpip/sal\sal_netdb.c ****     unsigned char  ip[4];
  52:c:/Users/lenovo/Desktop/AIoT/first_day/firstday_afternoon/LiteOS_Lab_STM32_IoT/iot_link/network/tcpip/sal\sal_netdb.c **** 
  53:c:/Users/lenovo/Desktop/AIoT/first_day/firstday_afternoon/LiteOS_Lab_STM32_IoT/iot_link/network/tcpip/sal\sal_netdb.c ****     para = sscanf(addr,"%d.%d.%d.%d",&tmp[0],&tmp[1],&tmp[2],&tmp[3]);
  52              		.loc 1 53 12
  53 000c 07F11403 		add	r3, r7, #20
  54 0010 191D     		adds	r1, r3, #4
  55 0012 07F11402 		add	r2, r7, #20
  56 0016 07F11403 		add	r3, r7, #20
  57 001a 0C33     		adds	r3, r3, #12
  58 001c 0193     		str	r3, [sp, #4]
  59 001e 07F11403 		add	r3, r7, #20
  60 0022 0833     		adds	r3, r3, #8
ARM GAS  C:\Users\lenovo\AppData\Local\Temp\ccH4CMXf.s 			page 3


  61 0024 0093     		str	r3, [sp]
  62 0026 0B46     		mov	r3, r1
  63 0028 0D49     		ldr	r1, .L4
  64 002a 7868     		ldr	r0, [r7, #4]
  65 002c FFF7FEFF 		bl	sscanf
  66 0030 7862     		str	r0, [r7, #36]
  54:c:/Users/lenovo/Desktop/AIoT/first_day/firstday_afternoon/LiteOS_Lab_STM32_IoT/iot_link/network/tcpip/sal\sal_netdb.c ****     if(para == 4)
  67              		.loc 1 54 7
  68 0032 7B6A     		ldr	r3, [r7, #36]
  69 0034 042B     		cmp	r3, #4
  70 0036 0DD1     		bne	.L2
  55:c:/Users/lenovo/Desktop/AIoT/first_day/firstday_afternoon/LiteOS_Lab_STM32_IoT/iot_link/network/tcpip/sal\sal_netdb.c ****     {
  56:c:/Users/lenovo/Desktop/AIoT/first_day/firstday_afternoon/LiteOS_Lab_STM32_IoT/iot_link/network/tcpip/sal\sal_netdb.c ****         ip[0] = (unsigned char)tmp[0];
  71              		.loc 1 56 35
  72 0038 7B69     		ldr	r3, [r7, #20]
  73              		.loc 1 56 17
  74 003a DBB2     		uxtb	r3, r3
  75              		.loc 1 56 15
  76 003c 3B73     		strb	r3, [r7, #12]
  57:c:/Users/lenovo/Desktop/AIoT/first_day/firstday_afternoon/LiteOS_Lab_STM32_IoT/iot_link/network/tcpip/sal\sal_netdb.c ****         ip[1] = (unsigned char)tmp[1];
  77              		.loc 1 57 35
  78 003e BB69     		ldr	r3, [r7, #24]
  79              		.loc 1 57 17
  80 0040 DBB2     		uxtb	r3, r3
  81              		.loc 1 57 15
  82 0042 7B73     		strb	r3, [r7, #13]
  58:c:/Users/lenovo/Desktop/AIoT/first_day/firstday_afternoon/LiteOS_Lab_STM32_IoT/iot_link/network/tcpip/sal\sal_netdb.c ****         ip[2] = (unsigned char)tmp[2];
  83              		.loc 1 58 35
  84 0044 FB69     		ldr	r3, [r7, #28]
  85              		.loc 1 58 17
  86 0046 DBB2     		uxtb	r3, r3
  87              		.loc 1 58 15
  88 0048 BB73     		strb	r3, [r7, #14]
  59:c:/Users/lenovo/Desktop/AIoT/first_day/firstday_afternoon/LiteOS_Lab_STM32_IoT/iot_link/network/tcpip/sal\sal_netdb.c ****         ip[3] = (unsigned char)tmp[3];
  89              		.loc 1 59 35
  90 004a 3B6A     		ldr	r3, [r7, #32]
  91              		.loc 1 59 17
  92 004c DBB2     		uxtb	r3, r3
  93              		.loc 1 59 15
  94 004e FB73     		strb	r3, [r7, #15]
  95 0050 FB68     		ldr	r3, [r7, #12]
  60:c:/Users/lenovo/Desktop/AIoT/first_day/firstday_afternoon/LiteOS_Lab_STM32_IoT/iot_link/network/tcpip/sal\sal_netdb.c ****         memcpy((void *)&result,(void *)ip,sizeof(result));
  96              		.loc 1 60 9
  97 0052 3B61     		str	r3, [r7, #16]
  98              	.L2:
  61:c:/Users/lenovo/Desktop/AIoT/first_day/firstday_afternoon/LiteOS_Lab_STM32_IoT/iot_link/network/tcpip/sal\sal_netdb.c ****     }
  62:c:/Users/lenovo/Desktop/AIoT/first_day/firstday_afternoon/LiteOS_Lab_STM32_IoT/iot_link/network/tcpip/sal\sal_netdb.c ****     return result;
  99              		.loc 1 62 12
 100 0054 3B69     		ldr	r3, [r7, #16]
  63:c:/Users/lenovo/Desktop/AIoT/first_day/firstday_afternoon/LiteOS_Lab_STM32_IoT/iot_link/network/tcpip/sal\sal_netdb.c **** }
 101              		.loc 1 63 1
 102 0056 1846     		mov	r0, r3
 103 0058 2837     		adds	r7, r7, #40
 104              	.LCFI3:
 105              		.cfi_def_cfa_offset 8
 106 005a BD46     		mov	sp, r7
 107              	.LCFI4:
ARM GAS  C:\Users\lenovo\AppData\Local\Temp\ccH4CMXf.s 			page 4


 108              		.cfi_def_cfa_register 13
 109              		@ sp needed
 110 005c 80BD     		pop	{r7, pc}
 111              	.L5:
 112 005e 00BF     		.align	2
 113              	.L4:
 114 0060 00000000 		.word	.LC0
 115              		.cfi_endproc
 116              	.LFE3:
 118              		.section	.text.inet_aton,"ax",%progbits
 119              		.align	1
 120              		.weak	inet_aton
 121              		.syntax unified
 122              		.thumb
 123              		.thumb_func
 124              		.fpu fpv4-sp-d16
 126              	inet_aton:
 127              	.LFB4:
  64:c:/Users/lenovo/Desktop/AIoT/first_day/firstday_afternoon/LiteOS_Lab_STM32_IoT/iot_link/network/tcpip/sal\sal_netdb.c **** 
  65:c:/Users/lenovo/Desktop/AIoT/first_day/firstday_afternoon/LiteOS_Lab_STM32_IoT/iot_link/network/tcpip/sal\sal_netdb.c **** __attribute__((weak)) int inet_aton(const char *string,struct in_addr *addr)
  66:c:/Users/lenovo/Desktop/AIoT/first_day/firstday_afternoon/LiteOS_Lab_STM32_IoT/iot_link/network/tcpip/sal\sal_netdb.c **** {
 128              		.loc 1 66 1
 129              		.cfi_startproc
 130              		@ args = 0, pretend = 0, frame = 40
 131              		@ frame_needed = 1, uses_anonymous_args = 0
 132 0000 80B5     		push	{r7, lr}
 133              	.LCFI5:
 134              		.cfi_def_cfa_offset 8
 135              		.cfi_offset 7, -8
 136              		.cfi_offset 14, -4
 137 0002 8CB0     		sub	sp, sp, #48
 138              	.LCFI6:
 139              		.cfi_def_cfa_offset 56
 140 0004 02AF     		add	r7, sp, #8
 141              	.LCFI7:
 142              		.cfi_def_cfa 7, 48
 143 0006 7860     		str	r0, [r7, #4]
 144 0008 3960     		str	r1, [r7]
  67:c:/Users/lenovo/Desktop/AIoT/first_day/firstday_afternoon/LiteOS_Lab_STM32_IoT/iot_link/network/tcpip/sal\sal_netdb.c ****     int para;
  68:c:/Users/lenovo/Desktop/AIoT/first_day/firstday_afternoon/LiteOS_Lab_STM32_IoT/iot_link/network/tcpip/sal\sal_netdb.c ****     int tmp[4];
  69:c:/Users/lenovo/Desktop/AIoT/first_day/firstday_afternoon/LiteOS_Lab_STM32_IoT/iot_link/network/tcpip/sal\sal_netdb.c ****     unsigned char  ip[4];
  70:c:/Users/lenovo/Desktop/AIoT/first_day/firstday_afternoon/LiteOS_Lab_STM32_IoT/iot_link/network/tcpip/sal\sal_netdb.c ****     int result = 0;
 145              		.loc 1 70 9
 146 000a 0023     		movs	r3, #0
 147 000c 7B62     		str	r3, [r7, #36]
  71:c:/Users/lenovo/Desktop/AIoT/first_day/firstday_afternoon/LiteOS_Lab_STM32_IoT/iot_link/network/tcpip/sal\sal_netdb.c **** 
  72:c:/Users/lenovo/Desktop/AIoT/first_day/firstday_afternoon/LiteOS_Lab_STM32_IoT/iot_link/network/tcpip/sal\sal_netdb.c ****     para = sscanf(string,"%d.%d.%d.%d",&tmp[0],&tmp[1],&tmp[2],&tmp[3]);
 148              		.loc 1 72 12
 149 000e 07F11003 		add	r3, r7, #16
 150 0012 191D     		adds	r1, r3, #4
 151 0014 07F11002 		add	r2, r7, #16
 152 0018 07F11003 		add	r3, r7, #16
 153 001c 0C33     		adds	r3, r3, #12
 154 001e 0193     		str	r3, [sp, #4]
 155 0020 07F11003 		add	r3, r7, #16
 156 0024 0833     		adds	r3, r3, #8
 157 0026 0093     		str	r3, [sp]
ARM GAS  C:\Users\lenovo\AppData\Local\Temp\ccH4CMXf.s 			page 5


 158 0028 0B46     		mov	r3, r1
 159 002a 0F49     		ldr	r1, .L9
 160 002c 7868     		ldr	r0, [r7, #4]
 161 002e FFF7FEFF 		bl	sscanf
 162 0032 3862     		str	r0, [r7, #32]
  73:c:/Users/lenovo/Desktop/AIoT/first_day/firstday_afternoon/LiteOS_Lab_STM32_IoT/iot_link/network/tcpip/sal\sal_netdb.c ****     if(para == 4)
 163              		.loc 1 73 7
 164 0034 3B6A     		ldr	r3, [r7, #32]
 165 0036 042B     		cmp	r3, #4
 166 0038 10D1     		bne	.L7
  74:c:/Users/lenovo/Desktop/AIoT/first_day/firstday_afternoon/LiteOS_Lab_STM32_IoT/iot_link/network/tcpip/sal\sal_netdb.c ****     {
  75:c:/Users/lenovo/Desktop/AIoT/first_day/firstday_afternoon/LiteOS_Lab_STM32_IoT/iot_link/network/tcpip/sal\sal_netdb.c ****         ip[0] = (unsigned char)tmp[0];
 167              		.loc 1 75 35
 168 003a 3B69     		ldr	r3, [r7, #16]
 169              		.loc 1 75 17
 170 003c DBB2     		uxtb	r3, r3
 171              		.loc 1 75 15
 172 003e 3B73     		strb	r3, [r7, #12]
  76:c:/Users/lenovo/Desktop/AIoT/first_day/firstday_afternoon/LiteOS_Lab_STM32_IoT/iot_link/network/tcpip/sal\sal_netdb.c ****         ip[1] = (unsigned char)tmp[1];
 173              		.loc 1 76 35
 174 0040 7B69     		ldr	r3, [r7, #20]
 175              		.loc 1 76 17
 176 0042 DBB2     		uxtb	r3, r3
 177              		.loc 1 76 15
 178 0044 7B73     		strb	r3, [r7, #13]
  77:c:/Users/lenovo/Desktop/AIoT/first_day/firstday_afternoon/LiteOS_Lab_STM32_IoT/iot_link/network/tcpip/sal\sal_netdb.c ****         ip[2] = (unsigned char)tmp[2];
 179              		.loc 1 77 35
 180 0046 BB69     		ldr	r3, [r7, #24]
 181              		.loc 1 77 17
 182 0048 DBB2     		uxtb	r3, r3
 183              		.loc 1 77 15
 184 004a BB73     		strb	r3, [r7, #14]
  78:c:/Users/lenovo/Desktop/AIoT/first_day/firstday_afternoon/LiteOS_Lab_STM32_IoT/iot_link/network/tcpip/sal\sal_netdb.c ****         ip[3] = (unsigned char)tmp[3];
 185              		.loc 1 78 35
 186 004c FB69     		ldr	r3, [r7, #28]
 187              		.loc 1 78 17
 188 004e DBB2     		uxtb	r3, r3
 189              		.loc 1 78 15
 190 0050 FB73     		strb	r3, [r7, #15]
 191 0052 FA68     		ldr	r2, [r7, #12]
  79:c:/Users/lenovo/Desktop/AIoT/first_day/firstday_afternoon/LiteOS_Lab_STM32_IoT/iot_link/network/tcpip/sal\sal_netdb.c ****         memcpy((void *)addr,(void *)ip,sizeof(ip));
 192              		.loc 1 79 9
 193 0054 3B68     		ldr	r3, [r7]
 194 0056 1A60     		str	r2, [r3]	@ unaligned
  80:c:/Users/lenovo/Desktop/AIoT/first_day/firstday_afternoon/LiteOS_Lab_STM32_IoT/iot_link/network/tcpip/sal\sal_netdb.c ****         result = 1;
 195              		.loc 1 80 16
 196 0058 0123     		movs	r3, #1
 197 005a 7B62     		str	r3, [r7, #36]
 198              	.L7:
  81:c:/Users/lenovo/Desktop/AIoT/first_day/firstday_afternoon/LiteOS_Lab_STM32_IoT/iot_link/network/tcpip/sal\sal_netdb.c ****     }
  82:c:/Users/lenovo/Desktop/AIoT/first_day/firstday_afternoon/LiteOS_Lab_STM32_IoT/iot_link/network/tcpip/sal\sal_netdb.c **** 
  83:c:/Users/lenovo/Desktop/AIoT/first_day/firstday_afternoon/LiteOS_Lab_STM32_IoT/iot_link/network/tcpip/sal\sal_netdb.c ****     return result;
 199              		.loc 1 83 12
 200 005c 7B6A     		ldr	r3, [r7, #36]
  84:c:/Users/lenovo/Desktop/AIoT/first_day/firstday_afternoon/LiteOS_Lab_STM32_IoT/iot_link/network/tcpip/sal\sal_netdb.c **** }
 201              		.loc 1 84 1
 202 005e 1846     		mov	r0, r3
ARM GAS  C:\Users\lenovo\AppData\Local\Temp\ccH4CMXf.s 			page 6


 203 0060 2837     		adds	r7, r7, #40
 204              	.LCFI8:
 205              		.cfi_def_cfa_offset 8
 206 0062 BD46     		mov	sp, r7
 207              	.LCFI9:
 208              		.cfi_def_cfa_register 13
 209              		@ sp needed
 210 0064 80BD     		pop	{r7, pc}
 211              	.L10:
 212 0066 00BF     		.align	2
 213              	.L9:
 214 0068 00000000 		.word	.LC0
 215              		.cfi_endproc
 216              	.LFE4:
 218              		.section	.bss.s_inet_addr_buf,"aw",%nobits
 219              		.align	2
 222              	s_inet_addr_buf:
 223 0000 00000000 		.space	16
 223      00000000 
 223      00000000 
 223      00000000 
 224              		.section	.text.inet_ntoa,"ax",%progbits
 225              		.align	1
 226              		.weak	inet_ntoa
 227              		.syntax unified
 228              		.thumb
 229              		.thumb_func
 230              		.fpu fpv4-sp-d16
 232              	inet_ntoa:
 233              	.LFB5:
  85:c:/Users/lenovo/Desktop/AIoT/first_day/firstday_afternoon/LiteOS_Lab_STM32_IoT/iot_link/network/tcpip/sal\sal_netdb.c **** 
  86:c:/Users/lenovo/Desktop/AIoT/first_day/firstday_afternoon/LiteOS_Lab_STM32_IoT/iot_link/network/tcpip/sal\sal_netdb.c **** 
  87:c:/Users/lenovo/Desktop/AIoT/first_day/firstday_afternoon/LiteOS_Lab_STM32_IoT/iot_link/network/tcpip/sal\sal_netdb.c **** #define cn_inet_addrlen_max     16
  88:c:/Users/lenovo/Desktop/AIoT/first_day/firstday_afternoon/LiteOS_Lab_STM32_IoT/iot_link/network/tcpip/sal\sal_netdb.c **** static  char s_inet_addr_buf[cn_inet_addrlen_max];
  89:c:/Users/lenovo/Desktop/AIoT/first_day/firstday_afternoon/LiteOS_Lab_STM32_IoT/iot_link/network/tcpip/sal\sal_netdb.c **** 
  90:c:/Users/lenovo/Desktop/AIoT/first_day/firstday_afternoon/LiteOS_Lab_STM32_IoT/iot_link/network/tcpip/sal\sal_netdb.c **** __attribute__((weak)) char *inet_ntoa(struct in_addr addr)
  91:c:/Users/lenovo/Desktop/AIoT/first_day/firstday_afternoon/LiteOS_Lab_STM32_IoT/iot_link/network/tcpip/sal\sal_netdb.c **** {
 234              		.loc 1 91 1
 235              		.cfi_startproc
 236              		@ args = 0, pretend = 0, frame = 32
 237              		@ frame_needed = 1, uses_anonymous_args = 0
 238 0000 80B5     		push	{r7, lr}
 239              	.LCFI10:
 240              		.cfi_def_cfa_offset 8
 241              		.cfi_offset 7, -8
 242              		.cfi_offset 14, -4
 243 0002 8AB0     		sub	sp, sp, #40
 244              	.LCFI11:
 245              		.cfi_def_cfa_offset 48
 246 0004 02AF     		add	r7, sp, #8
 247              	.LCFI12:
 248              		.cfi_def_cfa 7, 40
 249 0006 7860     		str	r0, [r7, #4]
 250 0008 7B68     		ldr	r3, [r7, #4]
  92:c:/Users/lenovo/Desktop/AIoT/first_day/firstday_afternoon/LiteOS_Lab_STM32_IoT/iot_link/network/tcpip/sal\sal_netdb.c ****     unsigned char ip[4];
  93:c:/Users/lenovo/Desktop/AIoT/first_day/firstday_afternoon/LiteOS_Lab_STM32_IoT/iot_link/network/tcpip/sal\sal_netdb.c ****     int tmp[4];
  94:c:/Users/lenovo/Desktop/AIoT/first_day/firstday_afternoon/LiteOS_Lab_STM32_IoT/iot_link/network/tcpip/sal\sal_netdb.c ****     memcpy((void *)ip,(void *)&addr,sizeof(ip));
ARM GAS  C:\Users\lenovo\AppData\Local\Temp\ccH4CMXf.s 			page 7


 251              		.loc 1 94 5
 252 000a FB61     		str	r3, [r7, #28]
  95:c:/Users/lenovo/Desktop/AIoT/first_day/firstday_afternoon/LiteOS_Lab_STM32_IoT/iot_link/network/tcpip/sal\sal_netdb.c ****     memset((void *)s_inet_addr_buf,0,cn_inet_addrlen_max);
 253              		.loc 1 95 5
 254 000c 1022     		movs	r2, #16
 255 000e 0021     		movs	r1, #0
 256 0010 0D48     		ldr	r0, .L13
 257 0012 FFF7FEFF 		bl	memset
  96:c:/Users/lenovo/Desktop/AIoT/first_day/firstday_afternoon/LiteOS_Lab_STM32_IoT/iot_link/network/tcpip/sal\sal_netdb.c **** 
  97:c:/Users/lenovo/Desktop/AIoT/first_day/firstday_afternoon/LiteOS_Lab_STM32_IoT/iot_link/network/tcpip/sal\sal_netdb.c ****     tmp[0] = (int)ip[0];
 258              		.loc 1 97 21
 259 0016 3B7F     		ldrb	r3, [r7, #28]	@ zero_extendqisi2
 260              		.loc 1 97 12
 261 0018 FB60     		str	r3, [r7, #12]
  98:c:/Users/lenovo/Desktop/AIoT/first_day/firstday_afternoon/LiteOS_Lab_STM32_IoT/iot_link/network/tcpip/sal\sal_netdb.c ****     tmp[1] = (int)ip[1];
 262              		.loc 1 98 21
 263 001a 7B7F     		ldrb	r3, [r7, #29]	@ zero_extendqisi2
 264              		.loc 1 98 12
 265 001c 3B61     		str	r3, [r7, #16]
  99:c:/Users/lenovo/Desktop/AIoT/first_day/firstday_afternoon/LiteOS_Lab_STM32_IoT/iot_link/network/tcpip/sal\sal_netdb.c ****     tmp[2] = (int)ip[2];
 266              		.loc 1 99 21
 267 001e BB7F     		ldrb	r3, [r7, #30]	@ zero_extendqisi2
 268              		.loc 1 99 12
 269 0020 7B61     		str	r3, [r7, #20]
 100:c:/Users/lenovo/Desktop/AIoT/first_day/firstday_afternoon/LiteOS_Lab_STM32_IoT/iot_link/network/tcpip/sal\sal_netdb.c ****     tmp[3] = (int)ip[3];
 270              		.loc 1 100 21
 271 0022 FB7F     		ldrb	r3, [r7, #31]	@ zero_extendqisi2
 272              		.loc 1 100 12
 273 0024 BB61     		str	r3, [r7, #24]
 101:c:/Users/lenovo/Desktop/AIoT/first_day/firstday_afternoon/LiteOS_Lab_STM32_IoT/iot_link/network/tcpip/sal\sal_netdb.c ****     sprintf(s_inet_addr_buf,"%d.%d.%d.%d",tmp[0],tmp[1],tmp[2],tmp[3]);
 274              		.loc 1 101 5
 275 0026 F968     		ldr	r1, [r7, #12]
 276 0028 3869     		ldr	r0, [r7, #16]
 277 002a 7B69     		ldr	r3, [r7, #20]
 278 002c BA69     		ldr	r2, [r7, #24]
 279 002e 0192     		str	r2, [sp, #4]
 280 0030 0093     		str	r3, [sp]
 281 0032 0346     		mov	r3, r0
 282 0034 0A46     		mov	r2, r1
 283 0036 0549     		ldr	r1, .L13+4
 284 0038 0348     		ldr	r0, .L13
 285 003a FFF7FEFF 		bl	sprintf
 102:c:/Users/lenovo/Desktop/AIoT/first_day/firstday_afternoon/LiteOS_Lab_STM32_IoT/iot_link/network/tcpip/sal\sal_netdb.c **** 
 103:c:/Users/lenovo/Desktop/AIoT/first_day/firstday_afternoon/LiteOS_Lab_STM32_IoT/iot_link/network/tcpip/sal\sal_netdb.c ****     return (char *)s_inet_addr_buf;
 286              		.loc 1 103 12
 287 003e 024B     		ldr	r3, .L13
 104:c:/Users/lenovo/Desktop/AIoT/first_day/firstday_afternoon/LiteOS_Lab_STM32_IoT/iot_link/network/tcpip/sal\sal_netdb.c **** }
 288              		.loc 1 104 1
 289 0040 1846     		mov	r0, r3
 290 0042 2037     		adds	r7, r7, #32
 291              	.LCFI13:
 292              		.cfi_def_cfa_offset 8
 293 0044 BD46     		mov	sp, r7
 294              	.LCFI14:
 295              		.cfi_def_cfa_register 13
 296              		@ sp needed
 297 0046 80BD     		pop	{r7, pc}
ARM GAS  C:\Users\lenovo\AppData\Local\Temp\ccH4CMXf.s 			page 8


 298              	.L14:
 299              		.align	2
 300              	.L13:
 301 0048 00000000 		.word	s_inet_addr_buf
 302 004c 00000000 		.word	.LC0
 303              		.cfi_endproc
 304              	.LFE5:
 306              		.section	.text.inet_ntop,"ax",%progbits
 307              		.align	1
 308              		.weak	inet_ntop
 309              		.syntax unified
 310              		.thumb
 311              		.thumb_func
 312              		.fpu fpv4-sp-d16
 314              	inet_ntop:
 315              	.LFB6:
 105:c:/Users/lenovo/Desktop/AIoT/first_day/firstday_afternoon/LiteOS_Lab_STM32_IoT/iot_link/network/tcpip/sal\sal_netdb.c **** 
 106:c:/Users/lenovo/Desktop/AIoT/first_day/firstday_afternoon/LiteOS_Lab_STM32_IoT/iot_link/network/tcpip/sal\sal_netdb.c **** __attribute__((weak)) const char *inet_ntop(int af, const void *src, char *dst, socklen_t cnt)
 107:c:/Users/lenovo/Desktop/AIoT/first_day/firstday_afternoon/LiteOS_Lab_STM32_IoT/iot_link/network/tcpip/sal\sal_netdb.c **** {
 316              		.loc 1 107 1
 317              		.cfi_startproc
 318              		@ args = 0, pretend = 0, frame = 32
 319              		@ frame_needed = 1, uses_anonymous_args = 0
 320 0000 80B5     		push	{r7, lr}
 321              	.LCFI15:
 322              		.cfi_def_cfa_offset 8
 323              		.cfi_offset 7, -8
 324              		.cfi_offset 14, -4
 325 0002 88B0     		sub	sp, sp, #32
 326              	.LCFI16:
 327              		.cfi_def_cfa_offset 40
 328 0004 00AF     		add	r7, sp, #0
 329              	.LCFI17:
 330              		.cfi_def_cfa_register 7
 331 0006 F860     		str	r0, [r7, #12]
 332 0008 B960     		str	r1, [r7, #8]
 333 000a 7A60     		str	r2, [r7, #4]
 334 000c 3B60     		str	r3, [r7]
 108:c:/Users/lenovo/Desktop/AIoT/first_day/firstday_afternoon/LiteOS_Lab_STM32_IoT/iot_link/network/tcpip/sal\sal_netdb.c ****     char *str;
 109:c:/Users/lenovo/Desktop/AIoT/first_day/firstday_afternoon/LiteOS_Lab_STM32_IoT/iot_link/network/tcpip/sal\sal_netdb.c ****     char          *result = NULL;
 335              		.loc 1 109 20
 336 000e 0023     		movs	r3, #0
 337 0010 FB61     		str	r3, [r7, #28]
 110:c:/Users/lenovo/Desktop/AIoT/first_day/firstday_afternoon/LiteOS_Lab_STM32_IoT/iot_link/network/tcpip/sal\sal_netdb.c ****     struct in_addr addr;
 111:c:/Users/lenovo/Desktop/AIoT/first_day/firstday_afternoon/LiteOS_Lab_STM32_IoT/iot_link/network/tcpip/sal\sal_netdb.c **** 
 112:c:/Users/lenovo/Desktop/AIoT/first_day/firstday_afternoon/LiteOS_Lab_STM32_IoT/iot_link/network/tcpip/sal\sal_netdb.c ****     if((NULL == src)||(NULL == dst))
 338              		.loc 1 112 7
 339 0012 BB68     		ldr	r3, [r7, #8]
 340 0014 002B     		cmp	r3, #0
 341 0016 02D0     		beq	.L16
 342              		.loc 1 112 21 discriminator 1
 343 0018 7B68     		ldr	r3, [r7, #4]
 344 001a 002B     		cmp	r3, #0
 345 001c 01D1     		bne	.L17
 346              	.L16:
 113:c:/Users/lenovo/Desktop/AIoT/first_day/firstday_afternoon/LiteOS_Lab_STM32_IoT/iot_link/network/tcpip/sal\sal_netdb.c ****     {
 114:c:/Users/lenovo/Desktop/AIoT/first_day/firstday_afternoon/LiteOS_Lab_STM32_IoT/iot_link/network/tcpip/sal\sal_netdb.c ****         return result;
ARM GAS  C:\Users\lenovo\AppData\Local\Temp\ccH4CMXf.s 			page 9


 347              		.loc 1 114 16
 348 001e FB69     		ldr	r3, [r7, #28]
 349 0020 21E0     		b	.L20
 350              	.L17:
 115:c:/Users/lenovo/Desktop/AIoT/first_day/firstday_afternoon/LiteOS_Lab_STM32_IoT/iot_link/network/tcpip/sal\sal_netdb.c ****     }
 116:c:/Users/lenovo/Desktop/AIoT/first_day/firstday_afternoon/LiteOS_Lab_STM32_IoT/iot_link/network/tcpip/sal\sal_netdb.c **** 
 117:c:/Users/lenovo/Desktop/AIoT/first_day/firstday_afternoon/LiteOS_Lab_STM32_IoT/iot_link/network/tcpip/sal\sal_netdb.c ****     if(af==AF_INET)
 351              		.loc 1 117 7
 352 0022 FB68     		ldr	r3, [r7, #12]
 353 0024 022B     		cmp	r3, #2
 354 0026 1DD1     		bne	.L19
 355 0028 BB68     		ldr	r3, [r7, #8]
 356 002a 1B68     		ldr	r3, [r3]	@ unaligned
 118:c:/Users/lenovo/Desktop/AIoT/first_day/firstday_afternoon/LiteOS_Lab_STM32_IoT/iot_link/network/tcpip/sal\sal_netdb.c ****     {
 119:c:/Users/lenovo/Desktop/AIoT/first_day/firstday_afternoon/LiteOS_Lab_STM32_IoT/iot_link/network/tcpip/sal\sal_netdb.c **** 
 120:c:/Users/lenovo/Desktop/AIoT/first_day/firstday_afternoon/LiteOS_Lab_STM32_IoT/iot_link/network/tcpip/sal\sal_netdb.c ****         memcpy((void *)&addr,src,sizeof(addr));
 357              		.loc 1 120 9
 358 002c 7B61     		str	r3, [r7, #20]
 121:c:/Users/lenovo/Desktop/AIoT/first_day/firstday_afternoon/LiteOS_Lab_STM32_IoT/iot_link/network/tcpip/sal\sal_netdb.c ****         str = inet_ntoa(addr);
 359              		.loc 1 121 15
 360 002e 7869     		ldr	r0, [r7, #20]
 361 0030 FFF7FEFF 		bl	inet_ntoa
 362 0034 B861     		str	r0, [r7, #24]
 122:c:/Users/lenovo/Desktop/AIoT/first_day/firstday_afternoon/LiteOS_Lab_STM32_IoT/iot_link/network/tcpip/sal\sal_netdb.c **** 
 123:c:/Users/lenovo/Desktop/AIoT/first_day/firstday_afternoon/LiteOS_Lab_STM32_IoT/iot_link/network/tcpip/sal\sal_netdb.c ****         if((NULL != str)&&(cnt > (strlen(str)+1)))
 363              		.loc 1 123 11
 364 0036 BB69     		ldr	r3, [r7, #24]
 365 0038 002B     		cmp	r3, #0
 366 003a 13D0     		beq	.L19
 367              		.loc 1 123 35 discriminator 1
 368 003c B869     		ldr	r0, [r7, #24]
 369 003e FFF7FEFF 		bl	strlen
 370 0042 0346     		mov	r3, r0
 371              		.loc 1 123 46 discriminator 1
 372 0044 5A1C     		adds	r2, r3, #1
 373              		.loc 1 123 32 discriminator 1
 374 0046 3B68     		ldr	r3, [r7]
 375              		.loc 1 123 25 discriminator 1
 376 0048 9A42     		cmp	r2, r3
 377 004a 0BD2     		bcs	.L19
 124:c:/Users/lenovo/Desktop/AIoT/first_day/firstday_afternoon/LiteOS_Lab_STM32_IoT/iot_link/network/tcpip/sal\sal_netdb.c ****         {
 125:c:/Users/lenovo/Desktop/AIoT/first_day/firstday_afternoon/LiteOS_Lab_STM32_IoT/iot_link/network/tcpip/sal\sal_netdb.c ****             memcpy((void*)dst,(void*)str,strlen(str)+1);
 378              		.loc 1 125 42
 379 004c B869     		ldr	r0, [r7, #24]
 380 004e FFF7FEFF 		bl	strlen
 381 0052 0346     		mov	r3, r0
 382              		.loc 1 125 13
 383 0054 0133     		adds	r3, r3, #1
 384 0056 1A46     		mov	r2, r3
 385 0058 B969     		ldr	r1, [r7, #24]
 386 005a 7868     		ldr	r0, [r7, #4]
 387 005c FFF7FEFF 		bl	memcpy
 126:c:/Users/lenovo/Desktop/AIoT/first_day/firstday_afternoon/LiteOS_Lab_STM32_IoT/iot_link/network/tcpip/sal\sal_netdb.c ****             result = dst;
 388              		.loc 1 126 20
 389 0060 7B68     		ldr	r3, [r7, #4]
 390 0062 FB61     		str	r3, [r7, #28]
 391              	.L19:
ARM GAS  C:\Users\lenovo\AppData\Local\Temp\ccH4CMXf.s 			page 10


 127:c:/Users/lenovo/Desktop/AIoT/first_day/firstday_afternoon/LiteOS_Lab_STM32_IoT/iot_link/network/tcpip/sal\sal_netdb.c ****         }
 128:c:/Users/lenovo/Desktop/AIoT/first_day/firstday_afternoon/LiteOS_Lab_STM32_IoT/iot_link/network/tcpip/sal\sal_netdb.c ****     }
 129:c:/Users/lenovo/Desktop/AIoT/first_day/firstday_afternoon/LiteOS_Lab_STM32_IoT/iot_link/network/tcpip/sal\sal_netdb.c **** 
 130:c:/Users/lenovo/Desktop/AIoT/first_day/firstday_afternoon/LiteOS_Lab_STM32_IoT/iot_link/network/tcpip/sal\sal_netdb.c ****     return result;
 392              		.loc 1 130 12
 393 0064 FB69     		ldr	r3, [r7, #28]
 394              	.L20:
 131:c:/Users/lenovo/Desktop/AIoT/first_day/firstday_afternoon/LiteOS_Lab_STM32_IoT/iot_link/network/tcpip/sal\sal_netdb.c **** }
 395              		.loc 1 131 1 discriminator 1
 396 0066 1846     		mov	r0, r3
 397 0068 2037     		adds	r7, r7, #32
 398              	.LCFI18:
 399              		.cfi_def_cfa_offset 8
 400 006a BD46     		mov	sp, r7
 401              	.LCFI19:
 402              		.cfi_def_cfa_register 13
 403              		@ sp needed
 404 006c 80BD     		pop	{r7, pc}
 405              		.cfi_endproc
 406              	.LFE6:
 408              		.section	.text.inet_pton,"ax",%progbits
 409              		.align	1
 410              		.weak	inet_pton
 411              		.syntax unified
 412              		.thumb
 413              		.thumb_func
 414              		.fpu fpv4-sp-d16
 416              	inet_pton:
 417              	.LFB7:
 132:c:/Users/lenovo/Desktop/AIoT/first_day/firstday_afternoon/LiteOS_Lab_STM32_IoT/iot_link/network/tcpip/sal\sal_netdb.c **** 
 133:c:/Users/lenovo/Desktop/AIoT/first_day/firstday_afternoon/LiteOS_Lab_STM32_IoT/iot_link/network/tcpip/sal\sal_netdb.c **** __attribute__((weak)) int inet_pton(int af, const char *src, void *dst)
 134:c:/Users/lenovo/Desktop/AIoT/first_day/firstday_afternoon/LiteOS_Lab_STM32_IoT/iot_link/network/tcpip/sal\sal_netdb.c **** {
 418              		.loc 1 134 1
 419              		.cfi_startproc
 420              		@ args = 0, pretend = 0, frame = 24
 421              		@ frame_needed = 1, uses_anonymous_args = 0
 422 0000 80B5     		push	{r7, lr}
 423              	.LCFI20:
 424              		.cfi_def_cfa_offset 8
 425              		.cfi_offset 7, -8
 426              		.cfi_offset 14, -4
 427 0002 86B0     		sub	sp, sp, #24
 428              	.LCFI21:
 429              		.cfi_def_cfa_offset 32
 430 0004 00AF     		add	r7, sp, #0
 431              	.LCFI22:
 432              		.cfi_def_cfa_register 7
 433 0006 F860     		str	r0, [r7, #12]
 434 0008 B960     		str	r1, [r7, #8]
 435 000a 7A60     		str	r2, [r7, #4]
 135:c:/Users/lenovo/Desktop/AIoT/first_day/firstday_afternoon/LiteOS_Lab_STM32_IoT/iot_link/network/tcpip/sal\sal_netdb.c **** 
 136:c:/Users/lenovo/Desktop/AIoT/first_day/firstday_afternoon/LiteOS_Lab_STM32_IoT/iot_link/network/tcpip/sal\sal_netdb.c ****     int result = -1;
 436              		.loc 1 136 9
 437 000c 4FF0FF33 		mov	r3, #-1
 438 0010 7B61     		str	r3, [r7, #20]
 137:c:/Users/lenovo/Desktop/AIoT/first_day/firstday_afternoon/LiteOS_Lab_STM32_IoT/iot_link/network/tcpip/sal\sal_netdb.c ****     struct in_addr addr;
 138:c:/Users/lenovo/Desktop/AIoT/first_day/firstday_afternoon/LiteOS_Lab_STM32_IoT/iot_link/network/tcpip/sal\sal_netdb.c **** 
ARM GAS  C:\Users\lenovo\AppData\Local\Temp\ccH4CMXf.s 			page 11


 139:c:/Users/lenovo/Desktop/AIoT/first_day/firstday_afternoon/LiteOS_Lab_STM32_IoT/iot_link/network/tcpip/sal\sal_netdb.c ****     if((NULL == src)||(NULL == dst))
 439              		.loc 1 139 7
 440 0012 BB68     		ldr	r3, [r7, #8]
 441 0014 002B     		cmp	r3, #0
 442 0016 02D0     		beq	.L22
 443              		.loc 1 139 21 discriminator 1
 444 0018 7B68     		ldr	r3, [r7, #4]
 445 001a 002B     		cmp	r3, #0
 446 001c 03D1     		bne	.L23
 447              	.L22:
 140:c:/Users/lenovo/Desktop/AIoT/first_day/firstday_afternoon/LiteOS_Lab_STM32_IoT/iot_link/network/tcpip/sal\sal_netdb.c ****     {
 141:c:/Users/lenovo/Desktop/AIoT/first_day/firstday_afternoon/LiteOS_Lab_STM32_IoT/iot_link/network/tcpip/sal\sal_netdb.c ****         result = 0;
 448              		.loc 1 141 16
 449 001e 0023     		movs	r3, #0
 450 0020 7B61     		str	r3, [r7, #20]
 142:c:/Users/lenovo/Desktop/AIoT/first_day/firstday_afternoon/LiteOS_Lab_STM32_IoT/iot_link/network/tcpip/sal\sal_netdb.c ****         return result;
 451              		.loc 1 142 16
 452 0022 7B69     		ldr	r3, [r7, #20]
 453 0024 11E0     		b	.L26
 454              	.L23:
 143:c:/Users/lenovo/Desktop/AIoT/first_day/firstday_afternoon/LiteOS_Lab_STM32_IoT/iot_link/network/tcpip/sal\sal_netdb.c ****     }
 144:c:/Users/lenovo/Desktop/AIoT/first_day/firstday_afternoon/LiteOS_Lab_STM32_IoT/iot_link/network/tcpip/sal\sal_netdb.c **** 
 145:c:/Users/lenovo/Desktop/AIoT/first_day/firstday_afternoon/LiteOS_Lab_STM32_IoT/iot_link/network/tcpip/sal\sal_netdb.c ****     if(af==AF_INET)
 455              		.loc 1 145 7
 456 0026 FB68     		ldr	r3, [r7, #12]
 457 0028 022B     		cmp	r3, #2
 458 002a 0DD1     		bne	.L25
 146:c:/Users/lenovo/Desktop/AIoT/first_day/firstday_afternoon/LiteOS_Lab_STM32_IoT/iot_link/network/tcpip/sal\sal_netdb.c ****     {
 147:c:/Users/lenovo/Desktop/AIoT/first_day/firstday_afternoon/LiteOS_Lab_STM32_IoT/iot_link/network/tcpip/sal\sal_netdb.c ****         if(inet_aton(src,&addr))
 459              		.loc 1 147 12
 460 002c 07F11003 		add	r3, r7, #16
 461 0030 1946     		mov	r1, r3
 462 0032 B868     		ldr	r0, [r7, #8]
 463 0034 FFF7FEFF 		bl	inet_aton
 464 0038 0346     		mov	r3, r0
 465              		.loc 1 147 11
 466 003a 002B     		cmp	r3, #0
 467 003c 04D0     		beq	.L25
 468 003e 3A69     		ldr	r2, [r7, #16]
 148:c:/Users/lenovo/Desktop/AIoT/first_day/firstday_afternoon/LiteOS_Lab_STM32_IoT/iot_link/network/tcpip/sal\sal_netdb.c ****         {
 149:c:/Users/lenovo/Desktop/AIoT/first_day/firstday_afternoon/LiteOS_Lab_STM32_IoT/iot_link/network/tcpip/sal\sal_netdb.c ****             memcpy((void *)dst,&addr,sizeof(addr));
 469              		.loc 1 149 13
 470 0040 7B68     		ldr	r3, [r7, #4]
 471 0042 1A60     		str	r2, [r3]	@ unaligned
 150:c:/Users/lenovo/Desktop/AIoT/first_day/firstday_afternoon/LiteOS_Lab_STM32_IoT/iot_link/network/tcpip/sal\sal_netdb.c ****             result = 1;
 472              		.loc 1 150 20
 473 0044 0123     		movs	r3, #1
 474 0046 7B61     		str	r3, [r7, #20]
 475              	.L25:
 151:c:/Users/lenovo/Desktop/AIoT/first_day/firstday_afternoon/LiteOS_Lab_STM32_IoT/iot_link/network/tcpip/sal\sal_netdb.c ****         }
 152:c:/Users/lenovo/Desktop/AIoT/first_day/firstday_afternoon/LiteOS_Lab_STM32_IoT/iot_link/network/tcpip/sal\sal_netdb.c ****     }
 153:c:/Users/lenovo/Desktop/AIoT/first_day/firstday_afternoon/LiteOS_Lab_STM32_IoT/iot_link/network/tcpip/sal\sal_netdb.c **** 
 154:c:/Users/lenovo/Desktop/AIoT/first_day/firstday_afternoon/LiteOS_Lab_STM32_IoT/iot_link/network/tcpip/sal\sal_netdb.c ****     return result;
 476              		.loc 1 154 12
 477 0048 7B69     		ldr	r3, [r7, #20]
 478              	.L26:
 155:c:/Users/lenovo/Desktop/AIoT/first_day/firstday_afternoon/LiteOS_Lab_STM32_IoT/iot_link/network/tcpip/sal\sal_netdb.c **** }
ARM GAS  C:\Users\lenovo\AppData\Local\Temp\ccH4CMXf.s 			page 12


 479              		.loc 1 155 1 discriminator 1
 480 004a 1846     		mov	r0, r3
 481 004c 1837     		adds	r7, r7, #24
 482              	.LCFI23:
 483              		.cfi_def_cfa_offset 8
 484 004e BD46     		mov	sp, r7
 485              	.LCFI24:
 486              		.cfi_def_cfa_register 13
 487              		@ sp needed
 488 0050 80BD     		pop	{r7, pc}
 489              		.cfi_endproc
 490              	.LFE7:
 492              		.text
 493              	.Letext0:
 494              		.file 2 "c:\\users\\lenovo\\.iotlink\\tools\\gcc-arm-none-eabi\\arm-none-eabi\\include\\machine\\_
 495              		.file 3 "c:\\users\\lenovo\\.iotlink\\tools\\gcc-arm-none-eabi\\arm-none-eabi\\include\\sys\\_stdi
 496              		.file 4 "c:\\users\\lenovo\\.iotlink\\tools\\gcc-arm-none-eabi\\arm-none-eabi\\include\\sys\\lock.
 497              		.file 5 "c:\\users\\lenovo\\.iotlink\\tools\\gcc-arm-none-eabi\\arm-none-eabi\\include\\sys\\_type
 498              		.file 6 "c:\\users\\lenovo\\.iotlink\\tools\\gcc-arm-none-eabi\\lib\\gcc\\arm-none-eabi\\9.2.1\\in
 499              		.file 7 "c:\\users\\lenovo\\.iotlink\\tools\\gcc-arm-none-eabi\\arm-none-eabi\\include\\sys\\reent
 500              		.file 8 "c:/Users/lenovo/Desktop/AIoT/first_day/firstday_afternoon/LiteOS_Lab_STM32_IoT/iot_link/i
ARM GAS  C:\Users\lenovo\AppData\Local\Temp\ccH4CMXf.s 			page 13


DEFINED SYMBOLS
                            *ABS*:00000000 sal_netdb.c
C:\Users\lenovo\AppData\Local\Temp\ccH4CMXf.s:18     .rodata:00000000 $d
C:\Users\lenovo\AppData\Local\Temp\ccH4CMXf.s:22     .text.inet_addr:00000000 $t
C:\Users\lenovo\AppData\Local\Temp\ccH4CMXf.s:30     .text.inet_addr:00000000 inet_addr
C:\Users\lenovo\AppData\Local\Temp\ccH4CMXf.s:114    .text.inet_addr:00000060 $d
C:\Users\lenovo\AppData\Local\Temp\ccH4CMXf.s:119    .text.inet_aton:00000000 $t
C:\Users\lenovo\AppData\Local\Temp\ccH4CMXf.s:126    .text.inet_aton:00000000 inet_aton
C:\Users\lenovo\AppData\Local\Temp\ccH4CMXf.s:214    .text.inet_aton:00000068 $d
C:\Users\lenovo\AppData\Local\Temp\ccH4CMXf.s:219    .bss.s_inet_addr_buf:00000000 $d
C:\Users\lenovo\AppData\Local\Temp\ccH4CMXf.s:222    .bss.s_inet_addr_buf:00000000 s_inet_addr_buf
C:\Users\lenovo\AppData\Local\Temp\ccH4CMXf.s:225    .text.inet_ntoa:00000000 $t
C:\Users\lenovo\AppData\Local\Temp\ccH4CMXf.s:232    .text.inet_ntoa:00000000 inet_ntoa
C:\Users\lenovo\AppData\Local\Temp\ccH4CMXf.s:301    .text.inet_ntoa:00000048 $d
C:\Users\lenovo\AppData\Local\Temp\ccH4CMXf.s:307    .text.inet_ntop:00000000 $t
C:\Users\lenovo\AppData\Local\Temp\ccH4CMXf.s:314    .text.inet_ntop:00000000 inet_ntop
C:\Users\lenovo\AppData\Local\Temp\ccH4CMXf.s:409    .text.inet_pton:00000000 $t
C:\Users\lenovo\AppData\Local\Temp\ccH4CMXf.s:416    .text.inet_pton:00000000 inet_pton

UNDEFINED SYMBOLS
sscanf
memset
sprintf
strlen
memcpy
