ARM GAS  C:\Users\lenovo\AppData\Local\Temp\ccGNbPkU.s 			page 1


   1              		.cpu cortex-m4
   2              		.eabi_attribute 27, 1
   3              		.eabi_attribute 28, 1
   4              		.eabi_attribute 20, 1
   5              		.eabi_attribute 21, 1
   6              		.eabi_attribute 23, 3
   7              		.eabi_attribute 24, 1
   8              		.eabi_attribute 25, 1
   9              		.eabi_attribute 26, 1
  10              		.eabi_attribute 30, 6
  11              		.eabi_attribute 34, 1
  12              		.eabi_attribute 18, 4
  13              		.file	"shell_cmd.c"
  14              		.text
  15              	.Ltext0:
  16              		.cfi_sections	.debug_frame
  17              		.section	.bss.gs_shell_cb,"aw",%nobits
  18              		.align	2
  21              	gs_shell_cb:
  22 0000 00000000 		.space	16
  22      00000000 
  22      00000000 
  22      00000000 
  23              		.section	.rodata
  24              		.align	2
  25              	.LC0:
  26 0000 434D4400 		.ascii	"CMD\000"
  27              		.align	2
  28              	.LC1:
  29 0004 56415200 		.ascii	"VAR\000"
  30              		.section	.data.gs_os_shell_type,"aw"
  31              		.align	2
  34              	gs_os_shell_type:
  35 0000 00000000 		.word	.LC0
  36 0004 04000000 		.word	.LC1
  37              		.section	.bss.tab_matches,"aw",%nobits
  38              		.align	2
  41              	tab_matches:
  42 0000 00000000 		.space	68
  42      00000000 
  42      00000000 
  42      00000000 
  42      00000000 
  43              		.section	.rodata
  44              		.align	2
  45              	.LC2:
  46 0008 4C656E00 		.ascii	"Len\000"
  47              		.align	2
  48              	.LC3:
  49 000c 54797065 		.ascii	"Type\000"
  49      00
  50 0011 000000   		.align	2
  51              	.LC4:
  52 0014 4E616D65 		.ascii	"Name\000"
  52      00
  53 0019 000000   		.align	2
  54              	.LC5:
ARM GAS  C:\Users\lenovo\AppData\Local\Temp\ccGNbPkU.s 			page 2


  55 001c 252D3136 		.ascii	"%-16s%-5s%-4s%-10s%-20s\012\015\000"
  55      73252D35 
  55      73252D34 
  55      73252D31 
  55      3073252D 
  56 0036 0000     		.align	2
  57              	.LC6:
  58 0038 44657363 		.ascii	"Description\000"
  58      72697074 
  58      696F6E00 
  59              		.align	2
  60              	.LC7:
  61 0044 52756E41 		.ascii	"RunAddr\000"
  61      64647200 
  62              		.align	2
  63              	.LC8:
  64 004c 252D3136 		.ascii	"%-16s%-5s%-4x%08x  %-30s\012\015\000"
  64      73252D35 
  64      73252D34 
  64      78253038 
  64      78202025 
  65 0067 00       		.align	2
  66              	.LC9:
  67 0068 252D3278 		.ascii	"%-2x  %-16s%-5s%-4x%08x  %-30s\012\015\000"
  67      2020252D 
  67      31367325 
  67      2D357325 
  67      2D347825 
  68              		.section	.text.shell_cmd_help,"ax",%progbits
  69              		.align	1
  70              		.arch armv7e-m
  71              		.syntax unified
  72              		.thumb
  73              		.thumb_func
  74              		.fpu fpv4-sp-d16
  76              	shell_cmd_help:
  77              	.LFB3:
  78              		.file 1 "c:/Users/lenovo/Desktop/AIoT/first_day/firstday_afternoon/LiteOS_Lab_STM32_IoT/iot_link/s
   1:c:/Users/lenovo/Desktop/AIoT/first_day/firstday_afternoon/LiteOS_Lab_STM32_IoT/iot_link/shell\shell_cmd.c **** /*----------------------------------------------------------------------------
   2:c:/Users/lenovo/Desktop/AIoT/first_day/firstday_afternoon/LiteOS_Lab_STM32_IoT/iot_link/shell\shell_cmd.c ****  * Copyright (c) <2018>, <Huawei Technologies Co., Ltd>
   3:c:/Users/lenovo/Desktop/AIoT/first_day/firstday_afternoon/LiteOS_Lab_STM32_IoT/iot_link/shell\shell_cmd.c ****  * All rights reserved.
   4:c:/Users/lenovo/Desktop/AIoT/first_day/firstday_afternoon/LiteOS_Lab_STM32_IoT/iot_link/shell\shell_cmd.c ****  * Redistribution and use in source and binary forms, with or without modification,
   5:c:/Users/lenovo/Desktop/AIoT/first_day/firstday_afternoon/LiteOS_Lab_STM32_IoT/iot_link/shell\shell_cmd.c ****  * are permitted provided that the following conditions are met:
   6:c:/Users/lenovo/Desktop/AIoT/first_day/firstday_afternoon/LiteOS_Lab_STM32_IoT/iot_link/shell\shell_cmd.c ****  * 1. Redistributions of source code must retain the above copyright notice, this list of
   7:c:/Users/lenovo/Desktop/AIoT/first_day/firstday_afternoon/LiteOS_Lab_STM32_IoT/iot_link/shell\shell_cmd.c ****  * conditions and the following disclaimer.
   8:c:/Users/lenovo/Desktop/AIoT/first_day/firstday_afternoon/LiteOS_Lab_STM32_IoT/iot_link/shell\shell_cmd.c ****  * 2. Redistributions in binary form must reproduce the above copyright notice, this list
   9:c:/Users/lenovo/Desktop/AIoT/first_day/firstday_afternoon/LiteOS_Lab_STM32_IoT/iot_link/shell\shell_cmd.c ****  * of conditions and the following disclaimer in the documentation and/or other materials
  10:c:/Users/lenovo/Desktop/AIoT/first_day/firstday_afternoon/LiteOS_Lab_STM32_IoT/iot_link/shell\shell_cmd.c ****  * provided with the distribution.
  11:c:/Users/lenovo/Desktop/AIoT/first_day/firstday_afternoon/LiteOS_Lab_STM32_IoT/iot_link/shell\shell_cmd.c ****  * 3. Neither the name of the copyright holder nor the names of its contributors may be used
  12:c:/Users/lenovo/Desktop/AIoT/first_day/firstday_afternoon/LiteOS_Lab_STM32_IoT/iot_link/shell\shell_cmd.c ****  * to endorse or promote products derived from this software without specific prior written
  13:c:/Users/lenovo/Desktop/AIoT/first_day/firstday_afternoon/LiteOS_Lab_STM32_IoT/iot_link/shell\shell_cmd.c ****  * permission.
  14:c:/Users/lenovo/Desktop/AIoT/first_day/firstday_afternoon/LiteOS_Lab_STM32_IoT/iot_link/shell\shell_cmd.c ****  * THIS SOFTWARE IS PROVIDED BY THE COPYRIGHT HOLDERS AND CONTRIBUTORS
  15:c:/Users/lenovo/Desktop/AIoT/first_day/firstday_afternoon/LiteOS_Lab_STM32_IoT/iot_link/shell\shell_cmd.c ****  * "AS IS" AND ANY EXPRESS OR IMPLIED WARRANTIES, INCLUDING, BUT NOT LIMITED TO,
  16:c:/Users/lenovo/Desktop/AIoT/first_day/firstday_afternoon/LiteOS_Lab_STM32_IoT/iot_link/shell\shell_cmd.c ****  * THE IMPLIED WARRANTIES OF MERCHANTABILITY AND FITNESS FOR A PARTICULAR
  17:c:/Users/lenovo/Desktop/AIoT/first_day/firstday_afternoon/LiteOS_Lab_STM32_IoT/iot_link/shell\shell_cmd.c ****  * PURPOSE ARE DISCLAIMED. IN NO EVENT SHALL THE COPYRIGHT HOLDER OR
  18:c:/Users/lenovo/Desktop/AIoT/first_day/firstday_afternoon/LiteOS_Lab_STM32_IoT/iot_link/shell\shell_cmd.c ****  * CONTRIBUTORS BE LIABLE FOR ANY DIRECT, INDIRECT, INCIDENTAL, SPECIAL,
  19:c:/Users/lenovo/Desktop/AIoT/first_day/firstday_afternoon/LiteOS_Lab_STM32_IoT/iot_link/shell\shell_cmd.c ****  * EXEMPLARY, OR CONSEQUENTIAL DAMAGES (INCLUDING, BUT NOT LIMITED TO,
ARM GAS  C:\Users\lenovo\AppData\Local\Temp\ccGNbPkU.s 			page 3


  20:c:/Users/lenovo/Desktop/AIoT/first_day/firstday_afternoon/LiteOS_Lab_STM32_IoT/iot_link/shell\shell_cmd.c ****  * PROCUREMENT OF SUBSTITUTE GOODS OR SERVICES; LOSS OF USE, DATA, OR PROFITS;
  21:c:/Users/lenovo/Desktop/AIoT/first_day/firstday_afternoon/LiteOS_Lab_STM32_IoT/iot_link/shell\shell_cmd.c ****  * OR BUSINESS INTERRUPTION) HOWEVER CAUSED AND ON ANY THEORY OF LIABILITY,
  22:c:/Users/lenovo/Desktop/AIoT/first_day/firstday_afternoon/LiteOS_Lab_STM32_IoT/iot_link/shell\shell_cmd.c ****  * WHETHER IN CONTRACT, STRICT LIABILITY, OR TORT (INCLUDING NEGLIGENCE OR
  23:c:/Users/lenovo/Desktop/AIoT/first_day/firstday_afternoon/LiteOS_Lab_STM32_IoT/iot_link/shell\shell_cmd.c ****  * OTHERWISE) ARISING IN ANY WAY OUT OF THE USE OF THIS SOFTWARE, EVEN IF
  24:c:/Users/lenovo/Desktop/AIoT/first_day/firstday_afternoon/LiteOS_Lab_STM32_IoT/iot_link/shell\shell_cmd.c ****  * ADVISED OF THE POSSIBILITY OF SUCH DAMAGE.
  25:c:/Users/lenovo/Desktop/AIoT/first_day/firstday_afternoon/LiteOS_Lab_STM32_IoT/iot_link/shell\shell_cmd.c ****  *---------------------------------------------------------------------------*/
  26:c:/Users/lenovo/Desktop/AIoT/first_day/firstday_afternoon/LiteOS_Lab_STM32_IoT/iot_link/shell\shell_cmd.c **** /*----------------------------------------------------------------------------
  27:c:/Users/lenovo/Desktop/AIoT/first_day/firstday_afternoon/LiteOS_Lab_STM32_IoT/iot_link/shell\shell_cmd.c ****  * Notice of Export Control Law
  28:c:/Users/lenovo/Desktop/AIoT/first_day/firstday_afternoon/LiteOS_Lab_STM32_IoT/iot_link/shell\shell_cmd.c ****  * ===============================================
  29:c:/Users/lenovo/Desktop/AIoT/first_day/firstday_afternoon/LiteOS_Lab_STM32_IoT/iot_link/shell\shell_cmd.c ****  * Huawei LiteOS may be subject to applicable export control laws and regulations, which might
  30:c:/Users/lenovo/Desktop/AIoT/first_day/firstday_afternoon/LiteOS_Lab_STM32_IoT/iot_link/shell\shell_cmd.c ****  * include those applicable to Huawei LiteOS of U.S. and the country in which you are located.
  31:c:/Users/lenovo/Desktop/AIoT/first_day/firstday_afternoon/LiteOS_Lab_STM32_IoT/iot_link/shell\shell_cmd.c ****  * Import, export and usage of Huawei LiteOS in any manner by you shall be in compliance with such
  32:c:/Users/lenovo/Desktop/AIoT/first_day/firstday_afternoon/LiteOS_Lab_STM32_IoT/iot_link/shell\shell_cmd.c ****  * applicable export control laws and regulations.
  33:c:/Users/lenovo/Desktop/AIoT/first_day/firstday_afternoon/LiteOS_Lab_STM32_IoT/iot_link/shell\shell_cmd.c ****  *---------------------------------------------------------------------------*/
  34:c:/Users/lenovo/Desktop/AIoT/first_day/firstday_afternoon/LiteOS_Lab_STM32_IoT/iot_link/shell\shell_cmd.c **** /**
  35:c:/Users/lenovo/Desktop/AIoT/first_day/firstday_afternoon/LiteOS_Lab_STM32_IoT/iot_link/shell\shell_cmd.c ****  *  DATE                AUTHOR      INSTRUCTION
  36:c:/Users/lenovo/Desktop/AIoT/first_day/firstday_afternoon/LiteOS_Lab_STM32_IoT/iot_link/shell\shell_cmd.c ****  *  2019-05-14 17:22  zhangqianfu  The first version
  37:c:/Users/lenovo/Desktop/AIoT/first_day/firstday_afternoon/LiteOS_Lab_STM32_IoT/iot_link/shell\shell_cmd.c ****  *
  38:c:/Users/lenovo/Desktop/AIoT/first_day/firstday_afternoon/LiteOS_Lab_STM32_IoT/iot_link/shell\shell_cmd.c ****  */
  39:c:/Users/lenovo/Desktop/AIoT/first_day/firstday_afternoon/LiteOS_Lab_STM32_IoT/iot_link/shell\shell_cmd.c **** 
  40:c:/Users/lenovo/Desktop/AIoT/first_day/firstday_afternoon/LiteOS_Lab_STM32_IoT/iot_link/shell\shell_cmd.c **** /**********************************README***************************************
  41:c:/Users/lenovo/Desktop/AIoT/first_day/firstday_afternoon/LiteOS_Lab_STM32_IoT/iot_link/shell\shell_cmd.c ****  * 1, we will load the command table in shell_cmd_init
  42:c:/Users/lenovo/Desktop/AIoT/first_day/firstday_afternoon/LiteOS_Lab_STM32_IoT/iot_link/shell\shell_cmd.c ****  * 2, uptil now, we support the keil,gcc,you could add more compiler here
  43:c:/Users/lenovo/Desktop/AIoT/first_day/firstday_afternoon/LiteOS_Lab_STM32_IoT/iot_link/shell\shell_cmd.c ****  *    make sure you get the method to define a section and know its address and size
  44:c:/Users/lenovo/Desktop/AIoT/first_day/firstday_afternoon/LiteOS_Lab_STM32_IoT/iot_link/shell\shell_cmd.c **** *******************************************************************************/
  45:c:/Users/lenovo/Desktop/AIoT/first_day/firstday_afternoon/LiteOS_Lab_STM32_IoT/iot_link/shell\shell_cmd.c **** 
  46:c:/Users/lenovo/Desktop/AIoT/first_day/firstday_afternoon/LiteOS_Lab_STM32_IoT/iot_link/shell\shell_cmd.c **** 
  47:c:/Users/lenovo/Desktop/AIoT/first_day/firstday_afternoon/LiteOS_Lab_STM32_IoT/iot_link/shell\shell_cmd.c **** /**************************************FILE INCLIUDES**************************/
  48:c:/Users/lenovo/Desktop/AIoT/first_day/firstday_afternoon/LiteOS_Lab_STM32_IoT/iot_link/shell\shell_cmd.c **** 
  49:c:/Users/lenovo/Desktop/AIoT/first_day/firstday_afternoon/LiteOS_Lab_STM32_IoT/iot_link/shell\shell_cmd.c **** #if CONFIG_SHELL_ENABLE
  50:c:/Users/lenovo/Desktop/AIoT/first_day/firstday_afternoon/LiteOS_Lab_STM32_IoT/iot_link/shell\shell_cmd.c **** 
  51:c:/Users/lenovo/Desktop/AIoT/first_day/firstday_afternoon/LiteOS_Lab_STM32_IoT/iot_link/shell\shell_cmd.c **** #include <stdint.h>
  52:c:/Users/lenovo/Desktop/AIoT/first_day/firstday_afternoon/LiteOS_Lab_STM32_IoT/iot_link/shell\shell_cmd.c **** #include <stddef.h>
  53:c:/Users/lenovo/Desktop/AIoT/first_day/firstday_afternoon/LiteOS_Lab_STM32_IoT/iot_link/shell\shell_cmd.c **** #include <stdio.h>
  54:c:/Users/lenovo/Desktop/AIoT/first_day/firstday_afternoon/LiteOS_Lab_STM32_IoT/iot_link/shell\shell_cmd.c **** #include <string.h>
  55:c:/Users/lenovo/Desktop/AIoT/first_day/firstday_afternoon/LiteOS_Lab_STM32_IoT/iot_link/shell\shell_cmd.c **** #include <stdlib.h>
  56:c:/Users/lenovo/Desktop/AIoT/first_day/firstday_afternoon/LiteOS_Lab_STM32_IoT/iot_link/shell\shell_cmd.c **** #include <shell.h>
  57:c:/Users/lenovo/Desktop/AIoT/first_day/firstday_afternoon/LiteOS_Lab_STM32_IoT/iot_link/shell\shell_cmd.c **** #include  <link_misc.h>
  58:c:/Users/lenovo/Desktop/AIoT/first_day/firstday_afternoon/LiteOS_Lab_STM32_IoT/iot_link/shell\shell_cmd.c **** 
  59:c:/Users/lenovo/Desktop/AIoT/first_day/firstday_afternoon/LiteOS_Lab_STM32_IoT/iot_link/shell\shell_cmd.c **** 
  60:c:/Users/lenovo/Desktop/AIoT/first_day/firstday_afternoon/LiteOS_Lab_STM32_IoT/iot_link/shell\shell_cmd.c **** typedef int (*fn_shell_cmdentry)(int argc, const char *argv[]);
  61:c:/Users/lenovo/Desktop/AIoT/first_day/firstday_afternoon/LiteOS_Lab_STM32_IoT/iot_link/shell\shell_cmd.c **** 
  62:c:/Users/lenovo/Desktop/AIoT/first_day/firstday_afternoon/LiteOS_Lab_STM32_IoT/iot_link/shell\shell_cmd.c **** 
  63:c:/Users/lenovo/Desktop/AIoT/first_day/firstday_afternoon/LiteOS_Lab_STM32_IoT/iot_link/shell\shell_cmd.c **** /**************************************FILE DEFINES****************************/
  64:c:/Users/lenovo/Desktop/AIoT/first_day/firstday_afternoon/LiteOS_Lab_STM32_IoT/iot_link/shell\shell_cmd.c **** #define cn_shell_args       16     //at most could support 16 parameters for command
  65:c:/Users/lenovo/Desktop/AIoT/first_day/firstday_afternoon/LiteOS_Lab_STM32_IoT/iot_link/shell\shell_cmd.c **** #define cn_shell_ver_major  1
  66:c:/Users/lenovo/Desktop/AIoT/first_day/firstday_afternoon/LiteOS_Lab_STM32_IoT/iot_link/shell\shell_cmd.c **** #define cn_shell_ver_minor  0
  67:c:/Users/lenovo/Desktop/AIoT/first_day/firstday_afternoon/LiteOS_Lab_STM32_IoT/iot_link/shell\shell_cmd.c **** 
  68:c:/Users/lenovo/Desktop/AIoT/first_day/firstday_afternoon/LiteOS_Lab_STM32_IoT/iot_link/shell\shell_cmd.c **** /**************************************FILE DATA STRUCTURE*********************/
  69:c:/Users/lenovo/Desktop/AIoT/first_day/firstday_afternoon/LiteOS_Lab_STM32_IoT/iot_link/shell\shell_cmd.c **** struct shell_cb_t
  70:c:/Users/lenovo/Desktop/AIoT/first_day/firstday_afternoon/LiteOS_Lab_STM32_IoT/iot_link/shell\shell_cmd.c **** {
  71:c:/Users/lenovo/Desktop/AIoT/first_day/firstday_afternoon/LiteOS_Lab_STM32_IoT/iot_link/shell\shell_cmd.c ****     struct shell_item_t *s;      //static tabs
  72:c:/Users/lenovo/Desktop/AIoT/first_day/firstday_afternoon/LiteOS_Lab_STM32_IoT/iot_link/shell\shell_cmd.c ****     int                  s_num;  //static number
  73:c:/Users/lenovo/Desktop/AIoT/first_day/firstday_afternoon/LiteOS_Lab_STM32_IoT/iot_link/shell\shell_cmd.c ****     struct shell_item_t *d;      //dynamic list
  74:c:/Users/lenovo/Desktop/AIoT/first_day/firstday_afternoon/LiteOS_Lab_STM32_IoT/iot_link/shell\shell_cmd.c ****     int                  d_num;  //dynamic number;
  75:c:/Users/lenovo/Desktop/AIoT/first_day/firstday_afternoon/LiteOS_Lab_STM32_IoT/iot_link/shell\shell_cmd.c **** };
  76:c:/Users/lenovo/Desktop/AIoT/first_day/firstday_afternoon/LiteOS_Lab_STM32_IoT/iot_link/shell\shell_cmd.c **** 
ARM GAS  C:\Users\lenovo\AppData\Local\Temp\ccGNbPkU.s 			page 4


  77:c:/Users/lenovo/Desktop/AIoT/first_day/firstday_afternoon/LiteOS_Lab_STM32_IoT/iot_link/shell\shell_cmd.c **** 
  78:c:/Users/lenovo/Desktop/AIoT/first_day/firstday_afternoon/LiteOS_Lab_STM32_IoT/iot_link/shell\shell_cmd.c **** /**************************************FILE VARS*******************************/
  79:c:/Users/lenovo/Desktop/AIoT/first_day/firstday_afternoon/LiteOS_Lab_STM32_IoT/iot_link/shell\shell_cmd.c **** static struct shell_cb_t gs_shell_cb; //shell controller here
  80:c:/Users/lenovo/Desktop/AIoT/first_day/firstday_afternoon/LiteOS_Lab_STM32_IoT/iot_link/shell\shell_cmd.c **** 
  81:c:/Users/lenovo/Desktop/AIoT/first_day/firstday_afternoon/LiteOS_Lab_STM32_IoT/iot_link/shell\shell_cmd.c **** static const char *gs_os_shell_type[EN_OSSHELL_LAST]={
  82:c:/Users/lenovo/Desktop/AIoT/first_day/firstday_afternoon/LiteOS_Lab_STM32_IoT/iot_link/shell\shell_cmd.c ****     "CMD",\
  83:c:/Users/lenovo/Desktop/AIoT/first_day/firstday_afternoon/LiteOS_Lab_STM32_IoT/iot_link/shell\shell_cmd.c ****     "VAR",
  84:c:/Users/lenovo/Desktop/AIoT/first_day/firstday_afternoon/LiteOS_Lab_STM32_IoT/iot_link/shell\shell_cmd.c **** };//this will be used in show the shell type
  85:c:/Users/lenovo/Desktop/AIoT/first_day/firstday_afternoon/LiteOS_Lab_STM32_IoT/iot_link/shell\shell_cmd.c **** static struct shell_tab_matches tab_matches;
  86:c:/Users/lenovo/Desktop/AIoT/first_day/firstday_afternoon/LiteOS_Lab_STM32_IoT/iot_link/shell\shell_cmd.c **** /**************************************FILE FUNCTIONS**************************/
  87:c:/Users/lenovo/Desktop/AIoT/first_day/firstday_afternoon/LiteOS_Lab_STM32_IoT/iot_link/shell\shell_cmd.c **** //export functions
  88:c:/Users/lenovo/Desktop/AIoT/first_day/firstday_afternoon/LiteOS_Lab_STM32_IoT/iot_link/shell\shell_cmd.c **** int   shell_cmd_execute(char *param);            //execute the command
  89:c:/Users/lenovo/Desktop/AIoT/first_day/firstday_afternoon/LiteOS_Lab_STM32_IoT/iot_link/shell\shell_cmd.c **** int   shell_cmd_init(void);                      //do the command table load
  90:c:/Users/lenovo/Desktop/AIoT/first_day/firstday_afternoon/LiteOS_Lab_STM32_IoT/iot_link/shell\shell_cmd.c **** const struct shell_tab_matches *shell_cmd_index(const char *index);  //find the most like command
  91:c:/Users/lenovo/Desktop/AIoT/first_day/firstday_afternoon/LiteOS_Lab_STM32_IoT/iot_link/shell\shell_cmd.c **** 
  92:c:/Users/lenovo/Desktop/AIoT/first_day/firstday_afternoon/LiteOS_Lab_STM32_IoT/iot_link/shell\shell_cmd.c **** 
  93:c:/Users/lenovo/Desktop/AIoT/first_day/firstday_afternoon/LiteOS_Lab_STM32_IoT/iot_link/shell\shell_cmd.c **** /**************************************FILE FUNCIMPLEMENT**********************/
  94:c:/Users/lenovo/Desktop/AIoT/first_day/firstday_afternoon/LiteOS_Lab_STM32_IoT/iot_link/shell\shell_cmd.c **** 
  95:c:/Users/lenovo/Desktop/AIoT/first_day/firstday_afternoon/LiteOS_Lab_STM32_IoT/iot_link/shell\shell_cmd.c **** /*******************************************************************************
  96:c:/Users/lenovo/Desktop/AIoT/first_day/firstday_afternoon/LiteOS_Lab_STM32_IoT/iot_link/shell\shell_cmd.c **** function     :system help
  97:c:/Users/lenovo/Desktop/AIoT/first_day/firstday_afternoon/LiteOS_Lab_STM32_IoT/iot_link/shell\shell_cmd.c **** parameters   :
  98:c:/Users/lenovo/Desktop/AIoT/first_day/firstday_afternoon/LiteOS_Lab_STM32_IoT/iot_link/shell\shell_cmd.c **** instruction  :take care of help specified command
  99:c:/Users/lenovo/Desktop/AIoT/first_day/firstday_afternoon/LiteOS_Lab_STM32_IoT/iot_link/shell\shell_cmd.c **** *******************************************************************************/
 100:c:/Users/lenovo/Desktop/AIoT/first_day/firstday_afternoon/LiteOS_Lab_STM32_IoT/iot_link/shell\shell_cmd.c **** static int   shell_cmd_help(int argc, const char *argv[]){
  79              		.loc 1 100 58
  80              		.cfi_startproc
  81              		@ args = 0, pretend = 0, frame = 16
  82              		@ frame_needed = 1, uses_anonymous_args = 0
  83 0000 90B5     		push	{r4, r7, lr}
  84              	.LCFI0:
  85              		.cfi_def_cfa_offset 12
  86              		.cfi_offset 4, -12
  87              		.cfi_offset 7, -8
  88              		.cfi_offset 14, -4
  89 0002 89B0     		sub	sp, sp, #36
  90              	.LCFI1:
  91              		.cfi_def_cfa_offset 48
  92 0004 04AF     		add	r7, sp, #16
  93              	.LCFI2:
  94              		.cfi_def_cfa 7, 32
  95 0006 7860     		str	r0, [r7, #4]
  96 0008 3960     		str	r1, [r7]
 101:c:/Users/lenovo/Desktop/AIoT/first_day/firstday_afternoon/LiteOS_Lab_STM32_IoT/iot_link/shell\shell_cmd.c ****     int   i ;
 102:c:/Users/lenovo/Desktop/AIoT/first_day/firstday_afternoon/LiteOS_Lab_STM32_IoT/iot_link/shell\shell_cmd.c ****     struct shell_item_t *item;
 103:c:/Users/lenovo/Desktop/AIoT/first_day/firstday_afternoon/LiteOS_Lab_STM32_IoT/iot_link/shell\shell_cmd.c **** 
 104:c:/Users/lenovo/Desktop/AIoT/first_day/firstday_afternoon/LiteOS_Lab_STM32_IoT/iot_link/shell\shell_cmd.c ****     printf("%-16s%-5s%-4s%-10s%-20s\n\r",\
  97              		.loc 1 104 5
  98 000a 304B     		ldr	r3, .L7
  99 000c 0193     		str	r3, [sp, #4]
 100 000e 304B     		ldr	r3, .L7+4
 101 0010 0093     		str	r3, [sp]
 102 0012 304B     		ldr	r3, .L7+8
 103 0014 304A     		ldr	r2, .L7+12
 104 0016 3149     		ldr	r1, .L7+16
 105 0018 3148     		ldr	r0, .L7+20
 106 001a FFF7FEFF 		bl	printf
 105:c:/Users/lenovo/Desktop/AIoT/first_day/firstday_afternoon/LiteOS_Lab_STM32_IoT/iot_link/shell\shell_cmd.c ****             "Name","Type","Len","RunAddr","Description");
ARM GAS  C:\Users\lenovo\AppData\Local\Temp\ccGNbPkU.s 			page 5


 106:c:/Users/lenovo/Desktop/AIoT/first_day/firstday_afternoon/LiteOS_Lab_STM32_IoT/iot_link/shell\shell_cmd.c ****     for(i = 0;i <gs_shell_cb.s_num;i++){
 107              		.loc 1 106 11
 108 001e 0023     		movs	r3, #0
 109 0020 FB60     		str	r3, [r7, #12]
 110              		.loc 1 106 5
 111 0022 1FE0     		b	.L2
 112              	.L3:
 107:c:/Users/lenovo/Desktop/AIoT/first_day/firstday_afternoon/LiteOS_Lab_STM32_IoT/iot_link/shell\shell_cmd.c ****         item = &(gs_shell_cb.s[i]);
 113              		.loc 1 107 29 discriminator 3
 114 0024 2F4B     		ldr	r3, .L7+24
 115 0026 1A68     		ldr	r2, [r3]
 116              		.loc 1 107 31 discriminator 3
 117 0028 FB68     		ldr	r3, [r7, #12]
 118 002a 1B01     		lsls	r3, r3, #4
 119              		.loc 1 107 14 discriminator 3
 120 002c 1344     		add	r3, r3, r2
 121 002e BB60     		str	r3, [r7, #8]
 108:c:/Users/lenovo/Desktop/AIoT/first_day/firstday_afternoon/LiteOS_Lab_STM32_IoT/iot_link/shell\shell_cmd.c ****         printf("%-16s%-5s%-4x%08x  %-30s\n\r",\
 122              		.loc 1 108 9 discriminator 3
 123 0030 BB68     		ldr	r3, [r7, #8]
 124 0032 1968     		ldr	r1, [r3]
 109:c:/Users/lenovo/Desktop/AIoT/first_day/firstday_afternoon/LiteOS_Lab_STM32_IoT/iot_link/shell\shell_cmd.c ****                 item->name,gs_os_shell_type[item->type%EN_OSSHELL_LAST],\
 125              		.loc 1 109 49 discriminator 3
 126 0034 BB68     		ldr	r3, [r7, #8]
 127 0036 9B89     		ldrh	r3, [r3, #12]
 128              		.loc 1 109 55 discriminator 3
 129 0038 03F00103 		and	r3, r3, #1
 108:c:/Users/lenovo/Desktop/AIoT/first_day/firstday_afternoon/LiteOS_Lab_STM32_IoT/iot_link/shell\shell_cmd.c ****         printf("%-16s%-5s%-4x%08x  %-30s\n\r",\
 130              		.loc 1 108 9 discriminator 3
 131 003c 2A4A     		ldr	r2, .L7+28
 132 003e 52F82320 		ldr	r2, [r2, r3, lsl #2]
 110:c:/Users/lenovo/Desktop/AIoT/first_day/firstday_afternoon/LiteOS_Lab_STM32_IoT/iot_link/shell\shell_cmd.c ****                 item->len,(unsigned int)item->addr,item->help);
 133              		.loc 1 110 21 discriminator 3
 134 0042 BB68     		ldr	r3, [r7, #8]
 135 0044 DB89     		ldrh	r3, [r3, #14]
 108:c:/Users/lenovo/Desktop/AIoT/first_day/firstday_afternoon/LiteOS_Lab_STM32_IoT/iot_link/shell\shell_cmd.c ****         printf("%-16s%-5s%-4x%08x  %-30s\n\r",\
 136              		.loc 1 108 9 discriminator 3
 137 0046 1C46     		mov	r4, r3
 138              		.loc 1 110 45 discriminator 3
 139 0048 BB68     		ldr	r3, [r7, #8]
 140 004a 9B68     		ldr	r3, [r3, #8]
 108:c:/Users/lenovo/Desktop/AIoT/first_day/firstday_afternoon/LiteOS_Lab_STM32_IoT/iot_link/shell\shell_cmd.c ****         printf("%-16s%-5s%-4x%08x  %-30s\n\r",\
 141              		.loc 1 108 9 discriminator 3
 142 004c 1846     		mov	r0, r3
 143 004e BB68     		ldr	r3, [r7, #8]
 144 0050 5B68     		ldr	r3, [r3, #4]
 145 0052 0193     		str	r3, [sp, #4]
 146 0054 0090     		str	r0, [sp]
 147 0056 2346     		mov	r3, r4
 148 0058 2448     		ldr	r0, .L7+32
 149 005a FFF7FEFF 		bl	printf
 106:c:/Users/lenovo/Desktop/AIoT/first_day/firstday_afternoon/LiteOS_Lab_STM32_IoT/iot_link/shell\shell_cmd.c ****         item = &(gs_shell_cb.s[i]);
 150              		.loc 1 106 37 discriminator 3
 151 005e FB68     		ldr	r3, [r7, #12]
 152 0060 0133     		adds	r3, r3, #1
 153 0062 FB60     		str	r3, [r7, #12]
 154              	.L2:
ARM GAS  C:\Users\lenovo\AppData\Local\Temp\ccGNbPkU.s 			page 6


 106:c:/Users/lenovo/Desktop/AIoT/first_day/firstday_afternoon/LiteOS_Lab_STM32_IoT/iot_link/shell\shell_cmd.c ****         item = &(gs_shell_cb.s[i]);
 155              		.loc 1 106 29 discriminator 1
 156 0064 1F4B     		ldr	r3, .L7+24
 157 0066 5B68     		ldr	r3, [r3, #4]
 106:c:/Users/lenovo/Desktop/AIoT/first_day/firstday_afternoon/LiteOS_Lab_STM32_IoT/iot_link/shell\shell_cmd.c ****         item = &(gs_shell_cb.s[i]);
 158              		.loc 1 106 5 discriminator 1
 159 0068 FA68     		ldr	r2, [r7, #12]
 160 006a 9A42     		cmp	r2, r3
 161 006c DADB     		blt	.L3
 111:c:/Users/lenovo/Desktop/AIoT/first_day/firstday_afternoon/LiteOS_Lab_STM32_IoT/iot_link/shell\shell_cmd.c ****     }
 112:c:/Users/lenovo/Desktop/AIoT/first_day/firstday_afternoon/LiteOS_Lab_STM32_IoT/iot_link/shell\shell_cmd.c ****     for(i = 0;i <gs_shell_cb.d_num;i++){
 162              		.loc 1 112 11
 163 006e 0023     		movs	r3, #0
 164 0070 FB60     		str	r3, [r7, #12]
 165              		.loc 1 112 5
 166 0072 21E0     		b	.L4
 167              	.L5:
 113:c:/Users/lenovo/Desktop/AIoT/first_day/firstday_afternoon/LiteOS_Lab_STM32_IoT/iot_link/shell\shell_cmd.c ****         item = &(gs_shell_cb.d[i]);
 168              		.loc 1 113 29 discriminator 3
 169 0074 1B4B     		ldr	r3, .L7+24
 170 0076 9A68     		ldr	r2, [r3, #8]
 171              		.loc 1 113 31 discriminator 3
 172 0078 FB68     		ldr	r3, [r7, #12]
 173 007a 1B01     		lsls	r3, r3, #4
 174              		.loc 1 113 14 discriminator 3
 175 007c 1344     		add	r3, r3, r2
 176 007e BB60     		str	r3, [r7, #8]
 114:c:/Users/lenovo/Desktop/AIoT/first_day/firstday_afternoon/LiteOS_Lab_STM32_IoT/iot_link/shell\shell_cmd.c ****         printf("%-2x  %-16s%-5s%-4x%08x  %-30s\n\r",\
 177              		.loc 1 114 9 discriminator 3
 178 0080 BB68     		ldr	r3, [r7, #8]
 179 0082 1A68     		ldr	r2, [r3]
 115:c:/Users/lenovo/Desktop/AIoT/first_day/firstday_afternoon/LiteOS_Lab_STM32_IoT/iot_link/shell\shell_cmd.c ****                 i,item->name,gs_os_shell_type[item->type%EN_OSSHELL_LAST],\
 180              		.loc 1 115 51 discriminator 3
 181 0084 BB68     		ldr	r3, [r7, #8]
 182 0086 9B89     		ldrh	r3, [r3, #12]
 183              		.loc 1 115 57 discriminator 3
 184 0088 03F00103 		and	r3, r3, #1
 114:c:/Users/lenovo/Desktop/AIoT/first_day/firstday_afternoon/LiteOS_Lab_STM32_IoT/iot_link/shell\shell_cmd.c ****         printf("%-2x  %-16s%-5s%-4x%08x  %-30s\n\r",\
 185              		.loc 1 114 9 discriminator 3
 186 008c 1649     		ldr	r1, .L7+28
 187 008e 51F82310 		ldr	r1, [r1, r3, lsl #2]
 116:c:/Users/lenovo/Desktop/AIoT/first_day/firstday_afternoon/LiteOS_Lab_STM32_IoT/iot_link/shell\shell_cmd.c ****                 item->len,(unsigned int)item->addr,item->help);
 188              		.loc 1 116 21 discriminator 3
 189 0092 BB68     		ldr	r3, [r7, #8]
 190 0094 DB89     		ldrh	r3, [r3, #14]
 114:c:/Users/lenovo/Desktop/AIoT/first_day/firstday_afternoon/LiteOS_Lab_STM32_IoT/iot_link/shell\shell_cmd.c ****         printf("%-2x  %-16s%-5s%-4x%08x  %-30s\n\r",\
 191              		.loc 1 114 9 discriminator 3
 192 0096 1846     		mov	r0, r3
 193              		.loc 1 116 45 discriminator 3
 194 0098 BB68     		ldr	r3, [r7, #8]
 195 009a 9B68     		ldr	r3, [r3, #8]
 114:c:/Users/lenovo/Desktop/AIoT/first_day/firstday_afternoon/LiteOS_Lab_STM32_IoT/iot_link/shell\shell_cmd.c ****         printf("%-2x  %-16s%-5s%-4x%08x  %-30s\n\r",\
 196              		.loc 1 114 9 discriminator 3
 197 009c 1C46     		mov	r4, r3
 198 009e BB68     		ldr	r3, [r7, #8]
 199 00a0 5B68     		ldr	r3, [r3, #4]
 200 00a2 0293     		str	r3, [sp, #8]
ARM GAS  C:\Users\lenovo\AppData\Local\Temp\ccGNbPkU.s 			page 7


 201 00a4 0194     		str	r4, [sp, #4]
 202 00a6 0090     		str	r0, [sp]
 203 00a8 0B46     		mov	r3, r1
 204 00aa F968     		ldr	r1, [r7, #12]
 205 00ac 1048     		ldr	r0, .L7+36
 206 00ae FFF7FEFF 		bl	printf
 112:c:/Users/lenovo/Desktop/AIoT/first_day/firstday_afternoon/LiteOS_Lab_STM32_IoT/iot_link/shell\shell_cmd.c ****         item = &(gs_shell_cb.d[i]);
 207              		.loc 1 112 37 discriminator 3
 208 00b2 FB68     		ldr	r3, [r7, #12]
 209 00b4 0133     		adds	r3, r3, #1
 210 00b6 FB60     		str	r3, [r7, #12]
 211              	.L4:
 112:c:/Users/lenovo/Desktop/AIoT/first_day/firstday_afternoon/LiteOS_Lab_STM32_IoT/iot_link/shell\shell_cmd.c ****         item = &(gs_shell_cb.d[i]);
 212              		.loc 1 112 29 discriminator 1
 213 00b8 0A4B     		ldr	r3, .L7+24
 214 00ba DB68     		ldr	r3, [r3, #12]
 112:c:/Users/lenovo/Desktop/AIoT/first_day/firstday_afternoon/LiteOS_Lab_STM32_IoT/iot_link/shell\shell_cmd.c ****         item = &(gs_shell_cb.d[i]);
 215              		.loc 1 112 5 discriminator 1
 216 00bc FA68     		ldr	r2, [r7, #12]
 217 00be 9A42     		cmp	r2, r3
 218 00c0 D8DB     		blt	.L5
 117:c:/Users/lenovo/Desktop/AIoT/first_day/firstday_afternoon/LiteOS_Lab_STM32_IoT/iot_link/shell\shell_cmd.c ****     }
 118:c:/Users/lenovo/Desktop/AIoT/first_day/firstday_afternoon/LiteOS_Lab_STM32_IoT/iot_link/shell\shell_cmd.c ****     return 0;
 219              		.loc 1 118 12
 220 00c2 0023     		movs	r3, #0
 119:c:/Users/lenovo/Desktop/AIoT/first_day/firstday_afternoon/LiteOS_Lab_STM32_IoT/iot_link/shell\shell_cmd.c **** }
 221              		.loc 1 119 1
 222 00c4 1846     		mov	r0, r3
 223 00c6 1437     		adds	r7, r7, #20
 224              	.LCFI3:
 225              		.cfi_def_cfa_offset 12
 226 00c8 BD46     		mov	sp, r7
 227              	.LCFI4:
 228              		.cfi_def_cfa_register 13
 229              		@ sp needed
 230 00ca 90BD     		pop	{r4, r7, pc}
 231              	.L8:
 232              		.align	2
 233              	.L7:
 234 00cc 38000000 		.word	.LC6
 235 00d0 44000000 		.word	.LC7
 236 00d4 08000000 		.word	.LC2
 237 00d8 0C000000 		.word	.LC3
 238 00dc 14000000 		.word	.LC4
 239 00e0 1C000000 		.word	.LC5
 240 00e4 00000000 		.word	gs_shell_cb
 241 00e8 00000000 		.word	gs_os_shell_type
 242 00ec 4C000000 		.word	.LC8
 243 00f0 68000000 		.word	.LC9
 244              		.cfi_endproc
 245              	.LFE3:
 247              		.section	.text.shell_cmd_match,"ax",%progbits
 248              		.align	1
 249              		.syntax unified
 250              		.thumb
 251              		.thumb_func
 252              		.fpu fpv4-sp-d16
ARM GAS  C:\Users\lenovo\AppData\Local\Temp\ccGNbPkU.s 			page 8


 254              	shell_cmd_match:
 255              	.LFB4:
 120:c:/Users/lenovo/Desktop/AIoT/first_day/firstday_afternoon/LiteOS_Lab_STM32_IoT/iot_link/shell\shell_cmd.c **** 
 121:c:/Users/lenovo/Desktop/AIoT/first_day/firstday_afternoon/LiteOS_Lab_STM32_IoT/iot_link/shell\shell_cmd.c **** /*******************************************************************************
 122:c:/Users/lenovo/Desktop/AIoT/first_day/firstday_afternoon/LiteOS_Lab_STM32_IoT/iot_link/shell\shell_cmd.c **** function     :used to find the command
 123:c:/Users/lenovo/Desktop/AIoT/first_day/firstday_afternoon/LiteOS_Lab_STM32_IoT/iot_link/shell\shell_cmd.c **** parameters   :
 124:c:/Users/lenovo/Desktop/AIoT/first_day/firstday_afternoon/LiteOS_Lab_STM32_IoT/iot_link/shell\shell_cmd.c **** instruction  :
 125:c:/Users/lenovo/Desktop/AIoT/first_day/firstday_afternoon/LiteOS_Lab_STM32_IoT/iot_link/shell\shell_cmd.c **** *******************************************************************************/
 126:c:/Users/lenovo/Desktop/AIoT/first_day/firstday_afternoon/LiteOS_Lab_STM32_IoT/iot_link/shell\shell_cmd.c **** static struct shell_item_t *shell_cmd_match(const char *name)
 127:c:/Users/lenovo/Desktop/AIoT/first_day/firstday_afternoon/LiteOS_Lab_STM32_IoT/iot_link/shell\shell_cmd.c **** {
 256              		.loc 1 127 1
 257              		.cfi_startproc
 258              		@ args = 0, pretend = 0, frame = 24
 259              		@ frame_needed = 1, uses_anonymous_args = 0
 260 0000 80B5     		push	{r7, lr}
 261              	.LCFI5:
 262              		.cfi_def_cfa_offset 8
 263              		.cfi_offset 7, -8
 264              		.cfi_offset 14, -4
 265 0002 86B0     		sub	sp, sp, #24
 266              	.LCFI6:
 267              		.cfi_def_cfa_offset 32
 268 0004 00AF     		add	r7, sp, #0
 269              	.LCFI7:
 270              		.cfi_def_cfa_register 7
 271 0006 7860     		str	r0, [r7, #4]
 128:c:/Users/lenovo/Desktop/AIoT/first_day/firstday_afternoon/LiteOS_Lab_STM32_IoT/iot_link/shell\shell_cmd.c ****     struct shell_item_t *item = NULL;
 272              		.loc 1 128 26
 273 0008 0023     		movs	r3, #0
 274 000a FB60     		str	r3, [r7, #12]
 129:c:/Users/lenovo/Desktop/AIoT/first_day/firstday_afternoon/LiteOS_Lab_STM32_IoT/iot_link/shell\shell_cmd.c ****     struct shell_item_t  *ret = NULL;
 275              		.loc 1 129 27
 276 000c 0023     		movs	r3, #0
 277 000e 7B61     		str	r3, [r7, #20]
 130:c:/Users/lenovo/Desktop/AIoT/first_day/firstday_afternoon/LiteOS_Lab_STM32_IoT/iot_link/shell\shell_cmd.c ****     int   i;
 131:c:/Users/lenovo/Desktop/AIoT/first_day/firstday_afternoon/LiteOS_Lab_STM32_IoT/iot_link/shell\shell_cmd.c ****     //search the static tab first,if not found then find the dynamic tab
 132:c:/Users/lenovo/Desktop/AIoT/first_day/firstday_afternoon/LiteOS_Lab_STM32_IoT/iot_link/shell\shell_cmd.c ****     ret = NULL;
 278              		.loc 1 132 9
 279 0010 0023     		movs	r3, #0
 280 0012 7B61     		str	r3, [r7, #20]
 133:c:/Users/lenovo/Desktop/AIoT/first_day/firstday_afternoon/LiteOS_Lab_STM32_IoT/iot_link/shell\shell_cmd.c ****     for(i = 0;i <gs_shell_cb.s_num;i++){
 281              		.loc 1 133 11
 282 0014 0023     		movs	r3, #0
 283 0016 3B61     		str	r3, [r7, #16]
 284              		.loc 1 133 5
 285 0018 14E0     		b	.L10
 286              	.L13:
 134:c:/Users/lenovo/Desktop/AIoT/first_day/firstday_afternoon/LiteOS_Lab_STM32_IoT/iot_link/shell\shell_cmd.c ****         item = &(gs_shell_cb.s[i]);
 287              		.loc 1 134 29
 288 001a 1F4B     		ldr	r3, .L19
 289 001c 1A68     		ldr	r2, [r3]
 290              		.loc 1 134 31
 291 001e 3B69     		ldr	r3, [r7, #16]
 292 0020 1B01     		lsls	r3, r3, #4
 293              		.loc 1 134 14
 294 0022 1344     		add	r3, r3, r2
 295 0024 FB60     		str	r3, [r7, #12]
ARM GAS  C:\Users\lenovo\AppData\Local\Temp\ccGNbPkU.s 			page 9


 135:c:/Users/lenovo/Desktop/AIoT/first_day/firstday_afternoon/LiteOS_Lab_STM32_IoT/iot_link/shell\shell_cmd.c ****         if(0 == strcmp(name,item->name)){
 296              		.loc 1 135 17
 297 0026 FB68     		ldr	r3, [r7, #12]
 298 0028 1B68     		ldr	r3, [r3]
 299 002a 1946     		mov	r1, r3
 300 002c 7868     		ldr	r0, [r7, #4]
 301 002e FFF7FEFF 		bl	strcmp
 302 0032 0346     		mov	r3, r0
 303              		.loc 1 135 11
 304 0034 002B     		cmp	r3, #0
 305 0036 02D1     		bne	.L11
 136:c:/Users/lenovo/Desktop/AIoT/first_day/firstday_afternoon/LiteOS_Lab_STM32_IoT/iot_link/shell\shell_cmd.c ****             ret = item;
 306              		.loc 1 136 17
 307 0038 FB68     		ldr	r3, [r7, #12]
 308 003a 7B61     		str	r3, [r7, #20]
 137:c:/Users/lenovo/Desktop/AIoT/first_day/firstday_afternoon/LiteOS_Lab_STM32_IoT/iot_link/shell\shell_cmd.c ****             break;
 309              		.loc 1 137 13
 310 003c 07E0     		b	.L12
 311              	.L11:
 133:c:/Users/lenovo/Desktop/AIoT/first_day/firstday_afternoon/LiteOS_Lab_STM32_IoT/iot_link/shell\shell_cmd.c ****         item = &(gs_shell_cb.s[i]);
 312              		.loc 1 133 37 discriminator 2
 313 003e 3B69     		ldr	r3, [r7, #16]
 314 0040 0133     		adds	r3, r3, #1
 315 0042 3B61     		str	r3, [r7, #16]
 316              	.L10:
 133:c:/Users/lenovo/Desktop/AIoT/first_day/firstday_afternoon/LiteOS_Lab_STM32_IoT/iot_link/shell\shell_cmd.c ****         item = &(gs_shell_cb.s[i]);
 317              		.loc 1 133 29 discriminator 1
 318 0044 144B     		ldr	r3, .L19
 319 0046 5B68     		ldr	r3, [r3, #4]
 133:c:/Users/lenovo/Desktop/AIoT/first_day/firstday_afternoon/LiteOS_Lab_STM32_IoT/iot_link/shell\shell_cmd.c ****         item = &(gs_shell_cb.s[i]);
 320              		.loc 1 133 5 discriminator 1
 321 0048 3A69     		ldr	r2, [r7, #16]
 322 004a 9A42     		cmp	r2, r3
 323 004c E5DB     		blt	.L13
 324              	.L12:
 138:c:/Users/lenovo/Desktop/AIoT/first_day/firstday_afternoon/LiteOS_Lab_STM32_IoT/iot_link/shell\shell_cmd.c ****         }
 139:c:/Users/lenovo/Desktop/AIoT/first_day/firstday_afternoon/LiteOS_Lab_STM32_IoT/iot_link/shell\shell_cmd.c ****     }
 140:c:/Users/lenovo/Desktop/AIoT/first_day/firstday_afternoon/LiteOS_Lab_STM32_IoT/iot_link/shell\shell_cmd.c ****     if(NULL == ret){
 325              		.loc 1 140 7
 326 004e 7B69     		ldr	r3, [r7, #20]
 327 0050 002B     		cmp	r3, #0
 328 0052 1CD1     		bne	.L14
 141:c:/Users/lenovo/Desktop/AIoT/first_day/firstday_afternoon/LiteOS_Lab_STM32_IoT/iot_link/shell\shell_cmd.c ****         for(i = 0;i <gs_shell_cb.d_num;i++){
 329              		.loc 1 141 15
 330 0054 0023     		movs	r3, #0
 331 0056 3B61     		str	r3, [r7, #16]
 332              		.loc 1 141 9
 333 0058 14E0     		b	.L15
 334              	.L17:
 142:c:/Users/lenovo/Desktop/AIoT/first_day/firstday_afternoon/LiteOS_Lab_STM32_IoT/iot_link/shell\shell_cmd.c ****             item = &(gs_shell_cb.d[i]);
 335              		.loc 1 142 33
 336 005a 0F4B     		ldr	r3, .L19
 337 005c 9A68     		ldr	r2, [r3, #8]
 338              		.loc 1 142 35
 339 005e 3B69     		ldr	r3, [r7, #16]
 340 0060 1B01     		lsls	r3, r3, #4
 341              		.loc 1 142 18
ARM GAS  C:\Users\lenovo\AppData\Local\Temp\ccGNbPkU.s 			page 10


 342 0062 1344     		add	r3, r3, r2
 343 0064 FB60     		str	r3, [r7, #12]
 143:c:/Users/lenovo/Desktop/AIoT/first_day/firstday_afternoon/LiteOS_Lab_STM32_IoT/iot_link/shell\shell_cmd.c ****             if(0 == strcmp(name,item->name)){
 344              		.loc 1 143 21
 345 0066 FB68     		ldr	r3, [r7, #12]
 346 0068 1B68     		ldr	r3, [r3]
 347 006a 1946     		mov	r1, r3
 348 006c 7868     		ldr	r0, [r7, #4]
 349 006e FFF7FEFF 		bl	strcmp
 350 0072 0346     		mov	r3, r0
 351              		.loc 1 143 15
 352 0074 002B     		cmp	r3, #0
 353 0076 02D1     		bne	.L16
 144:c:/Users/lenovo/Desktop/AIoT/first_day/firstday_afternoon/LiteOS_Lab_STM32_IoT/iot_link/shell\shell_cmd.c ****                 ret = item;
 354              		.loc 1 144 21
 355 0078 FB68     		ldr	r3, [r7, #12]
 356 007a 7B61     		str	r3, [r7, #20]
 145:c:/Users/lenovo/Desktop/AIoT/first_day/firstday_afternoon/LiteOS_Lab_STM32_IoT/iot_link/shell\shell_cmd.c ****                 break;
 357              		.loc 1 145 17
 358 007c 07E0     		b	.L14
 359              	.L16:
 141:c:/Users/lenovo/Desktop/AIoT/first_day/firstday_afternoon/LiteOS_Lab_STM32_IoT/iot_link/shell\shell_cmd.c ****             item = &(gs_shell_cb.d[i]);
 360              		.loc 1 141 41 discriminator 2
 361 007e 3B69     		ldr	r3, [r7, #16]
 362 0080 0133     		adds	r3, r3, #1
 363 0082 3B61     		str	r3, [r7, #16]
 364              	.L15:
 141:c:/Users/lenovo/Desktop/AIoT/first_day/firstday_afternoon/LiteOS_Lab_STM32_IoT/iot_link/shell\shell_cmd.c ****             item = &(gs_shell_cb.d[i]);
 365              		.loc 1 141 33 discriminator 1
 366 0084 044B     		ldr	r3, .L19
 367 0086 DB68     		ldr	r3, [r3, #12]
 141:c:/Users/lenovo/Desktop/AIoT/first_day/firstday_afternoon/LiteOS_Lab_STM32_IoT/iot_link/shell\shell_cmd.c ****             item = &(gs_shell_cb.d[i]);
 368              		.loc 1 141 9 discriminator 1
 369 0088 3A69     		ldr	r2, [r7, #16]
 370 008a 9A42     		cmp	r2, r3
 371 008c E5DB     		blt	.L17
 372              	.L14:
 146:c:/Users/lenovo/Desktop/AIoT/first_day/firstday_afternoon/LiteOS_Lab_STM32_IoT/iot_link/shell\shell_cmd.c ****             }
 147:c:/Users/lenovo/Desktop/AIoT/first_day/firstday_afternoon/LiteOS_Lab_STM32_IoT/iot_link/shell\shell_cmd.c ****         }
 148:c:/Users/lenovo/Desktop/AIoT/first_day/firstday_afternoon/LiteOS_Lab_STM32_IoT/iot_link/shell\shell_cmd.c ****     }
 149:c:/Users/lenovo/Desktop/AIoT/first_day/firstday_afternoon/LiteOS_Lab_STM32_IoT/iot_link/shell\shell_cmd.c ****     return ret;
 373              		.loc 1 149 12
 374 008e 7B69     		ldr	r3, [r7, #20]
 150:c:/Users/lenovo/Desktop/AIoT/first_day/firstday_afternoon/LiteOS_Lab_STM32_IoT/iot_link/shell\shell_cmd.c **** }
 375              		.loc 1 150 1
 376 0090 1846     		mov	r0, r3
 377 0092 1837     		adds	r7, r7, #24
 378              	.LCFI8:
 379              		.cfi_def_cfa_offset 8
 380 0094 BD46     		mov	sp, r7
 381              	.LCFI9:
 382              		.cfi_def_cfa_register 13
 383              		@ sp needed
 384 0096 80BD     		pop	{r7, pc}
 385              	.L20:
 386              		.align	2
 387              	.L19:
ARM GAS  C:\Users\lenovo\AppData\Local\Temp\ccGNbPkU.s 			page 11


 388 0098 00000000 		.word	gs_shell_cb
 389              		.cfi_endproc
 390              	.LFE4:
 392              		.section	.text.shell_cmd_index,"ax",%progbits
 393              		.align	1
 394              		.global	shell_cmd_index
 395              		.syntax unified
 396              		.thumb
 397              		.thumb_func
 398              		.fpu fpv4-sp-d16
 400              	shell_cmd_index:
 401              	.LFB5:
 151:c:/Users/lenovo/Desktop/AIoT/first_day/firstday_afternoon/LiteOS_Lab_STM32_IoT/iot_link/shell\shell_cmd.c **** 
 152:c:/Users/lenovo/Desktop/AIoT/first_day/firstday_afternoon/LiteOS_Lab_STM32_IoT/iot_link/shell\shell_cmd.c **** /*******************************************************************************
 153:c:/Users/lenovo/Desktop/AIoT/first_day/firstday_afternoon/LiteOS_Lab_STM32_IoT/iot_link/shell\shell_cmd.c **** function     :used to find the most like command
 154:c:/Users/lenovo/Desktop/AIoT/first_day/firstday_afternoon/LiteOS_Lab_STM32_IoT/iot_link/shell\shell_cmd.c **** parameters   :
 155:c:/Users/lenovo/Desktop/AIoT/first_day/firstday_afternoon/LiteOS_Lab_STM32_IoT/iot_link/shell\shell_cmd.c **** instruction  :
 156:c:/Users/lenovo/Desktop/AIoT/first_day/firstday_afternoon/LiteOS_Lab_STM32_IoT/iot_link/shell\shell_cmd.c **** *******************************************************************************/
 157:c:/Users/lenovo/Desktop/AIoT/first_day/firstday_afternoon/LiteOS_Lab_STM32_IoT/iot_link/shell\shell_cmd.c **** const struct shell_tab_matches *shell_cmd_index(const char *index){
 402              		.loc 1 157 67
 403              		.cfi_startproc
 404              		@ args = 0, pretend = 0, frame = 16
 405              		@ frame_needed = 1, uses_anonymous_args = 0
 406 0000 90B5     		push	{r4, r7, lr}
 407              	.LCFI10:
 408              		.cfi_def_cfa_offset 12
 409              		.cfi_offset 4, -12
 410              		.cfi_offset 7, -8
 411              		.cfi_offset 14, -4
 412 0002 85B0     		sub	sp, sp, #20
 413              	.LCFI11:
 414              		.cfi_def_cfa_offset 32
 415 0004 00AF     		add	r7, sp, #0
 416              	.LCFI12:
 417              		.cfi_def_cfa_register 7
 418 0006 7860     		str	r0, [r7, #4]
 158:c:/Users/lenovo/Desktop/AIoT/first_day/firstday_afternoon/LiteOS_Lab_STM32_IoT/iot_link/shell\shell_cmd.c ****     struct shell_item_t *item;
 159:c:/Users/lenovo/Desktop/AIoT/first_day/firstday_afternoon/LiteOS_Lab_STM32_IoT/iot_link/shell\shell_cmd.c ****     int   i;
 160:c:/Users/lenovo/Desktop/AIoT/first_day/firstday_afternoon/LiteOS_Lab_STM32_IoT/iot_link/shell\shell_cmd.c ****     //search the static tab first,if not found then find the dynamic tab
 161:c:/Users/lenovo/Desktop/AIoT/first_day/firstday_afternoon/LiteOS_Lab_STM32_IoT/iot_link/shell\shell_cmd.c ****     tab_matches.len = 0;
 419              		.loc 1 161 21
 420 0008 364B     		ldr	r3, .L31
 421 000a 0022     		movs	r2, #0
 422 000c A3F84020 		strh	r2, [r3, #64]	@ movhi
 162:c:/Users/lenovo/Desktop/AIoT/first_day/firstday_afternoon/LiteOS_Lab_STM32_IoT/iot_link/shell\shell_cmd.c ****     for(i = 0;i <gs_shell_cb.s_num && tab_matches.len < MAX_TAB_MATCHES; i++){
 423              		.loc 1 162 11
 424 0010 0023     		movs	r3, #0
 425 0012 FB60     		str	r3, [r7, #12]
 426              		.loc 1 162 5
 427 0014 24E0     		b	.L22
 428              	.L25:
 163:c:/Users/lenovo/Desktop/AIoT/first_day/firstday_afternoon/LiteOS_Lab_STM32_IoT/iot_link/shell\shell_cmd.c ****         item = &(gs_shell_cb.s[i]);
 429              		.loc 1 163 29
 430 0016 344B     		ldr	r3, .L31+4
 431 0018 1A68     		ldr	r2, [r3]
 432              		.loc 1 163 31
 433 001a FB68     		ldr	r3, [r7, #12]
ARM GAS  C:\Users\lenovo\AppData\Local\Temp\ccGNbPkU.s 			page 12


 434 001c 1B01     		lsls	r3, r3, #4
 435              		.loc 1 163 14
 436 001e 1344     		add	r3, r3, r2
 437 0020 BB60     		str	r3, [r7, #8]
 164:c:/Users/lenovo/Desktop/AIoT/first_day/firstday_afternoon/LiteOS_Lab_STM32_IoT/iot_link/shell\shell_cmd.c ****         if (strncmp(item->name, index, strlen(index)) == 0) {
 438              		.loc 1 164 13
 439 0022 BB68     		ldr	r3, [r7, #8]
 440 0024 1C68     		ldr	r4, [r3]
 441 0026 7868     		ldr	r0, [r7, #4]
 442 0028 FFF7FEFF 		bl	strlen
 443 002c 0346     		mov	r3, r0
 444 002e 1A46     		mov	r2, r3
 445 0030 7968     		ldr	r1, [r7, #4]
 446 0032 2046     		mov	r0, r4
 447 0034 FFF7FEFF 		bl	strncmp
 448 0038 0346     		mov	r3, r0
 449              		.loc 1 164 12
 450 003a 002B     		cmp	r3, #0
 451 003c 0DD1     		bne	.L23
 165:c:/Users/lenovo/Desktop/AIoT/first_day/firstday_afternoon/LiteOS_Lab_STM32_IoT/iot_link/shell\shell_cmd.c ****             tab_matches.matches[tab_matches.len++] = item->name;
 452              		.loc 1 165 44
 453 003e 294B     		ldr	r3, .L31
 454 0040 B3F84030 		ldrh	r3, [r3, #64]
 455              		.loc 1 165 48
 456 0044 5A1C     		adds	r2, r3, #1
 457 0046 91B2     		uxth	r1, r2
 458 0048 264A     		ldr	r2, .L31
 459 004a A2F84010 		strh	r1, [r2, #64]	@ movhi
 460 004e 1946     		mov	r1, r3
 461              		.loc 1 165 58
 462 0050 BB68     		ldr	r3, [r7, #8]
 463 0052 1B68     		ldr	r3, [r3]
 464              		.loc 1 165 52
 465 0054 234A     		ldr	r2, .L31
 466 0056 42F82130 		str	r3, [r2, r1, lsl #2]
 467              	.L23:
 162:c:/Users/lenovo/Desktop/AIoT/first_day/firstday_afternoon/LiteOS_Lab_STM32_IoT/iot_link/shell\shell_cmd.c ****         item = &(gs_shell_cb.s[i]);
 468              		.loc 1 162 75 discriminator 2
 469 005a FB68     		ldr	r3, [r7, #12]
 470 005c 0133     		adds	r3, r3, #1
 471 005e FB60     		str	r3, [r7, #12]
 472              	.L22:
 162:c:/Users/lenovo/Desktop/AIoT/first_day/firstday_afternoon/LiteOS_Lab_STM32_IoT/iot_link/shell\shell_cmd.c ****         item = &(gs_shell_cb.s[i]);
 473              		.loc 1 162 29 discriminator 1
 474 0060 214B     		ldr	r3, .L31+4
 475 0062 5B68     		ldr	r3, [r3, #4]
 162:c:/Users/lenovo/Desktop/AIoT/first_day/firstday_afternoon/LiteOS_Lab_STM32_IoT/iot_link/shell\shell_cmd.c ****         item = &(gs_shell_cb.s[i]);
 476              		.loc 1 162 5 discriminator 1
 477 0064 FA68     		ldr	r2, [r7, #12]
 478 0066 9A42     		cmp	r2, r3
 479 0068 04DA     		bge	.L24
 162:c:/Users/lenovo/Desktop/AIoT/first_day/firstday_afternoon/LiteOS_Lab_STM32_IoT/iot_link/shell\shell_cmd.c ****         item = &(gs_shell_cb.s[i]);
 480              		.loc 1 162 50 discriminator 3
 481 006a 1E4B     		ldr	r3, .L31
 482 006c B3F84030 		ldrh	r3, [r3, #64]
 162:c:/Users/lenovo/Desktop/AIoT/first_day/firstday_afternoon/LiteOS_Lab_STM32_IoT/iot_link/shell\shell_cmd.c ****         item = &(gs_shell_cb.s[i]);
 483              		.loc 1 162 36 discriminator 3
ARM GAS  C:\Users\lenovo\AppData\Local\Temp\ccGNbPkU.s 			page 13


 484 0070 0F2B     		cmp	r3, #15
 485 0072 D0D9     		bls	.L25
 486              	.L24:
 166:c:/Users/lenovo/Desktop/AIoT/first_day/firstday_afternoon/LiteOS_Lab_STM32_IoT/iot_link/shell\shell_cmd.c ****         }
 167:c:/Users/lenovo/Desktop/AIoT/first_day/firstday_afternoon/LiteOS_Lab_STM32_IoT/iot_link/shell\shell_cmd.c ****     }
 168:c:/Users/lenovo/Desktop/AIoT/first_day/firstday_afternoon/LiteOS_Lab_STM32_IoT/iot_link/shell\shell_cmd.c ****     
 169:c:/Users/lenovo/Desktop/AIoT/first_day/firstday_afternoon/LiteOS_Lab_STM32_IoT/iot_link/shell\shell_cmd.c ****     for(i = 0;i <gs_shell_cb.d_num && tab_matches.len < MAX_TAB_MATCHES; i++){
 487              		.loc 1 169 11
 488 0074 0023     		movs	r3, #0
 489 0076 FB60     		str	r3, [r7, #12]
 490              		.loc 1 169 5
 491 0078 24E0     		b	.L26
 492              	.L29:
 170:c:/Users/lenovo/Desktop/AIoT/first_day/firstday_afternoon/LiteOS_Lab_STM32_IoT/iot_link/shell\shell_cmd.c ****         item = &(gs_shell_cb.d[i]);
 493              		.loc 1 170 29
 494 007a 1B4B     		ldr	r3, .L31+4
 495 007c 9A68     		ldr	r2, [r3, #8]
 496              		.loc 1 170 31
 497 007e FB68     		ldr	r3, [r7, #12]
 498 0080 1B01     		lsls	r3, r3, #4
 499              		.loc 1 170 14
 500 0082 1344     		add	r3, r3, r2
 501 0084 BB60     		str	r3, [r7, #8]
 171:c:/Users/lenovo/Desktop/AIoT/first_day/firstday_afternoon/LiteOS_Lab_STM32_IoT/iot_link/shell\shell_cmd.c ****         if(strncmp(item->name, index, strlen(index)) == 0){
 502              		.loc 1 171 12
 503 0086 BB68     		ldr	r3, [r7, #8]
 504 0088 1C68     		ldr	r4, [r3]
 505 008a 7868     		ldr	r0, [r7, #4]
 506 008c FFF7FEFF 		bl	strlen
 507 0090 0346     		mov	r3, r0
 508 0092 1A46     		mov	r2, r3
 509 0094 7968     		ldr	r1, [r7, #4]
 510 0096 2046     		mov	r0, r4
 511 0098 FFF7FEFF 		bl	strncmp
 512 009c 0346     		mov	r3, r0
 513              		.loc 1 171 11
 514 009e 002B     		cmp	r3, #0
 515 00a0 0DD1     		bne	.L27
 172:c:/Users/lenovo/Desktop/AIoT/first_day/firstday_afternoon/LiteOS_Lab_STM32_IoT/iot_link/shell\shell_cmd.c ****             tab_matches.matches[tab_matches.len++] = item->name;
 516              		.loc 1 172 44
 517 00a2 104B     		ldr	r3, .L31
 518 00a4 B3F84030 		ldrh	r3, [r3, #64]
 519              		.loc 1 172 48
 520 00a8 5A1C     		adds	r2, r3, #1
 521 00aa 91B2     		uxth	r1, r2
 522 00ac 0D4A     		ldr	r2, .L31
 523 00ae A2F84010 		strh	r1, [r2, #64]	@ movhi
 524 00b2 1946     		mov	r1, r3
 525              		.loc 1 172 58
 526 00b4 BB68     		ldr	r3, [r7, #8]
 527 00b6 1B68     		ldr	r3, [r3]
 528              		.loc 1 172 52
 529 00b8 0A4A     		ldr	r2, .L31
 530 00ba 42F82130 		str	r3, [r2, r1, lsl #2]
 531              	.L27:
 169:c:/Users/lenovo/Desktop/AIoT/first_day/firstday_afternoon/LiteOS_Lab_STM32_IoT/iot_link/shell\shell_cmd.c ****         item = &(gs_shell_cb.d[i]);
 532              		.loc 1 169 75 discriminator 2
ARM GAS  C:\Users\lenovo\AppData\Local\Temp\ccGNbPkU.s 			page 14


 533 00be FB68     		ldr	r3, [r7, #12]
 534 00c0 0133     		adds	r3, r3, #1
 535 00c2 FB60     		str	r3, [r7, #12]
 536              	.L26:
 169:c:/Users/lenovo/Desktop/AIoT/first_day/firstday_afternoon/LiteOS_Lab_STM32_IoT/iot_link/shell\shell_cmd.c ****         item = &(gs_shell_cb.d[i]);
 537              		.loc 1 169 29 discriminator 1
 538 00c4 084B     		ldr	r3, .L31+4
 539 00c6 DB68     		ldr	r3, [r3, #12]
 169:c:/Users/lenovo/Desktop/AIoT/first_day/firstday_afternoon/LiteOS_Lab_STM32_IoT/iot_link/shell\shell_cmd.c ****         item = &(gs_shell_cb.d[i]);
 540              		.loc 1 169 5 discriminator 1
 541 00c8 FA68     		ldr	r2, [r7, #12]
 542 00ca 9A42     		cmp	r2, r3
 543 00cc 04DA     		bge	.L28
 169:c:/Users/lenovo/Desktop/AIoT/first_day/firstday_afternoon/LiteOS_Lab_STM32_IoT/iot_link/shell\shell_cmd.c ****         item = &(gs_shell_cb.d[i]);
 544              		.loc 1 169 50 discriminator 3
 545 00ce 054B     		ldr	r3, .L31
 546 00d0 B3F84030 		ldrh	r3, [r3, #64]
 169:c:/Users/lenovo/Desktop/AIoT/first_day/firstday_afternoon/LiteOS_Lab_STM32_IoT/iot_link/shell\shell_cmd.c ****         item = &(gs_shell_cb.d[i]);
 547              		.loc 1 169 36 discriminator 3
 548 00d4 0F2B     		cmp	r3, #15
 549 00d6 D0D9     		bls	.L29
 550              	.L28:
 173:c:/Users/lenovo/Desktop/AIoT/first_day/firstday_afternoon/LiteOS_Lab_STM32_IoT/iot_link/shell\shell_cmd.c ****         }
 174:c:/Users/lenovo/Desktop/AIoT/first_day/firstday_afternoon/LiteOS_Lab_STM32_IoT/iot_link/shell\shell_cmd.c ****     }
 175:c:/Users/lenovo/Desktop/AIoT/first_day/firstday_afternoon/LiteOS_Lab_STM32_IoT/iot_link/shell\shell_cmd.c ****     
 176:c:/Users/lenovo/Desktop/AIoT/first_day/firstday_afternoon/LiteOS_Lab_STM32_IoT/iot_link/shell\shell_cmd.c ****     return &tab_matches;
 551              		.loc 1 176 12
 552 00d8 024B     		ldr	r3, .L31
 177:c:/Users/lenovo/Desktop/AIoT/first_day/firstday_afternoon/LiteOS_Lab_STM32_IoT/iot_link/shell\shell_cmd.c **** }
 553              		.loc 1 177 1
 554 00da 1846     		mov	r0, r3
 555 00dc 1437     		adds	r7, r7, #20
 556              	.LCFI13:
 557              		.cfi_def_cfa_offset 12
 558 00de BD46     		mov	sp, r7
 559              	.LCFI14:
 560              		.cfi_def_cfa_register 13
 561              		@ sp needed
 562 00e0 90BD     		pop	{r4, r7, pc}
 563              	.L32:
 564 00e2 00BF     		.align	2
 565              	.L31:
 566 00e4 00000000 		.word	tab_matches
 567 00e8 00000000 		.word	gs_shell_cb
 568              		.cfi_endproc
 569              	.LFE5:
 571              		.section	.rodata
 572 0089 000000   		.align	2
 573              	.LC10:
 574 008c 5348454C 		.ascii	"SHELL COMMAND NOT FIND:%s\012\015\000"
 574      4C20434F 
 574      4D4D414E 
 574      44204E4F 
 574      54204649 
 575              		.align	2
 576              	.LC11:
 577 00a8 73657400 		.ascii	"set\000"
ARM GAS  C:\Users\lenovo\AppData\Local\Temp\ccGNbPkU.s 			page 15


 578              		.align	2
 579              	.LC12:
 580 00ac 28484558 		.ascii	"(HEX):ADDR:0X%08X:\000"
 580      293A4144 
 580      44523A30 
 580      58253038 
 580      583A00
 581 00bf 00       		.align	2
 582              	.LC13:
 583 00c0 25303278 		.ascii	"%02x \000"
 583      2000
 584              		.section	.text.shell_cmd_execute,"ax",%progbits
 585              		.align	1
 586              		.global	shell_cmd_execute
 587              		.syntax unified
 588              		.thumb
 589              		.thumb_func
 590              		.fpu fpv4-sp-d16
 592              	shell_cmd_execute:
 593              	.LFB6:
 178:c:/Users/lenovo/Desktop/AIoT/first_day/firstday_afternoon/LiteOS_Lab_STM32_IoT/iot_link/shell\shell_cmd.c **** 
 179:c:/Users/lenovo/Desktop/AIoT/first_day/firstday_afternoon/LiteOS_Lab_STM32_IoT/iot_link/shell\shell_cmd.c **** /*******************************************************************************
 180:c:/Users/lenovo/Desktop/AIoT/first_day/firstday_afternoon/LiteOS_Lab_STM32_IoT/iot_link/shell\shell_cmd.c **** function     :used to execute the command specified by the string
 181:c:/Users/lenovo/Desktop/AIoT/first_day/firstday_afternoon/LiteOS_Lab_STM32_IoT/iot_link/shell\shell_cmd.c **** parameters   :
 182:c:/Users/lenovo/Desktop/AIoT/first_day/firstday_afternoon/LiteOS_Lab_STM32_IoT/iot_link/shell\shell_cmd.c **** instruction  :we will split the string with the blank space, and the first one
 183:c:/Users/lenovo/Desktop/AIoT/first_day/firstday_afternoon/LiteOS_Lab_STM32_IoT/iot_link/shell\shell_cmd.c ****              will be used as the shell name to search the shell.If a shell cmd
 184:c:/Users/lenovo/Desktop/AIoT/first_day/firstday_afternoon/LiteOS_Lab_STM32_IoT/iot_link/shell\shell_cmd.c ****              found then will execute the command,and then all the args will be
 185:c:/Users/lenovo/Desktop/AIoT/first_day/firstday_afternoon/LiteOS_Lab_STM32_IoT/iot_link/shell\shell_cmd.c ****              passed to the function;if a data shell found, then will only do the
 186:c:/Users/lenovo/Desktop/AIoT/first_day/firstday_afternoon/LiteOS_Lab_STM32_IoT/iot_link/shell\shell_cmd.c ****              "get" or set "action";attention that the first arg is the shell name
 187:c:/Users/lenovo/Desktop/AIoT/first_day/firstday_afternoon/LiteOS_Lab_STM32_IoT/iot_link/shell\shell_cmd.c ****              itself!
 188:c:/Users/lenovo/Desktop/AIoT/first_day/firstday_afternoon/LiteOS_Lab_STM32_IoT/iot_link/shell\shell_cmd.c **** *******************************************************************************/
 189:c:/Users/lenovo/Desktop/AIoT/first_day/firstday_afternoon/LiteOS_Lab_STM32_IoT/iot_link/shell\shell_cmd.c **** int   shell_cmd_execute(char *param){
 594              		.loc 1 189 37
 595              		.cfi_startproc
 596              		@ args = 0, pretend = 0, frame = 104
 597              		@ frame_needed = 1, uses_anonymous_args = 0
 598 0000 80B5     		push	{r7, lr}
 599              	.LCFI15:
 600              		.cfi_def_cfa_offset 8
 601              		.cfi_offset 7, -8
 602              		.cfi_offset 14, -4
 603 0002 9AB0     		sub	sp, sp, #104
 604              	.LCFI16:
 605              		.cfi_def_cfa_offset 112
 606 0004 00AF     		add	r7, sp, #0
 607              	.LCFI17:
 608              		.cfi_def_cfa_register 7
 609 0006 7860     		str	r0, [r7, #4]
 190:c:/Users/lenovo/Desktop/AIoT/first_day/firstday_afternoon/LiteOS_Lab_STM32_IoT/iot_link/shell\shell_cmd.c ****     int   ret= -1;
 610              		.loc 1 190 11
 611 0008 4FF0FF33 		mov	r3, #-1
 612 000c 7B66     		str	r3, [r7, #100]
 191:c:/Users/lenovo/Desktop/AIoT/first_day/firstday_afternoon/LiteOS_Lab_STM32_IoT/iot_link/shell\shell_cmd.c ****     int    argc = cn_shell_args;           //split the params to argc and argv format
 613              		.loc 1 191 12
 614 000e 1023     		movs	r3, #16
 615 0010 3B65     		str	r3, [r7, #80]
 192:c:/Users/lenovo/Desktop/AIoT/first_day/firstday_afternoon/LiteOS_Lab_STM32_IoT/iot_link/shell\shell_cmd.c ****     unsigned int     value;
ARM GAS  C:\Users\lenovo\AppData\Local\Temp\ccGNbPkU.s 			page 16


 193:c:/Users/lenovo/Desktop/AIoT/first_day/firstday_afternoon/LiteOS_Lab_STM32_IoT/iot_link/shell\shell_cmd.c ****     unsigned char   *bytes;
 194:c:/Users/lenovo/Desktop/AIoT/first_day/firstday_afternoon/LiteOS_Lab_STM32_IoT/iot_link/shell\shell_cmd.c ****     int     i;
 195:c:/Users/lenovo/Desktop/AIoT/first_day/firstday_afternoon/LiteOS_Lab_STM32_IoT/iot_link/shell\shell_cmd.c ****     const  char *argv[cn_shell_args];
 196:c:/Users/lenovo/Desktop/AIoT/first_day/firstday_afternoon/LiteOS_Lab_STM32_IoT/iot_link/shell\shell_cmd.c ****     struct shell_item_t *item;            //match the command item
 197:c:/Users/lenovo/Desktop/AIoT/first_day/firstday_afternoon/LiteOS_Lab_STM32_IoT/iot_link/shell\shell_cmd.c ****     fn_shell_cmdentry shell_cmd_entry;    //command function entry
 198:c:/Users/lenovo/Desktop/AIoT/first_day/firstday_afternoon/LiteOS_Lab_STM32_IoT/iot_link/shell\shell_cmd.c ****     string_to_arg(&argc,argv,param);      //format the parameters
 616              		.loc 1 198 5
 617 0012 07F10C01 		add	r1, r7, #12
 618 0016 07F15003 		add	r3, r7, #80
 619 001a 7A68     		ldr	r2, [r7, #4]
 620 001c 1846     		mov	r0, r3
 621 001e FFF7FEFF 		bl	string_to_arg
 199:c:/Users/lenovo/Desktop/AIoT/first_day/firstday_afternoon/LiteOS_Lab_STM32_IoT/iot_link/shell\shell_cmd.c ****     if(argc == 0){
 622              		.loc 1 199 13
 623 0022 3B6D     		ldr	r3, [r7, #80]
 624              		.loc 1 199 7
 625 0024 002B     		cmp	r3, #0
 626 0026 06D1     		bne	.L34
 200:c:/Users/lenovo/Desktop/AIoT/first_day/firstday_afternoon/LiteOS_Lab_STM32_IoT/iot_link/shell\shell_cmd.c ****         shell_cmd_help(0,NULL);               //if no args we show system help
 627              		.loc 1 200 9
 628 0028 0021     		movs	r1, #0
 629 002a 0020     		movs	r0, #0
 630 002c FFF7FEFF 		bl	shell_cmd_help
 201:c:/Users/lenovo/Desktop/AIoT/first_day/firstday_afternoon/LiteOS_Lab_STM32_IoT/iot_link/shell\shell_cmd.c ****         ret = 0;
 631              		.loc 1 201 13
 632 0030 0023     		movs	r3, #0
 633 0032 7B66     		str	r3, [r7, #100]
 634 0034 58E0     		b	.L35
 635              	.L34:
 202:c:/Users/lenovo/Desktop/AIoT/first_day/firstday_afternoon/LiteOS_Lab_STM32_IoT/iot_link/shell\shell_cmd.c ****     }
 203:c:/Users/lenovo/Desktop/AIoT/first_day/firstday_afternoon/LiteOS_Lab_STM32_IoT/iot_link/shell\shell_cmd.c ****     else{
 204:c:/Users/lenovo/Desktop/AIoT/first_day/firstday_afternoon/LiteOS_Lab_STM32_IoT/iot_link/shell\shell_cmd.c ****         item =shell_cmd_match(argv[0]);//find the item
 636              		.loc 1 204 15
 637 0036 FB68     		ldr	r3, [r7, #12]
 638 0038 1846     		mov	r0, r3
 639 003a FFF7FEFF 		bl	shell_cmd_match
 640 003e B865     		str	r0, [r7, #88]
 205:c:/Users/lenovo/Desktop/AIoT/first_day/firstday_afternoon/LiteOS_Lab_STM32_IoT/iot_link/shell\shell_cmd.c ****         if(NULL == item){
 641              		.loc 1 205 11
 642 0040 BB6D     		ldr	r3, [r7, #88]
 643 0042 002B     		cmp	r3, #0
 644 0044 08D1     		bne	.L36
 206:c:/Users/lenovo/Desktop/AIoT/first_day/firstday_afternoon/LiteOS_Lab_STM32_IoT/iot_link/shell\shell_cmd.c ****             printf("SHELL COMMAND NOT FIND:%s\n\r",argv[0]);
 645              		.loc 1 206 13
 646 0046 FB68     		ldr	r3, [r7, #12]
 647 0048 1946     		mov	r1, r3
 648 004a 2A48     		ldr	r0, .L42
 649 004c FFF7FEFF 		bl	printf
 207:c:/Users/lenovo/Desktop/AIoT/first_day/firstday_afternoon/LiteOS_Lab_STM32_IoT/iot_link/shell\shell_cmd.c ****             ret = -1;
 650              		.loc 1 207 17
 651 0050 4FF0FF33 		mov	r3, #-1
 652 0054 7B66     		str	r3, [r7, #100]
 653 0056 47E0     		b	.L35
 654              	.L36:
 208:c:/Users/lenovo/Desktop/AIoT/first_day/firstday_afternoon/LiteOS_Lab_STM32_IoT/iot_link/shell\shell_cmd.c ****         }
 209:c:/Users/lenovo/Desktop/AIoT/first_day/firstday_afternoon/LiteOS_Lab_STM32_IoT/iot_link/shell\shell_cmd.c ****         else{
 210:c:/Users/lenovo/Desktop/AIoT/first_day/firstday_afternoon/LiteOS_Lab_STM32_IoT/iot_link/shell\shell_cmd.c ****             if(item->type == EN_OSSHELL_CMD){
ARM GAS  C:\Users\lenovo\AppData\Local\Temp\ccGNbPkU.s 			page 17


 655              		.loc 1 210 20
 656 0058 BB6D     		ldr	r3, [r7, #88]
 657 005a 9B89     		ldrh	r3, [r3, #12]
 658              		.loc 1 210 15
 659 005c 002B     		cmp	r3, #0
 660 005e 09D1     		bne	.L37
 211:c:/Users/lenovo/Desktop/AIoT/first_day/firstday_afternoon/LiteOS_Lab_STM32_IoT/iot_link/shell\shell_cmd.c ****                 shell_cmd_entry = (fn_shell_cmdentry)item->addr;
 661              		.loc 1 211 58
 662 0060 BB6D     		ldr	r3, [r7, #88]
 663 0062 9B68     		ldr	r3, [r3, #8]
 664              		.loc 1 211 33
 665 0064 7B65     		str	r3, [r7, #84]
 212:c:/Users/lenovo/Desktop/AIoT/first_day/firstday_afternoon/LiteOS_Lab_STM32_IoT/iot_link/shell\shell_cmd.c ****                 shell_cmd_entry(argc,argv);
 666              		.loc 1 212 17
 667 0066 3A6D     		ldr	r2, [r7, #80]
 668 0068 07F10C01 		add	r1, r7, #12
 669 006c 7B6D     		ldr	r3, [r7, #84]
 670 006e 1046     		mov	r0, r2
 671 0070 9847     		blx	r3
 672              	.LVL0:
 673 0072 39E0     		b	.L35
 674              	.L37:
 213:c:/Users/lenovo/Desktop/AIoT/first_day/firstday_afternoon/LiteOS_Lab_STM32_IoT/iot_link/shell\shell_cmd.c ****             }
 214:c:/Users/lenovo/Desktop/AIoT/first_day/firstday_afternoon/LiteOS_Lab_STM32_IoT/iot_link/shell\shell_cmd.c ****             else{
 215:c:/Users/lenovo/Desktop/AIoT/first_day/firstday_afternoon/LiteOS_Lab_STM32_IoT/iot_link/shell\shell_cmd.c ****                 if((argc == 3)&&(0 == strcmp(argv[1],"set"))){
 675              		.loc 1 215 26
 676 0074 3B6D     		ldr	r3, [r7, #80]
 677              		.loc 1 215 19
 678 0076 032B     		cmp	r3, #3
 679 0078 1AD1     		bne	.L38
 680              		.loc 1 215 39 discriminator 1
 681 007a 3B69     		ldr	r3, [r7, #16]
 682 007c 1E49     		ldr	r1, .L42+4
 683 007e 1846     		mov	r0, r3
 684 0080 FFF7FEFF 		bl	strcmp
 685 0084 0346     		mov	r3, r0
 686              		.loc 1 215 31 discriminator 1
 687 0086 002B     		cmp	r3, #0
 688 0088 12D1     		bne	.L38
 216:c:/Users/lenovo/Desktop/AIoT/first_day/firstday_afternoon/LiteOS_Lab_STM32_IoT/iot_link/shell\shell_cmd.c ****                     //deal it simple and easy here
 217:c:/Users/lenovo/Desktop/AIoT/first_day/firstday_afternoon/LiteOS_Lab_STM32_IoT/iot_link/shell\shell_cmd.c ****                     value = strtol(argv[2],NULL,0);
 689              		.loc 1 217 29
 690 008a 7B69     		ldr	r3, [r7, #20]
 691 008c 0022     		movs	r2, #0
 692 008e 0021     		movs	r1, #0
 693 0090 1846     		mov	r0, r3
 694 0092 FFF7FEFF 		bl	strtol
 695 0096 0346     		mov	r3, r0
 696              		.loc 1 217 27
 697 0098 FB64     		str	r3, [r7, #76]
 218:c:/Users/lenovo/Desktop/AIoT/first_day/firstday_afternoon/LiteOS_Lab_STM32_IoT/iot_link/shell\shell_cmd.c ****                     memcpy(item->addr,&value,item->len);
 698              		.loc 1 218 21
 699 009a BB6D     		ldr	r3, [r7, #88]
 700 009c 9868     		ldr	r0, [r3, #8]
 701              		.loc 1 218 50
 702 009e BB6D     		ldr	r3, [r7, #88]
 703 00a0 DB89     		ldrh	r3, [r3, #14]
ARM GAS  C:\Users\lenovo\AppData\Local\Temp\ccGNbPkU.s 			page 18


 704              		.loc 1 218 21
 705 00a2 1A46     		mov	r2, r3
 706 00a4 07F14C03 		add	r3, r7, #76
 707 00a8 1946     		mov	r1, r3
 708 00aa FFF7FEFF 		bl	memcpy
 709 00ae 1BE0     		b	.L35
 710              	.L38:
 219:c:/Users/lenovo/Desktop/AIoT/first_day/firstday_afternoon/LiteOS_Lab_STM32_IoT/iot_link/shell\shell_cmd.c ****                 }
 220:c:/Users/lenovo/Desktop/AIoT/first_day/firstday_afternoon/LiteOS_Lab_STM32_IoT/iot_link/shell\shell_cmd.c ****                 else{
 221:c:/Users/lenovo/Desktop/AIoT/first_day/firstday_afternoon/LiteOS_Lab_STM32_IoT/iot_link/shell\shell_cmd.c ****                     bytes = item->addr;
 711              		.loc 1 221 27
 712 00b0 BB6D     		ldr	r3, [r7, #88]
 713 00b2 9B68     		ldr	r3, [r3, #8]
 714 00b4 3B66     		str	r3, [r7, #96]
 222:c:/Users/lenovo/Desktop/AIoT/first_day/firstday_afternoon/LiteOS_Lab_STM32_IoT/iot_link/shell\shell_cmd.c ****                     printf("(HEX):ADDR:0X%08X:",(unsigned int)bytes);
 715              		.loc 1 222 21
 716 00b6 3B6E     		ldr	r3, [r7, #96]
 717 00b8 1946     		mov	r1, r3
 718 00ba 1048     		ldr	r0, .L42+8
 719 00bc FFF7FEFF 		bl	printf
 223:c:/Users/lenovo/Desktop/AIoT/first_day/firstday_afternoon/LiteOS_Lab_STM32_IoT/iot_link/shell\shell_cmd.c ****                     for(i = 0;i<item->len;i++){
 720              		.loc 1 223 27
 721 00c0 0023     		movs	r3, #0
 722 00c2 FB65     		str	r3, [r7, #92]
 723              		.loc 1 223 21
 724 00c4 0AE0     		b	.L39
 725              	.L40:
 224:c:/Users/lenovo/Desktop/AIoT/first_day/firstday_afternoon/LiteOS_Lab_STM32_IoT/iot_link/shell\shell_cmd.c ****                         printf("%02x ",*bytes++);
 726              		.loc 1 224 46 discriminator 3
 727 00c6 3B6E     		ldr	r3, [r7, #96]
 728 00c8 5A1C     		adds	r2, r3, #1
 729 00ca 3A66     		str	r2, [r7, #96]
 730              		.loc 1 224 40 discriminator 3
 731 00cc 1B78     		ldrb	r3, [r3]	@ zero_extendqisi2
 732              		.loc 1 224 25 discriminator 3
 733 00ce 1946     		mov	r1, r3
 734 00d0 0B48     		ldr	r0, .L42+12
 735 00d2 FFF7FEFF 		bl	printf
 223:c:/Users/lenovo/Desktop/AIoT/first_day/firstday_afternoon/LiteOS_Lab_STM32_IoT/iot_link/shell\shell_cmd.c ****                     for(i = 0;i<item->len;i++){
 736              		.loc 1 223 44 discriminator 3
 737 00d6 FB6D     		ldr	r3, [r7, #92]
 738 00d8 0133     		adds	r3, r3, #1
 739 00da FB65     		str	r3, [r7, #92]
 740              	.L39:
 223:c:/Users/lenovo/Desktop/AIoT/first_day/firstday_afternoon/LiteOS_Lab_STM32_IoT/iot_link/shell\shell_cmd.c ****                     for(i = 0;i<item->len;i++){
 741              		.loc 1 223 37 discriminator 1
 742 00dc BB6D     		ldr	r3, [r7, #88]
 743 00de DB89     		ldrh	r3, [r3, #14]
 744 00e0 1A46     		mov	r2, r3
 223:c:/Users/lenovo/Desktop/AIoT/first_day/firstday_afternoon/LiteOS_Lab_STM32_IoT/iot_link/shell\shell_cmd.c ****                     for(i = 0;i<item->len;i++){
 745              		.loc 1 223 21 discriminator 1
 746 00e2 FB6D     		ldr	r3, [r7, #92]
 747 00e4 9342     		cmp	r3, r2
 748 00e6 EEDB     		blt	.L40
 749              	.L35:
 225:c:/Users/lenovo/Desktop/AIoT/first_day/firstday_afternoon/LiteOS_Lab_STM32_IoT/iot_link/shell\shell_cmd.c ****                     }
 226:c:/Users/lenovo/Desktop/AIoT/first_day/firstday_afternoon/LiteOS_Lab_STM32_IoT/iot_link/shell\shell_cmd.c ****                 }
ARM GAS  C:\Users\lenovo\AppData\Local\Temp\ccGNbPkU.s 			page 19


 227:c:/Users/lenovo/Desktop/AIoT/first_day/firstday_afternoon/LiteOS_Lab_STM32_IoT/iot_link/shell\shell_cmd.c ****             }
 228:c:/Users/lenovo/Desktop/AIoT/first_day/firstday_afternoon/LiteOS_Lab_STM32_IoT/iot_link/shell\shell_cmd.c ****         }
 229:c:/Users/lenovo/Desktop/AIoT/first_day/firstday_afternoon/LiteOS_Lab_STM32_IoT/iot_link/shell\shell_cmd.c ****     }
 230:c:/Users/lenovo/Desktop/AIoT/first_day/firstday_afternoon/LiteOS_Lab_STM32_IoT/iot_link/shell\shell_cmd.c ****     return ret;
 750              		.loc 1 230 12
 751 00e8 7B6E     		ldr	r3, [r7, #100]
 231:c:/Users/lenovo/Desktop/AIoT/first_day/firstday_afternoon/LiteOS_Lab_STM32_IoT/iot_link/shell\shell_cmd.c **** }
 752              		.loc 1 231 1
 753 00ea 1846     		mov	r0, r3
 754 00ec 6837     		adds	r7, r7, #104
 755              	.LCFI18:
 756              		.cfi_def_cfa_offset 8
 757 00ee BD46     		mov	sp, r7
 758              	.LCFI19:
 759              		.cfi_def_cfa_register 13
 760              		@ sp needed
 761 00f0 80BD     		pop	{r7, pc}
 762              	.L43:
 763 00f2 00BF     		.align	2
 764              	.L42:
 765 00f4 8C000000 		.word	.LC10
 766 00f8 A8000000 		.word	.LC11
 767 00fc AC000000 		.word	.LC12
 768 0100 C0000000 		.word	.LC13
 769              		.cfi_endproc
 770              	.LFE6:
 772              		.section	.text.shell_cmd_init,"ax",%progbits
 773              		.align	1
 774              		.global	shell_cmd_init
 775              		.syntax unified
 776              		.thumb
 777              		.thumb_func
 778              		.fpu fpv4-sp-d16
 780              	shell_cmd_init:
 781              	.LFB7:
 232:c:/Users/lenovo/Desktop/AIoT/first_day/firstday_afternoon/LiteOS_Lab_STM32_IoT/iot_link/shell\shell_cmd.c **** 
 233:c:/Users/lenovo/Desktop/AIoT/first_day/firstday_afternoon/LiteOS_Lab_STM32_IoT/iot_link/shell\shell_cmd.c **** /*******************************************************************************
 234:c:/Users/lenovo/Desktop/AIoT/first_day/firstday_afternoon/LiteOS_Lab_STM32_IoT/iot_link/shell\shell_cmd.c **** function     :used to load the command table
 235:c:/Users/lenovo/Desktop/AIoT/first_day/firstday_afternoon/LiteOS_Lab_STM32_IoT/iot_link/shell\shell_cmd.c **** parameters   :
 236:c:/Users/lenovo/Desktop/AIoT/first_day/firstday_afternoon/LiteOS_Lab_STM32_IoT/iot_link/shell\shell_cmd.c **** instruction  :different compiler has different method to ge the section("oshell")
 237:c:/Users/lenovo/Desktop/AIoT/first_day/firstday_afternoon/LiteOS_Lab_STM32_IoT/iot_link/shell\shell_cmd.c ****               so take care of your compiler
 238:c:/Users/lenovo/Desktop/AIoT/first_day/firstday_afternoon/LiteOS_Lab_STM32_IoT/iot_link/shell\shell_cmd.c **** *******************************************************************************/
 239:c:/Users/lenovo/Desktop/AIoT/first_day/firstday_afternoon/LiteOS_Lab_STM32_IoT/iot_link/shell\shell_cmd.c **** #ifdef __CC_ARM /* ARM C Compiler ,like keil,options for linker:--keep *.o(oshell)*/
 240:c:/Users/lenovo/Desktop/AIoT/first_day/firstday_afternoon/LiteOS_Lab_STM32_IoT/iot_link/shell\shell_cmd.c **** extern unsigned int oshell$$Base;
 241:c:/Users/lenovo/Desktop/AIoT/first_day/firstday_afternoon/LiteOS_Lab_STM32_IoT/iot_link/shell\shell_cmd.c **** extern unsigned int oshell$$Limit;
 242:c:/Users/lenovo/Desktop/AIoT/first_day/firstday_afternoon/LiteOS_Lab_STM32_IoT/iot_link/shell\shell_cmd.c **** //#pragma section("oshell", read) 
 243:c:/Users/lenovo/Desktop/AIoT/first_day/firstday_afternoon/LiteOS_Lab_STM32_IoT/iot_link/shell\shell_cmd.c **** #elif defined(__GNUC__)
 244:c:/Users/lenovo/Desktop/AIoT/first_day/firstday_afternoon/LiteOS_Lab_STM32_IoT/iot_link/shell\shell_cmd.c ****     extern unsigned int __oshell_start;
 245:c:/Users/lenovo/Desktop/AIoT/first_day/firstday_afternoon/LiteOS_Lab_STM32_IoT/iot_link/shell\shell_cmd.c ****     extern unsigned int __oshell_end;
 246:c:/Users/lenovo/Desktop/AIoT/first_day/firstday_afternoon/LiteOS_Lab_STM32_IoT/iot_link/shell\shell_cmd.c **** #else
 247:c:/Users/lenovo/Desktop/AIoT/first_day/firstday_afternoon/LiteOS_Lab_STM32_IoT/iot_link/shell\shell_cmd.c ****     #error("unknown compiler here");
 248:c:/Users/lenovo/Desktop/AIoT/first_day/firstday_afternoon/LiteOS_Lab_STM32_IoT/iot_link/shell\shell_cmd.c **** #endif        
 249:c:/Users/lenovo/Desktop/AIoT/first_day/firstday_afternoon/LiteOS_Lab_STM32_IoT/iot_link/shell\shell_cmd.c **** 
 250:c:/Users/lenovo/Desktop/AIoT/first_day/firstday_afternoon/LiteOS_Lab_STM32_IoT/iot_link/shell\shell_cmd.c **** 
 251:c:/Users/lenovo/Desktop/AIoT/first_day/firstday_afternoon/LiteOS_Lab_STM32_IoT/iot_link/shell\shell_cmd.c **** int   shell_cmd_init(void){
 782              		.loc 1 251 27
 783              		.cfi_startproc
ARM GAS  C:\Users\lenovo\AppData\Local\Temp\ccGNbPkU.s 			page 20


 784              		@ args = 0, pretend = 0, frame = 8
 785              		@ frame_needed = 1, uses_anonymous_args = 0
 786              		@ link register save eliminated.
 787 0000 80B4     		push	{r7}
 788              	.LCFI20:
 789              		.cfi_def_cfa_offset 4
 790              		.cfi_offset 7, -4
 791 0002 83B0     		sub	sp, sp, #12
 792              	.LCFI21:
 793              		.cfi_def_cfa_offset 16
 794 0004 00AF     		add	r7, sp, #0
 795              	.LCFI22:
 796              		.cfi_def_cfa_register 7
 252:c:/Users/lenovo/Desktop/AIoT/first_day/firstday_afternoon/LiteOS_Lab_STM32_IoT/iot_link/shell\shell_cmd.c ****     void  *cmd_start = NULL;
 797              		.loc 1 252 12
 798 0006 0023     		movs	r3, #0
 799 0008 7B60     		str	r3, [r7, #4]
 253:c:/Users/lenovo/Desktop/AIoT/first_day/firstday_afternoon/LiteOS_Lab_STM32_IoT/iot_link/shell\shell_cmd.c ****     unsigned int len = 0;
 800              		.loc 1 253 18
 801 000a 0023     		movs	r3, #0
 802 000c 3B60     		str	r3, [r7]
 254:c:/Users/lenovo/Desktop/AIoT/first_day/firstday_afternoon/LiteOS_Lab_STM32_IoT/iot_link/shell\shell_cmd.c **** #if defined (__CC_ARM)    //you could add other compiler like this
 255:c:/Users/lenovo/Desktop/AIoT/first_day/firstday_afternoon/LiteOS_Lab_STM32_IoT/iot_link/shell\shell_cmd.c ****     len = (unsigned int)&oshell$$Limit-(unsigned int)&oshell$$Base;
 256:c:/Users/lenovo/Desktop/AIoT/first_day/firstday_afternoon/LiteOS_Lab_STM32_IoT/iot_link/shell\shell_cmd.c ****     cmd_start = &oshell$$Base;
 257:c:/Users/lenovo/Desktop/AIoT/first_day/firstday_afternoon/LiteOS_Lab_STM32_IoT/iot_link/shell\shell_cmd.c **** #elif defined(__GNUC__)
 258:c:/Users/lenovo/Desktop/AIoT/first_day/firstday_afternoon/LiteOS_Lab_STM32_IoT/iot_link/shell\shell_cmd.c ****     cmd_start = &__oshell_start;
 803              		.loc 1 258 15
 804 000e 0C4B     		ldr	r3, .L47
 805 0010 7B60     		str	r3, [r7, #4]
 259:c:/Users/lenovo/Desktop/AIoT/first_day/firstday_afternoon/LiteOS_Lab_STM32_IoT/iot_link/shell\shell_cmd.c ****     len = (unsigned int )&__oshell_end - (unsigned int)&__oshell_start;
 806              		.loc 1 259 11
 807 0012 0C4A     		ldr	r2, .L47+4
 808              		.loc 1 259 42
 809 0014 0A4B     		ldr	r3, .L47
 810              		.loc 1 259 9
 811 0016 D31A     		subs	r3, r2, r3
 812 0018 3B60     		str	r3, [r7]
 260:c:/Users/lenovo/Desktop/AIoT/first_day/firstday_afternoon/LiteOS_Lab_STM32_IoT/iot_link/shell\shell_cmd.c **** #else 
 261:c:/Users/lenovo/Desktop/AIoT/first_day/firstday_afternoon/LiteOS_Lab_STM32_IoT/iot_link/shell\shell_cmd.c ****     #error("unknown compiler here");
 262:c:/Users/lenovo/Desktop/AIoT/first_day/firstday_afternoon/LiteOS_Lab_STM32_IoT/iot_link/shell\shell_cmd.c **** #endif    
 263:c:/Users/lenovo/Desktop/AIoT/first_day/firstday_afternoon/LiteOS_Lab_STM32_IoT/iot_link/shell\shell_cmd.c ****     if(len > 0){
 813              		.loc 1 263 7
 814 001a 3B68     		ldr	r3, [r7]
 815 001c 002B     		cmp	r3, #0
 816 001e 08D0     		beq	.L45
 264:c:/Users/lenovo/Desktop/AIoT/first_day/firstday_afternoon/LiteOS_Lab_STM32_IoT/iot_link/shell\shell_cmd.c ****         len = len/sizeof(struct shell_item_t);
 817              		.loc 1 264 13
 818 0020 3B68     		ldr	r3, [r7]
 819 0022 1B09     		lsrs	r3, r3, #4
 820 0024 3B60     		str	r3, [r7]
 265:c:/Users/lenovo/Desktop/AIoT/first_day/firstday_afternoon/LiteOS_Lab_STM32_IoT/iot_link/shell\shell_cmd.c ****         gs_shell_cb.s = (struct shell_item_t *)cmd_start;
 821              		.loc 1 265 23
 822 0026 084A     		ldr	r2, .L47+8
 823 0028 7B68     		ldr	r3, [r7, #4]
 824 002a 1360     		str	r3, [r2]
 266:c:/Users/lenovo/Desktop/AIoT/first_day/firstday_afternoon/LiteOS_Lab_STM32_IoT/iot_link/shell\shell_cmd.c ****         gs_shell_cb.s_num = len;
 825              		.loc 1 266 27
ARM GAS  C:\Users\lenovo\AppData\Local\Temp\ccGNbPkU.s 			page 21


 826 002c 3B68     		ldr	r3, [r7]
 827 002e 064A     		ldr	r2, .L47+8
 828 0030 5360     		str	r3, [r2, #4]
 829              	.L45:
 267:c:/Users/lenovo/Desktop/AIoT/first_day/firstday_afternoon/LiteOS_Lab_STM32_IoT/iot_link/shell\shell_cmd.c ****     }
 268:c:/Users/lenovo/Desktop/AIoT/first_day/firstday_afternoon/LiteOS_Lab_STM32_IoT/iot_link/shell\shell_cmd.c ****     return 0;
 830              		.loc 1 268 12
 831 0032 0023     		movs	r3, #0
 269:c:/Users/lenovo/Desktop/AIoT/first_day/firstday_afternoon/LiteOS_Lab_STM32_IoT/iot_link/shell\shell_cmd.c **** }
 832              		.loc 1 269 1
 833 0034 1846     		mov	r0, r3
 834 0036 0C37     		adds	r7, r7, #12
 835              	.LCFI23:
 836              		.cfi_def_cfa_offset 4
 837 0038 BD46     		mov	sp, r7
 838              	.LCFI24:
 839              		.cfi_def_cfa_register 13
 840              		@ sp needed
 841 003a 5DF8047B 		ldr	r7, [sp], #4
 842              	.LCFI25:
 843              		.cfi_restore 7
 844              		.cfi_def_cfa_offset 0
 845 003e 7047     		bx	lr
 846              	.L48:
 847              		.align	2
 848              	.L47:
 849 0040 00000000 		.word	__oshell_start
 850 0044 00000000 		.word	__oshell_end
 851 0048 00000000 		.word	gs_shell_cb
 852              		.cfi_endproc
 853              	.LFE7:
 855              		.section	.rodata
 856 00c6 0000     		.align	2
 857              	.LC14:
 858 00c8 6F735F73 		.ascii	"os_shell_version:%d.%d\012\015\000"
 858      68656C6C 
 858      5F766572 
 858      73696F6E 
 858      3A25642E 
 859              		.section	.text.os_shell_version,"ax",%progbits
 860              		.align	1
 861              		.syntax unified
 862              		.thumb
 863              		.thumb_func
 864              		.fpu fpv4-sp-d16
 866              	os_shell_version:
 867              	.LFB8:
 270:c:/Users/lenovo/Desktop/AIoT/first_day/firstday_afternoon/LiteOS_Lab_STM32_IoT/iot_link/shell\shell_cmd.c **** 
 271:c:/Users/lenovo/Desktop/AIoT/first_day/firstday_afternoon/LiteOS_Lab_STM32_IoT/iot_link/shell\shell_cmd.c **** static int   os_shell_version(int argc, char *argv){
 868              		.loc 1 271 52
 869              		.cfi_startproc
 870              		@ args = 0, pretend = 0, frame = 8
 871              		@ frame_needed = 1, uses_anonymous_args = 0
 872 0000 80B5     		push	{r7, lr}
 873              	.LCFI26:
 874              		.cfi_def_cfa_offset 8
 875              		.cfi_offset 7, -8
ARM GAS  C:\Users\lenovo\AppData\Local\Temp\ccGNbPkU.s 			page 22


 876              		.cfi_offset 14, -4
 877 0002 82B0     		sub	sp, sp, #8
 878              	.LCFI27:
 879              		.cfi_def_cfa_offset 16
 880 0004 00AF     		add	r7, sp, #0
 881              	.LCFI28:
 882              		.cfi_def_cfa_register 7
 883 0006 7860     		str	r0, [r7, #4]
 884 0008 3960     		str	r1, [r7]
 272:c:/Users/lenovo/Desktop/AIoT/first_day/firstday_afternoon/LiteOS_Lab_STM32_IoT/iot_link/shell\shell_cmd.c ****     printf("os_shell_version:%d.%d\n\r",cn_shell_ver_major,cn_shell_ver_minor);
 885              		.loc 1 272 5
 886 000a 0022     		movs	r2, #0
 887 000c 0121     		movs	r1, #1
 888 000e 0448     		ldr	r0, .L51
 889 0010 FFF7FEFF 		bl	printf
 273:c:/Users/lenovo/Desktop/AIoT/first_day/firstday_afternoon/LiteOS_Lab_STM32_IoT/iot_link/shell\shell_cmd.c ****     return 0;
 890              		.loc 1 273 12
 891 0014 0023     		movs	r3, #0
 274:c:/Users/lenovo/Desktop/AIoT/first_day/firstday_afternoon/LiteOS_Lab_STM32_IoT/iot_link/shell\shell_cmd.c **** };
 892              		.loc 1 274 1
 893 0016 1846     		mov	r0, r3
 894 0018 0837     		adds	r7, r7, #8
 895              	.LCFI29:
 896              		.cfi_def_cfa_offset 8
 897 001a BD46     		mov	sp, r7
 898              	.LCFI30:
 899              		.cfi_def_cfa_register 13
 900              		@ sp needed
 901 001c 80BD     		pop	{r7, pc}
 902              	.L52:
 903 001e 00BF     		.align	2
 904              	.L51:
 905 0020 C8000000 		.word	.LC14
 906              		.cfi_endproc
 907              	.LFE8:
 909              		.section	.rodata
 910 00e1 000000   		.align	2
 911              	.LC15:
 912 00e4 7368656C 		.ascii	"shellversion\000"
 912      6C766572 
 912      73696F6E 
 912      00
 913              		.section	oshell,"a"
 914              		.align	2
 917              	__oshell_os_shell_version:
 918 0000 E4000000 		.word	.LC15
 919 0004 E4000000 		.word	.LC15
 920 0008 00000000 		.word	os_shell_version
 921 000c 0000     		.short	0
 922 000e 0400     		.short	4
 923              		.section	.rodata
 924 00f1 000000   		.align	2
 925              	.LC16:
 926 00f4 68656C70 		.ascii	"help\000"
 926      00
 927              		.section	oshell
 928              		.align	2
ARM GAS  C:\Users\lenovo\AppData\Local\Temp\ccGNbPkU.s 			page 23


 931              	__oshell_shell_cmd_help:
 932 0010 F4000000 		.word	.LC16
 933 0014 F4000000 		.word	.LC16
 934 0018 00000000 		.word	shell_cmd_help
 935 001c 0000     		.short	0
 936 001e 0400     		.short	4
 937              		.text
 938              	.Letext0:
 939              		.file 2 "c:\\users\\lenovo\\.iotlink\\tools\\gcc-arm-none-eabi\\arm-none-eabi\\include\\sys\\lock.
 940              		.file 3 "c:\\users\\lenovo\\.iotlink\\tools\\gcc-arm-none-eabi\\arm-none-eabi\\include\\sys\\_type
 941              		.file 4 "c:\\users\\lenovo\\.iotlink\\tools\\gcc-arm-none-eabi\\lib\\gcc\\arm-none-eabi\\9.2.1\\in
 942              		.file 5 "c:\\users\\lenovo\\.iotlink\\tools\\gcc-arm-none-eabi\\arm-none-eabi\\include\\sys\\reent
 943              		.file 6 "c:\\users\\lenovo\\.iotlink\\tools\\gcc-arm-none-eabi\\arm-none-eabi\\include\\stdlib.h"
 944              		.file 7 "c:/Users/lenovo/Desktop/AIoT/first_day/firstday_afternoon/LiteOS_Lab_STM32_IoT/iot_link/i
ARM GAS  C:\Users\lenovo\AppData\Local\Temp\ccGNbPkU.s 			page 24


DEFINED SYMBOLS
                            *ABS*:00000000 shell_cmd.c
C:\Users\lenovo\AppData\Local\Temp\ccGNbPkU.s:18     .bss.gs_shell_cb:00000000 $d
C:\Users\lenovo\AppData\Local\Temp\ccGNbPkU.s:21     .bss.gs_shell_cb:00000000 gs_shell_cb
C:\Users\lenovo\AppData\Local\Temp\ccGNbPkU.s:24     .rodata:00000000 $d
C:\Users\lenovo\AppData\Local\Temp\ccGNbPkU.s:31     .data.gs_os_shell_type:00000000 $d
C:\Users\lenovo\AppData\Local\Temp\ccGNbPkU.s:34     .data.gs_os_shell_type:00000000 gs_os_shell_type
C:\Users\lenovo\AppData\Local\Temp\ccGNbPkU.s:38     .bss.tab_matches:00000000 $d
C:\Users\lenovo\AppData\Local\Temp\ccGNbPkU.s:41     .bss.tab_matches:00000000 tab_matches
C:\Users\lenovo\AppData\Local\Temp\ccGNbPkU.s:69     .text.shell_cmd_help:00000000 $t
C:\Users\lenovo\AppData\Local\Temp\ccGNbPkU.s:76     .text.shell_cmd_help:00000000 shell_cmd_help
C:\Users\lenovo\AppData\Local\Temp\ccGNbPkU.s:234    .text.shell_cmd_help:000000cc $d
C:\Users\lenovo\AppData\Local\Temp\ccGNbPkU.s:248    .text.shell_cmd_match:00000000 $t
C:\Users\lenovo\AppData\Local\Temp\ccGNbPkU.s:254    .text.shell_cmd_match:00000000 shell_cmd_match
C:\Users\lenovo\AppData\Local\Temp\ccGNbPkU.s:388    .text.shell_cmd_match:00000098 $d
C:\Users\lenovo\AppData\Local\Temp\ccGNbPkU.s:393    .text.shell_cmd_index:00000000 $t
C:\Users\lenovo\AppData\Local\Temp\ccGNbPkU.s:400    .text.shell_cmd_index:00000000 shell_cmd_index
C:\Users\lenovo\AppData\Local\Temp\ccGNbPkU.s:566    .text.shell_cmd_index:000000e4 $d
C:\Users\lenovo\AppData\Local\Temp\ccGNbPkU.s:585    .text.shell_cmd_execute:00000000 $t
C:\Users\lenovo\AppData\Local\Temp\ccGNbPkU.s:592    .text.shell_cmd_execute:00000000 shell_cmd_execute
C:\Users\lenovo\AppData\Local\Temp\ccGNbPkU.s:765    .text.shell_cmd_execute:000000f4 $d
C:\Users\lenovo\AppData\Local\Temp\ccGNbPkU.s:773    .text.shell_cmd_init:00000000 $t
C:\Users\lenovo\AppData\Local\Temp\ccGNbPkU.s:780    .text.shell_cmd_init:00000000 shell_cmd_init
C:\Users\lenovo\AppData\Local\Temp\ccGNbPkU.s:849    .text.shell_cmd_init:00000040 $d
C:\Users\lenovo\AppData\Local\Temp\ccGNbPkU.s:860    .text.os_shell_version:00000000 $t
C:\Users\lenovo\AppData\Local\Temp\ccGNbPkU.s:866    .text.os_shell_version:00000000 os_shell_version
C:\Users\lenovo\AppData\Local\Temp\ccGNbPkU.s:905    .text.os_shell_version:00000020 $d
C:\Users\lenovo\AppData\Local\Temp\ccGNbPkU.s:914    oshell:00000000 $d
C:\Users\lenovo\AppData\Local\Temp\ccGNbPkU.s:917    oshell:00000000 __oshell_os_shell_version
C:\Users\lenovo\AppData\Local\Temp\ccGNbPkU.s:931    oshell:00000010 __oshell_shell_cmd_help

UNDEFINED SYMBOLS
printf
strcmp
strlen
strncmp
string_to_arg
strtol
memcpy
__oshell_start
__oshell_end
