ARM GAS  C:\Users\lenovo\AppData\Local\Temp\ccNTWE8s.s 			page 1


   1              		.cpu cortex-m4
   2              		.eabi_attribute 27, 1
   3              		.eabi_attribute 28, 1
   4              		.eabi_attribute 20, 1
   5              		.eabi_attribute 21, 1
   6              		.eabi_attribute 23, 3
   7              		.eabi_attribute 24, 1
   8              		.eabi_attribute 25, 1
   9              		.eabi_attribute 26, 1
  10              		.eabi_attribute 30, 6
  11              		.eabi_attribute 34, 1
  12              		.eabi_attribute 18, 4
  13              		.file	"spi.c"
  14              		.text
  15              	.Ltext0:
  16              		.cfi_sections	.debug_frame
  17              		.comm	hspi2,100,4
  18              		.section	.rodata
  19              		.align	2
  20              	.LC0:
  21 0000 633A2F55 		.ascii	"c:/Users/lenovo/Desktop/AIoT/first_day/firstday_aft"
  21      73657273 
  21      2F6C656E 
  21      6F766F2F 
  21      4465736B 
  22 0033 65726E6F 		.ascii	"ernoon/LiteOS_Lab_STM32_IoT/targets/STM32L431_BearP"
  22      6F6E2F4C 
  22      6974654F 
  22      535F4C61 
  22      625F5354 
  23 0066 692F5372 		.ascii	"i/Src/spi.c\000"
  23      632F7370 
  23      692E6300 
  24              		.section	.text.MX_SPI2_Init,"ax",%progbits
  25              		.align	1
  26              		.global	MX_SPI2_Init
  27              		.arch armv7e-m
  28              		.syntax unified
  29              		.thumb
  30              		.thumb_func
  31              		.fpu fpv4-sp-d16
  33              	MX_SPI2_Init:
  34              	.LFB287:
  35              		.file 1 "c:/Users/lenovo/Desktop/AIoT/first_day/firstday_afternoon/LiteOS_Lab_STM32_IoT/targets/ST
   1:c:/Users/lenovo/Desktop/AIoT/first_day/firstday_afternoon/LiteOS_Lab_STM32_IoT/targets/STM32L431_BearPi/Src\spi.c **** /**
   2:c:/Users/lenovo/Desktop/AIoT/first_day/firstday_afternoon/LiteOS_Lab_STM32_IoT/targets/STM32L431_BearPi/Src\spi.c ****   ******************************************************************************
   3:c:/Users/lenovo/Desktop/AIoT/first_day/firstday_afternoon/LiteOS_Lab_STM32_IoT/targets/STM32L431_BearPi/Src\spi.c ****   * File Name          : SPI.c
   4:c:/Users/lenovo/Desktop/AIoT/first_day/firstday_afternoon/LiteOS_Lab_STM32_IoT/targets/STM32L431_BearPi/Src\spi.c ****   * Description        : This file provides code for the configuration
   5:c:/Users/lenovo/Desktop/AIoT/first_day/firstday_afternoon/LiteOS_Lab_STM32_IoT/targets/STM32L431_BearPi/Src\spi.c ****   *                      of the SPI instances.
   6:c:/Users/lenovo/Desktop/AIoT/first_day/firstday_afternoon/LiteOS_Lab_STM32_IoT/targets/STM32L431_BearPi/Src\spi.c ****   ******************************************************************************
   7:c:/Users/lenovo/Desktop/AIoT/first_day/firstday_afternoon/LiteOS_Lab_STM32_IoT/targets/STM32L431_BearPi/Src\spi.c ****   ** This notice applies to any and all portions of this file
   8:c:/Users/lenovo/Desktop/AIoT/first_day/firstday_afternoon/LiteOS_Lab_STM32_IoT/targets/STM32L431_BearPi/Src\spi.c ****   * that are not between comment pairs USER CODE BEGIN and
   9:c:/Users/lenovo/Desktop/AIoT/first_day/firstday_afternoon/LiteOS_Lab_STM32_IoT/targets/STM32L431_BearPi/Src\spi.c ****   * USER CODE END. Other portions of this file, whether 
  10:c:/Users/lenovo/Desktop/AIoT/first_day/firstday_afternoon/LiteOS_Lab_STM32_IoT/targets/STM32L431_BearPi/Src\spi.c ****   * inserted by the user or by software development tools
  11:c:/Users/lenovo/Desktop/AIoT/first_day/firstday_afternoon/LiteOS_Lab_STM32_IoT/targets/STM32L431_BearPi/Src\spi.c ****   * are owned by their respective copyright owners.
  12:c:/Users/lenovo/Desktop/AIoT/first_day/firstday_afternoon/LiteOS_Lab_STM32_IoT/targets/STM32L431_BearPi/Src\spi.c ****   *
  13:c:/Users/lenovo/Desktop/AIoT/first_day/firstday_afternoon/LiteOS_Lab_STM32_IoT/targets/STM32L431_BearPi/Src\spi.c ****   * COPYRIGHT(c) 2019 STMicroelectronics
ARM GAS  C:\Users\lenovo\AppData\Local\Temp\ccNTWE8s.s 			page 2


  14:c:/Users/lenovo/Desktop/AIoT/first_day/firstday_afternoon/LiteOS_Lab_STM32_IoT/targets/STM32L431_BearPi/Src\spi.c ****   *
  15:c:/Users/lenovo/Desktop/AIoT/first_day/firstday_afternoon/LiteOS_Lab_STM32_IoT/targets/STM32L431_BearPi/Src\spi.c ****   * Redistribution and use in source and binary forms, with or without modification,
  16:c:/Users/lenovo/Desktop/AIoT/first_day/firstday_afternoon/LiteOS_Lab_STM32_IoT/targets/STM32L431_BearPi/Src\spi.c ****   * are permitted provided that the following conditions are met:
  17:c:/Users/lenovo/Desktop/AIoT/first_day/firstday_afternoon/LiteOS_Lab_STM32_IoT/targets/STM32L431_BearPi/Src\spi.c ****   *   1. Redistributions of source code must retain the above copyright notice,
  18:c:/Users/lenovo/Desktop/AIoT/first_day/firstday_afternoon/LiteOS_Lab_STM32_IoT/targets/STM32L431_BearPi/Src\spi.c ****   *      this list of conditions and the following disclaimer.
  19:c:/Users/lenovo/Desktop/AIoT/first_day/firstday_afternoon/LiteOS_Lab_STM32_IoT/targets/STM32L431_BearPi/Src\spi.c ****   *   2. Redistributions in binary form must reproduce the above copyright notice,
  20:c:/Users/lenovo/Desktop/AIoT/first_day/firstday_afternoon/LiteOS_Lab_STM32_IoT/targets/STM32L431_BearPi/Src\spi.c ****   *      this list of conditions and the following disclaimer in the documentation
  21:c:/Users/lenovo/Desktop/AIoT/first_day/firstday_afternoon/LiteOS_Lab_STM32_IoT/targets/STM32L431_BearPi/Src\spi.c ****   *      and/or other materials provided with the distribution.
  22:c:/Users/lenovo/Desktop/AIoT/first_day/firstday_afternoon/LiteOS_Lab_STM32_IoT/targets/STM32L431_BearPi/Src\spi.c ****   *   3. Neither the name of STMicroelectronics nor the names of its contributors
  23:c:/Users/lenovo/Desktop/AIoT/first_day/firstday_afternoon/LiteOS_Lab_STM32_IoT/targets/STM32L431_BearPi/Src\spi.c ****   *      may be used to endorse or promote products derived from this software
  24:c:/Users/lenovo/Desktop/AIoT/first_day/firstday_afternoon/LiteOS_Lab_STM32_IoT/targets/STM32L431_BearPi/Src\spi.c ****   *      without specific prior written permission.
  25:c:/Users/lenovo/Desktop/AIoT/first_day/firstday_afternoon/LiteOS_Lab_STM32_IoT/targets/STM32L431_BearPi/Src\spi.c ****   *
  26:c:/Users/lenovo/Desktop/AIoT/first_day/firstday_afternoon/LiteOS_Lab_STM32_IoT/targets/STM32L431_BearPi/Src\spi.c ****   * THIS SOFTWARE IS PROVIDED BY THE COPYRIGHT HOLDERS AND CONTRIBUTORS "AS IS"
  27:c:/Users/lenovo/Desktop/AIoT/first_day/firstday_afternoon/LiteOS_Lab_STM32_IoT/targets/STM32L431_BearPi/Src\spi.c ****   * AND ANY EXPRESS OR IMPLIED WARRANTIES, INCLUDING, BUT NOT LIMITED TO, THE
  28:c:/Users/lenovo/Desktop/AIoT/first_day/firstday_afternoon/LiteOS_Lab_STM32_IoT/targets/STM32L431_BearPi/Src\spi.c ****   * IMPLIED WARRANTIES OF MERCHANTABILITY AND FITNESS FOR A PARTICULAR PURPOSE ARE
  29:c:/Users/lenovo/Desktop/AIoT/first_day/firstday_afternoon/LiteOS_Lab_STM32_IoT/targets/STM32L431_BearPi/Src\spi.c ****   * DISCLAIMED. IN NO EVENT SHALL THE COPYRIGHT HOLDER OR CONTRIBUTORS BE LIABLE
  30:c:/Users/lenovo/Desktop/AIoT/first_day/firstday_afternoon/LiteOS_Lab_STM32_IoT/targets/STM32L431_BearPi/Src\spi.c ****   * FOR ANY DIRECT, INDIRECT, INCIDENTAL, SPECIAL, EXEMPLARY, OR CONSEQUENTIAL
  31:c:/Users/lenovo/Desktop/AIoT/first_day/firstday_afternoon/LiteOS_Lab_STM32_IoT/targets/STM32L431_BearPi/Src\spi.c ****   * DAMAGES (INCLUDING, BUT NOT LIMITED TO, PROCUREMENT OF SUBSTITUTE GOODS OR
  32:c:/Users/lenovo/Desktop/AIoT/first_day/firstday_afternoon/LiteOS_Lab_STM32_IoT/targets/STM32L431_BearPi/Src\spi.c ****   * SERVICES; LOSS OF USE, DATA, OR PROFITS; OR BUSINESS INTERRUPTION) HOWEVER
  33:c:/Users/lenovo/Desktop/AIoT/first_day/firstday_afternoon/LiteOS_Lab_STM32_IoT/targets/STM32L431_BearPi/Src\spi.c ****   * CAUSED AND ON ANY THEORY OF LIABILITY, WHETHER IN CONTRACT, STRICT LIABILITY,
  34:c:/Users/lenovo/Desktop/AIoT/first_day/firstday_afternoon/LiteOS_Lab_STM32_IoT/targets/STM32L431_BearPi/Src\spi.c ****   * OR TORT (INCLUDING NEGLIGENCE OR OTHERWISE) ARISING IN ANY WAY OUT OF THE USE
  35:c:/Users/lenovo/Desktop/AIoT/first_day/firstday_afternoon/LiteOS_Lab_STM32_IoT/targets/STM32L431_BearPi/Src\spi.c ****   * OF THIS SOFTWARE, EVEN IF ADVISED OF THE POSSIBILITY OF SUCH DAMAGE.
  36:c:/Users/lenovo/Desktop/AIoT/first_day/firstday_afternoon/LiteOS_Lab_STM32_IoT/targets/STM32L431_BearPi/Src\spi.c ****   *
  37:c:/Users/lenovo/Desktop/AIoT/first_day/firstday_afternoon/LiteOS_Lab_STM32_IoT/targets/STM32L431_BearPi/Src\spi.c ****   ******************************************************************************
  38:c:/Users/lenovo/Desktop/AIoT/first_day/firstday_afternoon/LiteOS_Lab_STM32_IoT/targets/STM32L431_BearPi/Src\spi.c ****   */
  39:c:/Users/lenovo/Desktop/AIoT/first_day/firstday_afternoon/LiteOS_Lab_STM32_IoT/targets/STM32L431_BearPi/Src\spi.c **** 
  40:c:/Users/lenovo/Desktop/AIoT/first_day/firstday_afternoon/LiteOS_Lab_STM32_IoT/targets/STM32L431_BearPi/Src\spi.c **** /* Includes ------------------------------------------------------------------*/
  41:c:/Users/lenovo/Desktop/AIoT/first_day/firstday_afternoon/LiteOS_Lab_STM32_IoT/targets/STM32L431_BearPi/Src\spi.c **** #include "spi.h"
  42:c:/Users/lenovo/Desktop/AIoT/first_day/firstday_afternoon/LiteOS_Lab_STM32_IoT/targets/STM32L431_BearPi/Src\spi.c **** 
  43:c:/Users/lenovo/Desktop/AIoT/first_day/firstday_afternoon/LiteOS_Lab_STM32_IoT/targets/STM32L431_BearPi/Src\spi.c **** #include "gpio.h"
  44:c:/Users/lenovo/Desktop/AIoT/first_day/firstday_afternoon/LiteOS_Lab_STM32_IoT/targets/STM32L431_BearPi/Src\spi.c **** 
  45:c:/Users/lenovo/Desktop/AIoT/first_day/firstday_afternoon/LiteOS_Lab_STM32_IoT/targets/STM32L431_BearPi/Src\spi.c **** /* USER CODE BEGIN 0 */
  46:c:/Users/lenovo/Desktop/AIoT/first_day/firstday_afternoon/LiteOS_Lab_STM32_IoT/targets/STM32L431_BearPi/Src\spi.c **** 
  47:c:/Users/lenovo/Desktop/AIoT/first_day/firstday_afternoon/LiteOS_Lab_STM32_IoT/targets/STM32L431_BearPi/Src\spi.c **** /* USER CODE END 0 */
  48:c:/Users/lenovo/Desktop/AIoT/first_day/firstday_afternoon/LiteOS_Lab_STM32_IoT/targets/STM32L431_BearPi/Src\spi.c **** 
  49:c:/Users/lenovo/Desktop/AIoT/first_day/firstday_afternoon/LiteOS_Lab_STM32_IoT/targets/STM32L431_BearPi/Src\spi.c **** SPI_HandleTypeDef hspi2;
  50:c:/Users/lenovo/Desktop/AIoT/first_day/firstday_afternoon/LiteOS_Lab_STM32_IoT/targets/STM32L431_BearPi/Src\spi.c **** 
  51:c:/Users/lenovo/Desktop/AIoT/first_day/firstday_afternoon/LiteOS_Lab_STM32_IoT/targets/STM32L431_BearPi/Src\spi.c **** /* SPI2 init function */
  52:c:/Users/lenovo/Desktop/AIoT/first_day/firstday_afternoon/LiteOS_Lab_STM32_IoT/targets/STM32L431_BearPi/Src\spi.c **** void MX_SPI2_Init(void)
  53:c:/Users/lenovo/Desktop/AIoT/first_day/firstday_afternoon/LiteOS_Lab_STM32_IoT/targets/STM32L431_BearPi/Src\spi.c **** {
  36              		.loc 1 53 1
  37              		.cfi_startproc
  38              		@ args = 0, pretend = 0, frame = 0
  39              		@ frame_needed = 1, uses_anonymous_args = 0
  40 0000 80B5     		push	{r7, lr}
  41              	.LCFI0:
  42              		.cfi_def_cfa_offset 8
  43              		.cfi_offset 7, -8
  44              		.cfi_offset 14, -4
  45 0002 00AF     		add	r7, sp, #0
  46              	.LCFI1:
  47              		.cfi_def_cfa_register 7
  54:c:/Users/lenovo/Desktop/AIoT/first_day/firstday_afternoon/LiteOS_Lab_STM32_IoT/targets/STM32L431_BearPi/Src\spi.c **** 
  55:c:/Users/lenovo/Desktop/AIoT/first_day/firstday_afternoon/LiteOS_Lab_STM32_IoT/targets/STM32L431_BearPi/Src\spi.c ****   hspi2.Instance = SPI2;
  48              		.loc 1 55 18
  49 0004 1C4B     		ldr	r3, .L4
  50 0006 1D4A     		ldr	r2, .L4+4
ARM GAS  C:\Users\lenovo\AppData\Local\Temp\ccNTWE8s.s 			page 3


  51 0008 1A60     		str	r2, [r3]
  56:c:/Users/lenovo/Desktop/AIoT/first_day/firstday_afternoon/LiteOS_Lab_STM32_IoT/targets/STM32L431_BearPi/Src\spi.c ****   hspi2.Init.Mode = SPI_MODE_MASTER;
  52              		.loc 1 56 19
  53 000a 1B4B     		ldr	r3, .L4
  54 000c 4FF48272 		mov	r2, #260
  55 0010 5A60     		str	r2, [r3, #4]
  57:c:/Users/lenovo/Desktop/AIoT/first_day/firstday_afternoon/LiteOS_Lab_STM32_IoT/targets/STM32L431_BearPi/Src\spi.c ****   hspi2.Init.Direction = SPI_DIRECTION_1LINE;
  56              		.loc 1 57 24
  57 0012 194B     		ldr	r3, .L4
  58 0014 4FF40042 		mov	r2, #32768
  59 0018 9A60     		str	r2, [r3, #8]
  58:c:/Users/lenovo/Desktop/AIoT/first_day/firstday_afternoon/LiteOS_Lab_STM32_IoT/targets/STM32L431_BearPi/Src\spi.c ****   hspi2.Init.DataSize = SPI_DATASIZE_8BIT;
  60              		.loc 1 58 23
  61 001a 174B     		ldr	r3, .L4
  62 001c 4FF4E062 		mov	r2, #1792
  63 0020 DA60     		str	r2, [r3, #12]
  59:c:/Users/lenovo/Desktop/AIoT/first_day/firstday_afternoon/LiteOS_Lab_STM32_IoT/targets/STM32L431_BearPi/Src\spi.c ****   hspi2.Init.CLKPolarity = SPI_POLARITY_HIGH;
  64              		.loc 1 59 26
  65 0022 154B     		ldr	r3, .L4
  66 0024 0222     		movs	r2, #2
  67 0026 1A61     		str	r2, [r3, #16]
  60:c:/Users/lenovo/Desktop/AIoT/first_day/firstday_afternoon/LiteOS_Lab_STM32_IoT/targets/STM32L431_BearPi/Src\spi.c ****   hspi2.Init.CLKPhase = SPI_PHASE_2EDGE;
  68              		.loc 1 60 23
  69 0028 134B     		ldr	r3, .L4
  70 002a 0122     		movs	r2, #1
  71 002c 5A61     		str	r2, [r3, #20]
  61:c:/Users/lenovo/Desktop/AIoT/first_day/firstday_afternoon/LiteOS_Lab_STM32_IoT/targets/STM32L431_BearPi/Src\spi.c ****   hspi2.Init.NSS = SPI_NSS_SOFT;
  72              		.loc 1 61 18
  73 002e 124B     		ldr	r3, .L4
  74 0030 4FF40072 		mov	r2, #512
  75 0034 9A61     		str	r2, [r3, #24]
  62:c:/Users/lenovo/Desktop/AIoT/first_day/firstday_afternoon/LiteOS_Lab_STM32_IoT/targets/STM32L431_BearPi/Src\spi.c ****   hspi2.Init.BaudRatePrescaler = SPI_BAUDRATEPRESCALER_2;
  76              		.loc 1 62 32
  77 0036 104B     		ldr	r3, .L4
  78 0038 0022     		movs	r2, #0
  79 003a DA61     		str	r2, [r3, #28]
  63:c:/Users/lenovo/Desktop/AIoT/first_day/firstday_afternoon/LiteOS_Lab_STM32_IoT/targets/STM32L431_BearPi/Src\spi.c ****   hspi2.Init.FirstBit = SPI_FIRSTBIT_MSB;
  80              		.loc 1 63 23
  81 003c 0E4B     		ldr	r3, .L4
  82 003e 0022     		movs	r2, #0
  83 0040 1A62     		str	r2, [r3, #32]
  64:c:/Users/lenovo/Desktop/AIoT/first_day/firstday_afternoon/LiteOS_Lab_STM32_IoT/targets/STM32L431_BearPi/Src\spi.c ****   hspi2.Init.TIMode = SPI_TIMODE_DISABLE;
  84              		.loc 1 64 21
  85 0042 0D4B     		ldr	r3, .L4
  86 0044 0022     		movs	r2, #0
  87 0046 5A62     		str	r2, [r3, #36]
  65:c:/Users/lenovo/Desktop/AIoT/first_day/firstday_afternoon/LiteOS_Lab_STM32_IoT/targets/STM32L431_BearPi/Src\spi.c ****   hspi2.Init.CRCCalculation = SPI_CRCCALCULATION_DISABLE;
  88              		.loc 1 65 29
  89 0048 0B4B     		ldr	r3, .L4
  90 004a 0022     		movs	r2, #0
  91 004c 9A62     		str	r2, [r3, #40]
  66:c:/Users/lenovo/Desktop/AIoT/first_day/firstday_afternoon/LiteOS_Lab_STM32_IoT/targets/STM32L431_BearPi/Src\spi.c ****   hspi2.Init.CRCPolynomial = 7;
  92              		.loc 1 66 28
  93 004e 0A4B     		ldr	r3, .L4
  94 0050 0722     		movs	r2, #7
  95 0052 DA62     		str	r2, [r3, #44]
  67:c:/Users/lenovo/Desktop/AIoT/first_day/firstday_afternoon/LiteOS_Lab_STM32_IoT/targets/STM32L431_BearPi/Src\spi.c ****   hspi2.Init.CRCLength = SPI_CRC_LENGTH_DATASIZE;
ARM GAS  C:\Users\lenovo\AppData\Local\Temp\ccNTWE8s.s 			page 4


  96              		.loc 1 67 24
  97 0054 084B     		ldr	r3, .L4
  98 0056 0022     		movs	r2, #0
  99 0058 1A63     		str	r2, [r3, #48]
  68:c:/Users/lenovo/Desktop/AIoT/first_day/firstday_afternoon/LiteOS_Lab_STM32_IoT/targets/STM32L431_BearPi/Src\spi.c ****   hspi2.Init.NSSPMode = SPI_NSS_PULSE_ENABLE;
 100              		.loc 1 68 23
 101 005a 074B     		ldr	r3, .L4
 102 005c 0822     		movs	r2, #8
 103 005e 5A63     		str	r2, [r3, #52]
  69:c:/Users/lenovo/Desktop/AIoT/first_day/firstday_afternoon/LiteOS_Lab_STM32_IoT/targets/STM32L431_BearPi/Src\spi.c ****   if (HAL_SPI_Init(&hspi2) != HAL_OK)
 104              		.loc 1 69 7
 105 0060 0548     		ldr	r0, .L4
 106 0062 FFF7FEFF 		bl	HAL_SPI_Init
 107 0066 0346     		mov	r3, r0
 108              		.loc 1 69 6
 109 0068 002B     		cmp	r3, #0
 110 006a 03D0     		beq	.L3
  70:c:/Users/lenovo/Desktop/AIoT/first_day/firstday_afternoon/LiteOS_Lab_STM32_IoT/targets/STM32L431_BearPi/Src\spi.c ****   {
  71:c:/Users/lenovo/Desktop/AIoT/first_day/firstday_afternoon/LiteOS_Lab_STM32_IoT/targets/STM32L431_BearPi/Src\spi.c ****     _Error_Handler(__FILE__, __LINE__);
 111              		.loc 1 71 5
 112 006c 4721     		movs	r1, #71
 113 006e 0448     		ldr	r0, .L4+8
 114 0070 FFF7FEFF 		bl	_Error_Handler
 115              	.L3:
  72:c:/Users/lenovo/Desktop/AIoT/first_day/firstday_afternoon/LiteOS_Lab_STM32_IoT/targets/STM32L431_BearPi/Src\spi.c ****   }
  73:c:/Users/lenovo/Desktop/AIoT/first_day/firstday_afternoon/LiteOS_Lab_STM32_IoT/targets/STM32L431_BearPi/Src\spi.c **** 
  74:c:/Users/lenovo/Desktop/AIoT/first_day/firstday_afternoon/LiteOS_Lab_STM32_IoT/targets/STM32L431_BearPi/Src\spi.c **** }
 116              		.loc 1 74 1
 117 0074 00BF     		nop
 118 0076 80BD     		pop	{r7, pc}
 119              	.L5:
 120              		.align	2
 121              	.L4:
 122 0078 00000000 		.word	hspi2
 123 007c 00380040 		.word	1073756160
 124 0080 00000000 		.word	.LC0
 125              		.cfi_endproc
 126              	.LFE287:
 128              		.section	.text.HAL_SPI_MspInit,"ax",%progbits
 129              		.align	1
 130              		.global	HAL_SPI_MspInit
 131              		.syntax unified
 132              		.thumb
 133              		.thumb_func
 134              		.fpu fpv4-sp-d16
 136              	HAL_SPI_MspInit:
 137              	.LFB288:
  75:c:/Users/lenovo/Desktop/AIoT/first_day/firstday_afternoon/LiteOS_Lab_STM32_IoT/targets/STM32L431_BearPi/Src\spi.c **** 
  76:c:/Users/lenovo/Desktop/AIoT/first_day/firstday_afternoon/LiteOS_Lab_STM32_IoT/targets/STM32L431_BearPi/Src\spi.c **** void HAL_SPI_MspInit(SPI_HandleTypeDef* spiHandle)
  77:c:/Users/lenovo/Desktop/AIoT/first_day/firstday_afternoon/LiteOS_Lab_STM32_IoT/targets/STM32L431_BearPi/Src\spi.c **** {
 138              		.loc 1 77 1
 139              		.cfi_startproc
 140              		@ args = 0, pretend = 0, frame = 32
 141              		@ frame_needed = 1, uses_anonymous_args = 0
 142 0000 80B5     		push	{r7, lr}
 143              	.LCFI2:
 144              		.cfi_def_cfa_offset 8
ARM GAS  C:\Users\lenovo\AppData\Local\Temp\ccNTWE8s.s 			page 5


 145              		.cfi_offset 7, -8
 146              		.cfi_offset 14, -4
 147 0002 88B0     		sub	sp, sp, #32
 148              	.LCFI3:
 149              		.cfi_def_cfa_offset 40
 150 0004 00AF     		add	r7, sp, #0
 151              	.LCFI4:
 152              		.cfi_def_cfa_register 7
 153 0006 7860     		str	r0, [r7, #4]
  78:c:/Users/lenovo/Desktop/AIoT/first_day/firstday_afternoon/LiteOS_Lab_STM32_IoT/targets/STM32L431_BearPi/Src\spi.c **** 
  79:c:/Users/lenovo/Desktop/AIoT/first_day/firstday_afternoon/LiteOS_Lab_STM32_IoT/targets/STM32L431_BearPi/Src\spi.c ****   GPIO_InitTypeDef GPIO_InitStruct;
  80:c:/Users/lenovo/Desktop/AIoT/first_day/firstday_afternoon/LiteOS_Lab_STM32_IoT/targets/STM32L431_BearPi/Src\spi.c ****   if(spiHandle->Instance==SPI2)
 154              		.loc 1 80 15
 155 0008 7B68     		ldr	r3, [r7, #4]
 156 000a 1B68     		ldr	r3, [r3]
 157              		.loc 1 80 5
 158 000c 194A     		ldr	r2, .L9
 159 000e 9342     		cmp	r3, r2
 160 0010 2CD1     		bne	.L8
 161              	.LBB2:
  81:c:/Users/lenovo/Desktop/AIoT/first_day/firstday_afternoon/LiteOS_Lab_STM32_IoT/targets/STM32L431_BearPi/Src\spi.c ****   {
  82:c:/Users/lenovo/Desktop/AIoT/first_day/firstday_afternoon/LiteOS_Lab_STM32_IoT/targets/STM32L431_BearPi/Src\spi.c ****   /* USER CODE BEGIN SPI2_MspInit 0 */
  83:c:/Users/lenovo/Desktop/AIoT/first_day/firstday_afternoon/LiteOS_Lab_STM32_IoT/targets/STM32L431_BearPi/Src\spi.c **** 
  84:c:/Users/lenovo/Desktop/AIoT/first_day/firstday_afternoon/LiteOS_Lab_STM32_IoT/targets/STM32L431_BearPi/Src\spi.c ****   /* USER CODE END SPI2_MspInit 0 */
  85:c:/Users/lenovo/Desktop/AIoT/first_day/firstday_afternoon/LiteOS_Lab_STM32_IoT/targets/STM32L431_BearPi/Src\spi.c ****     /* SPI2 clock enable */
  86:c:/Users/lenovo/Desktop/AIoT/first_day/firstday_afternoon/LiteOS_Lab_STM32_IoT/targets/STM32L431_BearPi/Src\spi.c ****     __HAL_RCC_SPI2_CLK_ENABLE();
 162              		.loc 1 86 5
 163 0012 194B     		ldr	r3, .L9+4
 164 0014 9B6D     		ldr	r3, [r3, #88]
 165 0016 184A     		ldr	r2, .L9+4
 166 0018 43F48043 		orr	r3, r3, #16384
 167 001c 9365     		str	r3, [r2, #88]
 168 001e 164B     		ldr	r3, .L9+4
 169 0020 9B6D     		ldr	r3, [r3, #88]
 170 0022 03F48043 		and	r3, r3, #16384
 171 0026 BB60     		str	r3, [r7, #8]
 172 0028 BB68     		ldr	r3, [r7, #8]
 173              	.LBE2:
  87:c:/Users/lenovo/Desktop/AIoT/first_day/firstday_afternoon/LiteOS_Lab_STM32_IoT/targets/STM32L431_BearPi/Src\spi.c ****   
  88:c:/Users/lenovo/Desktop/AIoT/first_day/firstday_afternoon/LiteOS_Lab_STM32_IoT/targets/STM32L431_BearPi/Src\spi.c ****     /**SPI2 GPIO Configuration    
  89:c:/Users/lenovo/Desktop/AIoT/first_day/firstday_afternoon/LiteOS_Lab_STM32_IoT/targets/STM32L431_BearPi/Src\spi.c ****     PC3     ------> SPI2_MOSI
  90:c:/Users/lenovo/Desktop/AIoT/first_day/firstday_afternoon/LiteOS_Lab_STM32_IoT/targets/STM32L431_BearPi/Src\spi.c ****     PB13     ------> SPI2_SCK 
  91:c:/Users/lenovo/Desktop/AIoT/first_day/firstday_afternoon/LiteOS_Lab_STM32_IoT/targets/STM32L431_BearPi/Src\spi.c ****     */
  92:c:/Users/lenovo/Desktop/AIoT/first_day/firstday_afternoon/LiteOS_Lab_STM32_IoT/targets/STM32L431_BearPi/Src\spi.c ****     GPIO_InitStruct.Pin = GPIO_PIN_3;
 174              		.loc 1 92 25
 175 002a 0823     		movs	r3, #8
 176 002c FB60     		str	r3, [r7, #12]
  93:c:/Users/lenovo/Desktop/AIoT/first_day/firstday_afternoon/LiteOS_Lab_STM32_IoT/targets/STM32L431_BearPi/Src\spi.c ****     GPIO_InitStruct.Mode = GPIO_MODE_AF_PP;
 177              		.loc 1 93 26
 178 002e 0223     		movs	r3, #2
 179 0030 3B61     		str	r3, [r7, #16]
  94:c:/Users/lenovo/Desktop/AIoT/first_day/firstday_afternoon/LiteOS_Lab_STM32_IoT/targets/STM32L431_BearPi/Src\spi.c ****     GPIO_InitStruct.Pull = GPIO_NOPULL;
 180              		.loc 1 94 26
 181 0032 0023     		movs	r3, #0
 182 0034 7B61     		str	r3, [r7, #20]
  95:c:/Users/lenovo/Desktop/AIoT/first_day/firstday_afternoon/LiteOS_Lab_STM32_IoT/targets/STM32L431_BearPi/Src\spi.c ****     GPIO_InitStruct.Speed = GPIO_SPEED_FREQ_VERY_HIGH;
 183              		.loc 1 95 27
ARM GAS  C:\Users\lenovo\AppData\Local\Temp\ccNTWE8s.s 			page 6


 184 0036 0323     		movs	r3, #3
 185 0038 BB61     		str	r3, [r7, #24]
  96:c:/Users/lenovo/Desktop/AIoT/first_day/firstday_afternoon/LiteOS_Lab_STM32_IoT/targets/STM32L431_BearPi/Src\spi.c ****     GPIO_InitStruct.Alternate = GPIO_AF5_SPI2;
 186              		.loc 1 96 31
 187 003a 0523     		movs	r3, #5
 188 003c FB61     		str	r3, [r7, #28]
  97:c:/Users/lenovo/Desktop/AIoT/first_day/firstday_afternoon/LiteOS_Lab_STM32_IoT/targets/STM32L431_BearPi/Src\spi.c ****     HAL_GPIO_Init(GPIOC, &GPIO_InitStruct);
 189              		.loc 1 97 5
 190 003e 07F10C03 		add	r3, r7, #12
 191 0042 1946     		mov	r1, r3
 192 0044 0D48     		ldr	r0, .L9+8
 193 0046 FFF7FEFF 		bl	HAL_GPIO_Init
  98:c:/Users/lenovo/Desktop/AIoT/first_day/firstday_afternoon/LiteOS_Lab_STM32_IoT/targets/STM32L431_BearPi/Src\spi.c **** 
  99:c:/Users/lenovo/Desktop/AIoT/first_day/firstday_afternoon/LiteOS_Lab_STM32_IoT/targets/STM32L431_BearPi/Src\spi.c ****     GPIO_InitStruct.Pin = GPIO_PIN_13;
 194              		.loc 1 99 25
 195 004a 4FF40053 		mov	r3, #8192
 196 004e FB60     		str	r3, [r7, #12]
 100:c:/Users/lenovo/Desktop/AIoT/first_day/firstday_afternoon/LiteOS_Lab_STM32_IoT/targets/STM32L431_BearPi/Src\spi.c ****     GPIO_InitStruct.Mode = GPIO_MODE_AF_PP;
 197              		.loc 1 100 26
 198 0050 0223     		movs	r3, #2
 199 0052 3B61     		str	r3, [r7, #16]
 101:c:/Users/lenovo/Desktop/AIoT/first_day/firstday_afternoon/LiteOS_Lab_STM32_IoT/targets/STM32L431_BearPi/Src\spi.c ****     GPIO_InitStruct.Pull = GPIO_NOPULL;
 200              		.loc 1 101 26
 201 0054 0023     		movs	r3, #0
 202 0056 7B61     		str	r3, [r7, #20]
 102:c:/Users/lenovo/Desktop/AIoT/first_day/firstday_afternoon/LiteOS_Lab_STM32_IoT/targets/STM32L431_BearPi/Src\spi.c ****     GPIO_InitStruct.Speed = GPIO_SPEED_FREQ_VERY_HIGH;
 203              		.loc 1 102 27
 204 0058 0323     		movs	r3, #3
 205 005a BB61     		str	r3, [r7, #24]
 103:c:/Users/lenovo/Desktop/AIoT/first_day/firstday_afternoon/LiteOS_Lab_STM32_IoT/targets/STM32L431_BearPi/Src\spi.c ****     GPIO_InitStruct.Alternate = GPIO_AF5_SPI2;
 206              		.loc 1 103 31
 207 005c 0523     		movs	r3, #5
 208 005e FB61     		str	r3, [r7, #28]
 104:c:/Users/lenovo/Desktop/AIoT/first_day/firstday_afternoon/LiteOS_Lab_STM32_IoT/targets/STM32L431_BearPi/Src\spi.c ****     HAL_GPIO_Init(GPIOB, &GPIO_InitStruct);
 209              		.loc 1 104 5
 210 0060 07F10C03 		add	r3, r7, #12
 211 0064 1946     		mov	r1, r3
 212 0066 0648     		ldr	r0, .L9+12
 213 0068 FFF7FEFF 		bl	HAL_GPIO_Init
 214              	.L8:
 105:c:/Users/lenovo/Desktop/AIoT/first_day/firstday_afternoon/LiteOS_Lab_STM32_IoT/targets/STM32L431_BearPi/Src\spi.c **** 
 106:c:/Users/lenovo/Desktop/AIoT/first_day/firstday_afternoon/LiteOS_Lab_STM32_IoT/targets/STM32L431_BearPi/Src\spi.c ****   /* USER CODE BEGIN SPI2_MspInit 1 */
 107:c:/Users/lenovo/Desktop/AIoT/first_day/firstday_afternoon/LiteOS_Lab_STM32_IoT/targets/STM32L431_BearPi/Src\spi.c **** 
 108:c:/Users/lenovo/Desktop/AIoT/first_day/firstday_afternoon/LiteOS_Lab_STM32_IoT/targets/STM32L431_BearPi/Src\spi.c ****   /* USER CODE END SPI2_MspInit 1 */
 109:c:/Users/lenovo/Desktop/AIoT/first_day/firstday_afternoon/LiteOS_Lab_STM32_IoT/targets/STM32L431_BearPi/Src\spi.c ****   }
 110:c:/Users/lenovo/Desktop/AIoT/first_day/firstday_afternoon/LiteOS_Lab_STM32_IoT/targets/STM32L431_BearPi/Src\spi.c **** }
 215              		.loc 1 110 1
 216 006c 00BF     		nop
 217 006e 2037     		adds	r7, r7, #32
 218              	.LCFI5:
 219              		.cfi_def_cfa_offset 8
 220 0070 BD46     		mov	sp, r7
 221              	.LCFI6:
 222              		.cfi_def_cfa_register 13
 223              		@ sp needed
 224 0072 80BD     		pop	{r7, pc}
 225              	.L10:
ARM GAS  C:\Users\lenovo\AppData\Local\Temp\ccNTWE8s.s 			page 7


 226              		.align	2
 227              	.L9:
 228 0074 00380040 		.word	1073756160
 229 0078 00100240 		.word	1073876992
 230 007c 00080048 		.word	1207961600
 231 0080 00040048 		.word	1207960576
 232              		.cfi_endproc
 233              	.LFE288:
 235              		.section	.text.HAL_SPI_MspDeInit,"ax",%progbits
 236              		.align	1
 237              		.global	HAL_SPI_MspDeInit
 238              		.syntax unified
 239              		.thumb
 240              		.thumb_func
 241              		.fpu fpv4-sp-d16
 243              	HAL_SPI_MspDeInit:
 244              	.LFB289:
 111:c:/Users/lenovo/Desktop/AIoT/first_day/firstday_afternoon/LiteOS_Lab_STM32_IoT/targets/STM32L431_BearPi/Src\spi.c **** 
 112:c:/Users/lenovo/Desktop/AIoT/first_day/firstday_afternoon/LiteOS_Lab_STM32_IoT/targets/STM32L431_BearPi/Src\spi.c **** void HAL_SPI_MspDeInit(SPI_HandleTypeDef* spiHandle)
 113:c:/Users/lenovo/Desktop/AIoT/first_day/firstday_afternoon/LiteOS_Lab_STM32_IoT/targets/STM32L431_BearPi/Src\spi.c **** {
 245              		.loc 1 113 1
 246              		.cfi_startproc
 247              		@ args = 0, pretend = 0, frame = 8
 248              		@ frame_needed = 1, uses_anonymous_args = 0
 249 0000 80B5     		push	{r7, lr}
 250              	.LCFI7:
 251              		.cfi_def_cfa_offset 8
 252              		.cfi_offset 7, -8
 253              		.cfi_offset 14, -4
 254 0002 82B0     		sub	sp, sp, #8
 255              	.LCFI8:
 256              		.cfi_def_cfa_offset 16
 257 0004 00AF     		add	r7, sp, #0
 258              	.LCFI9:
 259              		.cfi_def_cfa_register 7
 260 0006 7860     		str	r0, [r7, #4]
 114:c:/Users/lenovo/Desktop/AIoT/first_day/firstday_afternoon/LiteOS_Lab_STM32_IoT/targets/STM32L431_BearPi/Src\spi.c **** 
 115:c:/Users/lenovo/Desktop/AIoT/first_day/firstday_afternoon/LiteOS_Lab_STM32_IoT/targets/STM32L431_BearPi/Src\spi.c ****   if(spiHandle->Instance==SPI2)
 261              		.loc 1 115 15
 262 0008 7B68     		ldr	r3, [r7, #4]
 263 000a 1B68     		ldr	r3, [r3]
 264              		.loc 1 115 5
 265 000c 0A4A     		ldr	r2, .L14
 266 000e 9342     		cmp	r3, r2
 267 0010 0ED1     		bne	.L13
 116:c:/Users/lenovo/Desktop/AIoT/first_day/firstday_afternoon/LiteOS_Lab_STM32_IoT/targets/STM32L431_BearPi/Src\spi.c ****   {
 117:c:/Users/lenovo/Desktop/AIoT/first_day/firstday_afternoon/LiteOS_Lab_STM32_IoT/targets/STM32L431_BearPi/Src\spi.c ****   /* USER CODE BEGIN SPI2_MspDeInit 0 */
 118:c:/Users/lenovo/Desktop/AIoT/first_day/firstday_afternoon/LiteOS_Lab_STM32_IoT/targets/STM32L431_BearPi/Src\spi.c **** 
 119:c:/Users/lenovo/Desktop/AIoT/first_day/firstday_afternoon/LiteOS_Lab_STM32_IoT/targets/STM32L431_BearPi/Src\spi.c ****   /* USER CODE END SPI2_MspDeInit 0 */
 120:c:/Users/lenovo/Desktop/AIoT/first_day/firstday_afternoon/LiteOS_Lab_STM32_IoT/targets/STM32L431_BearPi/Src\spi.c ****     /* Peripheral clock disable */
 121:c:/Users/lenovo/Desktop/AIoT/first_day/firstday_afternoon/LiteOS_Lab_STM32_IoT/targets/STM32L431_BearPi/Src\spi.c ****     __HAL_RCC_SPI2_CLK_DISABLE();
 268              		.loc 1 121 5
 269 0012 0A4B     		ldr	r3, .L14+4
 270 0014 9B6D     		ldr	r3, [r3, #88]
 271 0016 094A     		ldr	r2, .L14+4
 272 0018 23F48043 		bic	r3, r3, #16384
 273 001c 9365     		str	r3, [r2, #88]
ARM GAS  C:\Users\lenovo\AppData\Local\Temp\ccNTWE8s.s 			page 8


 122:c:/Users/lenovo/Desktop/AIoT/first_day/firstday_afternoon/LiteOS_Lab_STM32_IoT/targets/STM32L431_BearPi/Src\spi.c ****   
 123:c:/Users/lenovo/Desktop/AIoT/first_day/firstday_afternoon/LiteOS_Lab_STM32_IoT/targets/STM32L431_BearPi/Src\spi.c ****     /**SPI2 GPIO Configuration    
 124:c:/Users/lenovo/Desktop/AIoT/first_day/firstday_afternoon/LiteOS_Lab_STM32_IoT/targets/STM32L431_BearPi/Src\spi.c ****     PC3     ------> SPI2_MOSI
 125:c:/Users/lenovo/Desktop/AIoT/first_day/firstday_afternoon/LiteOS_Lab_STM32_IoT/targets/STM32L431_BearPi/Src\spi.c ****     PB13     ------> SPI2_SCK 
 126:c:/Users/lenovo/Desktop/AIoT/first_day/firstday_afternoon/LiteOS_Lab_STM32_IoT/targets/STM32L431_BearPi/Src\spi.c ****     */
 127:c:/Users/lenovo/Desktop/AIoT/first_day/firstday_afternoon/LiteOS_Lab_STM32_IoT/targets/STM32L431_BearPi/Src\spi.c ****     HAL_GPIO_DeInit(GPIOC, GPIO_PIN_3);
 274              		.loc 1 127 5
 275 001e 0821     		movs	r1, #8
 276 0020 0748     		ldr	r0, .L14+8
 277 0022 FFF7FEFF 		bl	HAL_GPIO_DeInit
 128:c:/Users/lenovo/Desktop/AIoT/first_day/firstday_afternoon/LiteOS_Lab_STM32_IoT/targets/STM32L431_BearPi/Src\spi.c **** 
 129:c:/Users/lenovo/Desktop/AIoT/first_day/firstday_afternoon/LiteOS_Lab_STM32_IoT/targets/STM32L431_BearPi/Src\spi.c ****     HAL_GPIO_DeInit(GPIOB, GPIO_PIN_13);
 278              		.loc 1 129 5
 279 0026 4FF40051 		mov	r1, #8192
 280 002a 0648     		ldr	r0, .L14+12
 281 002c FFF7FEFF 		bl	HAL_GPIO_DeInit
 282              	.L13:
 130:c:/Users/lenovo/Desktop/AIoT/first_day/firstday_afternoon/LiteOS_Lab_STM32_IoT/targets/STM32L431_BearPi/Src\spi.c **** 
 131:c:/Users/lenovo/Desktop/AIoT/first_day/firstday_afternoon/LiteOS_Lab_STM32_IoT/targets/STM32L431_BearPi/Src\spi.c ****   /* USER CODE BEGIN SPI2_MspDeInit 1 */
 132:c:/Users/lenovo/Desktop/AIoT/first_day/firstday_afternoon/LiteOS_Lab_STM32_IoT/targets/STM32L431_BearPi/Src\spi.c **** 
 133:c:/Users/lenovo/Desktop/AIoT/first_day/firstday_afternoon/LiteOS_Lab_STM32_IoT/targets/STM32L431_BearPi/Src\spi.c ****   /* USER CODE END SPI2_MspDeInit 1 */
 134:c:/Users/lenovo/Desktop/AIoT/first_day/firstday_afternoon/LiteOS_Lab_STM32_IoT/targets/STM32L431_BearPi/Src\spi.c ****   }
 135:c:/Users/lenovo/Desktop/AIoT/first_day/firstday_afternoon/LiteOS_Lab_STM32_IoT/targets/STM32L431_BearPi/Src\spi.c **** } 
 283              		.loc 1 135 1
 284 0030 00BF     		nop
 285 0032 0837     		adds	r7, r7, #8
 286              	.LCFI10:
 287              		.cfi_def_cfa_offset 8
 288 0034 BD46     		mov	sp, r7
 289              	.LCFI11:
 290              		.cfi_def_cfa_register 13
 291              		@ sp needed
 292 0036 80BD     		pop	{r7, pc}
 293              	.L15:
 294              		.align	2
 295              	.L14:
 296 0038 00380040 		.word	1073756160
 297 003c 00100240 		.word	1073876992
 298 0040 00080048 		.word	1207961600
 299 0044 00040048 		.word	1207960576
 300              		.cfi_endproc
 301              	.LFE289:
 303              		.section	.text.SPI2_ReadWriteByte,"ax",%progbits
 304              		.align	1
 305              		.global	SPI2_ReadWriteByte
 306              		.syntax unified
 307              		.thumb
 308              		.thumb_func
 309              		.fpu fpv4-sp-d16
 311              	SPI2_ReadWriteByte:
 312              	.LFB290:
 136:c:/Users/lenovo/Desktop/AIoT/first_day/firstday_afternoon/LiteOS_Lab_STM32_IoT/targets/STM32L431_BearPi/Src\spi.c **** 
 137:c:/Users/lenovo/Desktop/AIoT/first_day/firstday_afternoon/LiteOS_Lab_STM32_IoT/targets/STM32L431_BearPi/Src\spi.c **** /* USER CODE BEGIN 1 */
 138:c:/Users/lenovo/Desktop/AIoT/first_day/firstday_afternoon/LiteOS_Lab_STM32_IoT/targets/STM32L431_BearPi/Src\spi.c **** /**
 139:c:/Users/lenovo/Desktop/AIoT/first_day/firstday_afternoon/LiteOS_Lab_STM32_IoT/targets/STM32L431_BearPi/Src\spi.c ****  * @brief	SPI2 读写一个字节
 140:c:/Users/lenovo/Desktop/AIoT/first_day/firstday_afternoon/LiteOS_Lab_STM32_IoT/targets/STM32L431_BearPi/Src\spi.c ****  *
 141:c:/Users/lenovo/Desktop/AIoT/first_day/firstday_afternoon/LiteOS_Lab_STM32_IoT/targets/STM32L431_BearPi/Src\spi.c ****  * @param   TxData	要写入的字节
ARM GAS  C:\Users\lenovo\AppData\Local\Temp\ccNTWE8s.s 			page 9


 142:c:/Users/lenovo/Desktop/AIoT/first_day/firstday_afternoon/LiteOS_Lab_STM32_IoT/targets/STM32L431_BearPi/Src\spi.c ****  *
 143:c:/Users/lenovo/Desktop/AIoT/first_day/firstday_afternoon/LiteOS_Lab_STM32_IoT/targets/STM32L431_BearPi/Src\spi.c ****  * @return  uint8_t		读取到的字节
 144:c:/Users/lenovo/Desktop/AIoT/first_day/firstday_afternoon/LiteOS_Lab_STM32_IoT/targets/STM32L431_BearPi/Src\spi.c ****  */
 145:c:/Users/lenovo/Desktop/AIoT/first_day/firstday_afternoon/LiteOS_Lab_STM32_IoT/targets/STM32L431_BearPi/Src\spi.c **** uint8_t SPI2_ReadWriteByte(uint8_t TxData)
 146:c:/Users/lenovo/Desktop/AIoT/first_day/firstday_afternoon/LiteOS_Lab_STM32_IoT/targets/STM32L431_BearPi/Src\spi.c **** {
 313              		.loc 1 146 1
 314              		.cfi_startproc
 315              		@ args = 0, pretend = 0, frame = 16
 316              		@ frame_needed = 1, uses_anonymous_args = 0
 317 0000 80B5     		push	{r7, lr}
 318              	.LCFI12:
 319              		.cfi_def_cfa_offset 8
 320              		.cfi_offset 7, -8
 321              		.cfi_offset 14, -4
 322 0002 86B0     		sub	sp, sp, #24
 323              	.LCFI13:
 324              		.cfi_def_cfa_offset 32
 325 0004 02AF     		add	r7, sp, #8
 326              	.LCFI14:
 327              		.cfi_def_cfa 7, 24
 328 0006 0346     		mov	r3, r0
 329 0008 FB71     		strb	r3, [r7, #7]
 147:c:/Users/lenovo/Desktop/AIoT/first_day/firstday_afternoon/LiteOS_Lab_STM32_IoT/targets/STM32L431_BearPi/Src\spi.c ****     uint8_t Rxdata;
 148:c:/Users/lenovo/Desktop/AIoT/first_day/firstday_afternoon/LiteOS_Lab_STM32_IoT/targets/STM32L431_BearPi/Src\spi.c ****     HAL_SPI_TransmitReceive(&hspi2,&TxData,&Rxdata,1, 1000);       
 330              		.loc 1 148 5
 331 000a 07F10F02 		add	r2, r7, #15
 332 000e F91D     		adds	r1, r7, #7
 333 0010 4FF47A73 		mov	r3, #1000
 334 0014 0093     		str	r3, [sp]
 335 0016 0123     		movs	r3, #1
 336 0018 0348     		ldr	r0, .L18
 337 001a FFF7FEFF 		bl	HAL_SPI_TransmitReceive
 149:c:/Users/lenovo/Desktop/AIoT/first_day/firstday_afternoon/LiteOS_Lab_STM32_IoT/targets/STM32L431_BearPi/Src\spi.c ****  	return Rxdata;          		    //返回收到的数据		
 338              		.loc 1 149 10
 339 001e FB7B     		ldrb	r3, [r7, #15]	@ zero_extendqisi2
 150:c:/Users/lenovo/Desktop/AIoT/first_day/firstday_afternoon/LiteOS_Lab_STM32_IoT/targets/STM32L431_BearPi/Src\spi.c **** }
 340              		.loc 1 150 1
 341 0020 1846     		mov	r0, r3
 342 0022 1037     		adds	r7, r7, #16
 343              	.LCFI15:
 344              		.cfi_def_cfa_offset 8
 345 0024 BD46     		mov	sp, r7
 346              	.LCFI16:
 347              		.cfi_def_cfa_register 13
 348              		@ sp needed
 349 0026 80BD     		pop	{r7, pc}
 350              	.L19:
 351              		.align	2
 352              	.L18:
 353 0028 00000000 		.word	hspi2
 354              		.cfi_endproc
 355              	.LFE290:
 357              		.section	.text.SPI2_WriteByte,"ax",%progbits
 358              		.align	1
 359              		.global	SPI2_WriteByte
 360              		.syntax unified
 361              		.thumb
ARM GAS  C:\Users\lenovo\AppData\Local\Temp\ccNTWE8s.s 			page 10


 362              		.thumb_func
 363              		.fpu fpv4-sp-d16
 365              	SPI2_WriteByte:
 366              	.LFB291:
 151:c:/Users/lenovo/Desktop/AIoT/first_day/firstday_afternoon/LiteOS_Lab_STM32_IoT/targets/STM32L431_BearPi/Src\spi.c **** 
 152:c:/Users/lenovo/Desktop/AIoT/first_day/firstday_afternoon/LiteOS_Lab_STM32_IoT/targets/STM32L431_BearPi/Src\spi.c **** /**
 153:c:/Users/lenovo/Desktop/AIoT/first_day/firstday_afternoon/LiteOS_Lab_STM32_IoT/targets/STM32L431_BearPi/Src\spi.c ****  * @brief	SPI2 写入一个字节
 154:c:/Users/lenovo/Desktop/AIoT/first_day/firstday_afternoon/LiteOS_Lab_STM32_IoT/targets/STM32L431_BearPi/Src\spi.c ****  *
 155:c:/Users/lenovo/Desktop/AIoT/first_day/firstday_afternoon/LiteOS_Lab_STM32_IoT/targets/STM32L431_BearPi/Src\spi.c ****  * @param   TxData	要写入的字节
 156:c:/Users/lenovo/Desktop/AIoT/first_day/firstday_afternoon/LiteOS_Lab_STM32_IoT/targets/STM32L431_BearPi/Src\spi.c ****  * @param   size	写入字节大小
 157:c:/Users/lenovo/Desktop/AIoT/first_day/firstday_afternoon/LiteOS_Lab_STM32_IoT/targets/STM32L431_BearPi/Src\spi.c ****  *
 158:c:/Users/lenovo/Desktop/AIoT/first_day/firstday_afternoon/LiteOS_Lab_STM32_IoT/targets/STM32L431_BearPi/Src\spi.c ****  * @return  uint8_t		0:写入成功,其他:写入失败
 159:c:/Users/lenovo/Desktop/AIoT/first_day/firstday_afternoon/LiteOS_Lab_STM32_IoT/targets/STM32L431_BearPi/Src\spi.c ****  */
 160:c:/Users/lenovo/Desktop/AIoT/first_day/firstday_afternoon/LiteOS_Lab_STM32_IoT/targets/STM32L431_BearPi/Src\spi.c **** uint8_t SPI2_WriteByte(uint8_t *TxData,uint16_t size)
 161:c:/Users/lenovo/Desktop/AIoT/first_day/firstday_afternoon/LiteOS_Lab_STM32_IoT/targets/STM32L431_BearPi/Src\spi.c **** {
 367              		.loc 1 161 1
 368              		.cfi_startproc
 369              		@ args = 0, pretend = 0, frame = 8
 370              		@ frame_needed = 1, uses_anonymous_args = 0
 371 0000 80B5     		push	{r7, lr}
 372              	.LCFI17:
 373              		.cfi_def_cfa_offset 8
 374              		.cfi_offset 7, -8
 375              		.cfi_offset 14, -4
 376 0002 82B0     		sub	sp, sp, #8
 377              	.LCFI18:
 378              		.cfi_def_cfa_offset 16
 379 0004 00AF     		add	r7, sp, #0
 380              	.LCFI19:
 381              		.cfi_def_cfa_register 7
 382 0006 7860     		str	r0, [r7, #4]
 383 0008 0B46     		mov	r3, r1
 384 000a 7B80     		strh	r3, [r7, #2]	@ movhi
 162:c:/Users/lenovo/Desktop/AIoT/first_day/firstday_afternoon/LiteOS_Lab_STM32_IoT/targets/STM32L431_BearPi/Src\spi.c **** 	return HAL_SPI_Transmit(&hspi2,TxData,size,1000);
 385              		.loc 1 162 9
 386 000c 7A88     		ldrh	r2, [r7, #2]
 387 000e 4FF47A73 		mov	r3, #1000
 388 0012 7968     		ldr	r1, [r7, #4]
 389 0014 0348     		ldr	r0, .L22
 390 0016 FFF7FEFF 		bl	HAL_SPI_Transmit
 391 001a 0346     		mov	r3, r0
 163:c:/Users/lenovo/Desktop/AIoT/first_day/firstday_afternoon/LiteOS_Lab_STM32_IoT/targets/STM32L431_BearPi/Src\spi.c **** }
 392              		.loc 1 163 1
 393 001c 1846     		mov	r0, r3
 394 001e 0837     		adds	r7, r7, #8
 395              	.LCFI20:
 396              		.cfi_def_cfa_offset 8
 397 0020 BD46     		mov	sp, r7
 398              	.LCFI21:
 399              		.cfi_def_cfa_register 13
 400              		@ sp needed
 401 0022 80BD     		pop	{r7, pc}
 402              	.L23:
 403              		.align	2
 404              	.L22:
 405 0024 00000000 		.word	hspi2
 406              		.cfi_endproc
ARM GAS  C:\Users\lenovo\AppData\Local\Temp\ccNTWE8s.s 			page 11


 407              	.LFE291:
 409              		.text
 410              	.Letext0:
 411              		.file 2 "c:\\users\\lenovo\\.iotlink\\tools\\gcc-arm-none-eabi\\arm-none-eabi\\include\\machine\\_
 412              		.file 3 "c:\\users\\lenovo\\.iotlink\\tools\\gcc-arm-none-eabi\\arm-none-eabi\\include\\sys\\lock.
 413              		.file 4 "c:\\users\\lenovo\\.iotlink\\tools\\gcc-arm-none-eabi\\arm-none-eabi\\include\\sys\\_type
 414              		.file 5 "c:\\users\\lenovo\\.iotlink\\tools\\gcc-arm-none-eabi\\lib\\gcc\\arm-none-eabi\\9.2.1\\in
 415              		.file 6 "c:\\users\\lenovo\\.iotlink\\tools\\gcc-arm-none-eabi\\arm-none-eabi\\include\\sys\\reent
 416              		.file 7 "c:/Users/lenovo/Desktop/AIoT/first_day/firstday_afternoon/LiteOS_Lab_STM32_IoT/iot_link/o
 417              		.file 8 "c:\\users\\lenovo\\.iotlink\\tools\\gcc-arm-none-eabi\\arm-none-eabi\\include\\sys\\_stdi
 418              		.file 9 "c:/Users/lenovo/Desktop/AIoT/first_day/firstday_afternoon/LiteOS_Lab_STM32_IoT/iot_link/o
 419              		.file 10 "c:/Users/lenovo/Desktop/AIoT/first_day/firstday_afternoon/LiteOS_Lab_STM32_IoT/targets/S
 420              		.file 11 "c:/Users/lenovo/Desktop/AIoT/first_day/firstday_afternoon/LiteOS_Lab_STM32_IoT/targets/S
 421              		.file 12 "c:/Users/lenovo/Desktop/AIoT/first_day/firstday_afternoon/LiteOS_Lab_STM32_IoT/iot_link/
 422              		.file 13 "c:/Users/lenovo/Desktop/AIoT/first_day/firstday_afternoon/LiteOS_Lab_STM32_IoT/iot_link/
 423              		.file 14 "c:/Users/lenovo/Desktop/AIoT/first_day/firstday_afternoon/LiteOS_Lab_STM32_IoT/iot_link/
 424              		.file 15 "c:/Users/lenovo/Desktop/AIoT/first_day/firstday_afternoon/LiteOS_Lab_STM32_IoT/drivers/t
 425              		.file 16 "c:/Users/lenovo/Desktop/AIoT/first_day/firstday_afternoon/LiteOS_Lab_STM32_IoT/drivers/t
 426              		.file 17 "c:/Users/lenovo/Desktop/AIoT/first_day/firstday_afternoon/LiteOS_Lab_STM32_IoT/drivers/t
 427              		.file 18 "c:/Users/lenovo/Desktop/AIoT/first_day/firstday_afternoon/LiteOS_Lab_STM32_IoT/drivers/t
 428              		.file 19 "c:/Users/lenovo/Desktop/AIoT/first_day/firstday_afternoon/LiteOS_Lab_STM32_IoT/targets/S
ARM GAS  C:\Users\lenovo\AppData\Local\Temp\ccNTWE8s.s 			page 12


DEFINED SYMBOLS
                            *ABS*:00000000 spi.c
                            *COM*:00000064 hspi2
C:\Users\lenovo\AppData\Local\Temp\ccNTWE8s.s:19     .rodata:00000000 $d
C:\Users\lenovo\AppData\Local\Temp\ccNTWE8s.s:25     .text.MX_SPI2_Init:00000000 $t
C:\Users\lenovo\AppData\Local\Temp\ccNTWE8s.s:33     .text.MX_SPI2_Init:00000000 MX_SPI2_Init
C:\Users\lenovo\AppData\Local\Temp\ccNTWE8s.s:122    .text.MX_SPI2_Init:00000078 $d
C:\Users\lenovo\AppData\Local\Temp\ccNTWE8s.s:129    .text.HAL_SPI_MspInit:00000000 $t
C:\Users\lenovo\AppData\Local\Temp\ccNTWE8s.s:136    .text.HAL_SPI_MspInit:00000000 HAL_SPI_MspInit
C:\Users\lenovo\AppData\Local\Temp\ccNTWE8s.s:228    .text.HAL_SPI_MspInit:00000074 $d
C:\Users\lenovo\AppData\Local\Temp\ccNTWE8s.s:236    .text.HAL_SPI_MspDeInit:00000000 $t
C:\Users\lenovo\AppData\Local\Temp\ccNTWE8s.s:243    .text.HAL_SPI_MspDeInit:00000000 HAL_SPI_MspDeInit
C:\Users\lenovo\AppData\Local\Temp\ccNTWE8s.s:296    .text.HAL_SPI_MspDeInit:00000038 $d
C:\Users\lenovo\AppData\Local\Temp\ccNTWE8s.s:304    .text.SPI2_ReadWriteByte:00000000 $t
C:\Users\lenovo\AppData\Local\Temp\ccNTWE8s.s:311    .text.SPI2_ReadWriteByte:00000000 SPI2_ReadWriteByte
C:\Users\lenovo\AppData\Local\Temp\ccNTWE8s.s:353    .text.SPI2_ReadWriteByte:00000028 $d
C:\Users\lenovo\AppData\Local\Temp\ccNTWE8s.s:358    .text.SPI2_WriteByte:00000000 $t
C:\Users\lenovo\AppData\Local\Temp\ccNTWE8s.s:365    .text.SPI2_WriteByte:00000000 SPI2_WriteByte
C:\Users\lenovo\AppData\Local\Temp\ccNTWE8s.s:405    .text.SPI2_WriteByte:00000024 $d

UNDEFINED SYMBOLS
HAL_SPI_Init
_Error_Handler
HAL_GPIO_Init
HAL_GPIO_DeInit
HAL_SPI_TransmitReceive
HAL_SPI_Transmit
