ARM GAS  C:\Users\lenovo\AppData\Local\Temp\ccf0MGdZ.s 			page 1


   1              		.cpu cortex-m4
   2              		.eabi_attribute 27, 1
   3              		.eabi_attribute 28, 1
   4              		.eabi_attribute 20, 1
   5              		.eabi_attribute 21, 1
   6              		.eabi_attribute 23, 3
   7              		.eabi_attribute 24, 1
   8              		.eabi_attribute 25, 1
   9              		.eabi_attribute 26, 1
  10              		.eabi_attribute 30, 6
  11              		.eabi_attribute 34, 1
  12              		.eabi_attribute 18, 4
  13              		.file	"sys_init.c"
  14              		.text
  15              	.Ltext0:
  16              		.cfi_sections	.debug_frame
  17              		.section	.text.HAL_GetTick,"ax",%progbits
  18              		.align	1
  19              		.global	HAL_GetTick
  20              		.arch armv7e-m
  21              		.syntax unified
  22              		.thumb
  23              		.thumb_func
  24              		.fpu fpv4-sp-d16
  26              	HAL_GetTick:
  27              	.LFB297:
  28              		.file 1 "c:/Users/lenovo/Desktop/AIoT/first_day/firstday_afternoon/LiteOS_Lab_STM32_IoT/targets/ST
   1:c:/Users/lenovo/Desktop/AIoT/first_day/firstday_afternoon/LiteOS_Lab_STM32_IoT/targets/STM32L431_BearPi/Src\sys_init.c **** /*----------------------------------------------------------------------------
   2:c:/Users/lenovo/Desktop/AIoT/first_day/firstday_afternoon/LiteOS_Lab_STM32_IoT/targets/STM32L431_BearPi/Src\sys_init.c ****  * Copyright (c) <2016-2018>, <Huawei Technologies Co., Ltd>
   3:c:/Users/lenovo/Desktop/AIoT/first_day/firstday_afternoon/LiteOS_Lab_STM32_IoT/targets/STM32L431_BearPi/Src\sys_init.c ****  * All rights reserved.
   4:c:/Users/lenovo/Desktop/AIoT/first_day/firstday_afternoon/LiteOS_Lab_STM32_IoT/targets/STM32L431_BearPi/Src\sys_init.c ****  * Redistribution and use in source and binary forms, with or without modification,
   5:c:/Users/lenovo/Desktop/AIoT/first_day/firstday_afternoon/LiteOS_Lab_STM32_IoT/targets/STM32L431_BearPi/Src\sys_init.c ****  * are permitted provided that the following conditions are met:
   6:c:/Users/lenovo/Desktop/AIoT/first_day/firstday_afternoon/LiteOS_Lab_STM32_IoT/targets/STM32L431_BearPi/Src\sys_init.c ****  * 1. Redistributions of source code must retain the above copyright notice, this list of
   7:c:/Users/lenovo/Desktop/AIoT/first_day/firstday_afternoon/LiteOS_Lab_STM32_IoT/targets/STM32L431_BearPi/Src\sys_init.c ****  * conditions and the following disclaimer.
   8:c:/Users/lenovo/Desktop/AIoT/first_day/firstday_afternoon/LiteOS_Lab_STM32_IoT/targets/STM32L431_BearPi/Src\sys_init.c ****  * 2. Redistributions in binary form must reproduce the above copyright notice, this list
   9:c:/Users/lenovo/Desktop/AIoT/first_day/firstday_afternoon/LiteOS_Lab_STM32_IoT/targets/STM32L431_BearPi/Src\sys_init.c ****  * of conditions and the following disclaimer in the documentation and/or other materials
  10:c:/Users/lenovo/Desktop/AIoT/first_day/firstday_afternoon/LiteOS_Lab_STM32_IoT/targets/STM32L431_BearPi/Src\sys_init.c ****  * provided with the distribution.
  11:c:/Users/lenovo/Desktop/AIoT/first_day/firstday_afternoon/LiteOS_Lab_STM32_IoT/targets/STM32L431_BearPi/Src\sys_init.c ****  * 3. Neither the name of the copyright holder nor the names of its contributors may be used
  12:c:/Users/lenovo/Desktop/AIoT/first_day/firstday_afternoon/LiteOS_Lab_STM32_IoT/targets/STM32L431_BearPi/Src\sys_init.c ****  * to endorse or promote products derived from this software without specific prior written
  13:c:/Users/lenovo/Desktop/AIoT/first_day/firstday_afternoon/LiteOS_Lab_STM32_IoT/targets/STM32L431_BearPi/Src\sys_init.c ****  * permission.
  14:c:/Users/lenovo/Desktop/AIoT/first_day/firstday_afternoon/LiteOS_Lab_STM32_IoT/targets/STM32L431_BearPi/Src\sys_init.c ****  * THIS SOFTWARE IS PROVIDED BY THE COPYRIGHT HOLDERS AND CONTRIBUTORS
  15:c:/Users/lenovo/Desktop/AIoT/first_day/firstday_afternoon/LiteOS_Lab_STM32_IoT/targets/STM32L431_BearPi/Src\sys_init.c ****  * "AS IS" AND ANY EXPRESS OR IMPLIED WARRANTIES, INCLUDING, BUT NOT LIMITED TO,
  16:c:/Users/lenovo/Desktop/AIoT/first_day/firstday_afternoon/LiteOS_Lab_STM32_IoT/targets/STM32L431_BearPi/Src\sys_init.c ****  * THE IMPLIED WARRANTIES OF MERCHANTABILITY AND FITNESS FOR A PARTICULAR
  17:c:/Users/lenovo/Desktop/AIoT/first_day/firstday_afternoon/LiteOS_Lab_STM32_IoT/targets/STM32L431_BearPi/Src\sys_init.c ****  * PURPOSE ARE DISCLAIMED. IN NO EVENT SHALL THE COPYRIGHT HOLDER OR
  18:c:/Users/lenovo/Desktop/AIoT/first_day/firstday_afternoon/LiteOS_Lab_STM32_IoT/targets/STM32L431_BearPi/Src\sys_init.c ****  * CONTRIBUTORS BE LIABLE FOR ANY DIRECT, INDIRECT, INCIDENTAL, SPECIAL,
  19:c:/Users/lenovo/Desktop/AIoT/first_day/firstday_afternoon/LiteOS_Lab_STM32_IoT/targets/STM32L431_BearPi/Src\sys_init.c ****  * EXEMPLARY, OR CONSEQUENTIAL DAMAGES (INCLUDING, BUT NOT LIMITED TO,
  20:c:/Users/lenovo/Desktop/AIoT/first_day/firstday_afternoon/LiteOS_Lab_STM32_IoT/targets/STM32L431_BearPi/Src\sys_init.c ****  * PROCUREMENT OF SUBSTITUTE GOODS OR SERVICES; LOSS OF USE, DATA, OR PROFITS;
  21:c:/Users/lenovo/Desktop/AIoT/first_day/firstday_afternoon/LiteOS_Lab_STM32_IoT/targets/STM32L431_BearPi/Src\sys_init.c ****  * OR BUSINESS INTERRUPTION) HOWEVER CAUSED AND ON ANY THEORY OF LIABILITY,
  22:c:/Users/lenovo/Desktop/AIoT/first_day/firstday_afternoon/LiteOS_Lab_STM32_IoT/targets/STM32L431_BearPi/Src\sys_init.c ****  * WHETHER IN CONTRACT, STRICT LIABILITY, OR TORT (INCLUDING NEGLIGENCE OR
  23:c:/Users/lenovo/Desktop/AIoT/first_day/firstday_afternoon/LiteOS_Lab_STM32_IoT/targets/STM32L431_BearPi/Src\sys_init.c ****  * OTHERWISE) ARISING IN ANY WAY OUT OF THE USE OF THIS SOFTWARE, EVEN IF
  24:c:/Users/lenovo/Desktop/AIoT/first_day/firstday_afternoon/LiteOS_Lab_STM32_IoT/targets/STM32L431_BearPi/Src\sys_init.c ****  * ADVISED OF THE POSSIBILITY OF SUCH DAMAGE.
  25:c:/Users/lenovo/Desktop/AIoT/first_day/firstday_afternoon/LiteOS_Lab_STM32_IoT/targets/STM32L431_BearPi/Src\sys_init.c ****  *---------------------------------------------------------------------------*/
  26:c:/Users/lenovo/Desktop/AIoT/first_day/firstday_afternoon/LiteOS_Lab_STM32_IoT/targets/STM32L431_BearPi/Src\sys_init.c **** /*----------------------------------------------------------------------------
  27:c:/Users/lenovo/Desktop/AIoT/first_day/firstday_afternoon/LiteOS_Lab_STM32_IoT/targets/STM32L431_BearPi/Src\sys_init.c ****  * Notice of Export Control Law
  28:c:/Users/lenovo/Desktop/AIoT/first_day/firstday_afternoon/LiteOS_Lab_STM32_IoT/targets/STM32L431_BearPi/Src\sys_init.c ****  * ===============================================
  29:c:/Users/lenovo/Desktop/AIoT/first_day/firstday_afternoon/LiteOS_Lab_STM32_IoT/targets/STM32L431_BearPi/Src\sys_init.c ****  * Huawei LiteOS may be subject to applicable export control laws and regulations, which might
  30:c:/Users/lenovo/Desktop/AIoT/first_day/firstday_afternoon/LiteOS_Lab_STM32_IoT/targets/STM32L431_BearPi/Src\sys_init.c ****  * include those applicable to Huawei LiteOS of U.S. and the country in which you are located.
ARM GAS  C:\Users\lenovo\AppData\Local\Temp\ccf0MGdZ.s 			page 2


  31:c:/Users/lenovo/Desktop/AIoT/first_day/firstday_afternoon/LiteOS_Lab_STM32_IoT/targets/STM32L431_BearPi/Src\sys_init.c ****  * Import, export and usage of Huawei LiteOS in any manner by you shall be in compliance with such
  32:c:/Users/lenovo/Desktop/AIoT/first_day/firstday_afternoon/LiteOS_Lab_STM32_IoT/targets/STM32L431_BearPi/Src\sys_init.c ****  * applicable export control laws and regulations.
  33:c:/Users/lenovo/Desktop/AIoT/first_day/firstday_afternoon/LiteOS_Lab_STM32_IoT/targets/STM32L431_BearPi/Src\sys_init.c ****  *---------------------------------------------------------------------------*/
  34:c:/Users/lenovo/Desktop/AIoT/first_day/firstday_afternoon/LiteOS_Lab_STM32_IoT/targets/STM32L431_BearPi/Src\sys_init.c **** 
  35:c:/Users/lenovo/Desktop/AIoT/first_day/firstday_afternoon/LiteOS_Lab_STM32_IoT/targets/STM32L431_BearPi/Src\sys_init.c **** #include "sys_init.h"
  36:c:/Users/lenovo/Desktop/AIoT/first_day/firstday_afternoon/LiteOS_Lab_STM32_IoT/targets/STM32L431_BearPi/Src\sys_init.c **** 
  37:c:/Users/lenovo/Desktop/AIoT/first_day/firstday_afternoon/LiteOS_Lab_STM32_IoT/targets/STM32L431_BearPi/Src\sys_init.c **** 
  38:c:/Users/lenovo/Desktop/AIoT/first_day/firstday_afternoon/LiteOS_Lab_STM32_IoT/targets/STM32L431_BearPi/Src\sys_init.c **** uint32_t HAL_GetTick(void)
  39:c:/Users/lenovo/Desktop/AIoT/first_day/firstday_afternoon/LiteOS_Lab_STM32_IoT/targets/STM32L431_BearPi/Src\sys_init.c **** {
  29              		.loc 1 39 1
  30              		.cfi_startproc
  31              		@ args = 0, pretend = 0, frame = 0
  32              		@ frame_needed = 1, uses_anonymous_args = 0
  33 0000 80B5     		push	{r7, lr}
  34              	.LCFI0:
  35              		.cfi_def_cfa_offset 8
  36              		.cfi_offset 7, -8
  37              		.cfi_offset 14, -4
  38 0002 00AF     		add	r7, sp, #0
  39              	.LCFI1:
  40              		.cfi_def_cfa_register 7
  40:c:/Users/lenovo/Desktop/AIoT/first_day/firstday_afternoon/LiteOS_Lab_STM32_IoT/targets/STM32L431_BearPi/Src\sys_init.c ****     return (uint32_t)LOS_TickCountGet();
  41              		.loc 1 40 22
  42 0004 FFF7FEFF 		bl	LOS_TickCountGet
  43 0008 0246     		mov	r2, r0
  44 000a 0B46     		mov	r3, r1
  45              		.loc 1 40 12
  46 000c 1346     		mov	r3, r2
  41:c:/Users/lenovo/Desktop/AIoT/first_day/firstday_afternoon/LiteOS_Lab_STM32_IoT/targets/STM32L431_BearPi/Src\sys_init.c **** }
  47              		.loc 1 41 1
  48 000e 1846     		mov	r0, r3
  49 0010 80BD     		pop	{r7, pc}
  50              		.cfi_endproc
  51              	.LFE297:
  53              		.section	.text._Error_Handler,"ax",%progbits
  54              		.align	1
  55              		.global	_Error_Handler
  56              		.syntax unified
  57              		.thumb
  58              		.thumb_func
  59              		.fpu fpv4-sp-d16
  61              	_Error_Handler:
  62              	.LFB298:
  42:c:/Users/lenovo/Desktop/AIoT/first_day/firstday_afternoon/LiteOS_Lab_STM32_IoT/targets/STM32L431_BearPi/Src\sys_init.c **** 
  43:c:/Users/lenovo/Desktop/AIoT/first_day/firstday_afternoon/LiteOS_Lab_STM32_IoT/targets/STM32L431_BearPi/Src\sys_init.c **** /**
  44:c:/Users/lenovo/Desktop/AIoT/first_day/firstday_afternoon/LiteOS_Lab_STM32_IoT/targets/STM32L431_BearPi/Src\sys_init.c ****   * @brief  This function is executed in case of error occurrence.
  45:c:/Users/lenovo/Desktop/AIoT/first_day/firstday_afternoon/LiteOS_Lab_STM32_IoT/targets/STM32L431_BearPi/Src\sys_init.c ****   * @param  file: The file name as string.
  46:c:/Users/lenovo/Desktop/AIoT/first_day/firstday_afternoon/LiteOS_Lab_STM32_IoT/targets/STM32L431_BearPi/Src\sys_init.c ****   * @param  line: The line in file as a number.
  47:c:/Users/lenovo/Desktop/AIoT/first_day/firstday_afternoon/LiteOS_Lab_STM32_IoT/targets/STM32L431_BearPi/Src\sys_init.c ****   * @retval None
  48:c:/Users/lenovo/Desktop/AIoT/first_day/firstday_afternoon/LiteOS_Lab_STM32_IoT/targets/STM32L431_BearPi/Src\sys_init.c ****   */
  49:c:/Users/lenovo/Desktop/AIoT/first_day/firstday_afternoon/LiteOS_Lab_STM32_IoT/targets/STM32L431_BearPi/Src\sys_init.c **** void _Error_Handler(char *file, int line)
  50:c:/Users/lenovo/Desktop/AIoT/first_day/firstday_afternoon/LiteOS_Lab_STM32_IoT/targets/STM32L431_BearPi/Src\sys_init.c **** {
  63              		.loc 1 50 1
  64              		.cfi_startproc
  65              		@ args = 0, pretend = 0, frame = 8
  66              		@ frame_needed = 1, uses_anonymous_args = 0
  67              		@ link register save eliminated.
ARM GAS  C:\Users\lenovo\AppData\Local\Temp\ccf0MGdZ.s 			page 3


  68 0000 80B4     		push	{r7}
  69              	.LCFI2:
  70              		.cfi_def_cfa_offset 4
  71              		.cfi_offset 7, -4
  72 0002 83B0     		sub	sp, sp, #12
  73              	.LCFI3:
  74              		.cfi_def_cfa_offset 16
  75 0004 00AF     		add	r7, sp, #0
  76              	.LCFI4:
  77              		.cfi_def_cfa_register 7
  78 0006 7860     		str	r0, [r7, #4]
  79 0008 3960     		str	r1, [r7]
  80              	.L4:
  51:c:/Users/lenovo/Desktop/AIoT/first_day/firstday_afternoon/LiteOS_Lab_STM32_IoT/targets/STM32L431_BearPi/Src\sys_init.c ****   /* USER CODE BEGIN Error_Handler_Debug */
  52:c:/Users/lenovo/Desktop/AIoT/first_day/firstday_afternoon/LiteOS_Lab_STM32_IoT/targets/STM32L431_BearPi/Src\sys_init.c ****   /* User can add his own implementation to report the HAL error return state */
  53:c:/Users/lenovo/Desktop/AIoT/first_day/firstday_afternoon/LiteOS_Lab_STM32_IoT/targets/STM32L431_BearPi/Src\sys_init.c ****   while(1)
  81              		.loc 1 53 8 discriminator 1
  82 000a FEE7     		b	.L4
  83              		.cfi_endproc
  84              	.LFE298:
  86              		.section	.rodata
  87              		.align	2
  88              	.LC0:
  89 0000 633A2F55 		.ascii	"c:/Users/lenovo/Desktop/AIoT/first_day/firstday_aft"
  89      73657273 
  89      2F6C656E 
  89      6F766F2F 
  89      4465736B 
  90 0033 65726E6F 		.ascii	"ernoon/LiteOS_Lab_STM32_IoT/targets/STM32L431_BearP"
  90      6F6E2F4C 
  90      6974654F 
  90      535F4C61 
  90      625F5354 
  91 0066 692F5372 		.ascii	"i/Src/sys_init.c\000"
  91      632F7379 
  91      735F696E 
  91      69742E63 
  91      00
  92              		.section	.text.SystemClock_Config,"ax",%progbits
  93              		.align	1
  94              		.global	SystemClock_Config
  95              		.syntax unified
  96              		.thumb
  97              		.thumb_func
  98              		.fpu fpv4-sp-d16
 100              	SystemClock_Config:
 101              	.LFB299:
  54:c:/Users/lenovo/Desktop/AIoT/first_day/firstday_afternoon/LiteOS_Lab_STM32_IoT/targets/STM32L431_BearPi/Src\sys_init.c ****   {
  55:c:/Users/lenovo/Desktop/AIoT/first_day/firstday_afternoon/LiteOS_Lab_STM32_IoT/targets/STM32L431_BearPi/Src\sys_init.c ****   }
  56:c:/Users/lenovo/Desktop/AIoT/first_day/firstday_afternoon/LiteOS_Lab_STM32_IoT/targets/STM32L431_BearPi/Src\sys_init.c ****   /* USER CODE END Error_Handler_Debug */
  57:c:/Users/lenovo/Desktop/AIoT/first_day/firstday_afternoon/LiteOS_Lab_STM32_IoT/targets/STM32L431_BearPi/Src\sys_init.c **** }
  58:c:/Users/lenovo/Desktop/AIoT/first_day/firstday_afternoon/LiteOS_Lab_STM32_IoT/targets/STM32L431_BearPi/Src\sys_init.c **** 
  59:c:/Users/lenovo/Desktop/AIoT/first_day/firstday_afternoon/LiteOS_Lab_STM32_IoT/targets/STM32L431_BearPi/Src\sys_init.c **** 
  60:c:/Users/lenovo/Desktop/AIoT/first_day/firstday_afternoon/LiteOS_Lab_STM32_IoT/targets/STM32L431_BearPi/Src\sys_init.c **** /**
  61:c:/Users/lenovo/Desktop/AIoT/first_day/firstday_afternoon/LiteOS_Lab_STM32_IoT/targets/STM32L431_BearPi/Src\sys_init.c ****   * @brief System Clock Configuration
  62:c:/Users/lenovo/Desktop/AIoT/first_day/firstday_afternoon/LiteOS_Lab_STM32_IoT/targets/STM32L431_BearPi/Src\sys_init.c ****   * @retval None
  63:c:/Users/lenovo/Desktop/AIoT/first_day/firstday_afternoon/LiteOS_Lab_STM32_IoT/targets/STM32L431_BearPi/Src\sys_init.c ****   */
ARM GAS  C:\Users\lenovo\AppData\Local\Temp\ccf0MGdZ.s 			page 4


  64:c:/Users/lenovo/Desktop/AIoT/first_day/firstday_afternoon/LiteOS_Lab_STM32_IoT/targets/STM32L431_BearPi/Src\sys_init.c **** void SystemClock_Config(void)
  65:c:/Users/lenovo/Desktop/AIoT/first_day/firstday_afternoon/LiteOS_Lab_STM32_IoT/targets/STM32L431_BearPi/Src\sys_init.c **** {
 102              		.loc 1 65 1
 103              		.cfi_startproc
 104              		@ args = 0, pretend = 0, frame = 184
 105              		@ frame_needed = 1, uses_anonymous_args = 0
 106 0000 80B5     		push	{r7, lr}
 107              	.LCFI5:
 108              		.cfi_def_cfa_offset 8
 109              		.cfi_offset 7, -8
 110              		.cfi_offset 14, -4
 111 0002 AEB0     		sub	sp, sp, #184
 112              	.LCFI6:
 113              		.cfi_def_cfa_offset 192
 114 0004 00AF     		add	r7, sp, #0
 115              	.LCFI7:
 116              		.cfi_def_cfa_register 7
  66:c:/Users/lenovo/Desktop/AIoT/first_day/firstday_afternoon/LiteOS_Lab_STM32_IoT/targets/STM32L431_BearPi/Src\sys_init.c ****   RCC_OscInitTypeDef RCC_OscInitStruct;
  67:c:/Users/lenovo/Desktop/AIoT/first_day/firstday_afternoon/LiteOS_Lab_STM32_IoT/targets/STM32L431_BearPi/Src\sys_init.c ****   RCC_ClkInitTypeDef RCC_ClkInitStruct;
  68:c:/Users/lenovo/Desktop/AIoT/first_day/firstday_afternoon/LiteOS_Lab_STM32_IoT/targets/STM32L431_BearPi/Src\sys_init.c ****   RCC_PeriphCLKInitTypeDef PeriphClkInit;
  69:c:/Users/lenovo/Desktop/AIoT/first_day/firstday_afternoon/LiteOS_Lab_STM32_IoT/targets/STM32L431_BearPi/Src\sys_init.c **** 
  70:c:/Users/lenovo/Desktop/AIoT/first_day/firstday_afternoon/LiteOS_Lab_STM32_IoT/targets/STM32L431_BearPi/Src\sys_init.c ****     /**Configure LSE Drive Capability 
  71:c:/Users/lenovo/Desktop/AIoT/first_day/firstday_afternoon/LiteOS_Lab_STM32_IoT/targets/STM32L431_BearPi/Src\sys_init.c ****     */
  72:c:/Users/lenovo/Desktop/AIoT/first_day/firstday_afternoon/LiteOS_Lab_STM32_IoT/targets/STM32L431_BearPi/Src\sys_init.c ****   HAL_PWR_EnableBkUpAccess();
 117              		.loc 1 72 3
 118 0006 FFF7FEFF 		bl	HAL_PWR_EnableBkUpAccess
  73:c:/Users/lenovo/Desktop/AIoT/first_day/firstday_afternoon/LiteOS_Lab_STM32_IoT/targets/STM32L431_BearPi/Src\sys_init.c **** 
  74:c:/Users/lenovo/Desktop/AIoT/first_day/firstday_afternoon/LiteOS_Lab_STM32_IoT/targets/STM32L431_BearPi/Src\sys_init.c ****   __HAL_RCC_LSEDRIVE_CONFIG(RCC_LSEDRIVE_LOW);
 119              		.loc 1 74 3
 120 000a 4A4B     		ldr	r3, .L11
 121 000c D3F89030 		ldr	r3, [r3, #144]
 122 0010 484A     		ldr	r2, .L11
 123 0012 23F01803 		bic	r3, r3, #24
 124 0016 C2F89030 		str	r3, [r2, #144]
  75:c:/Users/lenovo/Desktop/AIoT/first_day/firstday_afternoon/LiteOS_Lab_STM32_IoT/targets/STM32L431_BearPi/Src\sys_init.c **** 
  76:c:/Users/lenovo/Desktop/AIoT/first_day/firstday_afternoon/LiteOS_Lab_STM32_IoT/targets/STM32L431_BearPi/Src\sys_init.c ****     /**Initializes the CPU, AHB and APB busses clocks 
  77:c:/Users/lenovo/Desktop/AIoT/first_day/firstday_afternoon/LiteOS_Lab_STM32_IoT/targets/STM32L431_BearPi/Src\sys_init.c ****     */
  78:c:/Users/lenovo/Desktop/AIoT/first_day/firstday_afternoon/LiteOS_Lab_STM32_IoT/targets/STM32L431_BearPi/Src\sys_init.c ****   RCC_OscInitStruct.OscillatorType = RCC_OSCILLATORTYPE_HSI|RCC_OSCILLATORTYPE_LSE
 125              		.loc 1 78 36
 126 001a 1623     		movs	r3, #22
 127 001c 7B67     		str	r3, [r7, #116]
  79:c:/Users/lenovo/Desktop/AIoT/first_day/firstday_afternoon/LiteOS_Lab_STM32_IoT/targets/STM32L431_BearPi/Src\sys_init.c ****                               |RCC_OSCILLATORTYPE_MSI;
  80:c:/Users/lenovo/Desktop/AIoT/first_day/firstday_afternoon/LiteOS_Lab_STM32_IoT/targets/STM32L431_BearPi/Src\sys_init.c ****   RCC_OscInitStruct.LSEState = RCC_LSE_ON;
 128              		.loc 1 80 30
 129 001e 0123     		movs	r3, #1
 130 0020 FB67     		str	r3, [r7, #124]
  81:c:/Users/lenovo/Desktop/AIoT/first_day/firstday_afternoon/LiteOS_Lab_STM32_IoT/targets/STM32L431_BearPi/Src\sys_init.c ****   RCC_OscInitStruct.HSIState = RCC_HSI_ON;
 131              		.loc 1 81 30
 132 0022 4FF48073 		mov	r3, #256
 133 0026 C7F88030 		str	r3, [r7, #128]
  82:c:/Users/lenovo/Desktop/AIoT/first_day/firstday_afternoon/LiteOS_Lab_STM32_IoT/targets/STM32L431_BearPi/Src\sys_init.c ****   RCC_OscInitStruct.HSICalibrationValue = 16;
 134              		.loc 1 82 41
 135 002a 1023     		movs	r3, #16
 136 002c C7F88430 		str	r3, [r7, #132]
  83:c:/Users/lenovo/Desktop/AIoT/first_day/firstday_afternoon/LiteOS_Lab_STM32_IoT/targets/STM32L431_BearPi/Src\sys_init.c ****   RCC_OscInitStruct.MSIState = RCC_MSI_ON;
 137              		.loc 1 83 30
 138 0030 0123     		movs	r3, #1
ARM GAS  C:\Users\lenovo\AppData\Local\Temp\ccf0MGdZ.s 			page 5


 139 0032 C7F88C30 		str	r3, [r7, #140]
  84:c:/Users/lenovo/Desktop/AIoT/first_day/firstday_afternoon/LiteOS_Lab_STM32_IoT/targets/STM32L431_BearPi/Src\sys_init.c ****   RCC_OscInitStruct.MSICalibrationValue = 0;
 140              		.loc 1 84 41
 141 0036 0023     		movs	r3, #0
 142 0038 C7F89030 		str	r3, [r7, #144]
  85:c:/Users/lenovo/Desktop/AIoT/first_day/firstday_afternoon/LiteOS_Lab_STM32_IoT/targets/STM32L431_BearPi/Src\sys_init.c ****   RCC_OscInitStruct.MSIClockRange = RCC_MSIRANGE_6;
 143              		.loc 1 85 35
 144 003c 6023     		movs	r3, #96
 145 003e C7F89430 		str	r3, [r7, #148]
  86:c:/Users/lenovo/Desktop/AIoT/first_day/firstday_afternoon/LiteOS_Lab_STM32_IoT/targets/STM32L431_BearPi/Src\sys_init.c ****   RCC_OscInitStruct.PLL.PLLState = RCC_PLL_ON;
 146              		.loc 1 86 34
 147 0042 0223     		movs	r3, #2
 148 0044 C7F89C30 		str	r3, [r7, #156]
  87:c:/Users/lenovo/Desktop/AIoT/first_day/firstday_afternoon/LiteOS_Lab_STM32_IoT/targets/STM32L431_BearPi/Src\sys_init.c ****   RCC_OscInitStruct.PLL.PLLSource = RCC_PLLSOURCE_MSI;
 149              		.loc 1 87 35
 150 0048 0123     		movs	r3, #1
 151 004a C7F8A030 		str	r3, [r7, #160]
  88:c:/Users/lenovo/Desktop/AIoT/first_day/firstday_afternoon/LiteOS_Lab_STM32_IoT/targets/STM32L431_BearPi/Src\sys_init.c ****   RCC_OscInitStruct.PLL.PLLM = 1;
 152              		.loc 1 88 30
 153 004e 0123     		movs	r3, #1
 154 0050 C7F8A430 		str	r3, [r7, #164]
  89:c:/Users/lenovo/Desktop/AIoT/first_day/firstday_afternoon/LiteOS_Lab_STM32_IoT/targets/STM32L431_BearPi/Src\sys_init.c ****   RCC_OscInitStruct.PLL.PLLN = 40;
 155              		.loc 1 89 30
 156 0054 2823     		movs	r3, #40
 157 0056 C7F8A830 		str	r3, [r7, #168]
  90:c:/Users/lenovo/Desktop/AIoT/first_day/firstday_afternoon/LiteOS_Lab_STM32_IoT/targets/STM32L431_BearPi/Src\sys_init.c ****   RCC_OscInitStruct.PLL.PLLP = RCC_PLLP_DIV7;
 158              		.loc 1 90 30
 159 005a 0723     		movs	r3, #7
 160 005c C7F8AC30 		str	r3, [r7, #172]
  91:c:/Users/lenovo/Desktop/AIoT/first_day/firstday_afternoon/LiteOS_Lab_STM32_IoT/targets/STM32L431_BearPi/Src\sys_init.c ****   RCC_OscInitStruct.PLL.PLLQ = RCC_PLLQ_DIV2;
 161              		.loc 1 91 30
 162 0060 0223     		movs	r3, #2
 163 0062 C7F8B030 		str	r3, [r7, #176]
  92:c:/Users/lenovo/Desktop/AIoT/first_day/firstday_afternoon/LiteOS_Lab_STM32_IoT/targets/STM32L431_BearPi/Src\sys_init.c ****   RCC_OscInitStruct.PLL.PLLR = RCC_PLLR_DIV2;
 164              		.loc 1 92 30
 165 0066 0223     		movs	r3, #2
 166 0068 C7F8B430 		str	r3, [r7, #180]
  93:c:/Users/lenovo/Desktop/AIoT/first_day/firstday_afternoon/LiteOS_Lab_STM32_IoT/targets/STM32L431_BearPi/Src\sys_init.c ****   if (HAL_RCC_OscConfig(&RCC_OscInitStruct) != HAL_OK)
 167              		.loc 1 93 7
 168 006c 07F17403 		add	r3, r7, #116
 169 0070 1846     		mov	r0, r3
 170 0072 FFF7FEFF 		bl	HAL_RCC_OscConfig
 171 0076 0346     		mov	r3, r0
 172              		.loc 1 93 6
 173 0078 002B     		cmp	r3, #0
 174 007a 03D0     		beq	.L6
  94:c:/Users/lenovo/Desktop/AIoT/first_day/firstday_afternoon/LiteOS_Lab_STM32_IoT/targets/STM32L431_BearPi/Src\sys_init.c ****   {
  95:c:/Users/lenovo/Desktop/AIoT/first_day/firstday_afternoon/LiteOS_Lab_STM32_IoT/targets/STM32L431_BearPi/Src\sys_init.c ****     _Error_Handler(__FILE__, __LINE__);
 175              		.loc 1 95 5
 176 007c 5F21     		movs	r1, #95
 177 007e 2E48     		ldr	r0, .L11+4
 178 0080 FFF7FEFF 		bl	_Error_Handler
 179              	.L6:
  96:c:/Users/lenovo/Desktop/AIoT/first_day/firstday_afternoon/LiteOS_Lab_STM32_IoT/targets/STM32L431_BearPi/Src\sys_init.c ****   }
  97:c:/Users/lenovo/Desktop/AIoT/first_day/firstday_afternoon/LiteOS_Lab_STM32_IoT/targets/STM32L431_BearPi/Src\sys_init.c **** 
  98:c:/Users/lenovo/Desktop/AIoT/first_day/firstday_afternoon/LiteOS_Lab_STM32_IoT/targets/STM32L431_BearPi/Src\sys_init.c ****     /**Initializes the CPU, AHB and APB busses clocks 
  99:c:/Users/lenovo/Desktop/AIoT/first_day/firstday_afternoon/LiteOS_Lab_STM32_IoT/targets/STM32L431_BearPi/Src\sys_init.c ****     */
ARM GAS  C:\Users\lenovo\AppData\Local\Temp\ccf0MGdZ.s 			page 6


 100:c:/Users/lenovo/Desktop/AIoT/first_day/firstday_afternoon/LiteOS_Lab_STM32_IoT/targets/STM32L431_BearPi/Src\sys_init.c ****   RCC_ClkInitStruct.ClockType = RCC_CLOCKTYPE_HCLK|RCC_CLOCKTYPE_SYSCLK
 180              		.loc 1 100 31
 181 0084 0F23     		movs	r3, #15
 182 0086 3B66     		str	r3, [r7, #96]
 101:c:/Users/lenovo/Desktop/AIoT/first_day/firstday_afternoon/LiteOS_Lab_STM32_IoT/targets/STM32L431_BearPi/Src\sys_init.c ****                               |RCC_CLOCKTYPE_PCLK1|RCC_CLOCKTYPE_PCLK2;
 102:c:/Users/lenovo/Desktop/AIoT/first_day/firstday_afternoon/LiteOS_Lab_STM32_IoT/targets/STM32L431_BearPi/Src\sys_init.c ****   RCC_ClkInitStruct.SYSCLKSource = RCC_SYSCLKSOURCE_PLLCLK;
 183              		.loc 1 102 34
 184 0088 0323     		movs	r3, #3
 185 008a 7B66     		str	r3, [r7, #100]
 103:c:/Users/lenovo/Desktop/AIoT/first_day/firstday_afternoon/LiteOS_Lab_STM32_IoT/targets/STM32L431_BearPi/Src\sys_init.c ****   RCC_ClkInitStruct.AHBCLKDivider = RCC_SYSCLK_DIV1;
 186              		.loc 1 103 35
 187 008c 0023     		movs	r3, #0
 188 008e BB66     		str	r3, [r7, #104]
 104:c:/Users/lenovo/Desktop/AIoT/first_day/firstday_afternoon/LiteOS_Lab_STM32_IoT/targets/STM32L431_BearPi/Src\sys_init.c ****   RCC_ClkInitStruct.APB1CLKDivider = RCC_HCLK_DIV1;
 189              		.loc 1 104 36
 190 0090 0023     		movs	r3, #0
 191 0092 FB66     		str	r3, [r7, #108]
 105:c:/Users/lenovo/Desktop/AIoT/first_day/firstday_afternoon/LiteOS_Lab_STM32_IoT/targets/STM32L431_BearPi/Src\sys_init.c ****   RCC_ClkInitStruct.APB2CLKDivider = RCC_HCLK_DIV1;
 192              		.loc 1 105 36
 193 0094 0023     		movs	r3, #0
 194 0096 3B67     		str	r3, [r7, #112]
 106:c:/Users/lenovo/Desktop/AIoT/first_day/firstday_afternoon/LiteOS_Lab_STM32_IoT/targets/STM32L431_BearPi/Src\sys_init.c **** 
 107:c:/Users/lenovo/Desktop/AIoT/first_day/firstday_afternoon/LiteOS_Lab_STM32_IoT/targets/STM32L431_BearPi/Src\sys_init.c ****   if (HAL_RCC_ClockConfig(&RCC_ClkInitStruct, FLASH_LATENCY_4) != HAL_OK)
 195              		.loc 1 107 7
 196 0098 07F16003 		add	r3, r7, #96
 197 009c 0421     		movs	r1, #4
 198 009e 1846     		mov	r0, r3
 199 00a0 FFF7FEFF 		bl	HAL_RCC_ClockConfig
 200 00a4 0346     		mov	r3, r0
 201              		.loc 1 107 6
 202 00a6 002B     		cmp	r3, #0
 203 00a8 03D0     		beq	.L7
 108:c:/Users/lenovo/Desktop/AIoT/first_day/firstday_afternoon/LiteOS_Lab_STM32_IoT/targets/STM32L431_BearPi/Src\sys_init.c ****   {
 109:c:/Users/lenovo/Desktop/AIoT/first_day/firstday_afternoon/LiteOS_Lab_STM32_IoT/targets/STM32L431_BearPi/Src\sys_init.c ****     _Error_Handler(__FILE__, __LINE__);
 204              		.loc 1 109 5
 205 00aa 6D21     		movs	r1, #109
 206 00ac 2248     		ldr	r0, .L11+4
 207 00ae FFF7FEFF 		bl	_Error_Handler
 208              	.L7:
 110:c:/Users/lenovo/Desktop/AIoT/first_day/firstday_afternoon/LiteOS_Lab_STM32_IoT/targets/STM32L431_BearPi/Src\sys_init.c ****   }
 111:c:/Users/lenovo/Desktop/AIoT/first_day/firstday_afternoon/LiteOS_Lab_STM32_IoT/targets/STM32L431_BearPi/Src\sys_init.c **** 
 112:c:/Users/lenovo/Desktop/AIoT/first_day/firstday_afternoon/LiteOS_Lab_STM32_IoT/targets/STM32L431_BearPi/Src\sys_init.c ****   PeriphClkInit.PeriphClockSelection = RCC_PERIPHCLK_USART1|RCC_PERIPHCLK_USART2
 209              		.loc 1 112 38
 210 00b2 224B     		ldr	r3, .L11+8
 211 00b4 7B60     		str	r3, [r7, #4]
 113:c:/Users/lenovo/Desktop/AIoT/first_day/firstday_afternoon/LiteOS_Lab_STM32_IoT/targets/STM32L431_BearPi/Src\sys_init.c ****                               |RCC_PERIPHCLK_USART3|RCC_PERIPHCLK_LPUART1
 114:c:/Users/lenovo/Desktop/AIoT/first_day/firstday_afternoon/LiteOS_Lab_STM32_IoT/targets/STM32L431_BearPi/Src\sys_init.c ****                               |RCC_PERIPHCLK_I2C1|RCC_PERIPHCLK_I2C2
 115:c:/Users/lenovo/Desktop/AIoT/first_day/firstday_afternoon/LiteOS_Lab_STM32_IoT/targets/STM32L431_BearPi/Src\sys_init.c ****                               |RCC_PERIPHCLK_I2C3|RCC_PERIPHCLK_SDMMC1
 116:c:/Users/lenovo/Desktop/AIoT/first_day/firstday_afternoon/LiteOS_Lab_STM32_IoT/targets/STM32L431_BearPi/Src\sys_init.c ****                               |RCC_PERIPHCLK_ADC;
 117:c:/Users/lenovo/Desktop/AIoT/first_day/firstday_afternoon/LiteOS_Lab_STM32_IoT/targets/STM32L431_BearPi/Src\sys_init.c ****   PeriphClkInit.Usart1ClockSelection = RCC_USART1CLKSOURCE_PCLK2;
 212              		.loc 1 117 38
 213 00b6 0023     		movs	r3, #0
 214 00b8 7B62     		str	r3, [r7, #36]
 118:c:/Users/lenovo/Desktop/AIoT/first_day/firstday_afternoon/LiteOS_Lab_STM32_IoT/targets/STM32L431_BearPi/Src\sys_init.c ****   PeriphClkInit.Usart2ClockSelection = RCC_USART2CLKSOURCE_PCLK1;
 215              		.loc 1 118 38
 216 00ba 0023     		movs	r3, #0
 217 00bc BB62     		str	r3, [r7, #40]
ARM GAS  C:\Users\lenovo\AppData\Local\Temp\ccf0MGdZ.s 			page 7


 119:c:/Users/lenovo/Desktop/AIoT/first_day/firstday_afternoon/LiteOS_Lab_STM32_IoT/targets/STM32L431_BearPi/Src\sys_init.c ****   PeriphClkInit.Usart3ClockSelection = RCC_USART3CLKSOURCE_PCLK1;
 218              		.loc 1 119 38
 219 00be 0023     		movs	r3, #0
 220 00c0 FB62     		str	r3, [r7, #44]
 120:c:/Users/lenovo/Desktop/AIoT/first_day/firstday_afternoon/LiteOS_Lab_STM32_IoT/targets/STM32L431_BearPi/Src\sys_init.c ****   PeriphClkInit.Lpuart1ClockSelection = RCC_LPUART1CLKSOURCE_HSI;
 221              		.loc 1 120 39
 222 00c2 4FF40063 		mov	r3, #2048
 223 00c6 3B63     		str	r3, [r7, #48]
 121:c:/Users/lenovo/Desktop/AIoT/first_day/firstday_afternoon/LiteOS_Lab_STM32_IoT/targets/STM32L431_BearPi/Src\sys_init.c ****   PeriphClkInit.I2c1ClockSelection = RCC_I2C1CLKSOURCE_PCLK1;
 224              		.loc 1 121 36
 225 00c8 0023     		movs	r3, #0
 226 00ca 7B63     		str	r3, [r7, #52]
 122:c:/Users/lenovo/Desktop/AIoT/first_day/firstday_afternoon/LiteOS_Lab_STM32_IoT/targets/STM32L431_BearPi/Src\sys_init.c ****   PeriphClkInit.I2c2ClockSelection = RCC_I2C2CLKSOURCE_PCLK1;
 227              		.loc 1 122 36
 228 00cc 0023     		movs	r3, #0
 229 00ce BB63     		str	r3, [r7, #56]
 123:c:/Users/lenovo/Desktop/AIoT/first_day/firstday_afternoon/LiteOS_Lab_STM32_IoT/targets/STM32L431_BearPi/Src\sys_init.c ****   PeriphClkInit.I2c3ClockSelection = RCC_I2C3CLKSOURCE_PCLK1;
 230              		.loc 1 123 36
 231 00d0 0023     		movs	r3, #0
 232 00d2 FB63     		str	r3, [r7, #60]
 124:c:/Users/lenovo/Desktop/AIoT/first_day/firstday_afternoon/LiteOS_Lab_STM32_IoT/targets/STM32L431_BearPi/Src\sys_init.c ****   PeriphClkInit.AdcClockSelection = RCC_ADCCLKSOURCE_PLLSAI1;
 233              		.loc 1 124 35
 234 00d4 4FF08053 		mov	r3, #268435456
 235 00d8 7B65     		str	r3, [r7, #84]
 125:c:/Users/lenovo/Desktop/AIoT/first_day/firstday_afternoon/LiteOS_Lab_STM32_IoT/targets/STM32L431_BearPi/Src\sys_init.c ****   PeriphClkInit.Sdmmc1ClockSelection = RCC_SDMMC1CLKSOURCE_PLLSAI1;
 236              		.loc 1 125 38
 237 00da 4FF08063 		mov	r3, #67108864
 238 00de FB64     		str	r3, [r7, #76]
 126:c:/Users/lenovo/Desktop/AIoT/first_day/firstday_afternoon/LiteOS_Lab_STM32_IoT/targets/STM32L431_BearPi/Src\sys_init.c ****   PeriphClkInit.PLLSAI1.PLLSAI1Source = RCC_PLLSOURCE_MSI;
 239              		.loc 1 126 39
 240 00e0 0123     		movs	r3, #1
 241 00e2 BB60     		str	r3, [r7, #8]
 127:c:/Users/lenovo/Desktop/AIoT/first_day/firstday_afternoon/LiteOS_Lab_STM32_IoT/targets/STM32L431_BearPi/Src\sys_init.c ****   PeriphClkInit.PLLSAI1.PLLSAI1M = 1;
 242              		.loc 1 127 34
 243 00e4 0123     		movs	r3, #1
 244 00e6 FB60     		str	r3, [r7, #12]
 128:c:/Users/lenovo/Desktop/AIoT/first_day/firstday_afternoon/LiteOS_Lab_STM32_IoT/targets/STM32L431_BearPi/Src\sys_init.c ****   PeriphClkInit.PLLSAI1.PLLSAI1N = 16;
 245              		.loc 1 128 34
 246 00e8 1023     		movs	r3, #16
 247 00ea 3B61     		str	r3, [r7, #16]
 129:c:/Users/lenovo/Desktop/AIoT/first_day/firstday_afternoon/LiteOS_Lab_STM32_IoT/targets/STM32L431_BearPi/Src\sys_init.c ****   PeriphClkInit.PLLSAI1.PLLSAI1P = RCC_PLLP_DIV7;
 248              		.loc 1 129 34
 249 00ec 0723     		movs	r3, #7
 250 00ee 7B61     		str	r3, [r7, #20]
 130:c:/Users/lenovo/Desktop/AIoT/first_day/firstday_afternoon/LiteOS_Lab_STM32_IoT/targets/STM32L431_BearPi/Src\sys_init.c ****   PeriphClkInit.PLLSAI1.PLLSAI1Q = RCC_PLLQ_DIV2;
 251              		.loc 1 130 34
 252 00f0 0223     		movs	r3, #2
 253 00f2 BB61     		str	r3, [r7, #24]
 131:c:/Users/lenovo/Desktop/AIoT/first_day/firstday_afternoon/LiteOS_Lab_STM32_IoT/targets/STM32L431_BearPi/Src\sys_init.c ****   PeriphClkInit.PLLSAI1.PLLSAI1R = RCC_PLLR_DIV2;
 254              		.loc 1 131 34
 255 00f4 0223     		movs	r3, #2
 256 00f6 FB61     		str	r3, [r7, #28]
 132:c:/Users/lenovo/Desktop/AIoT/first_day/firstday_afternoon/LiteOS_Lab_STM32_IoT/targets/STM32L431_BearPi/Src\sys_init.c ****   PeriphClkInit.PLLSAI1.PLLSAI1ClockOut = RCC_PLLSAI1_48M2CLK|RCC_PLLSAI1_ADC1CLK;
 257              		.loc 1 132 41
 258 00f8 4FF08873 		mov	r3, #17825792
 259 00fc 3B62     		str	r3, [r7, #32]
 133:c:/Users/lenovo/Desktop/AIoT/first_day/firstday_afternoon/LiteOS_Lab_STM32_IoT/targets/STM32L431_BearPi/Src\sys_init.c ****   if (HAL_RCCEx_PeriphCLKConfig(&PeriphClkInit) != HAL_OK)
ARM GAS  C:\Users\lenovo\AppData\Local\Temp\ccf0MGdZ.s 			page 8


 260              		.loc 1 133 7
 261 00fe 3B1D     		adds	r3, r7, #4
 262 0100 1846     		mov	r0, r3
 263 0102 FFF7FEFF 		bl	HAL_RCCEx_PeriphCLKConfig
 264 0106 0346     		mov	r3, r0
 265              		.loc 1 133 6
 266 0108 002B     		cmp	r3, #0
 267 010a 03D0     		beq	.L8
 134:c:/Users/lenovo/Desktop/AIoT/first_day/firstday_afternoon/LiteOS_Lab_STM32_IoT/targets/STM32L431_BearPi/Src\sys_init.c ****   {
 135:c:/Users/lenovo/Desktop/AIoT/first_day/firstday_afternoon/LiteOS_Lab_STM32_IoT/targets/STM32L431_BearPi/Src\sys_init.c ****     _Error_Handler(__FILE__, __LINE__);
 268              		.loc 1 135 5
 269 010c 8721     		movs	r1, #135
 270 010e 0A48     		ldr	r0, .L11+4
 271 0110 FFF7FEFF 		bl	_Error_Handler
 272              	.L8:
 136:c:/Users/lenovo/Desktop/AIoT/first_day/firstday_afternoon/LiteOS_Lab_STM32_IoT/targets/STM32L431_BearPi/Src\sys_init.c ****   }
 137:c:/Users/lenovo/Desktop/AIoT/first_day/firstday_afternoon/LiteOS_Lab_STM32_IoT/targets/STM32L431_BearPi/Src\sys_init.c **** 
 138:c:/Users/lenovo/Desktop/AIoT/first_day/firstday_afternoon/LiteOS_Lab_STM32_IoT/targets/STM32L431_BearPi/Src\sys_init.c ****     /**Configure the main internal regulator output voltage 
 139:c:/Users/lenovo/Desktop/AIoT/first_day/firstday_afternoon/LiteOS_Lab_STM32_IoT/targets/STM32L431_BearPi/Src\sys_init.c ****     */
 140:c:/Users/lenovo/Desktop/AIoT/first_day/firstday_afternoon/LiteOS_Lab_STM32_IoT/targets/STM32L431_BearPi/Src\sys_init.c ****   if (HAL_PWREx_ControlVoltageScaling(PWR_REGULATOR_VOLTAGE_SCALE1) != HAL_OK)
 273              		.loc 1 140 7
 274 0114 4FF40070 		mov	r0, #512
 275 0118 FFF7FEFF 		bl	HAL_PWREx_ControlVoltageScaling
 276 011c 0346     		mov	r3, r0
 277              		.loc 1 140 6
 278 011e 002B     		cmp	r3, #0
 279 0120 03D0     		beq	.L10
 141:c:/Users/lenovo/Desktop/AIoT/first_day/firstday_afternoon/LiteOS_Lab_STM32_IoT/targets/STM32L431_BearPi/Src\sys_init.c ****   {
 142:c:/Users/lenovo/Desktop/AIoT/first_day/firstday_afternoon/LiteOS_Lab_STM32_IoT/targets/STM32L431_BearPi/Src\sys_init.c ****     _Error_Handler(__FILE__, __LINE__);
 280              		.loc 1 142 5
 281 0122 8E21     		movs	r1, #142
 282 0124 0448     		ldr	r0, .L11+4
 283 0126 FFF7FEFF 		bl	_Error_Handler
 284              	.L10:
 143:c:/Users/lenovo/Desktop/AIoT/first_day/firstday_afternoon/LiteOS_Lab_STM32_IoT/targets/STM32L431_BearPi/Src\sys_init.c ****   }
 144:c:/Users/lenovo/Desktop/AIoT/first_day/firstday_afternoon/LiteOS_Lab_STM32_IoT/targets/STM32L431_BearPi/Src\sys_init.c **** 
 145:c:/Users/lenovo/Desktop/AIoT/first_day/firstday_afternoon/LiteOS_Lab_STM32_IoT/targets/STM32L431_BearPi/Src\sys_init.c ****     /**Configure the Systick interrupt time 
 146:c:/Users/lenovo/Desktop/AIoT/first_day/firstday_afternoon/LiteOS_Lab_STM32_IoT/targets/STM32L431_BearPi/Src\sys_init.c ****     */
 147:c:/Users/lenovo/Desktop/AIoT/first_day/firstday_afternoon/LiteOS_Lab_STM32_IoT/targets/STM32L431_BearPi/Src\sys_init.c ****   //HAL_SYSTICK_Config(HAL_RCC_GetHCLKFreq()/1000);
 148:c:/Users/lenovo/Desktop/AIoT/first_day/firstday_afternoon/LiteOS_Lab_STM32_IoT/targets/STM32L431_BearPi/Src\sys_init.c **** 
 149:c:/Users/lenovo/Desktop/AIoT/first_day/firstday_afternoon/LiteOS_Lab_STM32_IoT/targets/STM32L431_BearPi/Src\sys_init.c ****     /**Configure the Systick 
 150:c:/Users/lenovo/Desktop/AIoT/first_day/firstday_afternoon/LiteOS_Lab_STM32_IoT/targets/STM32L431_BearPi/Src\sys_init.c ****     */
 151:c:/Users/lenovo/Desktop/AIoT/first_day/firstday_afternoon/LiteOS_Lab_STM32_IoT/targets/STM32L431_BearPi/Src\sys_init.c ****   //HAL_SYSTICK_CLKSourceConfig(SYSTICK_CLKSOURCE_HCLK);
 152:c:/Users/lenovo/Desktop/AIoT/first_day/firstday_afternoon/LiteOS_Lab_STM32_IoT/targets/STM32L431_BearPi/Src\sys_init.c **** 
 153:c:/Users/lenovo/Desktop/AIoT/first_day/firstday_afternoon/LiteOS_Lab_STM32_IoT/targets/STM32L431_BearPi/Src\sys_init.c ****     /**Enable MSI Auto calibration 
 154:c:/Users/lenovo/Desktop/AIoT/first_day/firstday_afternoon/LiteOS_Lab_STM32_IoT/targets/STM32L431_BearPi/Src\sys_init.c ****     */
 155:c:/Users/lenovo/Desktop/AIoT/first_day/firstday_afternoon/LiteOS_Lab_STM32_IoT/targets/STM32L431_BearPi/Src\sys_init.c ****   //HAL_RCCEx_EnableMSIPLLMode();
 156:c:/Users/lenovo/Desktop/AIoT/first_day/firstday_afternoon/LiteOS_Lab_STM32_IoT/targets/STM32L431_BearPi/Src\sys_init.c **** 
 157:c:/Users/lenovo/Desktop/AIoT/first_day/firstday_afternoon/LiteOS_Lab_STM32_IoT/targets/STM32L431_BearPi/Src\sys_init.c ****   /* SysTick_IRQn interrupt configuration */
 158:c:/Users/lenovo/Desktop/AIoT/first_day/firstday_afternoon/LiteOS_Lab_STM32_IoT/targets/STM32L431_BearPi/Src\sys_init.c ****   //HAL_NVIC_SetPriority(SysTick_IRQn, 0, 0);
 159:c:/Users/lenovo/Desktop/AIoT/first_day/firstday_afternoon/LiteOS_Lab_STM32_IoT/targets/STM32L431_BearPi/Src\sys_init.c **** }
 285              		.loc 1 159 1
 286 012a 00BF     		nop
 287 012c B837     		adds	r7, r7, #184
 288              	.LCFI8:
 289              		.cfi_def_cfa_offset 8
 290 012e BD46     		mov	sp, r7
ARM GAS  C:\Users\lenovo\AppData\Local\Temp\ccf0MGdZ.s 			page 9


 291              	.LCFI9:
 292              		.cfi_def_cfa_register 13
 293              		@ sp needed
 294 0130 80BD     		pop	{r7, pc}
 295              	.L12:
 296 0132 00BF     		.align	2
 297              	.L11:
 298 0134 00100240 		.word	1073876992
 299 0138 00000000 		.word	.LC0
 300 013c E7410800 		.word	541159
 301              		.cfi_endproc
 302              	.LFE299:
 304              		.section	.text.atiny_usleep,"ax",%progbits
 305              		.align	1
 306              		.global	atiny_usleep
 307              		.syntax unified
 308              		.thumb
 309              		.thumb_func
 310              		.fpu fpv4-sp-d16
 312              	atiny_usleep:
 313              	.LFB300:
 160:c:/Users/lenovo/Desktop/AIoT/first_day/firstday_afternoon/LiteOS_Lab_STM32_IoT/targets/STM32L431_BearPi/Src\sys_init.c **** 
 161:c:/Users/lenovo/Desktop/AIoT/first_day/firstday_afternoon/LiteOS_Lab_STM32_IoT/targets/STM32L431_BearPi/Src\sys_init.c **** 
 162:c:/Users/lenovo/Desktop/AIoT/first_day/firstday_afternoon/LiteOS_Lab_STM32_IoT/targets/STM32L431_BearPi/Src\sys_init.c **** #ifdef  USE_FULL_ASSERT
 163:c:/Users/lenovo/Desktop/AIoT/first_day/firstday_afternoon/LiteOS_Lab_STM32_IoT/targets/STM32L431_BearPi/Src\sys_init.c **** /**
 164:c:/Users/lenovo/Desktop/AIoT/first_day/firstday_afternoon/LiteOS_Lab_STM32_IoT/targets/STM32L431_BearPi/Src\sys_init.c ****   * @brief  Reports the name of the source file and the source line number
 165:c:/Users/lenovo/Desktop/AIoT/first_day/firstday_afternoon/LiteOS_Lab_STM32_IoT/targets/STM32L431_BearPi/Src\sys_init.c ****   *         where the assert_param error has occurred.
 166:c:/Users/lenovo/Desktop/AIoT/first_day/firstday_afternoon/LiteOS_Lab_STM32_IoT/targets/STM32L431_BearPi/Src\sys_init.c ****   * @param  file: pointer to the source file name
 167:c:/Users/lenovo/Desktop/AIoT/first_day/firstday_afternoon/LiteOS_Lab_STM32_IoT/targets/STM32L431_BearPi/Src\sys_init.c ****   * @param  line: assert_param error line source number
 168:c:/Users/lenovo/Desktop/AIoT/first_day/firstday_afternoon/LiteOS_Lab_STM32_IoT/targets/STM32L431_BearPi/Src\sys_init.c ****   * @retval None
 169:c:/Users/lenovo/Desktop/AIoT/first_day/firstday_afternoon/LiteOS_Lab_STM32_IoT/targets/STM32L431_BearPi/Src\sys_init.c ****   */
 170:c:/Users/lenovo/Desktop/AIoT/first_day/firstday_afternoon/LiteOS_Lab_STM32_IoT/targets/STM32L431_BearPi/Src\sys_init.c **** void assert_failed(uint8_t* file, uint32_t line)
 171:c:/Users/lenovo/Desktop/AIoT/first_day/firstday_afternoon/LiteOS_Lab_STM32_IoT/targets/STM32L431_BearPi/Src\sys_init.c **** { 
 172:c:/Users/lenovo/Desktop/AIoT/first_day/firstday_afternoon/LiteOS_Lab_STM32_IoT/targets/STM32L431_BearPi/Src\sys_init.c ****   /* USER CODE BEGIN 6 */
 173:c:/Users/lenovo/Desktop/AIoT/first_day/firstday_afternoon/LiteOS_Lab_STM32_IoT/targets/STM32L431_BearPi/Src\sys_init.c ****   /* User can add his own implementation to report the file name and line number,
 174:c:/Users/lenovo/Desktop/AIoT/first_day/firstday_afternoon/LiteOS_Lab_STM32_IoT/targets/STM32L431_BearPi/Src\sys_init.c ****      tex: printf("Wrong parameters value: file %s on line %d\r\n", file, line) */
 175:c:/Users/lenovo/Desktop/AIoT/first_day/firstday_afternoon/LiteOS_Lab_STM32_IoT/targets/STM32L431_BearPi/Src\sys_init.c ****   /* USER CODE END 6 */
 176:c:/Users/lenovo/Desktop/AIoT/first_day/firstday_afternoon/LiteOS_Lab_STM32_IoT/targets/STM32L431_BearPi/Src\sys_init.c **** }
 177:c:/Users/lenovo/Desktop/AIoT/first_day/firstday_afternoon/LiteOS_Lab_STM32_IoT/targets/STM32L431_BearPi/Src\sys_init.c **** #endif /* USE_FULL_ASSERT */
 178:c:/Users/lenovo/Desktop/AIoT/first_day/firstday_afternoon/LiteOS_Lab_STM32_IoT/targets/STM32L431_BearPi/Src\sys_init.c **** 
 179:c:/Users/lenovo/Desktop/AIoT/first_day/firstday_afternoon/LiteOS_Lab_STM32_IoT/targets/STM32L431_BearPi/Src\sys_init.c **** 
 180:c:/Users/lenovo/Desktop/AIoT/first_day/firstday_afternoon/LiteOS_Lab_STM32_IoT/targets/STM32L431_BearPi/Src\sys_init.c **** /*
 181:c:/Users/lenovo/Desktop/AIoT/first_day/firstday_afternoon/LiteOS_Lab_STM32_IoT/targets/STM32L431_BearPi/Src\sys_init.c ****  * atiny_adapter user interface
 182:c:/Users/lenovo/Desktop/AIoT/first_day/firstday_afternoon/LiteOS_Lab_STM32_IoT/targets/STM32L431_BearPi/Src\sys_init.c ****  */
 183:c:/Users/lenovo/Desktop/AIoT/first_day/firstday_afternoon/LiteOS_Lab_STM32_IoT/targets/STM32L431_BearPi/Src\sys_init.c **** void atiny_usleep(unsigned long usec)
 184:c:/Users/lenovo/Desktop/AIoT/first_day/firstday_afternoon/LiteOS_Lab_STM32_IoT/targets/STM32L431_BearPi/Src\sys_init.c **** {
 314              		.loc 1 184 1
 315              		.cfi_startproc
 316              		@ args = 0, pretend = 0, frame = 8
 317              		@ frame_needed = 1, uses_anonymous_args = 0
 318 0000 80B5     		push	{r7, lr}
 319              	.LCFI10:
 320              		.cfi_def_cfa_offset 8
 321              		.cfi_offset 7, -8
 322              		.cfi_offset 14, -4
 323 0002 82B0     		sub	sp, sp, #8
 324              	.LCFI11:
ARM GAS  C:\Users\lenovo\AppData\Local\Temp\ccf0MGdZ.s 			page 10


 325              		.cfi_def_cfa_offset 16
 326 0004 00AF     		add	r7, sp, #0
 327              	.LCFI12:
 328              		.cfi_def_cfa_register 7
 329 0006 7860     		str	r0, [r7, #4]
 185:c:/Users/lenovo/Desktop/AIoT/first_day/firstday_afternoon/LiteOS_Lab_STM32_IoT/targets/STM32L431_BearPi/Src\sys_init.c ****     delayus((uint32_t)usec);
 330              		.loc 1 185 5
 331 0008 7868     		ldr	r0, [r7, #4]
 332 000a FFF7FEFF 		bl	delayus
 186:c:/Users/lenovo/Desktop/AIoT/first_day/firstday_afternoon/LiteOS_Lab_STM32_IoT/targets/STM32L431_BearPi/Src\sys_init.c **** }
 333              		.loc 1 186 1
 334 000e 00BF     		nop
 335 0010 0837     		adds	r7, r7, #8
 336              	.LCFI13:
 337              		.cfi_def_cfa_offset 8
 338 0012 BD46     		mov	sp, r7
 339              	.LCFI14:
 340              		.cfi_def_cfa_register 13
 341              		@ sp needed
 342 0014 80BD     		pop	{r7, pc}
 343              		.cfi_endproc
 344              	.LFE300:
 346              		.section	.text.atiny_random,"ax",%progbits
 347              		.align	1
 348              		.global	atiny_random
 349              		.syntax unified
 350              		.thumb
 351              		.thumb_func
 352              		.fpu fpv4-sp-d16
 354              	atiny_random:
 355              	.LFB301:
 187:c:/Users/lenovo/Desktop/AIoT/first_day/firstday_afternoon/LiteOS_Lab_STM32_IoT/targets/STM32L431_BearPi/Src\sys_init.c **** 
 188:c:/Users/lenovo/Desktop/AIoT/first_day/firstday_afternoon/LiteOS_Lab_STM32_IoT/targets/STM32L431_BearPi/Src\sys_init.c **** int atiny_random(void *output, size_t len)
 189:c:/Users/lenovo/Desktop/AIoT/first_day/firstday_afternoon/LiteOS_Lab_STM32_IoT/targets/STM32L431_BearPi/Src\sys_init.c **** {
 356              		.loc 1 189 1
 357              		.cfi_startproc
 358              		@ args = 0, pretend = 0, frame = 8
 359              		@ frame_needed = 1, uses_anonymous_args = 0
 360 0000 80B5     		push	{r7, lr}
 361              	.LCFI15:
 362              		.cfi_def_cfa_offset 8
 363              		.cfi_offset 7, -8
 364              		.cfi_offset 14, -4
 365 0002 82B0     		sub	sp, sp, #8
 366              	.LCFI16:
 367              		.cfi_def_cfa_offset 16
 368 0004 00AF     		add	r7, sp, #0
 369              	.LCFI17:
 370              		.cfi_def_cfa_register 7
 371 0006 7860     		str	r0, [r7, #4]
 372 0008 3960     		str	r1, [r7]
 190:c:/Users/lenovo/Desktop/AIoT/first_day/firstday_afternoon/LiteOS_Lab_STM32_IoT/targets/STM32L431_BearPi/Src\sys_init.c ****     return hal_rng_generate_buffer(output, len);
 373              		.loc 1 190 12
 374 000a 3968     		ldr	r1, [r7]
 375 000c 7868     		ldr	r0, [r7, #4]
 376 000e FFF7FEFF 		bl	hal_rng_generate_buffer
 377 0012 0346     		mov	r3, r0
ARM GAS  C:\Users\lenovo\AppData\Local\Temp\ccf0MGdZ.s 			page 11


 191:c:/Users/lenovo/Desktop/AIoT/first_day/firstday_afternoon/LiteOS_Lab_STM32_IoT/targets/STM32L431_BearPi/Src\sys_init.c **** }
 378              		.loc 1 191 1
 379 0014 1846     		mov	r0, r3
 380 0016 0837     		adds	r7, r7, #8
 381              	.LCFI18:
 382              		.cfi_def_cfa_offset 8
 383 0018 BD46     		mov	sp, r7
 384              	.LCFI19:
 385              		.cfi_def_cfa_register 13
 386              		@ sp needed
 387 001a 80BD     		pop	{r7, pc}
 388              		.cfi_endproc
 389              	.LFE301:
 391              		.section	.text.atiny_reboot,"ax",%progbits
 392              		.align	1
 393              		.global	atiny_reboot
 394              		.syntax unified
 395              		.thumb
 396              		.thumb_func
 397              		.fpu fpv4-sp-d16
 399              	atiny_reboot:
 400              	.LFB302:
 192:c:/Users/lenovo/Desktop/AIoT/first_day/firstday_afternoon/LiteOS_Lab_STM32_IoT/targets/STM32L431_BearPi/Src\sys_init.c **** 
 193:c:/Users/lenovo/Desktop/AIoT/first_day/firstday_afternoon/LiteOS_Lab_STM32_IoT/targets/STM32L431_BearPi/Src\sys_init.c **** void atiny_reboot(void)
 194:c:/Users/lenovo/Desktop/AIoT/first_day/firstday_afternoon/LiteOS_Lab_STM32_IoT/targets/STM32L431_BearPi/Src\sys_init.c **** {
 401              		.loc 1 194 1
 402              		.cfi_startproc
 403              		@ args = 0, pretend = 0, frame = 0
 404              		@ frame_needed = 1, uses_anonymous_args = 0
 405 0000 80B5     		push	{r7, lr}
 406              	.LCFI20:
 407              		.cfi_def_cfa_offset 8
 408              		.cfi_offset 7, -8
 409              		.cfi_offset 14, -4
 410 0002 00AF     		add	r7, sp, #0
 411              	.LCFI21:
 412              		.cfi_def_cfa_register 7
 195:c:/Users/lenovo/Desktop/AIoT/first_day/firstday_afternoon/LiteOS_Lab_STM32_IoT/targets/STM32L431_BearPi/Src\sys_init.c ****     HAL_NVIC_SystemReset();
 413              		.loc 1 195 5
 414 0004 FFF7FEFF 		bl	HAL_NVIC_SystemReset
 196:c:/Users/lenovo/Desktop/AIoT/first_day/firstday_afternoon/LiteOS_Lab_STM32_IoT/targets/STM32L431_BearPi/Src\sys_init.c **** }
 415              		.loc 1 196 1
 416 0008 00BF     		nop
 417 000a 80BD     		pop	{r7, pc}
 418              		.cfi_endproc
 419              	.LFE302:
 421              		.text
 422              	.Letext0:
 423              		.file 2 "c:\\users\\lenovo\\.iotlink\\tools\\gcc-arm-none-eabi\\lib\\gcc\\arm-none-eabi\\9.2.1\\in
 424              		.file 3 "c:\\users\\lenovo\\.iotlink\\tools\\gcc-arm-none-eabi\\arm-none-eabi\\include\\machine\\_
 425              		.file 4 "c:\\users\\lenovo\\.iotlink\\tools\\gcc-arm-none-eabi\\arm-none-eabi\\include\\sys\\lock.
 426              		.file 5 "c:\\users\\lenovo\\.iotlink\\tools\\gcc-arm-none-eabi\\arm-none-eabi\\include\\sys\\_type
 427              		.file 6 "c:\\users\\lenovo\\.iotlink\\tools\\gcc-arm-none-eabi\\arm-none-eabi\\include\\sys\\reent
 428              		.file 7 "c:/Users/lenovo/Desktop/AIoT/first_day/firstday_afternoon/LiteOS_Lab_STM32_IoT/iot_link/o
 429              		.file 8 "c:\\users\\lenovo\\.iotlink\\tools\\gcc-arm-none-eabi\\arm-none-eabi\\include\\sys\\_stdi
 430              		.file 9 "c:/Users/lenovo/Desktop/AIoT/first_day/firstday_afternoon/LiteOS_Lab_STM32_IoT/iot_link/o
 431              		.file 10 "c:/Users/lenovo/Desktop/AIoT/first_day/firstday_afternoon/LiteOS_Lab_STM32_IoT/targets/S
ARM GAS  C:\Users\lenovo\AppData\Local\Temp\ccf0MGdZ.s 			page 12


 432              		.file 11 "c:/Users/lenovo/Desktop/AIoT/first_day/firstday_afternoon/LiteOS_Lab_STM32_IoT/targets/S
 433              		.file 12 "c:/Users/lenovo/Desktop/AIoT/first_day/firstday_afternoon/LiteOS_Lab_STM32_IoT/iot_link/
 434              		.file 13 "c:/Users/lenovo/Desktop/AIoT/first_day/firstday_afternoon/LiteOS_Lab_STM32_IoT/iot_link/
 435              		.file 14 "c:/Users/lenovo/Desktop/AIoT/first_day/firstday_afternoon/LiteOS_Lab_STM32_IoT/iot_link/
 436              		.file 15 "c:/Users/lenovo/Desktop/AIoT/first_day/firstday_afternoon/LiteOS_Lab_STM32_IoT/drivers/t
 437              		.file 16 "c:/Users/lenovo/Desktop/AIoT/first_day/firstday_afternoon/LiteOS_Lab_STM32_IoT/drivers/t
 438              		.file 17 "c:/Users/lenovo/Desktop/AIoT/first_day/firstday_afternoon/LiteOS_Lab_STM32_IoT/drivers/t
 439              		.file 18 "c:/Users/lenovo/Desktop/AIoT/first_day/firstday_afternoon/LiteOS_Lab_STM32_IoT/drivers/t
 440              		.file 19 "c:/Users/lenovo/Desktop/AIoT/first_day/firstday_afternoon/LiteOS_Lab_STM32_IoT/drivers/t
 441              		.file 20 "c:/Users/lenovo/Desktop/AIoT/first_day/firstday_afternoon/LiteOS_Lab_STM32_IoT/drivers/t
 442              		.file 21 "c:/Users/lenovo/Desktop/AIoT/first_day/firstday_afternoon/LiteOS_Lab_STM32_IoT/drivers/t
 443              		.file 22 "c:/Users/lenovo/Desktop/AIoT/first_day/firstday_afternoon/LiteOS_Lab_STM32_IoT/iot_link/
 444              		.file 23 "c:/Users/lenovo/Desktop/AIoT/first_day/firstday_afternoon/LiteOS_Lab_STM32_IoT/iot_link/
 445              		.file 24 "c:/Users/lenovo/Desktop/AIoT/first_day/firstday_afternoon/LiteOS_Lab_STM32_IoT/iot_link/
 446              		.file 25 "c:/Users/lenovo/Desktop/AIoT/first_day/firstday_afternoon/LiteOS_Lab_STM32_IoT/iot_link/
 447              		.file 26 "c:/Users/lenovo/Desktop/AIoT/first_day/firstday_afternoon/LiteOS_Lab_STM32_IoT/iot_link/
 448              		.file 27 "c:/Users/lenovo/Desktop/AIoT/first_day/firstday_afternoon/LiteOS_Lab_STM32_IoT/iot_link/
 449              		.file 28 "c:/Users/lenovo/Desktop/AIoT/first_day/firstday_afternoon/LiteOS_Lab_STM32_IoT/iot_link/
 450              		.file 29 "c:\\users\\lenovo\\.iotlink\\tools\\gcc-arm-none-eabi\\arm-none-eabi\\include\\stdlib.h"
 451              		.file 30 "c:/Users/lenovo/Desktop/AIoT/first_day/firstday_afternoon/LiteOS_Lab_STM32_IoT/targets/S
 452              		.file 31 "c:/Users/lenovo/Desktop/AIoT/first_day/firstday_afternoon/LiteOS_Lab_STM32_IoT/targets/S
 453              		.file 32 "c:/Users/lenovo/Desktop/AIoT/first_day/firstday_afternoon/LiteOS_Lab_STM32_IoT/targets/S
 454              		.file 33 "c:/Users/lenovo/Desktop/AIoT/first_day/firstday_afternoon/LiteOS_Lab_STM32_IoT/targets/S
ARM GAS  C:\Users\lenovo\AppData\Local\Temp\ccf0MGdZ.s 			page 13


DEFINED SYMBOLS
                            *ABS*:00000000 sys_init.c
C:\Users\lenovo\AppData\Local\Temp\ccf0MGdZ.s:18     .text.HAL_GetTick:00000000 $t
C:\Users\lenovo\AppData\Local\Temp\ccf0MGdZ.s:26     .text.HAL_GetTick:00000000 HAL_GetTick
C:\Users\lenovo\AppData\Local\Temp\ccf0MGdZ.s:54     .text._Error_Handler:00000000 $t
C:\Users\lenovo\AppData\Local\Temp\ccf0MGdZ.s:61     .text._Error_Handler:00000000 _Error_Handler
C:\Users\lenovo\AppData\Local\Temp\ccf0MGdZ.s:87     .rodata:00000000 $d
C:\Users\lenovo\AppData\Local\Temp\ccf0MGdZ.s:93     .text.SystemClock_Config:00000000 $t
C:\Users\lenovo\AppData\Local\Temp\ccf0MGdZ.s:100    .text.SystemClock_Config:00000000 SystemClock_Config
C:\Users\lenovo\AppData\Local\Temp\ccf0MGdZ.s:298    .text.SystemClock_Config:00000134 $d
C:\Users\lenovo\AppData\Local\Temp\ccf0MGdZ.s:305    .text.atiny_usleep:00000000 $t
C:\Users\lenovo\AppData\Local\Temp\ccf0MGdZ.s:312    .text.atiny_usleep:00000000 atiny_usleep
C:\Users\lenovo\AppData\Local\Temp\ccf0MGdZ.s:347    .text.atiny_random:00000000 $t
C:\Users\lenovo\AppData\Local\Temp\ccf0MGdZ.s:354    .text.atiny_random:00000000 atiny_random
C:\Users\lenovo\AppData\Local\Temp\ccf0MGdZ.s:392    .text.atiny_reboot:00000000 $t
C:\Users\lenovo\AppData\Local\Temp\ccf0MGdZ.s:399    .text.atiny_reboot:00000000 atiny_reboot

UNDEFINED SYMBOLS
LOS_TickCountGet
HAL_PWR_EnableBkUpAccess
HAL_RCC_OscConfig
HAL_RCC_ClockConfig
HAL_RCCEx_PeriphCLKConfig
HAL_PWREx_ControlVoltageScaling
delayus
hal_rng_generate_buffer
HAL_NVIC_SystemReset
